TN:
SF:/usr/local/google/home/gleasonk/Coding/openxla/stablehlo/stablehlo/reference/Tensor.h
FN:49,_ZN4mlir9stablehlo6detail6Buffer7getTypeEv
FNDA:25790,_ZN4mlir9stablehlo6detail6Buffer7getTypeEv
FN:52,_ZNK4mlir9stablehlo6detail6Buffer7getDataEv
FNDA:6134,_ZNK4mlir9stablehlo6detail6Buffer7getDataEv
FN:55,_ZN4mlir9stablehlo6detail6Buffer14getMutableDataEv
FNDA:2756,_ZN4mlir9stablehlo6detail6Buffer14getMutableDataEv
FN:80,_ZNK4mlir9stablehlo6Tensor7getTypeEv
FNDA:25790,_ZNK4mlir9stablehlo6Tensor7getTypeEv
DA:49,25790
DA:52,6134
DA:55,2756
DA:80,25790
end_of_record
SF:/usr/local/google/home/gleasonk/Coding/openxla/stablehlo/stablehlo/reference/Errors.h
FN:29,_ZN4mlir9stablehlo15invalidArgumentIJPKcEEEN4llvm5ErrorES3_DpRKT_
FNDA:0,_ZN4mlir9stablehlo15invalidArgumentIJPKcEEEN4llvm5ErrorES3_DpRKT_
DA:29,0
DA:30,0
end_of_record
SF:/usr/local/google/home/gleasonk/Coding/openxla/stablehlo/stablehlo/reference/Element.h
FN:33,_ZN4mlir9stablehlo7ElementD2Ev
FNDA:2816,_ZN4mlir9stablehlo7ElementD2Ev
FN:37,_ZN4mlir9stablehlo7ElementC2ENS_4TypeEN4llvm5APIntE
FNDA:2928,_ZN4mlir9stablehlo7ElementC2ENS_4TypeEN4llvm5APIntE
FN:38,_ZN4mlir9stablehlo7ElementC2ENS_4TypeEb
FNDA:278,_ZN4mlir9stablehlo7ElementC2ENS_4TypeEb
FN:39,_ZN4mlir9stablehlo7ElementC2ENS_4TypeEN4llvm7APFloatE
FNDA:2592,_ZN4mlir9stablehlo7ElementC2ENS_4TypeEN4llvm7APFloatE
FN:40,_ZN4mlir9stablehlo7ElementC2ENS_4TypeESt7complexIN4llvm7APFloatEE
FNDA:0,_ZN4mlir9stablehlo7ElementC2ENS_4TypeESt7complexIN4llvm7APFloatEE
FN:125,_ZN4mlir9stablehlolsERN4llvm11raw_ostreamENS0_7ElementE
FNDA:2816,_ZN4mlir9stablehlolsERN4llvm11raw_ostreamENS0_7ElementE
DA:37,2928
DA:38,278
DA:39,2592
DA:40,0
DA:41,0
DA:125,2816
DA:126,2816
DA:127,2816
end_of_record
SF:/usr/local/google/home/gleasonk/Coding/openxla/stablehlo/stablehlo/reference/Index.h
FN:41,_ZN4mlir9stablehlo18IndexSpaceIteratorD2Ev
FNDA:3744,_ZN4mlir9stablehlo18IndexSpaceIteratorD2Ev
FN:44,_ZN4mlir9stablehlo18IndexSpaceIteratorC2EN4llvm8ArrayRefIlEESt8optionalINS2_11SmallVectorIlLj6EEEE
FNDA:7546,_ZN4mlir9stablehlo18IndexSpaceIteratorC2EN4llvm8ArrayRefIlEESt8optionalINS2_11SmallVectorIlLj6EEEE
FN:62,_ZN4mlir9stablehlo18IndexSpaceIteratoreqERKS1_
FNDA:3280,_ZN4mlir9stablehlo18IndexSpaceIteratoreqERKS1_
FN:65,_ZN4mlir9stablehlo18IndexSpaceIteratorneERKS1_
FNDA:3280,_ZN4mlir9stablehlo18IndexSpaceIteratorneERKS1_
DA:44,7546
DA:46,7546
DA:47,7546
DA:48,0
DA:51,7546
DA:62,3280
DA:63,3280
DA:65,3280
end_of_record
SF:/usr/local/google/home/gleasonk/Coding/openxla/stablehlo/stablehlo/reference/Tensor.cpp
FN:32,_ZN4mlir9stablehlo12_GLOBAL__N_114getSizeInBytesENS_4TypeE
FNDA:10442,_ZN4mlir9stablehlo12_GLOBAL__N_114getSizeInBytesENS_4TypeE
FN:49,_ZN4mlir9stablehlo12_GLOBAL__N_112flattenIndexEN4llvm8ArrayRefIlEES4_
FNDA:8890,_ZN4mlir9stablehlo12_GLOBAL__N_112flattenIndexEN4llvm8ArrayRefIlEES4_
FN:78,_ZN4mlir9stablehlo6detail6BufferC2ENS_10ShapedTypeE
FNDA:494,_ZN4mlir9stablehlo6detail6BufferC2ENS_10ShapedTypeE
FN:83,_ZN4mlir9stablehlo6detail6BufferC2ENS_10ShapedTypeENS_15AsmResourceBlobE
FNDA:672,_ZN4mlir9stablehlo6detail6BufferC2ENS_10ShapedTypeENS_15AsmResourceBlobE
FN:88,_ZN4mlir9stablehlo6TensorC2Ev
FNDA:1254,_ZN4mlir9stablehlo6TensorC2Ev
FN:90,_ZN4mlir9stablehlo6TensorC2ENS_10ShapedTypeE
FNDA:494,_ZN4mlir9stablehlo6TensorC2ENS_10ShapedTypeE
FN:93,_ZN4mlir9stablehlo6TensorC2ENS_10ShapedTypeENS_15AsmResourceBlobE
FNDA:672,_ZN4mlir9stablehlo6TensorC2ENS_10ShapedTypeENS_15AsmResourceBlobE
FN:96,_ZNK4mlir9stablehlo6Tensor14getNumElementsEv
FNDA:0,_ZNK4mlir9stablehlo6Tensor14getNumElementsEv
FN:98,_ZNK4mlir9stablehlo6Tensor3getEN4llvm8ArrayRefIlEE
FNDA:6134,_ZNK4mlir9stablehlo6Tensor3getEN4llvm8ArrayRefIlEE
FN:205,_ZN4mlir9stablehlo6Tensor3setEN4llvm8ArrayRefIlEERKNS0_7ElementE
FNDA:2756,_ZN4mlir9stablehlo6Tensor3setEN4llvm8ArrayRefIlEERKNS0_7ElementE
FN:328,_ZNK4mlir9stablehlo6Tensor11index_beginEv
FNDA:992,_ZNK4mlir9stablehlo6Tensor11index_beginEv
FN:331,_ZZNK4mlir9stablehlo6Tensor11index_beginEvENK4$_14clEl
FNDA:1080,_ZZNK4mlir9stablehlo6Tensor11index_beginEvENK4$_14clEl
FN:338,_ZNK4mlir9stablehlo6Tensor9index_endEv
FNDA:6554,_ZNK4mlir9stablehlo6Tensor9index_endEv
FN:343,_ZNK4mlir9stablehlo6Tensor5printERN4llvm11raw_ostreamE
FNDA:464,_ZNK4mlir9stablehlo6Tensor5printERN4llvm11raw_ostreamE
FN:353,_ZNK4mlir9stablehlo6Tensor4dumpEv
FNDA:0,_ZNK4mlir9stablehlo6Tensor4dumpEv
FN:355,_ZN4mlir9stablehlo10makeTensorENS_17DenseElementsAttrE
FNDA:672,_ZN4mlir9stablehlo10makeTensorENS_17DenseElementsAttrE
FN:362,_ZZN4mlir9stablehlo10makeTensorENS_17DenseElementsAttrEENK3$_0clEN4llvm7APFloatE
FNDA:732,_ZZN4mlir9stablehlo10makeTensorENS_17DenseElementsAttrEENK3$_0clEN4llvm7APFloatE
FN:376,_ZZN4mlir9stablehlo10makeTensorENS_17DenseElementsAttrEENK3$_1clEN4llvm7APFloatE
FNDA:366,_ZZN4mlir9stablehlo10makeTensorENS_17DenseElementsAttrEENK3$_1clEN4llvm7APFloatE
FN:384,_ZZN4mlir9stablehlo10makeTensorENS_17DenseElementsAttrEENK3$_2clEN4llvm7APFloatE
FNDA:366,_ZZN4mlir9stablehlo10makeTensorENS_17DenseElementsAttrEENK3$_2clEN4llvm7APFloatE
FN:393,_ZZN4mlir9stablehlo10makeTensorENS_17DenseElementsAttrEENK3$_3clEN4llvm5APIntE
FNDA:308,_ZZN4mlir9stablehlo10makeTensorENS_17DenseElementsAttrEENK3$_3clEN4llvm5APIntE
FN:401,_ZZN4mlir9stablehlo10makeTensorENS_17DenseElementsAttrEENK3$_4clEN4llvm5APIntE
FNDA:162,_ZZN4mlir9stablehlo10makeTensorENS_17DenseElementsAttrEENK3$_4clEN4llvm5APIntE
FN:409,_ZZN4mlir9stablehlo10makeTensorENS_17DenseElementsAttrEENK3$_5clEN4llvm5APIntE
FNDA:282,_ZZN4mlir9stablehlo10makeTensorENS_17DenseElementsAttrEENK3$_5clEN4llvm5APIntE
FN:417,_ZZN4mlir9stablehlo10makeTensorENS_17DenseElementsAttrEENK3$_6clEN4llvm5APIntE
FNDA:312,_ZZN4mlir9stablehlo10makeTensorENS_17DenseElementsAttrEENK3$_6clEN4llvm5APIntE
FN:426,_ZZN4mlir9stablehlo10makeTensorENS_17DenseElementsAttrEENK3$_7clEN4llvm5APIntE
FNDA:184,_ZZN4mlir9stablehlo10makeTensorENS_17DenseElementsAttrEENK3$_7clEN4llvm5APIntE
FN:434,_ZZN4mlir9stablehlo10makeTensorENS_17DenseElementsAttrEENK3$_8clEN4llvm5APIntE
FNDA:94,_ZZN4mlir9stablehlo10makeTensorENS_17DenseElementsAttrEENK3$_8clEN4llvm5APIntE
FN:443,_ZZN4mlir9stablehlo10makeTensorENS_17DenseElementsAttrEENK3$_9clEN4llvm5APIntE
FNDA:94,_ZZN4mlir9stablehlo10makeTensorENS_17DenseElementsAttrEENK3$_9clEN4llvm5APIntE
FN:452,_ZZN4mlir9stablehlo10makeTensorENS_17DenseElementsAttrEENK4$_10clEN4llvm5APIntE
FNDA:94,_ZZN4mlir9stablehlo10makeTensorENS_17DenseElementsAttrEENK4$_10clEN4llvm5APIntE
FN:462,_ZZN4mlir9stablehlo10makeTensorENS_17DenseElementsAttrEENK4$_11clEb
FNDA:168,_ZZN4mlir9stablehlo10makeTensorENS_17DenseElementsAttrEENK4$_11clEb
FN:473,_ZZN4mlir9stablehlo10makeTensorENS_17DenseElementsAttrEENK4$_12clESt7complexIN4llvm7APFloatEE
FNDA:76,_ZZN4mlir9stablehlo10makeTensorENS_17DenseElementsAttrEENK4$_12clESt7complexIN4llvm7APFloatEE
FN:485,_ZZN4mlir9stablehlo10makeTensorENS_17DenseElementsAttrEENK4$_13clESt7complexIN4llvm7APFloatEE
FNDA:76,_ZZN4mlir9stablehlo10makeTensorENS_17DenseElementsAttrEENK4$_13clESt7complexIN4llvm7APFloatEE
DA:32,10442
DA:33,10442
DA:34,988
DA:35,494
DA:37,9948
DA:38,9384
DA:40,564
DA:41,564
DA:43,0
DA:44,0
DA:45,10442
DA:49,8890
DA:50,8890
DA:51,0
DA:54,8890
DA:55,8890
DA:61,8608
DA:62,8608
DA:63,11044
DA:64,2436
DA:70,19652
DA:71,8608
DA:72,8890
DA:78,988
DA:79,494
DA:80,494
DA:81,988
DA:83,1344
DA:84,1344
DA:88,1254
DA:90,494
DA:91,494
DA:93,672
DA:94,672
DA:96,0
DA:98,6134
DA:99,6134
DA:100,12268
DA:101,12268
DA:102,6134
DA:105,6134
DA:106,648
DA:107,1296
DA:108,648
DA:109,648
DA:111,5486
DA:112,648
DA:113,1296
DA:114,648
DA:115,648
DA:117,4838
DA:118,648
DA:119,648
DA:120,648
DA:122,4190
DA:123,648
DA:124,648
DA:125,648
DA:132,3542
DA:133,2928
DA:135,2928
DA:136,564
DA:137,1128
DA:138,564
DA:139,2928
DA:140,294
DA:141,588
DA:142,294
DA:143,2364
DA:144,558
DA:145,1116
DA:146,558
DA:147,2070
DA:148,726
DA:149,1452
DA:150,726
DA:151,1512
DA:152,654
DA:153,282
DA:154,564
DA:155,282
DA:156,786
DA:157,144
DA:158,288
DA:159,144
DA:160,504
DA:161,144
DA:162,288
DA:163,144
DA:164,360
DA:165,216
DA:166,432
DA:167,216
DA:168,216
DA:169,2928
DA:172,614
DA:173,278
DA:174,278
DA:175,148
DA:177,0
DA:178,278
DA:181,336
DA:182,336
DA:184,336
DA:185,336
DA:186,168
DA:187,336
DA:188,336
DA:189,168
DA:190,168
DA:192,168
DA:193,336
DA:194,168
DA:195,336
DA:196,336
DA:197,168
DA:198,168
DA:199,336
DA:201,0
DA:202,0
DA:203,6134
DA:205,2756
DA:206,2756
DA:207,5512
DA:208,5512
DA:209,2756
DA:212,2756
DA:213,564
DA:214,564
DA:215,564
DA:217,564
DA:219,2192
DA:220,282
DA:221,282
DA:222,282
DA:224,282
DA:226,1910
DA:227,282
DA:228,282
DA:229,282
DA:231,282
DA:238,1628
DA:239,256
DA:240,256
DA:241,256
DA:243,256
DA:245,1372
DA:246,132
DA:247,132
DA:248,132
DA:250,132
DA:252,1240
DA:253,276
DA:254,276
DA:255,276
DA:257,276
DA:259,964
DA:260,350
DA:261,350
DA:262,350
DA:264,350
DA:267,614
DA:268,98
DA:269,98
DA:270,98
DA:272,98
DA:274,516
DA:275,50
DA:276,50
DA:277,50
DA:279,50
DA:281,466
DA:282,50
DA:283,50
DA:284,50
DA:286,50
DA:288,416
DA:289,122
DA:290,122
DA:291,122
DA:293,122
DA:296,294
DA:297,110
DA:298,110
DA:299,110
DA:301,110
DA:304,184
DA:305,184
DA:306,184
DA:308,184
DA:309,92
DA:310,184
DA:311,92
DA:313,92
DA:315,92
DA:316,92
DA:317,92
DA:318,184
DA:319,92
DA:321,92
DA:322,184
DA:324,0
DA:325,0
DA:326,2756
DA:328,992
DA:329,992
DA:331,2072
DA:332,4
DA:334,988
DA:335,988
DA:336,992
DA:338,6554
DA:339,6554
DA:340,6554
DA:341,6554
DA:343,464
DA:344,464
DA:345,464
DA:347,3280
DA:348,2816
DA:350,464
DA:351,464
DA:353,0
DA:355,672
DA:356,672
DA:357,672
DA:360,672
DA:361,136
DA:362,800
DA:363,732
DA:368,68
DA:369,68
DA:370,68
DA:371,68
DA:373,604
DA:374,68
DA:375,34
DA:376,366
DA:377,68
DA:378,34
DA:379,34
DA:381,570
DA:382,68
DA:383,34
DA:384,366
DA:385,68
DA:386,34
DA:387,34
DA:390,536
DA:391,160
DA:392,80
DA:393,308
DA:394,160
DA:395,80
DA:396,80
DA:398,456
DA:399,76
DA:400,38
DA:401,162
DA:402,76
DA:403,38
DA:404,38
DA:406,418
DA:407,104
DA:408,52
DA:409,282
DA:410,104
DA:411,52
DA:412,52
DA:414,366
DA:415,124
DA:416,62
DA:417,312
DA:418,124
DA:419,62
DA:420,62
DA:423,304
DA:424,144
DA:425,72
DA:426,184
DA:427,144
DA:428,72
DA:429,72
DA:431,232
DA:432,76
DA:433,38
DA:434,94
DA:435,38
DA:436,38
DA:437,38
DA:438,38
DA:440,194
DA:441,76
DA:442,38
DA:443,94
DA:444,38
DA:445,38
DA:446,38
DA:447,38
DA:449,156
DA:450,76
DA:451,38
DA:452,94
DA:453,38
DA:454,38
DA:455,38
DA:456,38
DA:459,118
DA:460,116
DA:461,58
DA:462,168
DA:463,116
DA:464,58
DA:465,58
DA:468,60
DA:469,60
DA:470,60
DA:471,60
DA:472,30
DA:473,76
DA:474,152
DA:475,76
DA:477,30
DA:478,30
DA:479,30
DA:480,30
DA:481,30
DA:482,30
DA:483,60
DA:484,30
DA:485,76
DA:486,152
DA:487,76
DA:489,30
DA:490,30
DA:491,30
DA:492,30
DA:493,30
DA:494,60
DA:496,0
DA:497,0
DA:498,672
end_of_record
TN:
SF:/usr/local/google/home/gleasonk/Coding/openxla/stablehlo/stablehlo/reference/Ops.cpp
FN:36,_ZN4mlir9stablehlo12_GLOBAL__N_17permuteEN4llvm8ArrayRefIlEES4_
FNDA:96,_ZN4mlir9stablehlo12_GLOBAL__N_17permuteEN4llvm8ArrayRefIlEES4_
FN:42,_ZN4mlir9stablehlo12_GLOBAL__N_110addIndicesEN4llvm8ArrayRefIlEES4_
FNDA:12,_ZN4mlir9stablehlo12_GLOBAL__N_110addIndicesEN4llvm8ArrayRefIlEES4_
FN:51,_ZN4mlir9stablehlo9evalAddOpERKNS0_6TensorES3_NS_4TypeE
FNDA:58,_ZN4mlir9stablehlo9evalAddOpERKNS0_6TensorES3_NS_4TypeE
FN:58,_ZN4mlir9stablehlo9evalAndOpERKNS0_6TensorES3_NS_4TypeE
FNDA:26,_ZN4mlir9stablehlo9evalAndOpERKNS0_6TensorES3_NS_4TypeE
FN:65,_ZN4mlir9stablehlo20evalBroadcastInDimOpERKNS0_6TensorEN4llvm8ArrayRefIlEENS_4TypeE
FNDA:2,_ZN4mlir9stablehlo20evalBroadcastInDimOpERKNS0_6TensorEN4llvm8ArrayRefIlEENS_4TypeE
FN:81,_ZN4mlir9stablehlo10evalCeilOpERKNS0_6TensorENS_4TypeE
FNDA:8,_ZN4mlir9stablehlo10evalCeilOpERKNS0_6TensorENS_4TypeE
FN:88,_ZN4mlir9stablehlo14evalConstantOpENS_12ElementsAttrE
FNDA:672,_ZN4mlir9stablehlo14evalConstantOpENS_12ElementsAttrE
FN:94,_ZN4mlir9stablehlo13evalConvertOpERKNS0_6TensorENS_4TypeE
FNDA:22,_ZN4mlir9stablehlo13evalConvertOpERKNS0_6TensorENS_4TypeE
FN:103,_ZN4mlir9stablehlo12evalCosineOpERKNS0_6TensorENS_4TypeE
FNDA:12,_ZN4mlir9stablehlo12evalCosineOpERKNS0_6TensorENS_4TypeE
FN:110,_ZN4mlir9stablehlo24evalDynamicUpdateSliceOpERKNS0_6TensorES3_N4llvm8ArrayRefIS1_EENS_4TypeE
FNDA:2,_ZN4mlir9stablehlo24evalDynamicUpdateSliceOpERKNS0_6TensorES3_N4llvm8ArrayRefIS1_EENS_4TypeE
FN:131,_ZN4mlir9stablehlo11evalFloorOpERKNS0_6TensorENS_4TypeE
FNDA:8,_ZN4mlir9stablehlo11evalFloorOpERKNS0_6TensorENS_4TypeE
FN:138,_ZN4mlir9stablehlo10evalIotaOpElNS_4TypeE
FNDA:50,_ZN4mlir9stablehlo10evalIotaOpElNS_4TypeE
FN:174,_ZN4mlir9stablehlo9evalMaxOpERKNS0_6TensorES3_NS_4TypeE
FNDA:34,_ZN4mlir9stablehlo9evalMaxOpERKNS0_6TensorES3_NS_4TypeE
FN:181,_ZN4mlir9stablehlo9evalMinOpERKNS0_6TensorES3_NS_4TypeE
FNDA:34,_ZN4mlir9stablehlo9evalMinOpERKNS0_6TensorES3_NS_4TypeE
FN:188,_ZN4mlir9stablehlo14evalMultiplyOpERKNS0_6TensorES3_NS_4TypeE
FNDA:30,_ZN4mlir9stablehlo14evalMultiplyOpERKNS0_6TensorES3_NS_4TypeE
FN:195,_ZN4mlir9stablehlo9evalNegOpERKNS0_6TensorENS_4TypeE
FNDA:32,_ZN4mlir9stablehlo9evalNegOpERKNS0_6TensorENS_4TypeE
FN:202,_ZN4mlir9stablehlo9evalNotOpERKNS0_6TensorENS_4TypeE
FNDA:26,_ZN4mlir9stablehlo9evalNotOpERKNS0_6TensorENS_4TypeE
FN:209,_ZN4mlir9stablehlo8evalOrOpERKNS0_6TensorES3_NS_4TypeE
FNDA:26,_ZN4mlir9stablehlo8evalOrOpERKNS0_6TensorES3_NS_4TypeE
FN:216,_ZN4mlir9stablehlo9evalPadOpERKNS0_6TensorES3_N4llvm8ArrayRefIlEES6_NS_4TypeE
FNDA:2,_ZN4mlir9stablehlo9evalPadOpERKNS0_6TensorES3_N4llvm8ArrayRefIlEES6_NS_4TypeE
FN:235,_ZN4mlir9stablehlo13evalReshapeOpERKNS0_6TensorENS_4TypeE
FNDA:8,_ZN4mlir9stablehlo13evalReshapeOpERKNS0_6TensorENS_4TypeE
FN:243,_ZN4mlir9stablehlo13evalReverseOpERKNS0_6TensorEN4llvm8ArrayRefIlEENS_4TypeE
FNDA:2,_ZN4mlir9stablehlo13evalReverseOpERKNS0_6TensorEN4llvm8ArrayRefIlEENS_4TypeE
FN:257,_ZN4mlir9stablehlo10evalSineOpERKNS0_6TensorENS_4TypeE
FNDA:12,_ZN4mlir9stablehlo10evalSineOpERKNS0_6TensorENS_4TypeE
FN:264,_ZN4mlir9stablehlo11evalSliceOpERKNS0_6TensorEN4llvm8ArrayRefIlEES6_NS_4TypeE
FNDA:2,_ZN4mlir9stablehlo11evalSliceOpERKNS0_6TensorEN4llvm8ArrayRefIlEES6_NS_4TypeE
FN:277,_ZN4mlir9stablehlo14evalSubtractOpERKNS0_6TensorES3_NS_4TypeE
FNDA:52,_ZN4mlir9stablehlo14evalSubtractOpERKNS0_6TensorES3_NS_4TypeE
FN:284,_ZN4mlir9stablehlo10evalTanhOpERKNS0_6TensorENS_4TypeE
FNDA:12,_ZN4mlir9stablehlo10evalTanhOpERKNS0_6TensorENS_4TypeE
FN:291,_ZN4mlir9stablehlo15evalTransposeOpERKNS0_6TensorEN4llvm8ArrayRefIlEENS_4TypeE
FNDA:8,_ZN4mlir9stablehlo15evalTransposeOpERKNS0_6TensorEN4llvm8ArrayRefIlEENS_4TypeE
FN:302,_ZN4mlir9stablehlo11evalWhileOpEN4llvm8ArrayRefINS0_6TensorEEERNS_6RegionES6_RNS0_5ScopeE
FNDA:2,_ZN4mlir9stablehlo11evalWhileOpEN4llvm8ArrayRefINS0_6TensorEEERNS_6RegionES6_RNS0_5ScopeE
FN:320,_ZN4mlir9stablehlo9evalXorOpERKNS0_6TensorES3_NS_4TypeE
FNDA:26,_ZN4mlir9stablehlo9evalXorOpERKNS0_6TensorES3_NS_4TypeE
FN:327,_ZN4mlir9stablehlo4evalERNS_6RegionEN4llvm8ArrayRefINS0_6TensorEEEPNS0_5ScopeE
FNDA:506,_ZN4mlir9stablehlo4evalERNS_6RegionEN4llvm8ArrayRefINS0_6TensorEEEPNS0_5ScopeE
DA:36,96
DA:37,96
DA:38,384
DA:39,96
DA:40,96
DA:42,12
DA:43,12
DA:44,36
DA:45,72
DA:46,12
DA:47,12
DA:51,58
DA:52,58
DA:53,254
DA:54,196
DA:55,58
DA:56,58
DA:58,26
DA:59,26
DA:60,102
DA:61,76
DA:62,26
DA:63,26
DA:65,2
DA:67,2
DA:68,2
DA:69,2
DA:70,26
DA:71,24
DA:72,24
DA:73,72
DA:74,96
DA:75,48
DA:76,24
DA:77,24
DA:78,2
DA:79,2
DA:81,8
DA:82,8
DA:83,80
DA:84,72
DA:85,8
DA:86,8
DA:88,672
DA:89,672
DA:94,22
DA:95,22
DA:96,22
DA:97,44
DA:98,44
DA:99,22
DA:100,22
DA:101,22
DA:103,12
DA:104,12
DA:105,108
DA:106,96
DA:107,12
DA:108,12
DA:110,2
DA:112,2
DA:113,2
DA:114,2
DA:115,2
DA:116,2
DA:117,6
DA:118,8
DA:119,4
DA:120,4
DA:121,34
DA:122,32
DA:123,32
DA:124,14
DA:125,12
DA:126,24
DA:127,12
DA:128,2
DA:129,2
DA:131,8
DA:132,8
DA:133,80
DA:134,72
DA:135,8
DA:136,8
DA:138,50
DA:139,50
DA:140,50
DA:141,650
DA:142,600
DA:143,600
DA:144,480
DA:145,240
DA:146,600
DA:147,144
DA:148,72
DA:149,360
DA:150,192
DA:151,192
DA:152,192
DA:154,192
DA:155,288
DA:156,96
DA:157,96
DA:158,96
DA:159,96
DA:160,96
DA:161,96
DA:163,96
DA:165,96
DA:166,96
DA:167,0
DA:168,0
DA:170,600
DA:171,50
DA:172,50
DA:174,34
DA:175,34
DA:176,216
DA:177,182
DA:178,34
DA:179,34
DA:181,34
DA:182,34
DA:183,216
DA:184,182
DA:185,34
DA:186,34
DA:188,30
DA:189,30
DA:190,192
DA:191,162
DA:192,30
DA:193,30
DA:195,32
DA:196,32
DA:197,208
DA:198,176
DA:199,32
DA:200,32
DA:202,26
DA:203,26
DA:204,94
DA:205,68
DA:206,26
DA:207,26
DA:209,26
DA:210,26
DA:211,102
DA:212,76
DA:213,26
DA:214,26
DA:216,2
DA:218,2
DA:219,2
DA:220,72
DA:221,70
DA:222,70
DA:223,42
DA:224,40
DA:225,40
DA:226,120
DA:227,80
DA:228,80
DA:229,40
DA:230,20
DA:231,40
DA:232,2
DA:233,2
DA:235,8
DA:236,8
DA:237,56
DA:238,56
DA:239,48
DA:240,8
DA:241,8
DA:243,2
DA:244,2
DA:245,2
DA:246,2
DA:247,14
DA:248,12
DA:249,12
DA:250,36
DA:251,24
DA:252,12
DA:253,12
DA:254,2
DA:255,2
DA:257,12
DA:258,12
DA:259,108
DA:260,96
DA:261,12
DA:262,12
DA:264,2
DA:265,2
DA:266,2
DA:267,10
DA:268,8
DA:269,8
DA:270,24
DA:271,16
DA:272,8
DA:273,8
DA:274,2
DA:275,2
DA:277,52
DA:278,52
DA:279,238
DA:280,186
DA:281,52
DA:282,52
DA:284,12
DA:285,12
DA:286,108
DA:287,96
DA:288,12
DA:289,12
DA:291,8
DA:292,8
DA:293,8
DA:294,104
DA:295,96
DA:296,96
DA:297,96
DA:298,96
DA:299,8
DA:300,8
DA:302,2
DA:303,2
DA:304,2
DA:306,2
DA:307,2
DA:308,0
DA:310,22
DA:311,20
DA:312,20
DA:313,20
DA:314,0
DA:317,2
DA:318,2
DA:320,26
DA:321,26
DA:322,102
DA:323,76
DA:324,26
DA:325,26
DA:327,506
DA:328,506
DA:329,506
DA:330,0
DA:332,0
DA:334,506
DA:335,506
DA:337,2180
DA:338,3348
DA:339,58
DA:340,58
DA:341,58
DA:342,58
DA:343,3290
DA:344,26
DA:345,26
DA:346,26
DA:347,26
DA:348,3206
DA:349,2
DA:350,4
DA:351,2
DA:352,4
DA:353,2
DA:354,2
DA:355,3178
DA:356,8
DA:357,8
DA:358,8
DA:359,3168
DA:360,672
DA:361,672
DA:362,2488
DA:363,22
DA:364,22
DA:365,22
DA:366,1794
DA:367,12
DA:368,12
DA:369,12
DA:370,1760
DA:371,2
DA:372,2
DA:373,2
DA:374,2
DA:375,4
DA:376,2
DA:377,2
DA:378,2
DA:379,1746
DA:380,8
DA:381,8
DA:382,8
DA:383,1736
DA:384,50
DA:385,50
DA:386,50
DA:387,1678
DA:388,34
DA:389,34
DA:390,34
DA:391,34
DA:392,1594
DA:393,34
DA:394,34
DA:395,34
DA:396,34
DA:397,1526
DA:398,30
DA:399,30
DA:400,30
DA:401,30
DA:402,30
DA:403,1462
DA:404,32
DA:405,32
DA:406,32
DA:407,1400
DA:408,26
DA:409,26
DA:410,26
DA:411,1342
DA:412,26
DA:413,26
DA:414,26
DA:415,26
DA:416,1290
DA:417,2
DA:418,2
DA:419,2
DA:420,2
DA:421,2
DA:422,2
DA:423,2
DA:424,4
DA:425,2
DA:426,2
DA:427,1260
DA:428,4
DA:429,2
DA:430,2
DA:431,4
DA:432,2
DA:433,2
DA:434,1258
DA:435,8
DA:436,8
DA:437,8
DA:438,1248
DA:439,2
DA:440,2
DA:441,2
DA:442,2
DA:443,2
DA:444,2
DA:445,774
DA:446,464
DA:447,266
DA:448,42
DA:449,224
DA:450,12
DA:451,12
DA:452,12
DA:453,212
DA:454,2
DA:455,2
DA:456,2
DA:457,2
DA:458,2
DA:459,2
DA:460,2
DA:461,198
DA:462,52
DA:463,52
DA:464,52
DA:465,52
DA:466,52
DA:467,144
DA:468,12
DA:469,12
DA:470,12
DA:471,80
DA:472,8
DA:473,8
DA:474,8
DA:475,8
DA:476,8
DA:477,8
DA:478,60
DA:479,26
DA:480,26
DA:481,26
DA:482,26
DA:483,26
DA:484,0
DA:485,0
DA:487,1674
DA:489,0
DA:490,506
end_of_record
SF:/usr/local/google/home/gleasonk/Coding/openxla/stablehlo/stablehlo/reference/Errors.h
FN:29,_ZN4mlir9stablehlo15invalidArgumentIJPKcEEEN4llvm5ErrorES3_DpRKT_
FNDA:0,_ZN4mlir9stablehlo15invalidArgumentIJPKcEEEN4llvm5ErrorES3_DpRKT_
FN:29,_ZN4mlir9stablehlo15invalidArgumentIJmEEEN4llvm5ErrorEPKcDpRKT_
FNDA:0,_ZN4mlir9stablehlo15invalidArgumentIJmEEEN4llvm5ErrorEPKcDpRKT_
DA:29,0
DA:30,0
end_of_record
SF:/usr/local/google/home/gleasonk/Coding/openxla/stablehlo/stablehlo/reference/Scope.h
FN:28,_ZN4mlir9stablehlo5ScopeD2Ev
FNDA:506,_ZN4mlir9stablehlo5ScopeD2Ev
FN:30,_ZN4mlir9stablehlo5ScopeC2EPS1_
FNDA:506,_ZN4mlir9stablehlo5ScopeC2EPS1_
DA:30,506
end_of_record
SF:/usr/local/google/home/gleasonk/Coding/openxla/stablehlo/stablehlo/reference/Tensor.h
FN:36,_ZN4mlir9stablehlo6detail6BufferD2Ev
FNDA:0,_ZN4mlir9stablehlo6detail6BufferD2Ev
FN:49,_ZN4mlir9stablehlo6detail6Buffer7getTypeEv
FNDA:304,_ZN4mlir9stablehlo6detail6Buffer7getTypeEv
FN:66,_ZN4mlir9stablehlo6TensorD2Ev
FNDA:4320,_ZN4mlir9stablehlo6TensorD2Ev
FN:73,_ZN4mlir9stablehlo6TensorC2ERKS1_
FNDA:1170,_ZN4mlir9stablehlo6TensorC2ERKS1_
FN:77,_ZN4mlir9stablehlo6TensoraSERKS1_
FNDA:1314,_ZN4mlir9stablehlo6TensoraSERKS1_
FN:80,_ZNK4mlir9stablehlo6Tensor7getTypeEv
FNDA:304,_ZNK4mlir9stablehlo6Tensor7getTypeEv
DA:49,304
DA:73,1170
DA:77,1314
DA:80,304
end_of_record
SF:/usr/local/google/home/gleasonk/Coding/openxla/stablehlo/stablehlo/reference/Index.h
FN:41,_ZN4mlir9stablehlo18IndexSpaceIteratorD2Ev
FNDA:3802,_ZN4mlir9stablehlo18IndexSpaceIteratorD2Ev
FN:62,_ZN4mlir9stablehlo18IndexSpaceIteratoreqERKS1_
FNDA:3274,_ZN4mlir9stablehlo18IndexSpaceIteratoreqERKS1_
FN:65,_ZN4mlir9stablehlo18IndexSpaceIteratorneERKS1_
FNDA:3274,_ZN4mlir9stablehlo18IndexSpaceIteratorneERKS1_
DA:62,3274
DA:63,3274
DA:65,3274
end_of_record
SF:/usr/local/google/home/gleasonk/Coding/openxla/stablehlo/stablehlo/reference/Element.h
FN:33,_ZN4mlir9stablehlo7ElementD2Ev
FNDA:5752,_ZN4mlir9stablehlo7ElementD2Ev
FN:37,_ZN4mlir9stablehlo7ElementC2ENS_4TypeEN4llvm5APIntE
FNDA:312,_ZN4mlir9stablehlo7ElementC2ENS_4TypeEN4llvm5APIntE
FN:38,_ZN4mlir9stablehlo7ElementC2ENS_4TypeEb
FNDA:22,_ZN4mlir9stablehlo7ElementC2ENS_4TypeEb
FN:39,_ZN4mlir9stablehlo7ElementC2ENS_4TypeEN4llvm7APFloatE
FNDA:192,_ZN4mlir9stablehlo7ElementC2ENS_4TypeEN4llvm7APFloatE
FN:40,_ZN4mlir9stablehlo7ElementC2ENS_4TypeESt7complexIN4llvm7APFloatEE
FNDA:520,_ZN4mlir9stablehlo7ElementC2ENS_4TypeESt7complexIN4llvm7APFloatEE
DA:37,312
DA:38,22
DA:39,192
DA:40,520
DA:41,520
end_of_record
TN:
SF:/usr/local/google/home/gleasonk/Coding/openxla/stablehlo/stablehlo/reference/Errors.h
FN:29,_ZN4mlir9stablehlo15invalidArgumentIJPKcS3_EEEN4llvm5ErrorES3_DpRKT_
FNDA:0,_ZN4mlir9stablehlo15invalidArgumentIJPKcS3_EEEN4llvm5ErrorES3_DpRKT_
FN:29,_ZN4mlir9stablehlo15invalidArgumentIJPKcEEEN4llvm5ErrorES3_DpRKT_
FNDA:0,_ZN4mlir9stablehlo15invalidArgumentIJPKcEEEN4llvm5ErrorES3_DpRKT_
DA:29,0
DA:30,0
end_of_record
SF:/usr/local/google/home/gleasonk/Coding/openxla/stablehlo/stablehlo/reference/Element.cpp
FN:35,_ZN4mlir9stablehlo12_GLOBAL__N_13mapIZNKS0_7ElementngEvE4$_12ZNKS3_ngEvE4$_13ZNKS3_ngEvE4$_14ZNKS3_ngEvE4$_15EES3_RKS3_T_T0_T1_T2_
FNDA:176,_ZN4mlir9stablehlo12_GLOBAL__N_13mapIZNKS0_7ElementngEvE4$_12ZNKS3_ngEvE4$_13ZNKS3_ngEvE4$_14ZNKS3_ngEvE4$_15EES3_RKS3_T_T0_T1_T2_
FN:35,_ZN4mlir9stablehlo12_GLOBAL__N_13mapIZNKS0_7ElementcoEvE4$_28ZNKS3_coEvE4$_29ZNKS3_coEvE4$_30ZNKS3_coEvE4$_31EES3_RKS3_T_T0_T1_T2_
FNDA:68,_ZN4mlir9stablehlo12_GLOBAL__N_13mapIZNKS0_7ElementcoEvE4$_28ZNKS3_coEvE4$_29ZNKS3_coEvE4$_30ZNKS3_coEvE4$_31EES3_RKS3_T_T0_T1_T2_
FN:66,_ZN4mlir9stablehlo12_GLOBAL__N_13mapIZNKS0_7ElementanERKS3_E3$_0ZNKS3_anES5_E3$_1ZNKS3_anES5_E3$_2ZNKS3_anES5_E3$_3EES3_S5_S5_T_T0_T1_T2_
FNDA:76,_ZN4mlir9stablehlo12_GLOBAL__N_13mapIZNKS0_7ElementanERKS3_E3$_0ZNKS3_anES5_E3$_1ZNKS3_anES5_E3$_2ZNKS3_anES5_E3$_3EES3_S5_S5_T_T0_T1_T2_
FN:66,_ZN4mlir9stablehlo12_GLOBAL__N_13mapIZNKS0_7ElementplERKS3_E3$_4ZNKS3_plES5_E3$_5ZNKS3_plES5_E3$_6ZNKS3_plES5_E3$_7EES3_S5_S5_T_T0_T1_T2_
FNDA:196,_ZN4mlir9stablehlo12_GLOBAL__N_13mapIZNKS0_7ElementplERKS3_E3$_4ZNKS3_plES5_E3$_5ZNKS3_plES5_E3$_6ZNKS3_plES5_E3$_7EES3_S5_S5_T_T0_T1_T2_
FN:66,_ZN4mlir9stablehlo12_GLOBAL__N_13mapIZNKS0_7ElementmlERKS3_E3$_8ZNKS3_mlES5_E3$_9ZNKS3_mlES5_E4$_10ZNKS3_mlES5_E4$_11EES3_S5_S5_T_T0_T1_T2_
FNDA:162,_ZN4mlir9stablehlo12_GLOBAL__N_13mapIZNKS0_7ElementmlERKS3_E3$_8ZNKS3_mlES5_E3$_9ZNKS3_mlES5_E4$_10ZNKS3_mlES5_E4$_11EES3_S5_S5_T_T0_T1_T2_
FN:66,_ZN4mlir9stablehlo12_GLOBAL__N_13mapIZNKS0_7ElementmiERKS3_E4$_16ZNKS3_miES5_E4$_17ZNKS3_miES5_E4$_18ZNKS3_miES5_E4$_19EES3_S5_S5_T_T0_T1_T2_
FNDA:186,_ZN4mlir9stablehlo12_GLOBAL__N_13mapIZNKS0_7ElementmiERKS3_E4$_16ZNKS3_miES5_E4$_17ZNKS3_miES5_E4$_18ZNKS3_miES5_E4$_19EES3_S5_S5_T_T0_T1_T2_
FN:66,_ZN4mlir9stablehlo12_GLOBAL__N_13mapIZNKS0_7ElementeoERKS3_E4$_20ZNKS3_eoES5_E4$_21ZNKS3_eoES5_E4$_22ZNKS3_eoES5_E4$_23EES3_S5_S5_T_T0_T1_T2_
FNDA:76,_ZN4mlir9stablehlo12_GLOBAL__N_13mapIZNKS0_7ElementeoERKS3_E4$_20ZNKS3_eoES5_E4$_21ZNKS3_eoES5_E4$_22ZNKS3_eoES5_E4$_23EES3_S5_S5_T_T0_T1_T2_
FN:66,_ZN4mlir9stablehlo12_GLOBAL__N_13mapIZNKS0_7ElementorERKS3_E4$_24ZNKS3_orES5_E4$_25ZNKS3_orES5_E4$_26ZNKS3_orES5_E4$_27EES3_S5_S5_T_T0_T1_T2_
FNDA:76,_ZN4mlir9stablehlo12_GLOBAL__N_13mapIZNKS0_7ElementorERKS3_E4$_24ZNKS3_orES5_E4$_25ZNKS3_orES5_E4$_26ZNKS3_orES5_E4$_27EES3_S5_S5_T_T0_T1_T2_
FN:66,_ZN4mlir9stablehlo12_GLOBAL__N_13mapIZNS0_3maxERKNS0_7ElementES5_E4$_34ZNS0_3maxES5_S5_E4$_35ZNS0_3maxES5_S5_E4$_36ZNS0_3maxES5_S5_E4$_37EES3_S5_S5_T_T0_T1_T2_
FNDA:182,_ZN4mlir9stablehlo12_GLOBAL__N_13mapIZNS0_3maxERKNS0_7ElementES5_E4$_34ZNS0_3maxES5_S5_E4$_35ZNS0_3maxES5_S5_E4$_36ZNS0_3maxES5_S5_E4$_37EES3_S5_S5_T_T0_T1_T2_
FN:66,_ZN4mlir9stablehlo12_GLOBAL__N_13mapIZNS0_3minERKNS0_7ElementES5_E4$_38ZNS0_3minES5_S5_E4$_39ZNS0_3minES5_S5_E4$_40ZNS0_3minES5_S5_E4$_41EES3_S5_S5_T_T0_T1_T2_
FNDA:182,_ZN4mlir9stablehlo12_GLOBAL__N_13mapIZNS0_3minERKNS0_7ElementES5_E4$_38ZNS0_3minES5_S5_E4$_39ZNS0_3minES5_S5_E4$_40ZNS0_3minES5_S5_E4$_41EES3_S5_S5_T_T0_T1_T2_
FN:104,_ZN4mlir9stablehlo12_GLOBAL__N_121mapWithUpcastToDoubleIZNS0_6cosineERKNS0_7ElementEE4$_32ZNS0_6cosineES5_E4$_33EES3_S5_T_T0_
FNDA:96,_ZN4mlir9stablehlo12_GLOBAL__N_121mapWithUpcastToDoubleIZNS0_6cosineERKNS0_7ElementEE4$_32ZNS0_6cosineES5_E4$_33EES3_S5_T_T0_
FN:104,_ZN4mlir9stablehlo12_GLOBAL__N_121mapWithUpcastToDoubleIZNS0_4sineERKNS0_7ElementEE4$_42ZNS0_4sineES5_E4$_43EES3_S5_T_T0_
FNDA:96,_ZN4mlir9stablehlo12_GLOBAL__N_121mapWithUpcastToDoubleIZNS0_4sineERKNS0_7ElementEE4$_42ZNS0_4sineES5_E4$_43EES3_S5_T_T0_
FN:104,_ZN4mlir9stablehlo12_GLOBAL__N_121mapWithUpcastToDoubleIZNS0_4tanhERKNS0_7ElementEE4$_44ZNS0_4tanhES5_E4$_45EES3_S5_T_T0_
FNDA:96,_ZN4mlir9stablehlo12_GLOBAL__N_121mapWithUpcastToDoubleIZNS0_4tanhERKNS0_7ElementEE4$_44ZNS0_4tanhES5_E4$_45EES3_S5_T_T0_
FN:136,_ZNK4mlir9stablehlo7Element15getIntegerValueEv
FNDA:3940,_ZNK4mlir9stablehlo7Element15getIntegerValueEv
FN:143,_ZNK4mlir9stablehlo7Element15getBooleanValueEv
FNDA:388,_ZNK4mlir9stablehlo7Element15getBooleanValueEv
FN:150,_ZNK4mlir9stablehlo7Element13getFloatValueEv
FNDA:3720,_ZNK4mlir9stablehlo7Element13getFloatValueEv
FN:157,_ZNK4mlir9stablehlo7Element15getComplexValueEv
FNDA:520,_ZNK4mlir9stablehlo7Element15getComplexValueEv
FN:165,_ZNK4mlir9stablehlo7ElementanERKS1_
FNDA:76,_ZNK4mlir9stablehlo7ElementanERKS1_
FN:167,_ZZNK4mlir9stablehlo7ElementanERKS1_ENK3$_0clEN4llvm5APIntES6_
FNDA:60,_ZZNK4mlir9stablehlo7ElementanERKS1_ENK3$_0clEN4llvm5APIntES6_
FN:168,_ZZNK4mlir9stablehlo7ElementanERKS1_ENK3$_1clEbb
FNDA:16,_ZZNK4mlir9stablehlo7ElementanERKS1_ENK3$_1clEbb
FN:169,_ZZNK4mlir9stablehlo7ElementanERKS1_ENK3$_2clEN4llvm7APFloatES6_
FNDA:0,_ZZNK4mlir9stablehlo7ElementanERKS1_ENK3$_2clEN4llvm7APFloatES6_
FN:172,_ZZNK4mlir9stablehlo7ElementanERKS1_ENK3$_3clESt7complexIN4llvm7APFloatEES8_
FNDA:0,_ZZNK4mlir9stablehlo7ElementanERKS1_ENK3$_3clESt7complexIN4llvm7APFloatEES8_
FN:178,_ZNK4mlir9stablehlo7ElementplERKS1_
FNDA:196,_ZNK4mlir9stablehlo7ElementplERKS1_
FN:180,_ZZNK4mlir9stablehlo7ElementplERKS1_ENK3$_4clEN4llvm5APIntES6_
FNDA:92,_ZZNK4mlir9stablehlo7ElementplERKS1_ENK3$_4clEN4llvm5APIntES6_
FN:181,_ZZNK4mlir9stablehlo7ElementplERKS1_ENK3$_5clEbb
FNDA:8,_ZZNK4mlir9stablehlo7ElementplERKS1_ENK3$_5clEbb
FN:182,_ZZNK4mlir9stablehlo7ElementplERKS1_ENK3$_6clEN4llvm7APFloatES6_
FNDA:88,_ZZNK4mlir9stablehlo7ElementplERKS1_ENK3$_6clEN4llvm7APFloatES6_
FN:183,_ZZNK4mlir9stablehlo7ElementplERKS1_ENK3$_7clESt7complexIN4llvm7APFloatEES8_
FNDA:8,_ZZNK4mlir9stablehlo7ElementplERKS1_ENK3$_7clESt7complexIN4llvm7APFloatEES8_
FN:193,_ZNK4mlir9stablehlo7ElementmlERKS1_
FNDA:162,_ZNK4mlir9stablehlo7ElementmlERKS1_
FN:195,_ZZNK4mlir9stablehlo7ElementmlERKS1_ENK3$_8clEN4llvm5APIntES6_
FNDA:58,_ZZNK4mlir9stablehlo7ElementmlERKS1_ENK3$_8clEN4llvm5APIntES6_
FN:196,_ZZNK4mlir9stablehlo7ElementmlERKS1_ENK3$_9clEbb
FNDA:8,_ZZNK4mlir9stablehlo7ElementmlERKS1_ENK3$_9clEbb
FN:197,_ZZNK4mlir9stablehlo7ElementmlERKS1_ENK4$_10clEN4llvm7APFloatES6_
FNDA:88,_ZZNK4mlir9stablehlo7ElementmlERKS1_ENK4$_10clEN4llvm7APFloatES6_
FN:198,_ZZNK4mlir9stablehlo7ElementmlERKS1_ENK4$_11clESt7complexIN4llvm7APFloatEES8_
FNDA:8,_ZZNK4mlir9stablehlo7ElementmlERKS1_ENK4$_11clESt7complexIN4llvm7APFloatEES8_
FN:206,_ZNK4mlir9stablehlo7ElementngEv
FNDA:176,_ZNK4mlir9stablehlo7ElementngEv
FN:208,_ZZNK4mlir9stablehlo7ElementngEvENK4$_12clEN4llvm5APIntE
FNDA:80,_ZZNK4mlir9stablehlo7ElementngEvENK4$_12clEN4llvm5APIntE
FN:209,_ZZNK4mlir9stablehlo7ElementngEvENK4$_13clEb
FNDA:0,_ZZNK4mlir9stablehlo7ElementngEvENK4$_13clEb
FN:212,_ZZNK4mlir9stablehlo7ElementngEvENK4$_14clEN4llvm7APFloatE
FNDA:88,_ZZNK4mlir9stablehlo7ElementngEvENK4$_14clEN4llvm7APFloatE
FN:213,_ZZNK4mlir9stablehlo7ElementngEvENK4$_15clESt7complexIN4llvm7APFloatEE
FNDA:8,_ZZNK4mlir9stablehlo7ElementngEvENK4$_15clESt7complexIN4llvm7APFloatEE
FN:216,_ZNK4mlir9stablehlo7ElementmiERKS1_
FNDA:186,_ZNK4mlir9stablehlo7ElementmiERKS1_
FN:218,_ZZNK4mlir9stablehlo7ElementmiERKS1_ENK4$_16clEN4llvm5APIntES6_
FNDA:90,_ZZNK4mlir9stablehlo7ElementmiERKS1_ENK4$_16clEN4llvm5APIntES6_
FN:219,_ZZNK4mlir9stablehlo7ElementmiERKS1_ENK4$_17clEbb
FNDA:0,_ZZNK4mlir9stablehlo7ElementmiERKS1_ENK4$_17clEbb
FN:222,_ZZNK4mlir9stablehlo7ElementmiERKS1_ENK4$_18clEN4llvm7APFloatES6_
FNDA:88,_ZZNK4mlir9stablehlo7ElementmiERKS1_ENK4$_18clEN4llvm7APFloatES6_
FN:223,_ZZNK4mlir9stablehlo7ElementmiERKS1_ENK4$_19clESt7complexIN4llvm7APFloatEES8_
FNDA:8,_ZZNK4mlir9stablehlo7ElementmiERKS1_ENK4$_19clESt7complexIN4llvm7APFloatEES8_
FN:233,_ZNK4mlir9stablehlo7ElementeoERKS1_
FNDA:76,_ZNK4mlir9stablehlo7ElementeoERKS1_
FN:235,_ZZNK4mlir9stablehlo7ElementeoERKS1_ENK4$_20clEN4llvm5APIntES6_
FNDA:60,_ZZNK4mlir9stablehlo7ElementeoERKS1_ENK4$_20clEN4llvm5APIntES6_
FN:236,_ZZNK4mlir9stablehlo7ElementeoERKS1_ENK4$_21clEbb
FNDA:16,_ZZNK4mlir9stablehlo7ElementeoERKS1_ENK4$_21clEbb
FN:237,_ZZNK4mlir9stablehlo7ElementeoERKS1_ENK4$_22clEN4llvm7APFloatES6_
FNDA:0,_ZZNK4mlir9stablehlo7ElementeoERKS1_ENK4$_22clEN4llvm7APFloatES6_
FN:240,_ZZNK4mlir9stablehlo7ElementeoERKS1_ENK4$_23clESt7complexIN4llvm7APFloatEES8_
FNDA:0,_ZZNK4mlir9stablehlo7ElementeoERKS1_ENK4$_23clESt7complexIN4llvm7APFloatEES8_
FN:246,_ZNK4mlir9stablehlo7ElementorERKS1_
FNDA:76,_ZNK4mlir9stablehlo7ElementorERKS1_
FN:248,_ZZNK4mlir9stablehlo7ElementorERKS1_ENK4$_24clEN4llvm5APIntES6_
FNDA:60,_ZZNK4mlir9stablehlo7ElementorERKS1_ENK4$_24clEN4llvm5APIntES6_
FN:249,_ZZNK4mlir9stablehlo7ElementorERKS1_ENK4$_25clEbb
FNDA:16,_ZZNK4mlir9stablehlo7ElementorERKS1_ENK4$_25clEbb
FN:250,_ZZNK4mlir9stablehlo7ElementorERKS1_ENK4$_26clEN4llvm7APFloatES6_
FNDA:0,_ZZNK4mlir9stablehlo7ElementorERKS1_ENK4$_26clEN4llvm7APFloatES6_
FN:253,_ZZNK4mlir9stablehlo7ElementorERKS1_ENK4$_27clESt7complexIN4llvm7APFloatEES8_
FNDA:0,_ZZNK4mlir9stablehlo7ElementorERKS1_ENK4$_27clESt7complexIN4llvm7APFloatEES8_
FN:259,_ZNK4mlir9stablehlo7ElementcoEv
FNDA:68,_ZNK4mlir9stablehlo7ElementcoEv
FN:261,_ZZNK4mlir9stablehlo7ElementcoEvENK4$_28clEN4llvm5APIntE
FNDA:60,_ZZNK4mlir9stablehlo7ElementcoEvENK4$_28clEN4llvm5APIntE
FN:262,_ZZNK4mlir9stablehlo7ElementcoEvENK4$_29clEb
FNDA:8,_ZZNK4mlir9stablehlo7ElementcoEvENK4$_29clEb
FN:263,_ZZNK4mlir9stablehlo7ElementcoEvENK4$_30clEN4llvm7APFloatE
FNDA:0,_ZZNK4mlir9stablehlo7ElementcoEvENK4$_30clEN4llvm7APFloatE
FN:266,_ZZNK4mlir9stablehlo7ElementcoEvENK4$_31clESt7complexIN4llvm7APFloatEE
FNDA:0,_ZZNK4mlir9stablehlo7ElementcoEvENK4$_31clESt7complexIN4llvm7APFloatEE
FN:271,_ZN4mlir9stablehlo4ceilERKNS0_7ElementE
FNDA:72,_ZN4mlir9stablehlo4ceilERKNS0_7ElementE
FN:277,_ZN4mlir9stablehlo5floorERKNS0_7ElementE
FNDA:72,_ZN4mlir9stablehlo5floorERKNS0_7ElementE
FN:283,_ZN4mlir9stablehlo6cosineERKNS0_7ElementE
FNDA:96,_ZN4mlir9stablehlo6cosineERKNS0_7ElementE
FN:285,_ZZN4mlir9stablehlo6cosineERKNS0_7ElementEENK4$_32clEd
FNDA:88,_ZZN4mlir9stablehlo6cosineERKNS0_7ElementEENK4$_32clEd
FN:286,_ZZN4mlir9stablehlo6cosineERKNS0_7ElementEENK4$_33clESt7complexIdE
FNDA:8,_ZZN4mlir9stablehlo6cosineERKNS0_7ElementEENK4$_33clESt7complexIdE
FN:289,_ZN4mlir9stablehlo3maxERKNS0_7ElementES3_
FNDA:182,_ZN4mlir9stablehlo3maxERKNS0_7ElementES3_
FN:292,_ZZN4mlir9stablehlo3maxERKNS0_7ElementES3_ENK4$_34clEN4llvm5APIntES6_
FNDA:70,_ZZN4mlir9stablehlo3maxERKNS0_7ElementES3_ENK4$_34clEN4llvm5APIntES6_
FN:297,_ZZN4mlir9stablehlo3maxERKNS0_7ElementES3_ENK4$_35clEbb
FNDA:8,_ZZN4mlir9stablehlo3maxERKNS0_7ElementES3_ENK4$_35clEbb
FN:298,_ZZN4mlir9stablehlo3maxERKNS0_7ElementES3_ENK4$_36clEN4llvm7APFloatES6_
FNDA:88,_ZZN4mlir9stablehlo3maxERKNS0_7ElementES3_ENK4$_36clEN4llvm7APFloatES6_
FN:299,_ZZN4mlir9stablehlo3maxERKNS0_7ElementES3_ENK4$_37clESt7complexIN4llvm7APFloatEES8_
FNDA:16,_ZZN4mlir9stablehlo3maxERKNS0_7ElementES3_ENK4$_37clESt7complexIN4llvm7APFloatEES8_
FN:307,_ZN4mlir9stablehlo3minERKNS0_7ElementES3_
FNDA:182,_ZN4mlir9stablehlo3minERKNS0_7ElementES3_
FN:310,_ZZN4mlir9stablehlo3minERKNS0_7ElementES3_ENK4$_38clEN4llvm5APIntES6_
FNDA:70,_ZZN4mlir9stablehlo3minERKNS0_7ElementES3_ENK4$_38clEN4llvm5APIntES6_
FN:315,_ZZN4mlir9stablehlo3minERKNS0_7ElementES3_ENK4$_39clEbb
FNDA:8,_ZZN4mlir9stablehlo3minERKNS0_7ElementES3_ENK4$_39clEbb
FN:316,_ZZN4mlir9stablehlo3minERKNS0_7ElementES3_ENK4$_40clEN4llvm7APFloatES6_
FNDA:88,_ZZN4mlir9stablehlo3minERKNS0_7ElementES3_ENK4$_40clEN4llvm7APFloatES6_
FN:317,_ZZN4mlir9stablehlo3minERKNS0_7ElementES3_ENK4$_41clESt7complexIN4llvm7APFloatEES8_
FNDA:16,_ZZN4mlir9stablehlo3minERKNS0_7ElementES3_ENK4$_41clESt7complexIN4llvm7APFloatEES8_
FN:325,_ZN4mlir9stablehlo4sineERKNS0_7ElementE
FNDA:96,_ZN4mlir9stablehlo4sineERKNS0_7ElementE
FN:327,_ZZN4mlir9stablehlo4sineERKNS0_7ElementEENK4$_42clEd
FNDA:88,_ZZN4mlir9stablehlo4sineERKNS0_7ElementEENK4$_42clEd
FN:328,_ZZN4mlir9stablehlo4sineERKNS0_7ElementEENK4$_43clESt7complexIdE
FNDA:8,_ZZN4mlir9stablehlo4sineERKNS0_7ElementEENK4$_43clESt7complexIdE
FN:331,_ZN4mlir9stablehlo4tanhERKNS0_7ElementE
FNDA:96,_ZN4mlir9stablehlo4tanhERKNS0_7ElementE
FN:333,_ZZN4mlir9stablehlo4tanhERKNS0_7ElementEENK4$_44clEd
FNDA:88,_ZZN4mlir9stablehlo4tanhERKNS0_7ElementEENK4$_44clEd
FN:334,_ZZN4mlir9stablehlo4tanhERKNS0_7ElementEENK4$_45clESt7complexIdE
FNDA:8,_ZZN4mlir9stablehlo4tanhERKNS0_7ElementEENK4$_45clESt7complexIdE
FN:337,_ZNK4mlir9stablehlo7Element5printERN4llvm11raw_ostreamE
FNDA:2816,_ZNK4mlir9stablehlo7Element5printERN4llvm11raw_ostreamE
FN:367,_ZNK4mlir9stablehlo7Element4dumpEv
FNDA:0,_ZNK4mlir9stablehlo7Element4dumpEv
DA:35,244
DA:36,244
DA:37,244
DA:39,244
DA:40,140
DA:41,140
DA:42,140
DA:44,104
DA:45,8
DA:46,8
DA:47,8
DA:49,96
DA:50,88
DA:51,88
DA:52,88
DA:54,8
DA:55,8
DA:56,8
DA:57,8
DA:58,8
DA:60,0
DA:61,0
DA:62,244
DA:66,1136
DA:67,1136
DA:68,1136
DA:69,1136
DA:70,0
DA:71,0
DA:72,0
DA:74,1136
DA:75,560
DA:76,560
DA:77,560
DA:78,560
DA:80,576
DA:81,80
DA:82,80
DA:83,80
DA:84,80
DA:86,496
DA:87,440
DA:88,440
DA:89,440
DA:90,440
DA:92,56
DA:93,56
DA:94,56
DA:95,56
DA:96,56
DA:97,56
DA:99,0
DA:100,0
DA:101,1136
DA:104,288
DA:105,288
DA:106,288
DA:108,288
DA:109,264
DA:110,264
DA:111,264
DA:112,264
DA:113,264
DA:114,264
DA:115,264
DA:117,24
DA:118,24
DA:119,24
DA:120,48
DA:121,24
DA:122,24
DA:123,24
DA:124,24
DA:125,24
DA:126,24
DA:127,24
DA:128,24
DA:130,0
DA:131,0
DA:132,288
DA:136,3940
DA:137,3940
DA:138,0
DA:140,3940
DA:143,388
DA:144,388
DA:145,0
DA:147,388
DA:150,3720
DA:151,3720
DA:152,0
DA:154,3720
DA:157,520
DA:158,520
DA:159,0
DA:161,520
DA:162,520
DA:163,520
DA:165,76
DA:166,76
DA:167,136
DA:168,16
DA:169,0
DA:170,0
DA:172,0
DA:173,0
DA:174,0
DA:178,196
DA:179,196
DA:180,288
DA:181,8
DA:182,88
DA:183,8
DA:187,8
DA:188,8
DA:189,8
DA:190,8
DA:193,162
DA:194,162
DA:195,220
DA:196,8
DA:197,88
DA:198,8
DA:200,8
DA:201,8
DA:202,8
DA:203,8
DA:206,176
DA:207,176
DA:208,80
DA:209,0
DA:210,0
DA:212,88
DA:213,8
DA:216,186
DA:217,186
DA:218,276
DA:219,0
DA:220,0
DA:222,88
DA:223,8
DA:227,8
DA:228,8
DA:229,8
DA:230,8
DA:233,76
DA:234,76
DA:235,136
DA:236,16
DA:237,0
DA:238,0
DA:240,0
DA:241,0
DA:242,0
DA:246,76
DA:247,76
DA:248,136
DA:249,16
DA:250,0
DA:251,0
DA:253,0
DA:254,0
DA:255,0
DA:259,68
DA:260,68
DA:261,60
DA:262,8
DA:263,0
DA:264,0
DA:266,0
DA:267,0
DA:271,72
DA:272,72
DA:273,72
DA:274,72
DA:275,72
DA:277,72
DA:278,72
DA:279,72
DA:280,72
DA:281,72
DA:283,96
DA:284,96
DA:285,184
DA:286,8
DA:289,182
DA:290,182
DA:291,182
DA:292,252
DA:293,70
DA:294,50
DA:295,20
DA:297,8
DA:298,88
DA:299,16
DA:300,16
DA:301,12
DA:302,4
DA:303,16
DA:304,16
DA:307,182
DA:308,182
DA:309,182
DA:310,252
DA:311,70
DA:312,50
DA:313,20
DA:315,8
DA:316,88
DA:317,16
DA:318,16
DA:319,12
DA:320,4
DA:321,16
DA:322,16
DA:325,96
DA:326,96
DA:327,184
DA:328,8
DA:331,96
DA:332,96
DA:333,184
DA:334,8
DA:337,2816
DA:338,2816
DA:339,1320
DA:340,1320
DA:343,1496
DA:344,88
DA:345,88
DA:348,1408
DA:349,1216
DA:350,1216
DA:353,192
DA:354,192
DA:355,192
DA:357,192
DA:358,192
DA:359,192
DA:360,192
DA:361,192
DA:364,192
DA:365,2816
DA:367,0
end_of_record
SF:/usr/local/google/home/gleasonk/Coding/openxla/stablehlo/stablehlo/reference/Element.h
FN:37,_ZN4mlir9stablehlo7ElementC2ENS_4TypeEN4llvm5APIntE
FNDA:700,_ZN4mlir9stablehlo7ElementC2ENS_4TypeEN4llvm5APIntE
FN:38,_ZN4mlir9stablehlo7ElementC2ENS_4TypeEb
FNDA:88,_ZN4mlir9stablehlo7ElementC2ENS_4TypeEb
FN:39,_ZN4mlir9stablehlo7ElementC2ENS_4TypeEN4llvm7APFloatE
FNDA:936,_ZN4mlir9stablehlo7ElementC2ENS_4TypeEN4llvm7APFloatE
FN:40,_ZN4mlir9stablehlo7ElementC2ENS_4TypeESt7complexIN4llvm7APFloatEE
FNDA:0,_ZN4mlir9stablehlo7ElementC2ENS_4TypeESt7complexIN4llvm7APFloatEE
FN:50,_ZNK4mlir9stablehlo7Element7getTypeEv
FNDA:4224,_ZNK4mlir9stablehlo7Element7getTypeEv
DA:37,700
DA:38,88
DA:39,936
DA:40,0
DA:41,0
DA:50,4224
end_of_record
TN:
SF:/usr/local/google/home/gleasonk/Coding/openxla/stablehlo/stablehlo/reference/Types.cpp
FN:23,_ZN4mlir9stablehlo30isSupportedUnsignedIntegerTypeENS_4TypeE
FNDA:12038,_ZN4mlir9stablehlo30isSupportedUnsignedIntegerTypeENS_4TypeE
FN:29,_ZN4mlir9stablehlo28isSupportedSignedIntegerTypeENS_4TypeE
FNDA:9928,_ZN4mlir9stablehlo28isSupportedSignedIntegerTypeENS_4TypeE
FN:39,_ZN4mlir9stablehlo22isSupportedBooleanTypeENS_4TypeE
FNDA:3590,_ZN4mlir9stablehlo22isSupportedBooleanTypeENS_4TypeE
FN:41,_ZN4mlir9stablehlo22isSupportedIntegerTypeENS_4TypeE
FNDA:11678,_ZN4mlir9stablehlo22isSupportedIntegerTypeENS_4TypeE
FN:46,_ZN4mlir9stablehlo20isSupportedFloatTypeENS_4TypeE
FNDA:6296,_ZN4mlir9stablehlo20isSupportedFloatTypeENS_4TypeE
FN:50,_ZN4mlir9stablehlo22isSupportedComplexTypeENS_4TypeE
FNDA:896,_ZN4mlir9stablehlo22isSupportedComplexTypeENS_4TypeE
DA:23,12038
DA:24,23206
DA:25,11168
DA:26,10280
DA:29,9928
DA:34,17900
DA:35,7972
DA:36,5296
DA:39,3590
DA:41,11678
DA:42,11678
DA:43,9188
DA:46,6296
DA:47,6296
DA:50,896
DA:51,896
DA:52,896
DA:54,896
DA:55,896
DA:56,896
end_of_record
TN:
SF:/usr/local/google/home/gleasonk/Coding/openxla/stablehlo/stablehlo/reference/Index.cpp
FN:23,_ZN4mlir9stablehlo11verifyIndexEN4llvm8ArrayRefIlEES3_
FNDA:9918,_ZN4mlir9stablehlo11verifyIndexEN4llvm8ArrayRefIlEES3_
FN:33,_ZNK4mlir9stablehlo18IndexSpaceIteratordeEv
FNDA:9484,_ZNK4mlir9stablehlo18IndexSpaceIteratordeEv
FN:39,_ZN4mlir9stablehlo18IndexSpaceIteratorppEv
FNDA:5640,_ZN4mlir9stablehlo18IndexSpaceIteratorppEv
FN:61,_ZN4mlir9stablehlo18IndexSpaceIteratorppEi
FNDA:0,_ZN4mlir9stablehlo18IndexSpaceIteratorppEi
DA:23,9918
DA:24,9918
DA:25,9918
DA:27,22114
DA:28,12196
DA:30,9898
DA:31,9918
DA:33,9484
DA:34,9484
DA:35,0
DA:36,9484
DA:39,5640
DA:40,5640
DA:41,0
DA:43,5640
DA:45,11824
DA:46,6184
DA:47,6184
DA:48,1510
DA:49,1510
DA:50,890
DA:51,890
DA:53,620
DA:54,4674
DA:56,620
DA:58,5640
DA:61,0
DA:62,0
DA:63,0
DA:64,0
DA:65,0
end_of_record
SF:/usr/local/google/home/gleasonk/Coding/openxla/stablehlo/stablehlo/reference/Index.h
FN:41,_ZN4mlir9stablehlo18IndexSpaceIteratorC2ERKS1_
FNDA:0,_ZN4mlir9stablehlo18IndexSpaceIteratorC2ERKS1_
FN:41,_ZN4mlir9stablehlo18IndexSpaceIteratorD2Ev
FNDA:0,_ZN4mlir9stablehlo18IndexSpaceIteratorD2Ev
end_of_record
TN:
SF:/usr/local/google/home/gleasonk/Coding/openxla/stablehlo/stablehlo/reference/Scope.cpp
FN:24,_ZN4mlir9stablehlo5Scope3addENS_5ValueENS0_6TensorE
FNDA:1254,_ZN4mlir9stablehlo5Scope3addENS_5ValueENS0_6TensorE
FN:38,_ZN4mlir9stablehlo5Scope3addENS_10ValueRangeEN4llvm8ArrayRefINS0_6TensorEEE
FNDA:1674,_ZN4mlir9stablehlo5Scope3addENS_10ValueRangeEN4llvm8ArrayRefINS0_6TensorEEE
FN:44,_ZNK4mlir9stablehlo5Scope4findENS_5ValueE
FNDA:1308,_ZNK4mlir9stablehlo5Scope4findENS_5ValueE
FN:56,_ZNK4mlir9stablehlo5Scope4findENS_10ValueRangeE
FNDA:510,_ZNK4mlir9stablehlo5Scope4findENS_10ValueRangeE
FN:58,_ZZNK4mlir9stablehlo5Scope4findENS_10ValueRangeEENK3$_0clENS_5ValueE
FNDA:534,_ZZNK4mlir9stablehlo5Scope4findENS_10ValueRangeEENK3$_0clENS_5ValueE
DA:24,1254
DA:28,1254
DA:29,0
DA:31,1254
DA:32,0
DA:35,1254
DA:36,1254
DA:38,1674
DA:39,1674
DA:40,2928
DA:41,2508
DA:42,1674
DA:44,1308
DA:45,1308
DA:47,1308
DA:49,40
DA:50,0
DA:51,0
DA:53,40
DA:54,1308
DA:56,510
DA:57,510
DA:58,1044
end_of_record
SF:/usr/local/google/home/gleasonk/Coding/openxla/stablehlo/stablehlo/reference/Tensor.h
FN:36,_ZN4mlir9stablehlo6detail6BufferD2Ev
FNDA:0,_ZN4mlir9stablehlo6detail6BufferD2Ev
FN:49,_ZN4mlir9stablehlo6detail6Buffer7getTypeEv
FNDA:1254,_ZN4mlir9stablehlo6detail6Buffer7getTypeEv
FN:66,_ZN4mlir9stablehlo6TensorD2Ev
FNDA:1788,_ZN4mlir9stablehlo6TensorD2Ev
FN:73,_ZN4mlir9stablehlo6TensorC2ERKS1_
FNDA:3056,_ZN4mlir9stablehlo6TensorC2ERKS1_
FN:77,_ZN4mlir9stablehlo6TensoraSERKS1_
FNDA:0,_ZN4mlir9stablehlo6TensoraSERKS1_
FN:80,_ZNK4mlir9stablehlo6Tensor7getTypeEv
FNDA:1254,_ZNK4mlir9stablehlo6Tensor7getTypeEv
DA:49,1254
DA:73,3056
DA:77,0
DA:80,1254
end_of_record
TN:
SF:/usr/local/google/home/gleasonk/Coding/openxla/stablehlo/stablehlo/dialect/Version.h
FN:46,_ZN4mlir4vhlo7VersionC2Elll
FNDA:16830,_ZN4mlir4vhlo7VersionC2Elll
FN:49,_ZNK4mlir4vhlo7Version8getMajorEv
FNDA:8,_ZNK4mlir4vhlo7Version8getMajorEv
FN:50,_ZNK4mlir4vhlo7Version8getMinorEv
FNDA:8,_ZNK4mlir4vhlo7Version8getMinorEv
FN:51,_ZNK4mlir4vhlo7Version8getPatchEv
FNDA:8,_ZNK4mlir4vhlo7Version8getPatchEv
DA:46,16830
DA:47,16830
DA:49,8
DA:50,8
DA:51,8
end_of_record
SF:/usr/local/google/home/gleasonk/Coding/openxla/stablehlo/stablehlo/dialect/Version.cpp
FN:28,_ZN4mlir4vhlo12_GLOBAL__N_111parseNumberEN4llvm9StringRefE
FNDA:50490,_ZN4mlir4vhlo12_GLOBAL__N_111parseNumberEN4llvm9StringRefE
FN:39,_ZN4mlir4vhlo12_GLOBAL__N_121extractVersionNumbersEN4llvm9StringRefE
FNDA:16834,_ZN4mlir4vhlo12_GLOBAL__N_121extractVersionNumbersEN4llvm9StringRefE
FN:50,_ZN4mlir4vhlo12_GLOBAL__N_14dumpINS_10DiagnosticEEERT_S5_RKNS0_7VersionE
FNDA:8,_ZN4mlir4vhlo12_GLOBAL__N_14dumpINS_10DiagnosticEEERT_S5_RKNS0_7VersionE
FN:50,_ZN4mlir4vhlo12_GLOBAL__N_14dumpIN4llvm11raw_ostreamEEERT_S6_RKNS0_7VersionE
FNDA:0,_ZN4mlir4vhlo12_GLOBAL__N_14dumpIN4llvm11raw_ostreamEEERT_S6_RKNS0_7VersionE
FN:56,_ZN4mlir4vhlo7Version10fromStringEN4llvm9StringRefE
FNDA:16834,_ZN4mlir4vhlo7Version10fromStringEN4llvm9StringRefE
FN:63,_ZN4mlir4vhlolsERNS_10DiagnosticERKNS0_7VersionE
FNDA:8,_ZN4mlir4vhlolsERNS_10DiagnosticERKNS0_7VersionE
FN:66,_ZN4mlir4vhlolsERN4llvm11raw_ostreamERKNS0_7VersionE
FNDA:0,_ZN4mlir4vhlolsERN4llvm11raw_ostreamERKNS0_7VersionE
DA:28,50490
DA:29,50490
DA:30,50490
DA:31,0
DA:33,100980
DA:34,50490
DA:39,16834
DA:40,16834
DA:41,16834
DA:42,16834
DA:43,16834
DA:44,50490
DA:45,16830
DA:46,16830
DA:47,16834
DA:50,8
DA:51,16
DA:52,8
DA:56,16834
DA:57,16834
DA:58,16834
DA:59,16830
DA:60,16830
DA:61,16834
DA:63,8
DA:64,8
DA:66,0
DA:67,0
end_of_record
TN:
SF:/usr/local/google/home/gleasonk/Coding/openxla/stablehlo/stablehlo/dialect/VhloOps.cpp
FN:45,_ZN4mlir4vhlo12_GLOBAL__N_110isFromVhloINS_4TypeEEEbT_
FNDA:3076,_ZN4mlir4vhlo12_GLOBAL__N_110isFromVhloINS_4TypeEEEbT_
FN:45,_ZN4mlir4vhlo12_GLOBAL__N_110isFromVhloINS_9AttributeEEEbT_
FNDA:286,_ZN4mlir4vhlo12_GLOBAL__N_110isFromVhloINS_9AttributeEEEbT_
FN:50,_ZN4mlir4vhlo12_GLOBAL__N_111allFromVhloINS_9AttributeEEEbN4llvm8ArrayRefIT_EE
FNDA:188,_ZN4mlir4vhlo12_GLOBAL__N_111allFromVhloINS_9AttributeEEEbN4llvm8ArrayRefIT_EE
FN:54,_ZN4mlir4vhlo12_GLOBAL__N_128convertTypeToBuiltinForPrintENS_4TypeE
FNDA:814,_ZN4mlir4vhlo12_GLOBAL__N_128convertTypeToBuiltinForPrintENS_4TypeE
FN:55,_ZZN4mlir4vhlo12_GLOBAL__N_128convertTypeToBuiltinForPrintENS_4TypeEEN27VhloToBuiltinPrintConverterD0Ev
FNDA:0,_ZZN4mlir4vhlo12_GLOBAL__N_128convertTypeToBuiltinForPrintENS_4TypeEEN27VhloToBuiltinPrintConverterD0Ev
FN:56,_ZZN4mlir4vhlo12_GLOBAL__N_128convertTypeToBuiltinForPrintENS_4TypeEEN27VhloToBuiltinPrintConverterC2Ev
FNDA:814,_ZZN4mlir4vhlo12_GLOBAL__N_128convertTypeToBuiltinForPrintENS_4TypeEEN27VhloToBuiltinPrintConverterC2Ev
FN:59,_ZZN4mlir4vhlo12_GLOBAL__N_128convertTypeToBuiltinForPrintENS_4TypeEEN27VhloToBuiltinPrintConverter15convertEncodingENS_9AttributeE
FNDA:0,_ZZN4mlir4vhlo12_GLOBAL__N_128convertTypeToBuiltinForPrintENS_4TypeEEN27VhloToBuiltinPrintConverter15convertEncodingENS_9AttributeE
FN:65,_ZN4mlir4vhlo12_GLOBAL__N_125convertTypeToVhloForParseENS_4TypeE
FNDA:218,_ZN4mlir4vhlo12_GLOBAL__N_125convertTypeToVhloForParseENS_4TypeE
FN:66,_ZZN4mlir4vhlo12_GLOBAL__N_125convertTypeToVhloForParseENS_4TypeEEN27BuiltinToVhloParseConverterD0Ev
FNDA:0,_ZZN4mlir4vhlo12_GLOBAL__N_125convertTypeToVhloForParseENS_4TypeEEN27BuiltinToVhloParseConverterD0Ev
FN:67,_ZZN4mlir4vhlo12_GLOBAL__N_125convertTypeToVhloForParseENS_4TypeEEN27BuiltinToVhloParseConverterC2Ev
FNDA:218,_ZZN4mlir4vhlo12_GLOBAL__N_125convertTypeToVhloForParseENS_4TypeEEN27BuiltinToVhloParseConverterC2Ev
FN:70,_ZZN4mlir4vhlo12_GLOBAL__N_125convertTypeToVhloForParseENS_4TypeEEN27BuiltinToVhloParseConverter15convertEncodingENS_9AttributeE
FNDA:0,_ZZN4mlir4vhlo12_GLOBAL__N_125convertTypeToVhloForParseENS_4TypeEEN27BuiltinToVhloParseConverter15convertEncodingENS_9AttributeE
FN:78,_ZN4mlir4vhloL19printAttributeArrayERNS_10AsmPrinterEN4llvm8ArrayRefINS_9AttributeEEE
FNDA:150,_ZN4mlir4vhloL19printAttributeArrayERNS_10AsmPrinterEN4llvm8ArrayRefINS_9AttributeEEE
FN:83,_ZN4mlir4vhlo19parseAttributeArrayERNS_9AsmParserERN4llvm11SmallVectorINS_9AttributeELj6EEE
FNDA:36,_ZN4mlir4vhlo19parseAttributeArrayERNS_9AsmParserERN4llvm11SmallVectorINS_9AttributeELj6EEE
FN:93,_ZNK4mlir4vhlo13IntegerV1Attr5printERNS_10AsmPrinterE
FNDA:358,_ZNK4mlir4vhlo13IntegerV1Attr5printERNS_10AsmPrinterE
FN:99,_ZN4mlir4vhlo13IntegerV1Attr5parseERNS_9AsmParserENS_4TypeE
FNDA:108,_ZN4mlir4vhlo13IntegerV1Attr5parseERNS_9AsmParserENS_4TypeE
FN:110,_ZN4mlir4vhloL24printAttributeDictionaryERNS_10AsmPrinterEN4llvm8ArrayRefISt4pairINS_9AttributeES6_EEE
FNDA:18,_ZN4mlir4vhloL24printAttributeDictionaryERNS_10AsmPrinterEN4llvm8ArrayRefISt4pairINS_9AttributeES6_EEE
FN:120,_ZN4mlir4vhlo24parseAttributeDictionaryERNS_9AsmParserERN4llvm11SmallVectorISt4pairINS_9AttributeES6_ELj3EEE
FNDA:6,_ZN4mlir4vhlo24parseAttributeDictionaryERNS_9AsmParserERN4llvm11SmallVectorISt4pairINS_9AttributeES6_ELj3EEE
FN:122,_ZZN4mlir4vhlo24parseAttributeDictionaryERNS_9AsmParserERN4llvm11SmallVectorISt4pairINS_9AttributeES6_ELj3EEEENK3$_0clEv
FNDA:6,_ZZN4mlir4vhlo24parseAttributeDictionaryERNS_9AsmParserERN4llvm11SmallVectorISt4pairINS_9AttributeES6_ELj3EEEENK3$_0clEv
FN:140,_ZN4mlir4vhlo17printFunctionBodyERNS_12OpAsmPrinterEPNS_9OperationENS_9AttributeERNS_6RegionES5_
FNDA:1436,_ZN4mlir4vhlo17printFunctionBodyERNS_12OpAsmPrinterEPNS_9OperationENS_9AttributeERNS_6RegionES5_
FN:145,_ZZN4mlir4vhlo17printFunctionBodyERNS_12OpAsmPrinterEPNS_9OperationENS_9AttributeERNS_6RegionES5_ENK3$_1clINS_13BlockArgumentEEEDaT_
FNDA:2308,_ZZN4mlir4vhlo17printFunctionBodyERNS_12OpAsmPrinterEPNS_9OperationENS_9AttributeERNS_6RegionES5_ENK3$_1clINS_13BlockArgumentEEEDaT_
FN:149,_ZZN4mlir4vhlo17printFunctionBodyERNS_12OpAsmPrinterEPNS_9OperationENS_9AttributeERNS_6RegionES5_ENK3$_2clINS_4TypeEEEDaT_
FNDA:1500,_ZZN4mlir4vhlo17printFunctionBodyERNS_12OpAsmPrinterEPNS_9OperationENS_9AttributeERNS_6RegionES5_ENK3$_2clINS_4TypeEEEDaT_
FN:155,_ZN4mlir4vhlo17parseFunctionBodyERNS_11OpAsmParserERNS_9AttributeERNS_6RegionES4_
FNDA:386,_ZN4mlir4vhlo17parseFunctionBodyERNS_11OpAsmParserERNS_9AttributeERNS_6RegionES4_
FN:179,_ZNK4mlir4vhlo26DenseIntOrFPElementsV1Attr5printERNS_10AsmPrinterE
FNDA:456,_ZNK4mlir4vhlo26DenseIntOrFPElementsV1Attr5printERNS_10AsmPrinterE
FN:187,_ZN4mlir4vhlo26DenseIntOrFPElementsV1Attr5parseERNS_9AsmParserENS_4TypeE
FNDA:110,_ZN4mlir4vhlo26DenseIntOrFPElementsV1Attr5parseERNS_9AsmParserENS_4TypeE
FN:217,_ZN4mlir4vhlo11VhloDialectC2EPNS_11MLIRContextE
FNDA:64,_ZN4mlir4vhlo11VhloDialectC2EPNS_11MLIRContextE
FN:231,_ZN4mlir4vhlo11VhloDialect12addVhloTypesEv
FNDA:64,_ZN4mlir4vhlo11VhloDialect12addVhloTypesEv
FN:253,_ZNK4mlir4vhlo11VhloDialect9parseTypeERNS_16DialectAsmParserE
FNDA:5068,_ZNK4mlir4vhlo11VhloDialect9parseTypeERNS_16DialectAsmParserE
FN:262,_ZNK4mlir4vhlo11VhloDialect9printTypeENS_4TypeERNS_17DialectAsmPrinterE
FNDA:16580,_ZNK4mlir4vhlo11VhloDialect9printTypeENS_4TypeERNS_17DialectAsmPrinterE
FN:269,_ZNK4mlir4vhlo11VhloDialect14parseAttributeERNS_16DialectAsmParserENS_4TypeE
FNDA:496,_ZNK4mlir4vhlo11VhloDialect14parseAttributeERNS_16DialectAsmParserENS_4TypeE
FN:281,_ZNK4mlir4vhlo11VhloDialect14printAttributeENS_9AttributeERNS_17DialectAsmPrinterE
FNDA:3128,_ZNK4mlir4vhlo11VhloDialect14printAttributeENS_9AttributeERNS_17DialectAsmPrinterE
DA:45,3362
DA:46,3362
DA:50,188
DA:51,188
DA:54,814
DA:56,814
DA:57,814
DA:58,814
DA:59,0
DA:61,814
DA:62,814
DA:63,814
DA:65,218
DA:67,218
DA:68,218
DA:69,218
DA:70,0
DA:72,218
DA:73,218
DA:74,218
DA:78,150
DA:79,150
DA:80,150
DA:83,36
DA:84,36
DA:85,36
DA:86,36
DA:87,0
DA:89,36
DA:90,36
DA:91,36
DA:93,358
DA:94,716
DA:95,358
DA:96,358
DA:97,358
DA:99,108
DA:100,108
DA:101,108
DA:102,108
DA:103,0
DA:105,216
DA:106,108
DA:107,108
DA:108,108
DA:110,18
DA:111,18
DA:112,18
DA:113,36
DA:114,18
DA:115,18
DA:116,18
DA:117,18
DA:120,6
DA:121,6
DA:122,12
DA:123,6
DA:124,6
DA:125,6
DA:126,6
DA:127,0
DA:129,6
DA:130,6
DA:131,6
DA:132,12
DA:133,6
DA:134,0
DA:136,6
DA:137,6
DA:140,1436
DA:141,1436
DA:142,1436
DA:143,1436
DA:144,2872
DA:145,3744
DA:146,1436
DA:147,1436
DA:148,2872
DA:149,2936
DA:150,1436
DA:151,1436
DA:152,1436
DA:155,386
DA:156,386
DA:157,386
DA:158,386
DA:159,386
DA:160,386
DA:161,772
DA:162,386
DA:163,772
DA:164,386
DA:165,386
DA:166,0
DA:168,386
DA:169,996
DA:170,610
DA:171,610
DA:172,772
DA:173,386
DA:174,386
DA:176,386
DA:177,386
DA:179,456
DA:180,912
DA:181,912
DA:182,456
DA:183,456
DA:184,456
DA:187,110
DA:188,110
DA:189,110
DA:190,110
DA:191,0
DA:193,220
DA:194,110
DA:195,110
DA:196,110
DA:217,64
DA:218,64
DA:219,64
DA:223,64
DA:224,64
DA:225,64
DA:229,64
DA:231,64
DA:246,64
DA:250,64
DA:251,64
DA:253,5068
DA:254,5068
DA:255,5068
DA:256,5068
DA:257,5068
DA:258,0
DA:259,0
DA:260,5068
DA:262,16580
DA:263,16580
DA:264,0
DA:265,16580
DA:269,496
DA:270,496
DA:271,496
DA:272,496
DA:273,496
DA:274,496
DA:275,0
DA:276,0
DA:277,496
DA:281,3128
DA:282,3128
DA:284,3128
DA:285,3128
end_of_record
SF:/usr/local/google/home/gleasonk/Coding/openxla/stablehlo/stablehlo/dialect/VhloTypes.h
FN:32,_ZN4mlir4vhlo21VhloTypeConverterBaseC2Ev
FNDA:1032,_ZN4mlir4vhlo21VhloTypeConverterBaseC2Ev
FN:34,_ZN4mlir4vhlo21VhloTypeConverterBaseD2Ev
FNDA:1032,_ZN4mlir4vhlo21VhloTypeConverterBaseD2Ev
FN:34,_ZN4mlir4vhlo21VhloTypeConverterBaseD0Ev
FNDA:0,_ZN4mlir4vhlo21VhloTypeConverterBaseD0Ev
FN:41,_ZN4mlir4vhlo17VhloTypeConverterD0Ev
FNDA:0,_ZN4mlir4vhlo17VhloTypeConverterD0Ev
FN:43,_ZN4mlir4vhlo17VhloTypeConverterC2Ev
FNDA:1032,_ZN4mlir4vhlo17VhloTypeConverterC2Ev
DA:32,1032
DA:34,1032
DA:43,1032
end_of_record
SF:/usr/local/google/home/gleasonk/Coding/openxla/stablehlo/stablehlo/dialect/VhloOps.h
FN:32,_ZN4mlir4vhlo11VhloDialectD0Ev
FNDA:64,_ZN4mlir4vhlo11VhloDialectD0Ev
FN:35,_ZN4mlir4vhlo11VhloDialect19getDialectNamespaceEv
FNDA:3426,_ZN4mlir4vhlo11VhloDialect19getDialectNamespaceEv
FN:57,_ZN4mlir4vhlo11VhloDialect26addTypesWithoutRegisteringIJNS0_14BFloat16V1TypeENS0_13ComplexV1TypeENS0_13Float16V1TypeENS0_13Float32V1TypeENS0_13Float64V1TypeENS0_18Float8E4M3FNV1TypeENS0_16Float8E5M2V1TypeENS0_14FunctionV1TypeENS0_11IndexV1TypeENS0_16IntegerI16V1TypeENS0_15IntegerI1V1TypeENS0_16IntegerI32V1TypeENS0_15IntegerI4V1TypeENS0_16IntegerI64V1TypeENS0_15IntegerI8V1TypeENS0_17IntegerUI16V1TypeENS0_17IntegerUI32V1TypeENS0_16IntegerUI4V1TypeENS0_17IntegerUI64V1TypeENS0_16IntegerUI8V1TypeENS0_18RankedTensorV1TypeENS0_11TokenV1TypeENS0_11TupleV1TypeENS0_22UniformQuantizedV1TypeENS0_20UnrankedTensorV1TypeENS0_13WitnessV1TypeEEEEvv
FNDA:64,_ZN4mlir4vhlo11VhloDialect26addTypesWithoutRegisteringIJNS0_14BFloat16V1TypeENS0_13ComplexV1TypeENS0_13Float16V1TypeENS0_13Float32V1TypeENS0_13Float64V1TypeENS0_18Float8E4M3FNV1TypeENS0_16Float8E5M2V1TypeENS0_14FunctionV1TypeENS0_11IndexV1TypeENS0_16IntegerI16V1TypeENS0_15IntegerI1V1TypeENS0_16IntegerI32V1TypeENS0_15IntegerI4V1TypeENS0_16IntegerI64V1TypeENS0_15IntegerI8V1TypeENS0_17IntegerUI16V1TypeENS0_17IntegerUI32V1TypeENS0_16IntegerUI4V1TypeENS0_17IntegerUI64V1TypeENS0_16IntegerUI8V1TypeENS0_18RankedTensorV1TypeENS0_11TokenV1TypeENS0_11TupleV1TypeENS0_22UniformQuantizedV1TypeENS0_20UnrankedTensorV1TypeENS0_13WitnessV1TypeEEEEvv
DA:35,3426
DA:57,64
DA:58,64
DA:59,64
end_of_record
SF:/usr/local/google/home/gleasonk/Coding/openxla/stablehlo/stablehlo/dialect/Version.h
FN:40,_ZN4mlir4vhlo7Version17getCurrentVersionEv
FNDA:16518,_ZN4mlir4vhlo7Version17getCurrentVersionEv
FN:46,_ZN4mlir4vhlo7VersionC2Elll
FNDA:16518,_ZN4mlir4vhlo7VersionC2Elll
DA:40,16518
DA:46,16518
DA:47,16518
end_of_record
TN:
SF:/usr/local/google/home/gleasonk/Coding/openxla/stablehlo/stablehlo/dialect/VhloBytecode.cpp
FN:382,_ZN4mlir4vhlo12_GLOBAL__N_121VhloBytecodeInterfaceD0Ev
FNDA:64,_ZN4mlir4vhlo12_GLOBAL__N_121VhloBytecodeInterfaceD0Ev
FN:384,_ZN4mlir4vhlo12_GLOBAL__N_121VhloBytecodeInterfaceC2EPNS_7DialectE
FNDA:64,_ZN4mlir4vhlo12_GLOBAL__N_121VhloBytecodeInterfaceC2EPNS_7DialectE
FN:520,_ZNK4mlir4vhlo12_GLOBAL__N_121VhloBytecodeInterface13readAttributeERNS_21DialectBytecodeReaderE
FNDA:696,_ZNK4mlir4vhlo12_GLOBAL__N_121VhloBytecodeInterface13readAttributeERNS_21DialectBytecodeReaderE
FN:585,_ZNK4mlir4vhlo12_GLOBAL__N_121VhloBytecodeInterface14writeAttributeENS_9AttributeERNS_21DialectBytecodeWriterE
FNDA:2784,_ZNK4mlir4vhlo12_GLOBAL__N_121VhloBytecodeInterface14writeAttributeENS_9AttributeERNS_21DialectBytecodeWriterE
FN:595,_ZZNK4mlir4vhlo12_GLOBAL__N_121VhloBytecodeInterface14writeAttributeENS_9AttributeERNS_21DialectBytecodeWriterEENK3$_0clINS0_20ArgResultAliasV1AttrEEEDaT_
FNDA:0,_ZZNK4mlir4vhlo12_GLOBAL__N_121VhloBytecodeInterface14writeAttributeENS_9AttributeERNS_21DialectBytecodeWriterEENK3$_0clINS0_20ArgResultAliasV1AttrEEEDaT_
FN:595,_ZZNK4mlir4vhlo12_GLOBAL__N_121VhloBytecodeInterface14writeAttributeENS_9AttributeERNS_21DialectBytecodeWriterEENK3$_0clINS0_19ChannelHandleV1AttrEEEDaT_
FNDA:16,_ZZNK4mlir4vhlo12_GLOBAL__N_121VhloBytecodeInterface14writeAttributeENS_9AttributeERNS_21DialectBytecodeWriterEENK3$_0clINS0_19ChannelHandleV1AttrEEEDaT_
FN:595,_ZZNK4mlir4vhlo12_GLOBAL__N_121VhloBytecodeInterface14writeAttributeENS_9AttributeERNS_21DialectBytecodeWriterEENK3$_0clINS0_25ComparisonDirectionV1AttrEEEDaT_
FNDA:48,_ZZNK4mlir4vhlo12_GLOBAL__N_121VhloBytecodeInterface14writeAttributeENS_9AttributeERNS_21DialectBytecodeWriterEENK3$_0clINS0_25ComparisonDirectionV1AttrEEEDaT_
FN:595,_ZZNK4mlir4vhlo12_GLOBAL__N_121VhloBytecodeInterface14writeAttributeENS_9AttributeERNS_21DialectBytecodeWriterEENK3$_0clINS0_20ComparisonTypeV1AttrEEEDaT_
FNDA:40,_ZZNK4mlir4vhlo12_GLOBAL__N_121VhloBytecodeInterface14writeAttributeENS_9AttributeERNS_21DialectBytecodeWriterEENK3$_0clINS0_20ComparisonTypeV1AttrEEEDaT_
FN:595,_ZZNK4mlir4vhlo12_GLOBAL__N_121VhloBytecodeInterface14writeAttributeENS_9AttributeERNS_21DialectBytecodeWriterEENK3$_0clINS0_26ConvDimensionNumbersV1AttrEEEDaT_
FNDA:8,_ZZNK4mlir4vhlo12_GLOBAL__N_121VhloBytecodeInterface14writeAttributeENS_9AttributeERNS_21DialectBytecodeWriterEENK3$_0clINS0_26ConvDimensionNumbersV1AttrEEEDaT_
FN:595,_ZZNK4mlir4vhlo12_GLOBAL__N_121VhloBytecodeInterface14writeAttributeENS_9AttributeERNS_21DialectBytecodeWriterEENK3$_0clINS0_26CustomCallApiVersionV1AttrEEEDaT_
FNDA:32,_ZZNK4mlir4vhlo12_GLOBAL__N_121VhloBytecodeInterface14writeAttributeENS_9AttributeERNS_21DialectBytecodeWriterEENK3$_0clINS0_26CustomCallApiVersionV1AttrEEEDaT_
FN:595,_ZZNK4mlir4vhlo12_GLOBAL__N_121VhloBytecodeInterface14writeAttributeENS_9AttributeERNS_21DialectBytecodeWriterEENK3$_0clINS0_25DotDimensionNumbersV1AttrEEEDaT_
FNDA:8,_ZZNK4mlir4vhlo12_GLOBAL__N_121VhloBytecodeInterface14writeAttributeENS_9AttributeERNS_21DialectBytecodeWriterEENK3$_0clINS0_25DotDimensionNumbersV1AttrEEEDaT_
FN:595,_ZZNK4mlir4vhlo12_GLOBAL__N_121VhloBytecodeInterface14writeAttributeENS_9AttributeERNS_21DialectBytecodeWriterEENK3$_0clINS0_13FftTypeV1AttrEEEDaT_
FNDA:32,_ZZNK4mlir4vhlo12_GLOBAL__N_121VhloBytecodeInterface14writeAttributeENS_9AttributeERNS_21DialectBytecodeWriterEENK3$_0clINS0_13FftTypeV1AttrEEEDaT_
FN:595,_ZZNK4mlir4vhlo12_GLOBAL__N_121VhloBytecodeInterface14writeAttributeENS_9AttributeERNS_21DialectBytecodeWriterEENK3$_0clINS0_28GatherDimensionNumbersV1AttrEEEDaT_
FNDA:8,_ZZNK4mlir4vhlo12_GLOBAL__N_121VhloBytecodeInterface14writeAttributeENS_9AttributeERNS_21DialectBytecodeWriterEENK3$_0clINS0_28GatherDimensionNumbersV1AttrEEEDaT_
FN:595,_ZZNK4mlir4vhlo12_GLOBAL__N_121VhloBytecodeInterface14writeAttributeENS_9AttributeERNS_21DialectBytecodeWriterEENK3$_0clINS0_24OutputOperandAliasV1AttrEEEDaT_
FNDA:8,_ZZNK4mlir4vhlo12_GLOBAL__N_121VhloBytecodeInterface14writeAttributeENS_9AttributeERNS_21DialectBytecodeWriterEENK3$_0clINS0_24OutputOperandAliasV1AttrEEEDaT_
FN:595,_ZZNK4mlir4vhlo12_GLOBAL__N_121VhloBytecodeInterface14writeAttributeENS_9AttributeERNS_21DialectBytecodeWriterEENK3$_0clINS0_15PrecisionV1AttrEEEDaT_
FNDA:24,_ZZNK4mlir4vhlo12_GLOBAL__N_121VhloBytecodeInterface14writeAttributeENS_9AttributeERNS_21DialectBytecodeWriterEENK3$_0clINS0_15PrecisionV1AttrEEEDaT_
FN:595,_ZZNK4mlir4vhlo12_GLOBAL__N_121VhloBytecodeInterface14writeAttributeENS_9AttributeERNS_21DialectBytecodeWriterEENK3$_0clINS0_18RngAlgorithmV1AttrEEEDaT_
FNDA:24,_ZZNK4mlir4vhlo12_GLOBAL__N_121VhloBytecodeInterface14writeAttributeENS_9AttributeERNS_21DialectBytecodeWriterEENK3$_0clINS0_18RngAlgorithmV1AttrEEEDaT_
FN:595,_ZZNK4mlir4vhlo12_GLOBAL__N_121VhloBytecodeInterface14writeAttributeENS_9AttributeERNS_21DialectBytecodeWriterEENK3$_0clINS0_21RngDistributionV1AttrEEEDaT_
FNDA:16,_ZZNK4mlir4vhlo12_GLOBAL__N_121VhloBytecodeInterface14writeAttributeENS_9AttributeERNS_21DialectBytecodeWriterEENK3$_0clINS0_21RngDistributionV1AttrEEEDaT_
FN:595,_ZZNK4mlir4vhlo12_GLOBAL__N_121VhloBytecodeInterface14writeAttributeENS_9AttributeERNS_21DialectBytecodeWriterEENK3$_0clINS0_29ScatterDimensionNumbersV1AttrEEEDaT_
FNDA:8,_ZZNK4mlir4vhlo12_GLOBAL__N_121VhloBytecodeInterface14writeAttributeENS_9AttributeERNS_21DialectBytecodeWriterEENK3$_0clINS0_29ScatterDimensionNumbersV1AttrEEEDaT_
FN:595,_ZZNK4mlir4vhlo12_GLOBAL__N_121VhloBytecodeInterface14writeAttributeENS_9AttributeERNS_21DialectBytecodeWriterEENK3$_0clINS0_15TransposeV1AttrEEEDaT_
FNDA:24,_ZZNK4mlir4vhlo12_GLOBAL__N_121VhloBytecodeInterface14writeAttributeENS_9AttributeERNS_21DialectBytecodeWriterEENK3$_0clINS0_15TransposeV1AttrEEEDaT_
FN:595,_ZZNK4mlir4vhlo12_GLOBAL__N_121VhloBytecodeInterface14writeAttributeENS_9AttributeERNS_21DialectBytecodeWriterEENK3$_0clINS0_20TypeExtensionsV1AttrEEEDaT_
FNDA:8,_ZZNK4mlir4vhlo12_GLOBAL__N_121VhloBytecodeInterface14writeAttributeENS_9AttributeERNS_21DialectBytecodeWriterEENK3$_0clINS0_20TypeExtensionsV1AttrEEEDaT_
FN:602,_ZZNK4mlir4vhlo12_GLOBAL__N_121VhloBytecodeInterface14writeAttributeENS_9AttributeERNS_21DialectBytecodeWriterEENK3$_1clINS0_11ArrayV1AttrEEEDaT_
FNDA:72,_ZZNK4mlir4vhlo12_GLOBAL__N_121VhloBytecodeInterface14writeAttributeENS_9AttributeERNS_21DialectBytecodeWriterEENK3$_1clINS0_11ArrayV1AttrEEEDaT_
FN:602,_ZZNK4mlir4vhlo12_GLOBAL__N_121VhloBytecodeInterface14writeAttributeENS_9AttributeERNS_21DialectBytecodeWriterEENK3$_1clINS0_26DenseIntOrFPElementsV1AttrEEEDaT_
FNDA:160,_ZZNK4mlir4vhlo12_GLOBAL__N_121VhloBytecodeInterface14writeAttributeENS_9AttributeERNS_21DialectBytecodeWriterEENK3$_1clINS0_26DenseIntOrFPElementsV1AttrEEEDaT_
FN:602,_ZZNK4mlir4vhlo12_GLOBAL__N_121VhloBytecodeInterface14writeAttributeENS_9AttributeERNS_21DialectBytecodeWriterEENK3$_1clINS0_16DictionaryV1AttrEEEDaT_
FNDA:8,_ZZNK4mlir4vhlo12_GLOBAL__N_121VhloBytecodeInterface14writeAttributeENS_9AttributeERNS_21DialectBytecodeWriterEENK3$_1clINS0_16DictionaryV1AttrEEEDaT_
FN:602,_ZZNK4mlir4vhlo12_GLOBAL__N_121VhloBytecodeInterface14writeAttributeENS_9AttributeERNS_21DialectBytecodeWriterEENK3$_1clINS0_19FlatSymbolRefV1AttrEEEDaT_
FNDA:16,_ZZNK4mlir4vhlo12_GLOBAL__N_121VhloBytecodeInterface14writeAttributeENS_9AttributeERNS_21DialectBytecodeWriterEENK3$_1clINS0_19FlatSymbolRefV1AttrEEEDaT_
FN:602,_ZZNK4mlir4vhlo12_GLOBAL__N_121VhloBytecodeInterface14writeAttributeENS_9AttributeERNS_21DialectBytecodeWriterEENK3$_1clINS0_11FloatV1AttrEEEDaT_
FNDA:8,_ZZNK4mlir4vhlo12_GLOBAL__N_121VhloBytecodeInterface14writeAttributeENS_9AttributeERNS_21DialectBytecodeWriterEENK3$_1clINS0_11FloatV1AttrEEEDaT_
FN:602,_ZZNK4mlir4vhlo12_GLOBAL__N_121VhloBytecodeInterface14writeAttributeENS_9AttributeERNS_21DialectBytecodeWriterEENK3$_1clINS0_13IntegerV1AttrEEEDaT_
FNDA:64,_ZZNK4mlir4vhlo12_GLOBAL__N_121VhloBytecodeInterface14writeAttributeENS_9AttributeERNS_21DialectBytecodeWriterEENK3$_1clINS0_13IntegerV1AttrEEEDaT_
FN:602,_ZZNK4mlir4vhlo12_GLOBAL__N_121VhloBytecodeInterface14writeAttributeENS_9AttributeERNS_21DialectBytecodeWriterEENK3$_1clINS0_12StringV1AttrEEEDaT_
FNDA:1424,_ZZNK4mlir4vhlo12_GLOBAL__N_121VhloBytecodeInterface14writeAttributeENS_9AttributeERNS_21DialectBytecodeWriterEENK3$_1clINS0_12StringV1AttrEEEDaT_
FN:602,_ZZNK4mlir4vhlo12_GLOBAL__N_121VhloBytecodeInterface14writeAttributeENS_9AttributeERNS_21DialectBytecodeWriterEENK3$_1clINS0_10TypeV1AttrEEEDaT_
FNDA:720,_ZZNK4mlir4vhlo12_GLOBAL__N_121VhloBytecodeInterface14writeAttributeENS_9AttributeERNS_21DialectBytecodeWriterEENK3$_1clINS0_10TypeV1AttrEEEDaT_
FN:607,_ZZNK4mlir4vhlo12_GLOBAL__N_121VhloBytecodeInterface14writeAttributeENS_9AttributeERNS_21DialectBytecodeWriterEENK3$_2clENS0_10UnitV1AttrE
FNDA:8,_ZZNK4mlir4vhlo12_GLOBAL__N_121VhloBytecodeInterface14writeAttributeENS_9AttributeERNS_21DialectBytecodeWriterEENK3$_2clENS0_10UnitV1AttrE
FN:611,_ZZNK4mlir4vhlo12_GLOBAL__N_121VhloBytecodeInterface14writeAttributeENS_9AttributeERNS_21DialectBytecodeWriterEENK3$_3clES3_
FNDA:0,_ZZNK4mlir4vhlo12_GLOBAL__N_121VhloBytecodeInterface14writeAttributeENS_9AttributeERNS_21DialectBytecodeWriterEENK3$_3clES3_
FN:620,_ZNK4mlir4vhlo12_GLOBAL__N_121VhloBytecodeInterface24readArgResultAliasV1AttrERNS_21DialectBytecodeReaderE
FNDA:0,_ZNK4mlir4vhlo12_GLOBAL__N_121VhloBytecodeInterface24readArgResultAliasV1AttrERNS_21DialectBytecodeReaderE
FN:639,_ZNK4mlir4vhlo12_GLOBAL__N_121VhloBytecodeInterface5writeENS0_20ArgResultAliasV1AttrERNS_21DialectBytecodeWriterE
FNDA:0,_ZNK4mlir4vhlo12_GLOBAL__N_121VhloBytecodeInterface5writeENS0_20ArgResultAliasV1AttrERNS_21DialectBytecodeWriterE
FN:651,_ZNK4mlir4vhlo12_GLOBAL__N_121VhloBytecodeInterface23readChannelHandleV1AttrERNS_21DialectBytecodeReaderE
FNDA:4,_ZNK4mlir4vhlo12_GLOBAL__N_121VhloBytecodeInterface23readChannelHandleV1AttrERNS_21DialectBytecodeReaderE
FN:661,_ZNK4mlir4vhlo12_GLOBAL__N_121VhloBytecodeInterface5writeENS0_19ChannelHandleV1AttrERNS_21DialectBytecodeWriterE
FNDA:16,_ZNK4mlir4vhlo12_GLOBAL__N_121VhloBytecodeInterface5writeENS0_19ChannelHandleV1AttrERNS_21DialectBytecodeWriterE
FN:671,_ZNK4mlir4vhlo12_GLOBAL__N_121VhloBytecodeInterface29readComparisonDirectionV1AttrERNS_21DialectBytecodeReaderE
FNDA:12,_ZNK4mlir4vhlo12_GLOBAL__N_121VhloBytecodeInterface29readComparisonDirectionV1AttrERNS_21DialectBytecodeReaderE
FN:676,_ZZNK4mlir4vhlo12_GLOBAL__N_121VhloBytecodeInterface29readComparisonDirectionV1AttrERNS_21DialectBytecodeReaderEENK3$_4clEj
FNDA:12,_ZZNK4mlir4vhlo12_GLOBAL__N_121VhloBytecodeInterface29readComparisonDirectionV1AttrERNS_21DialectBytecodeReaderEENK3$_4clEj
FN:679,_ZNK4mlir4vhlo12_GLOBAL__N_121VhloBytecodeInterface5writeENS0_25ComparisonDirectionV1AttrERNS_21DialectBytecodeWriterE
FNDA:48,_ZNK4mlir4vhlo12_GLOBAL__N_121VhloBytecodeInterface5writeENS0_25ComparisonDirectionV1AttrERNS_21DialectBytecodeWriterE
FN:688,_ZNK4mlir4vhlo12_GLOBAL__N_121VhloBytecodeInterface24readComparisonTypeV1AttrERNS_21DialectBytecodeReaderE
FNDA:10,_ZNK4mlir4vhlo12_GLOBAL__N_121VhloBytecodeInterface24readComparisonTypeV1AttrERNS_21DialectBytecodeReaderE
FN:693,_ZZNK4mlir4vhlo12_GLOBAL__N_121VhloBytecodeInterface24readComparisonTypeV1AttrERNS_21DialectBytecodeReaderEENK3$_5clEj
FNDA:10,_ZZNK4mlir4vhlo12_GLOBAL__N_121VhloBytecodeInterface24readComparisonTypeV1AttrERNS_21DialectBytecodeReaderEENK3$_5clEj
FN:696,_ZNK4mlir4vhlo12_GLOBAL__N_121VhloBytecodeInterface5writeENS0_20ComparisonTypeV1AttrERNS_21DialectBytecodeWriterE
FNDA:40,_ZNK4mlir4vhlo12_GLOBAL__N_121VhloBytecodeInterface5writeENS0_20ComparisonTypeV1AttrERNS_21DialectBytecodeWriterE
FN:706,_ZNK4mlir4vhlo12_GLOBAL__N_121VhloBytecodeInterface30readConvDimensionNumbersV1AttrERNS_21DialectBytecodeReaderE
FNDA:2,_ZNK4mlir4vhlo12_GLOBAL__N_121VhloBytecodeInterface30readConvDimensionNumbersV1AttrERNS_21DialectBytecodeReaderE
FN:736,_ZNK4mlir4vhlo12_GLOBAL__N_121VhloBytecodeInterface5writeENS0_26ConvDimensionNumbersV1AttrERNS_21DialectBytecodeWriterE
FNDA:8,_ZNK4mlir4vhlo12_GLOBAL__N_121VhloBytecodeInterface5writeENS0_26ConvDimensionNumbersV1AttrERNS_21DialectBytecodeWriterE
FN:754,_ZNK4mlir4vhlo12_GLOBAL__N_121VhloBytecodeInterface30readCustomCallApiVersionV1AttrERNS_21DialectBytecodeReaderE
FNDA:8,_ZNK4mlir4vhlo12_GLOBAL__N_121VhloBytecodeInterface30readCustomCallApiVersionV1AttrERNS_21DialectBytecodeReaderE
FN:759,_ZZNK4mlir4vhlo12_GLOBAL__N_121VhloBytecodeInterface30readCustomCallApiVersionV1AttrERNS_21DialectBytecodeReaderEENK3$_6clEj
FNDA:8,_ZZNK4mlir4vhlo12_GLOBAL__N_121VhloBytecodeInterface30readCustomCallApiVersionV1AttrERNS_21DialectBytecodeReaderEENK3$_6clEj
FN:762,_ZNK4mlir4vhlo12_GLOBAL__N_121VhloBytecodeInterface5writeENS0_26CustomCallApiVersionV1AttrERNS_21DialectBytecodeWriterE
FNDA:32,_ZNK4mlir4vhlo12_GLOBAL__N_121VhloBytecodeInterface5writeENS0_26CustomCallApiVersionV1AttrERNS_21DialectBytecodeWriterE
FN:771,_ZNK4mlir4vhlo12_GLOBAL__N_121VhloBytecodeInterface29readDotDimensionNumbersV1AttrERNS_21DialectBytecodeReaderE
FNDA:2,_ZNK4mlir4vhlo12_GLOBAL__N_121VhloBytecodeInterface29readDotDimensionNumbersV1AttrERNS_21DialectBytecodeReaderE
FN:788,_ZNK4mlir4vhlo12_GLOBAL__N_121VhloBytecodeInterface5writeENS0_25DotDimensionNumbersV1AttrERNS_21DialectBytecodeWriterE
FNDA:8,_ZNK4mlir4vhlo12_GLOBAL__N_121VhloBytecodeInterface5writeENS0_25DotDimensionNumbersV1AttrERNS_21DialectBytecodeWriterE
FN:800,_ZNK4mlir4vhlo12_GLOBAL__N_121VhloBytecodeInterface17readFftTypeV1AttrERNS_21DialectBytecodeReaderE
FNDA:8,_ZNK4mlir4vhlo12_GLOBAL__N_121VhloBytecodeInterface17readFftTypeV1AttrERNS_21DialectBytecodeReaderE
FN:805,_ZZNK4mlir4vhlo12_GLOBAL__N_121VhloBytecodeInterface17readFftTypeV1AttrERNS_21DialectBytecodeReaderEENK3$_7clEj
FNDA:8,_ZZNK4mlir4vhlo12_GLOBAL__N_121VhloBytecodeInterface17readFftTypeV1AttrERNS_21DialectBytecodeReaderEENK3$_7clEj
FN:807,_ZNK4mlir4vhlo12_GLOBAL__N_121VhloBytecodeInterface5writeENS0_13FftTypeV1AttrERNS_21DialectBytecodeWriterE
FNDA:32,_ZNK4mlir4vhlo12_GLOBAL__N_121VhloBytecodeInterface5writeENS0_13FftTypeV1AttrERNS_21DialectBytecodeWriterE
FN:817,_ZNK4mlir4vhlo12_GLOBAL__N_121VhloBytecodeInterface32readGatherDimensionNumbersV1AttrERNS_21DialectBytecodeReaderE
FNDA:2,_ZNK4mlir4vhlo12_GLOBAL__N_121VhloBytecodeInterface32readGatherDimensionNumbersV1AttrERNS_21DialectBytecodeReaderE
FN:834,_ZNK4mlir4vhlo12_GLOBAL__N_121VhloBytecodeInterface5writeENS0_28GatherDimensionNumbersV1AttrERNS_21DialectBytecodeWriterE
FNDA:8,_ZNK4mlir4vhlo12_GLOBAL__N_121VhloBytecodeInterface5writeENS0_28GatherDimensionNumbersV1AttrERNS_21DialectBytecodeWriterE
FN:846,_ZNK4mlir4vhlo12_GLOBAL__N_121VhloBytecodeInterface28readOutputOperandAliasV1AttrERNS_21DialectBytecodeReaderE
FNDA:2,_ZNK4mlir4vhlo12_GLOBAL__N_121VhloBytecodeInterface28readOutputOperandAliasV1AttrERNS_21DialectBytecodeReaderE
FN:861,_ZNK4mlir4vhlo12_GLOBAL__N_121VhloBytecodeInterface5writeENS0_24OutputOperandAliasV1AttrERNS_21DialectBytecodeWriterE
FNDA:8,_ZNK4mlir4vhlo12_GLOBAL__N_121VhloBytecodeInterface5writeENS0_24OutputOperandAliasV1AttrERNS_21DialectBytecodeWriterE
FN:872,_ZNK4mlir4vhlo12_GLOBAL__N_121VhloBytecodeInterface19readPrecisionV1AttrERNS_21DialectBytecodeReaderE
FNDA:6,_ZNK4mlir4vhlo12_GLOBAL__N_121VhloBytecodeInterface19readPrecisionV1AttrERNS_21DialectBytecodeReaderE
FN:877,_ZZNK4mlir4vhlo12_GLOBAL__N_121VhloBytecodeInterface19readPrecisionV1AttrERNS_21DialectBytecodeReaderEENK3$_8clEj
FNDA:6,_ZZNK4mlir4vhlo12_GLOBAL__N_121VhloBytecodeInterface19readPrecisionV1AttrERNS_21DialectBytecodeReaderEENK3$_8clEj
FN:880,_ZNK4mlir4vhlo12_GLOBAL__N_121VhloBytecodeInterface5writeENS0_15PrecisionV1AttrERNS_21DialectBytecodeWriterE
FNDA:24,_ZNK4mlir4vhlo12_GLOBAL__N_121VhloBytecodeInterface5writeENS0_15PrecisionV1AttrERNS_21DialectBytecodeWriterE
FN:889,_ZNK4mlir4vhlo12_GLOBAL__N_121VhloBytecodeInterface22readRngAlgorithmV1AttrERNS_21DialectBytecodeReaderE
FNDA:6,_ZNK4mlir4vhlo12_GLOBAL__N_121VhloBytecodeInterface22readRngAlgorithmV1AttrERNS_21DialectBytecodeReaderE
FN:894,_ZZNK4mlir4vhlo12_GLOBAL__N_121VhloBytecodeInterface22readRngAlgorithmV1AttrERNS_21DialectBytecodeReaderEENK3$_9clEj
FNDA:6,_ZZNK4mlir4vhlo12_GLOBAL__N_121VhloBytecodeInterface22readRngAlgorithmV1AttrERNS_21DialectBytecodeReaderEENK3$_9clEj
FN:897,_ZNK4mlir4vhlo12_GLOBAL__N_121VhloBytecodeInterface5writeENS0_18RngAlgorithmV1AttrERNS_21DialectBytecodeWriterE
FNDA:24,_ZNK4mlir4vhlo12_GLOBAL__N_121VhloBytecodeInterface5writeENS0_18RngAlgorithmV1AttrERNS_21DialectBytecodeWriterE
FN:906,_ZNK4mlir4vhlo12_GLOBAL__N_121VhloBytecodeInterface25readRngDistributionV1AttrERNS_21DialectBytecodeReaderE
FNDA:4,_ZNK4mlir4vhlo12_GLOBAL__N_121VhloBytecodeInterface25readRngDistributionV1AttrERNS_21DialectBytecodeReaderE
FN:911,_ZZNK4mlir4vhlo12_GLOBAL__N_121VhloBytecodeInterface25readRngDistributionV1AttrERNS_21DialectBytecodeReaderEENK4$_10clEj
FNDA:4,_ZZNK4mlir4vhlo12_GLOBAL__N_121VhloBytecodeInterface25readRngDistributionV1AttrERNS_21DialectBytecodeReaderEENK4$_10clEj
FN:914,_ZNK4mlir4vhlo12_GLOBAL__N_121VhloBytecodeInterface5writeENS0_21RngDistributionV1AttrERNS_21DialectBytecodeWriterE
FNDA:16,_ZNK4mlir4vhlo12_GLOBAL__N_121VhloBytecodeInterface5writeENS0_21RngDistributionV1AttrERNS_21DialectBytecodeWriterE
FN:924,_ZNK4mlir4vhlo12_GLOBAL__N_121VhloBytecodeInterface33readScatterDimensionNumbersV1AttrERNS_21DialectBytecodeReaderE
FNDA:2,_ZNK4mlir4vhlo12_GLOBAL__N_121VhloBytecodeInterface33readScatterDimensionNumbersV1AttrERNS_21DialectBytecodeReaderE
FN:942,_ZNK4mlir4vhlo12_GLOBAL__N_121VhloBytecodeInterface5writeENS0_29ScatterDimensionNumbersV1AttrERNS_21DialectBytecodeWriterE
FNDA:8,_ZNK4mlir4vhlo12_GLOBAL__N_121VhloBytecodeInterface5writeENS0_29ScatterDimensionNumbersV1AttrERNS_21DialectBytecodeWriterE
FN:954,_ZNK4mlir4vhlo12_GLOBAL__N_121VhloBytecodeInterface19readTransposeV1AttrERNS_21DialectBytecodeReaderE
FNDA:6,_ZNK4mlir4vhlo12_GLOBAL__N_121VhloBytecodeInterface19readTransposeV1AttrERNS_21DialectBytecodeReaderE
FN:959,_ZZNK4mlir4vhlo12_GLOBAL__N_121VhloBytecodeInterface19readTransposeV1AttrERNS_21DialectBytecodeReaderEENK4$_11clEj
FNDA:6,_ZZNK4mlir4vhlo12_GLOBAL__N_121VhloBytecodeInterface19readTransposeV1AttrERNS_21DialectBytecodeReaderEENK4$_11clEj
FN:962,_ZNK4mlir4vhlo12_GLOBAL__N_121VhloBytecodeInterface5writeENS0_15TransposeV1AttrERNS_21DialectBytecodeWriterE
FNDA:24,_ZNK4mlir4vhlo12_GLOBAL__N_121VhloBytecodeInterface5writeENS0_15TransposeV1AttrERNS_21DialectBytecodeWriterE
FN:971,_ZNK4mlir4vhlo12_GLOBAL__N_121VhloBytecodeInterface24readTypeExtensionsV1AttrERNS_21DialectBytecodeReaderE
FNDA:2,_ZNK4mlir4vhlo12_GLOBAL__N_121VhloBytecodeInterface24readTypeExtensionsV1AttrERNS_21DialectBytecodeReaderE
FN:979,_ZNK4mlir4vhlo12_GLOBAL__N_121VhloBytecodeInterface5writeENS0_20TypeExtensionsV1AttrERNS_21DialectBytecodeWriterE
FNDA:8,_ZNK4mlir4vhlo12_GLOBAL__N_121VhloBytecodeInterface5writeENS0_20TypeExtensionsV1AttrERNS_21DialectBytecodeWriterE
FN:992,_ZNK4mlir4vhlo12_GLOBAL__N_121VhloBytecodeInterface15readArrayV1AttrERNS_21DialectBytecodeReaderE
FNDA:18,_ZNK4mlir4vhlo12_GLOBAL__N_121VhloBytecodeInterface15readArrayV1AttrERNS_21DialectBytecodeReaderE
FN:1000,_ZNK4mlir4vhlo12_GLOBAL__N_121VhloBytecodeInterface5writeENS0_11ArrayV1AttrERNS_21DialectBytecodeWriterE
FNDA:72,_ZNK4mlir4vhlo12_GLOBAL__N_121VhloBytecodeInterface5writeENS0_11ArrayV1AttrERNS_21DialectBytecodeWriterE
FN:1010,_ZNK4mlir4vhlo12_GLOBAL__N_121VhloBytecodeInterface30readDenseIntOrFPElementsV1AttrERNS_21DialectBytecodeReaderE
FNDA:40,_ZNK4mlir4vhlo12_GLOBAL__N_121VhloBytecodeInterface30readDenseIntOrFPElementsV1AttrERNS_21DialectBytecodeReaderE
FN:1020,_ZNK4mlir4vhlo12_GLOBAL__N_121VhloBytecodeInterface5writeENS0_26DenseIntOrFPElementsV1AttrERNS_21DialectBytecodeWriterE
FNDA:160,_ZNK4mlir4vhlo12_GLOBAL__N_121VhloBytecodeInterface5writeENS0_26DenseIntOrFPElementsV1AttrERNS_21DialectBytecodeWriterE
FN:1030,_ZNK4mlir4vhlo12_GLOBAL__N_121VhloBytecodeInterface20readDictionaryV1AttrERNS_21DialectBytecodeReaderE
FNDA:2,_ZNK4mlir4vhlo12_GLOBAL__N_121VhloBytecodeInterface20readDictionaryV1AttrERNS_21DialectBytecodeReaderE
FN:1033,_ZZNK4mlir4vhlo12_GLOBAL__N_121VhloBytecodeInterface20readDictionaryV1AttrERNS_21DialectBytecodeReaderEENK4$_12clEv
FNDA:2,_ZZNK4mlir4vhlo12_GLOBAL__N_121VhloBytecodeInterface20readDictionaryV1AttrERNS_21DialectBytecodeReaderEENK4$_12clEv
FN:1047,_ZNK4mlir4vhlo12_GLOBAL__N_121VhloBytecodeInterface5writeENS0_16DictionaryV1AttrERNS_21DialectBytecodeWriterE
FNDA:8,_ZNK4mlir4vhlo12_GLOBAL__N_121VhloBytecodeInterface5writeENS0_16DictionaryV1AttrERNS_21DialectBytecodeWriterE
FN:1050,_ZZNK4mlir4vhlo12_GLOBAL__N_121VhloBytecodeInterface5writeENS0_16DictionaryV1AttrERNS_21DialectBytecodeWriterEENK4$_13clISt4pairINS_9AttributeES9_EEEDaT_
FNDA:8,_ZZNK4mlir4vhlo12_GLOBAL__N_121VhloBytecodeInterface5writeENS0_16DictionaryV1AttrERNS_21DialectBytecodeWriterEENK4$_13clISt4pairINS_9AttributeES9_EEEDaT_
FN:1061,_ZN4mlir4vhlo12_GLOBAL__N_112_GLOBAL__N_117getFloatSemanticsENS_4TypeE
FNDA:2,_ZN4mlir4vhlo12_GLOBAL__N_112_GLOBAL__N_117getFloatSemanticsENS_4TypeE
FN:1072,_ZNK4mlir4vhlo12_GLOBAL__N_121VhloBytecodeInterface15readFloatV1AttrERNS_21DialectBytecodeReaderE
FNDA:2,_ZNK4mlir4vhlo12_GLOBAL__N_121VhloBytecodeInterface15readFloatV1AttrERNS_21DialectBytecodeReaderE
FN:1085,_ZNK4mlir4vhlo12_GLOBAL__N_121VhloBytecodeInterface5writeENS0_11FloatV1AttrERNS_21DialectBytecodeWriterE
FNDA:8,_ZNK4mlir4vhlo12_GLOBAL__N_121VhloBytecodeInterface5writeENS0_11FloatV1AttrERNS_21DialectBytecodeWriterE
FN:1095,_ZNK4mlir4vhlo12_GLOBAL__N_121VhloBytecodeInterface23readFlatSymbolRefV1AttrERNS_21DialectBytecodeReaderE
FNDA:4,_ZNK4mlir4vhlo12_GLOBAL__N_121VhloBytecodeInterface23readFlatSymbolRefV1AttrERNS_21DialectBytecodeReaderE
FN:1103,_ZNK4mlir4vhlo12_GLOBAL__N_121VhloBytecodeInterface5writeENS0_19FlatSymbolRefV1AttrERNS_21DialectBytecodeWriterE
FNDA:16,_ZNK4mlir4vhlo12_GLOBAL__N_121VhloBytecodeInterface5writeENS0_19FlatSymbolRefV1AttrERNS_21DialectBytecodeWriterE
FN:1113,_ZN4mlir4vhlo12_GLOBAL__N_112_GLOBAL__N_125getBitWidthForIntegerTypeENS_4TypeE
FNDA:16,_ZN4mlir4vhlo12_GLOBAL__N_112_GLOBAL__N_125getBitWidthForIntegerTypeENS_4TypeE
FN:1124,_ZNK4mlir4vhlo12_GLOBAL__N_121VhloBytecodeInterface17readIntegerV1AttrERNS_21DialectBytecodeReaderE
FNDA:16,_ZNK4mlir4vhlo12_GLOBAL__N_121VhloBytecodeInterface17readIntegerV1AttrERNS_21DialectBytecodeReaderE
FN:1143,_ZNK4mlir4vhlo12_GLOBAL__N_121VhloBytecodeInterface5writeENS0_13IntegerV1AttrERNS_21DialectBytecodeWriterE
FNDA:64,_ZNK4mlir4vhlo12_GLOBAL__N_121VhloBytecodeInterface5writeENS0_13IntegerV1AttrERNS_21DialectBytecodeWriterE
FN:1153,_ZNK4mlir4vhlo12_GLOBAL__N_121VhloBytecodeInterface16readStringV1AttrERNS_21DialectBytecodeReaderE
FNDA:356,_ZNK4mlir4vhlo12_GLOBAL__N_121VhloBytecodeInterface16readStringV1AttrERNS_21DialectBytecodeReaderE
FN:1161,_ZNK4mlir4vhlo12_GLOBAL__N_121VhloBytecodeInterface5writeENS0_12StringV1AttrERNS_21DialectBytecodeWriterE
FNDA:1424,_ZNK4mlir4vhlo12_GLOBAL__N_121VhloBytecodeInterface5writeENS0_12StringV1AttrERNS_21DialectBytecodeWriterE
FN:1170,_ZNK4mlir4vhlo12_GLOBAL__N_121VhloBytecodeInterface14readTypeV1AttrERNS_21DialectBytecodeReaderE
FNDA:180,_ZNK4mlir4vhlo12_GLOBAL__N_121VhloBytecodeInterface14readTypeV1AttrERNS_21DialectBytecodeReaderE
FN:1179,_ZNK4mlir4vhlo12_GLOBAL__N_121VhloBytecodeInterface5writeENS0_10TypeV1AttrERNS_21DialectBytecodeWriterE
FNDA:720,_ZNK4mlir4vhlo12_GLOBAL__N_121VhloBytecodeInterface5writeENS0_10TypeV1AttrERNS_21DialectBytecodeWriterE
FN:1190,_ZNK4mlir4vhlo12_GLOBAL__N_121VhloBytecodeInterface8readTypeERNS_21DialectBytecodeReaderE
FNDA:384,_ZNK4mlir4vhlo12_GLOBAL__N_121VhloBytecodeInterface8readTypeERNS_21DialectBytecodeReaderE
FN:1257,_ZNK4mlir4vhlo12_GLOBAL__N_121VhloBytecodeInterface9writeTypeENS_4TypeERNS_21DialectBytecodeWriterE
FNDA:1536,_ZNK4mlir4vhlo12_GLOBAL__N_121VhloBytecodeInterface9writeTypeENS_4TypeERNS_21DialectBytecodeWriterE
FN:1260,_ZZNK4mlir4vhlo12_GLOBAL__N_121VhloBytecodeInterface9writeTypeENS_4TypeERNS_21DialectBytecodeWriterEENK4$_14clINS0_11TokenV1TypeEEEDaT_
FNDA:8,_ZZNK4mlir4vhlo12_GLOBAL__N_121VhloBytecodeInterface9writeTypeENS_4TypeERNS_21DialectBytecodeWriterEENK4$_14clINS0_11TokenV1TypeEEEDaT_
FN:1266,_ZZNK4mlir4vhlo12_GLOBAL__N_121VhloBytecodeInterface9writeTypeENS_4TypeERNS_21DialectBytecodeWriterEENK4$_15clINS0_13ComplexV1TypeEEEDaT_
FNDA:16,_ZZNK4mlir4vhlo12_GLOBAL__N_121VhloBytecodeInterface9writeTypeENS_4TypeERNS_21DialectBytecodeWriterEENK4$_15clINS0_13ComplexV1TypeEEEDaT_
FN:1266,_ZZNK4mlir4vhlo12_GLOBAL__N_121VhloBytecodeInterface9writeTypeENS_4TypeERNS_21DialectBytecodeWriterEENK4$_15clINS0_14FunctionV1TypeEEEDaT_
FNDA:720,_ZZNK4mlir4vhlo12_GLOBAL__N_121VhloBytecodeInterface9writeTypeENS_4TypeERNS_21DialectBytecodeWriterEENK4$_15clINS0_14FunctionV1TypeEEEDaT_
FN:1266,_ZZNK4mlir4vhlo12_GLOBAL__N_121VhloBytecodeInterface9writeTypeENS_4TypeERNS_21DialectBytecodeWriterEENK4$_15clINS0_18RankedTensorV1TypeEEEDaT_
FNDA:600,_ZZNK4mlir4vhlo12_GLOBAL__N_121VhloBytecodeInterface9writeTypeENS_4TypeERNS_21DialectBytecodeWriterEENK4$_15clINS0_18RankedTensorV1TypeEEEDaT_
FN:1266,_ZZNK4mlir4vhlo12_GLOBAL__N_121VhloBytecodeInterface9writeTypeENS_4TypeERNS_21DialectBytecodeWriterEENK4$_15clINS0_11TupleV1TypeEEEDaT_
FNDA:24,_ZZNK4mlir4vhlo12_GLOBAL__N_121VhloBytecodeInterface9writeTypeENS_4TypeERNS_21DialectBytecodeWriterEENK4$_15clINS0_11TupleV1TypeEEEDaT_
FN:1266,_ZZNK4mlir4vhlo12_GLOBAL__N_121VhloBytecodeInterface9writeTypeENS_4TypeERNS_21DialectBytecodeWriterEENK4$_15clINS0_20UnrankedTensorV1TypeEEEDaT_
FNDA:8,_ZZNK4mlir4vhlo12_GLOBAL__N_121VhloBytecodeInterface9writeTypeENS_4TypeERNS_21DialectBytecodeWriterEENK4$_15clINS0_20UnrankedTensorV1TypeEEEDaT_
FN:1266,_ZZNK4mlir4vhlo12_GLOBAL__N_121VhloBytecodeInterface9writeTypeENS_4TypeERNS_21DialectBytecodeWriterEENK4$_15clINS0_22UniformQuantizedV1TypeEEEDaT_
FNDA:8,_ZZNK4mlir4vhlo12_GLOBAL__N_121VhloBytecodeInterface9writeTypeENS_4TypeERNS_21DialectBytecodeWriterEENK4$_15clINS0_22UniformQuantizedV1TypeEEEDaT_
FN:1270,_ZZNK4mlir4vhlo12_GLOBAL__N_121VhloBytecodeInterface9writeTypeENS_4TypeERNS_21DialectBytecodeWriterEENK4$_16clENS0_14BFloat16V1TypeE
FNDA:8,_ZZNK4mlir4vhlo12_GLOBAL__N_121VhloBytecodeInterface9writeTypeENS_4TypeERNS_21DialectBytecodeWriterEENK4$_16clENS0_14BFloat16V1TypeE
FN:1274,_ZZNK4mlir4vhlo12_GLOBAL__N_121VhloBytecodeInterface9writeTypeENS_4TypeERNS_21DialectBytecodeWriterEENK4$_17clENS0_13Float16V1TypeE
FNDA:8,_ZZNK4mlir4vhlo12_GLOBAL__N_121VhloBytecodeInterface9writeTypeENS_4TypeERNS_21DialectBytecodeWriterEENK4$_17clENS0_13Float16V1TypeE
FN:1278,_ZZNK4mlir4vhlo12_GLOBAL__N_121VhloBytecodeInterface9writeTypeENS_4TypeERNS_21DialectBytecodeWriterEENK4$_18clENS0_13Float32V1TypeE
FNDA:8,_ZZNK4mlir4vhlo12_GLOBAL__N_121VhloBytecodeInterface9writeTypeENS_4TypeERNS_21DialectBytecodeWriterEENK4$_18clENS0_13Float32V1TypeE
FN:1282,_ZZNK4mlir4vhlo12_GLOBAL__N_121VhloBytecodeInterface9writeTypeENS_4TypeERNS_21DialectBytecodeWriterEENK4$_19clENS0_13Float64V1TypeE
FNDA:8,_ZZNK4mlir4vhlo12_GLOBAL__N_121VhloBytecodeInterface9writeTypeENS_4TypeERNS_21DialectBytecodeWriterEENK4$_19clENS0_13Float64V1TypeE
[...]
FNDA:56,_ZN4mlir4vhlo12_GLOBAL__N_117VhloToVersionPass14runOnOperationEv
FN:245,_ZZN4mlir4vhlo12_GLOBAL__N_117VhloToVersionPass14runOnOperationEvENKUlPNS_9OperationEE_clES4_
FNDA:2570,_ZZN4mlir4vhlo12_GLOBAL__N_117VhloToVersionPass14runOnOperationEvENKUlPNS_9OperationEE_clES4_
FN:266,_ZN4mlir4vhlo12_GLOBAL__N_118emitDowngradeErrorEPNS_9OperationEN4llvm9StringRefE
FNDA:8,_ZN4mlir4vhlo12_GLOBAL__N_118emitDowngradeErrorEPNS_9OperationEN4llvm9StringRefE
FN:272,_ZN4mlir4vhlo12_GLOBAL__N_124VersionConversionPatternINS0_14CustomCallOpV1ENS0_14CustomCallOpV2EED0Ev
FNDA:0,_ZN4mlir4vhlo12_GLOBAL__N_124VersionConversionPatternINS0_14CustomCallOpV1ENS0_14CustomCallOpV2EED0Ev
FN:272,_ZN4mlir4vhlo12_GLOBAL__N_124VersionConversionPatternINS0_14CustomCallOpV2ENS0_14CustomCallOpV1EED0Ev
FNDA:0,_ZN4mlir4vhlo12_GLOBAL__N_124VersionConversionPatternINS0_14CustomCallOpV2ENS0_14CustomCallOpV1EED0Ev
FN:272,_ZN4mlir4vhlo12_GLOBAL__N_124VersionConversionPatternINS0_21CollectivePermuteOpV1ENS0_21CollectivePermuteOpV2EED0Ev
FNDA:0,_ZN4mlir4vhlo12_GLOBAL__N_124VersionConversionPatternINS0_21CollectivePermuteOpV1ENS0_21CollectivePermuteOpV2EED0Ev
FN:272,_ZN4mlir4vhlo12_GLOBAL__N_124VersionConversionPatternINS0_21CollectivePermuteOpV2ENS0_21CollectivePermuteOpV1EED0Ev
FNDA:0,_ZN4mlir4vhlo12_GLOBAL__N_124VersionConversionPatternINS0_21CollectivePermuteOpV2ENS0_21CollectivePermuteOpV1EED0Ev
FN:272,_ZN4mlir4vhlo12_GLOBAL__N_124VersionConversionPatternINS0_13AllGatherOpV1ENS0_13AllGatherOpV2EED0Ev
FNDA:0,_ZN4mlir4vhlo12_GLOBAL__N_124VersionConversionPatternINS0_13AllGatherOpV1ENS0_13AllGatherOpV2EED0Ev
FN:272,_ZN4mlir4vhlo12_GLOBAL__N_124VersionConversionPatternINS0_13AllGatherOpV2ENS0_13AllGatherOpV1EED0Ev
FNDA:0,_ZN4mlir4vhlo12_GLOBAL__N_124VersionConversionPatternINS0_13AllGatherOpV2ENS0_13AllGatherOpV1EED0Ev
FN:272,_ZN4mlir4vhlo12_GLOBAL__N_124VersionConversionPatternINS0_12AllToAllOpV1ENS0_12AllToAllOpV2EED0Ev
FNDA:0,_ZN4mlir4vhlo12_GLOBAL__N_124VersionConversionPatternINS0_12AllToAllOpV1ENS0_12AllToAllOpV2EED0Ev
FN:272,_ZN4mlir4vhlo12_GLOBAL__N_124VersionConversionPatternINS0_12AllToAllOpV2ENS0_12AllToAllOpV1EED0Ev
FNDA:0,_ZN4mlir4vhlo12_GLOBAL__N_124VersionConversionPatternINS0_12AllToAllOpV2ENS0_12AllToAllOpV1EED0Ev
FN:273,_ZN4mlir4vhlo12_GLOBAL__N_124VersionConversionPatternINS0_14CustomCallOpV1ENS0_14CustomCallOpV2EECI2NS_19OpConversionPatternIS3_EEERNS_13TypeConverterEPNS_11MLIRContextENS_14PatternBenefitE
FNDA:48,_ZN4mlir4vhlo12_GLOBAL__N_124VersionConversionPatternINS0_14CustomCallOpV1ENS0_14CustomCallOpV2EECI2NS_19OpConversionPatternIS3_EEERNS_13TypeConverterEPNS_11MLIRContextENS_14PatternBenefitE
FN:273,_ZN4mlir4vhlo12_GLOBAL__N_124VersionConversionPatternINS0_14CustomCallOpV2ENS0_14CustomCallOpV1EECI2NS_19OpConversionPatternIS3_EEERNS_13TypeConverterEPNS_11MLIRContextENS_14PatternBenefitE
FNDA:48,_ZN4mlir4vhlo12_GLOBAL__N_124VersionConversionPatternINS0_14CustomCallOpV2ENS0_14CustomCallOpV1EECI2NS_19OpConversionPatternIS3_EEERNS_13TypeConverterEPNS_11MLIRContextENS_14PatternBenefitE
FN:273,_ZN4mlir4vhlo12_GLOBAL__N_124VersionConversionPatternINS0_21CollectivePermuteOpV1ENS0_21CollectivePermuteOpV2EECI2NS_19OpConversionPatternIS3_EEERNS_13TypeConverterEPNS_11MLIRContextENS_14PatternBenefitE
FNDA:48,_ZN4mlir4vhlo12_GLOBAL__N_124VersionConversionPatternINS0_21CollectivePermuteOpV1ENS0_21CollectivePermuteOpV2EECI2NS_19OpConversionPatternIS3_EEERNS_13TypeConverterEPNS_11MLIRContextENS_14PatternBenefitE
FN:273,_ZN4mlir4vhlo12_GLOBAL__N_124VersionConversionPatternINS0_21CollectivePermuteOpV2ENS0_21CollectivePermuteOpV1EECI2NS_19OpConversionPatternIS3_EEERNS_13TypeConverterEPNS_11MLIRContextENS_14PatternBenefitE
FNDA:48,_ZN4mlir4vhlo12_GLOBAL__N_124VersionConversionPatternINS0_21CollectivePermuteOpV2ENS0_21CollectivePermuteOpV1EECI2NS_19OpConversionPatternIS3_EEERNS_13TypeConverterEPNS_11MLIRContextENS_14PatternBenefitE
FN:273,_ZN4mlir4vhlo12_GLOBAL__N_124VersionConversionPatternINS0_13AllGatherOpV1ENS0_13AllGatherOpV2EECI2NS_19OpConversionPatternIS3_EEERNS_13TypeConverterEPNS_11MLIRContextENS_14PatternBenefitE
FNDA:48,_ZN4mlir4vhlo12_GLOBAL__N_124VersionConversionPatternINS0_13AllGatherOpV1ENS0_13AllGatherOpV2EECI2NS_19OpConversionPatternIS3_EEERNS_13TypeConverterEPNS_11MLIRContextENS_14PatternBenefitE
FN:273,_ZN4mlir4vhlo12_GLOBAL__N_124VersionConversionPatternINS0_13AllGatherOpV2ENS0_13AllGatherOpV1EECI2NS_19OpConversionPatternIS3_EEERNS_13TypeConverterEPNS_11MLIRContextENS_14PatternBenefitE
FNDA:48,_ZN4mlir4vhlo12_GLOBAL__N_124VersionConversionPatternINS0_13AllGatherOpV2ENS0_13AllGatherOpV1EECI2NS_19OpConversionPatternIS3_EEERNS_13TypeConverterEPNS_11MLIRContextENS_14PatternBenefitE
FN:273,_ZN4mlir4vhlo12_GLOBAL__N_124VersionConversionPatternINS0_12AllToAllOpV1ENS0_12AllToAllOpV2EECI2NS_19OpConversionPatternIS3_EEERNS_13TypeConverterEPNS_11MLIRContextENS_14PatternBenefitE
FNDA:48,_ZN4mlir4vhlo12_GLOBAL__N_124VersionConversionPatternINS0_12AllToAllOpV1ENS0_12AllToAllOpV2EECI2NS_19OpConversionPatternIS3_EEERNS_13TypeConverterEPNS_11MLIRContextENS_14PatternBenefitE
FN:273,_ZN4mlir4vhlo12_GLOBAL__N_124VersionConversionPatternINS0_12AllToAllOpV2ENS0_12AllToAllOpV1EECI2NS_19OpConversionPatternIS3_EEERNS_13TypeConverterEPNS_11MLIRContextENS_14PatternBenefitE
FNDA:48,_ZN4mlir4vhlo12_GLOBAL__N_124VersionConversionPatternINS0_12AllToAllOpV2ENS0_12AllToAllOpV1EECI2NS_19OpConversionPatternIS3_EEERNS_13TypeConverterEPNS_11MLIRContextENS_14PatternBenefitE
FN:280,_ZNK4mlir4vhlo12_GLOBAL__N_124VersionConversionPatternINS0_14CustomCallOpV1ENS0_14CustomCallOpV2EE15matchAndRewriteES3_NS0_21CustomCallOpV1AdaptorERNS_25ConversionPatternRewriterE
FNDA:10,_ZNK4mlir4vhlo12_GLOBAL__N_124VersionConversionPatternINS0_14CustomCallOpV1ENS0_14CustomCallOpV2EE15matchAndRewriteES3_NS0_21CustomCallOpV1AdaptorERNS_25ConversionPatternRewriterE
FN:280,_ZNK4mlir4vhlo12_GLOBAL__N_124VersionConversionPatternINS0_14CustomCallOpV2ENS0_14CustomCallOpV1EE15matchAndRewriteES3_NS0_21CustomCallOpV2AdaptorERNS_25ConversionPatternRewriterE
FNDA:12,_ZNK4mlir4vhlo12_GLOBAL__N_124VersionConversionPatternINS0_14CustomCallOpV2ENS0_14CustomCallOpV1EE15matchAndRewriteES3_NS0_21CustomCallOpV2AdaptorERNS_25ConversionPatternRewriterE
FN:280,_ZNK4mlir4vhlo12_GLOBAL__N_124VersionConversionPatternINS0_21CollectivePermuteOpV1ENS0_21CollectivePermuteOpV2EE15matchAndRewriteES3_NS0_28CollectivePermuteOpV1AdaptorERNS_25ConversionPatternRewriterE
FNDA:4,_ZNK4mlir4vhlo12_GLOBAL__N_124VersionConversionPatternINS0_21CollectivePermuteOpV1ENS0_21CollectivePermuteOpV2EE15matchAndRewriteES3_NS0_28CollectivePermuteOpV1AdaptorERNS_25ConversionPatternRewriterE
FN:280,_ZNK4mlir4vhlo12_GLOBAL__N_124VersionConversionPatternINS0_21CollectivePermuteOpV2ENS0_21CollectivePermuteOpV1EE15matchAndRewriteES3_NS0_28CollectivePermuteOpV2AdaptorERNS_25ConversionPatternRewriterE
FNDA:4,_ZNK4mlir4vhlo12_GLOBAL__N_124VersionConversionPatternINS0_21CollectivePermuteOpV2ENS0_21CollectivePermuteOpV1EE15matchAndRewriteES3_NS0_28CollectivePermuteOpV2AdaptorERNS_25ConversionPatternRewriterE
FN:280,_ZNK4mlir4vhlo12_GLOBAL__N_124VersionConversionPatternINS0_13AllGatherOpV1ENS0_13AllGatherOpV2EE15matchAndRewriteES3_NS0_20AllGatherOpV1AdaptorERNS_25ConversionPatternRewriterE
FNDA:4,_ZNK4mlir4vhlo12_GLOBAL__N_124VersionConversionPatternINS0_13AllGatherOpV1ENS0_13AllGatherOpV2EE15matchAndRewriteES3_NS0_20AllGatherOpV1AdaptorERNS_25ConversionPatternRewriterE
FN:280,_ZNK4mlir4vhlo12_GLOBAL__N_124VersionConversionPatternINS0_13AllGatherOpV2ENS0_13AllGatherOpV1EE15matchAndRewriteES3_NS0_20AllGatherOpV2AdaptorERNS_25ConversionPatternRewriterE
FNDA:4,_ZNK4mlir4vhlo12_GLOBAL__N_124VersionConversionPatternINS0_13AllGatherOpV2ENS0_13AllGatherOpV1EE15matchAndRewriteES3_NS0_20AllGatherOpV2AdaptorERNS_25ConversionPatternRewriterE
FN:280,_ZNK4mlir4vhlo12_GLOBAL__N_124VersionConversionPatternINS0_12AllToAllOpV1ENS0_12AllToAllOpV2EE15matchAndRewriteES3_NS0_19AllToAllOpV1AdaptorERNS_25ConversionPatternRewriterE
FNDA:4,_ZNK4mlir4vhlo12_GLOBAL__N_124VersionConversionPatternINS0_12AllToAllOpV1ENS0_12AllToAllOpV2EE15matchAndRewriteES3_NS0_19AllToAllOpV1AdaptorERNS_25ConversionPatternRewriterE
FN:280,_ZNK4mlir4vhlo12_GLOBAL__N_124VersionConversionPatternINS0_12AllToAllOpV2ENS0_12AllToAllOpV1EE15matchAndRewriteES3_NS0_19AllToAllOpV2AdaptorERNS_25ConversionPatternRewriterE
FNDA:4,_ZNK4mlir4vhlo12_GLOBAL__N_124VersionConversionPatternINS0_12AllToAllOpV2ENS0_12AllToAllOpV1EE15matchAndRewriteES3_NS0_19AllToAllOpV2AdaptorERNS_25ConversionPatternRewriterE
FN:298,_ZN4mlir4vhlo12_GLOBAL__N_118CustomCallOpV1ToV2D0Ev
FNDA:48,_ZN4mlir4vhlo12_GLOBAL__N_118CustomCallOpV1ToV2D0Ev
FN:300,_ZN4mlir4vhlo12_GLOBAL__N_118CustomCallOpV1ToV2CI2NS_19OpConversionPatternINS0_14CustomCallOpV1EEEERNS_13TypeConverterEPNS_11MLIRContextENS_14PatternBenefitE
FNDA:48,_ZN4mlir4vhlo12_GLOBAL__N_118CustomCallOpV1ToV2CI2NS_19OpConversionPatternINS0_14CustomCallOpV1EEEERNS_13TypeConverterEPNS_11MLIRContextENS_14PatternBenefitE
FN:301,_ZNK4mlir4vhlo12_GLOBAL__N_118CustomCallOpV1ToV222prepareOpForConversionENS0_14CustomCallOpV1E
FNDA:10,_ZNK4mlir4vhlo12_GLOBAL__N_118CustomCallOpV1ToV222prepareOpForConversionENS0_14CustomCallOpV1E
FN:307,_ZN4mlir4vhlo12_GLOBAL__N_118CustomCallOpV2ToV1D0Ev
FNDA:48,_ZN4mlir4vhlo12_GLOBAL__N_118CustomCallOpV2ToV1D0Ev
FN:309,_ZN4mlir4vhlo12_GLOBAL__N_118CustomCallOpV2ToV1CI2NS_19OpConversionPatternINS0_14CustomCallOpV2EEEERNS_13TypeConverterEPNS_11MLIRContextENS_14PatternBenefitE
FNDA:48,_ZN4mlir4vhlo12_GLOBAL__N_118CustomCallOpV2ToV1CI2NS_19OpConversionPatternINS0_14CustomCallOpV2EEEERNS_13TypeConverterEPNS_11MLIRContextENS_14PatternBenefitE
FN:310,_ZNK4mlir4vhlo12_GLOBAL__N_118CustomCallOpV2ToV122prepareOpForConversionENS0_14CustomCallOpV2E
FNDA:12,_ZNK4mlir4vhlo12_GLOBAL__N_118CustomCallOpV2ToV122prepareOpForConversionENS0_14CustomCallOpV2E
FN:325,_ZN4mlir4vhlo12_GLOBAL__N_125CollectivePermuteOpV1ToV2D0Ev
FNDA:48,_ZN4mlir4vhlo12_GLOBAL__N_125CollectivePermuteOpV1ToV2D0Ev
FN:328,_ZN4mlir4vhlo12_GLOBAL__N_125CollectivePermuteOpV1ToV2CI2NS_19OpConversionPatternINS0_21CollectivePermuteOpV1EEEERNS_13TypeConverterEPNS_11MLIRContextENS_14PatternBenefitE
FNDA:48,_ZN4mlir4vhlo12_GLOBAL__N_125CollectivePermuteOpV1ToV2CI2NS_19OpConversionPatternINS0_21CollectivePermuteOpV1EEEERNS_13TypeConverterEPNS_11MLIRContextENS_14PatternBenefitE
FN:329,_ZNK4mlir4vhlo12_GLOBAL__N_125CollectivePermuteOpV1ToV222prepareOpForConversionENS0_21CollectivePermuteOpV1E
FNDA:4,_ZNK4mlir4vhlo12_GLOBAL__N_125CollectivePermuteOpV1ToV222prepareOpForConversionENS0_21CollectivePermuteOpV1E
FN:335,_ZN4mlir4vhlo12_GLOBAL__N_125CollectivePermuteOpV2ToV1D0Ev
FNDA:48,_ZN4mlir4vhlo12_GLOBAL__N_125CollectivePermuteOpV2ToV1D0Ev
FN:338,_ZN4mlir4vhlo12_GLOBAL__N_125CollectivePermuteOpV2ToV1CI2NS_19OpConversionPatternINS0_21CollectivePermuteOpV2EEEERNS_13TypeConverterEPNS_11MLIRContextENS_14PatternBenefitE
FNDA:48,_ZN4mlir4vhlo12_GLOBAL__N_125CollectivePermuteOpV2ToV1CI2NS_19OpConversionPatternINS0_21CollectivePermuteOpV2EEEERNS_13TypeConverterEPNS_11MLIRContextENS_14PatternBenefitE
FN:339,_ZNK4mlir4vhlo12_GLOBAL__N_125CollectivePermuteOpV2ToV122prepareOpForConversionENS0_21CollectivePermuteOpV2E
FNDA:4,_ZNK4mlir4vhlo12_GLOBAL__N_125CollectivePermuteOpV2ToV122prepareOpForConversionENS0_21CollectivePermuteOpV2E
FN:348,_ZN4mlir4vhlo12_GLOBAL__N_117AllGatherOpV1ToV2D0Ev
FNDA:48,_ZN4mlir4vhlo12_GLOBAL__N_117AllGatherOpV1ToV2D0Ev
FN:350,_ZN4mlir4vhlo12_GLOBAL__N_117AllGatherOpV1ToV2CI2NS_19OpConversionPatternINS0_13AllGatherOpV1EEEERNS_13TypeConverterEPNS_11MLIRContextENS_14PatternBenefitE
FNDA:48,_ZN4mlir4vhlo12_GLOBAL__N_117AllGatherOpV1ToV2CI2NS_19OpConversionPatternINS0_13AllGatherOpV1EEEERNS_13TypeConverterEPNS_11MLIRContextENS_14PatternBenefitE
FN:351,_ZNK4mlir4vhlo12_GLOBAL__N_117AllGatherOpV1ToV222prepareOpForConversionENS0_13AllGatherOpV1E
FNDA:4,_ZNK4mlir4vhlo12_GLOBAL__N_117AllGatherOpV1ToV222prepareOpForConversionENS0_13AllGatherOpV1E
FN:357,_ZN4mlir4vhlo12_GLOBAL__N_117AllGatherOpV2ToV1D0Ev
FNDA:48,_ZN4mlir4vhlo12_GLOBAL__N_117AllGatherOpV2ToV1D0Ev
FN:359,_ZN4mlir4vhlo12_GLOBAL__N_117AllGatherOpV2ToV1CI2NS_19OpConversionPatternINS0_13AllGatherOpV2EEEERNS_13TypeConverterEPNS_11MLIRContextENS_14PatternBenefitE
FNDA:48,_ZN4mlir4vhlo12_GLOBAL__N_117AllGatherOpV2ToV1CI2NS_19OpConversionPatternINS0_13AllGatherOpV2EEEERNS_13TypeConverterEPNS_11MLIRContextENS_14PatternBenefitE
FN:360,_ZNK4mlir4vhlo12_GLOBAL__N_117AllGatherOpV2ToV122prepareOpForConversionENS0_13AllGatherOpV2E
FNDA:4,_ZNK4mlir4vhlo12_GLOBAL__N_117AllGatherOpV2ToV122prepareOpForConversionENS0_13AllGatherOpV2E
FN:369,_ZN4mlir4vhlo12_GLOBAL__N_116AllToAllOpV1ToV2D0Ev
FNDA:48,_ZN4mlir4vhlo12_GLOBAL__N_116AllToAllOpV1ToV2D0Ev
FN:371,_ZN4mlir4vhlo12_GLOBAL__N_116AllToAllOpV1ToV2CI2NS_19OpConversionPatternINS0_12AllToAllOpV1EEEERNS_13TypeConverterEPNS_11MLIRContextENS_14PatternBenefitE
FNDA:48,_ZN4mlir4vhlo12_GLOBAL__N_116AllToAllOpV1ToV2CI2NS_19OpConversionPatternINS0_12AllToAllOpV1EEEERNS_13TypeConverterEPNS_11MLIRContextENS_14PatternBenefitE
FN:372,_ZNK4mlir4vhlo12_GLOBAL__N_116AllToAllOpV1ToV222prepareOpForConversionENS0_12AllToAllOpV1E
FNDA:4,_ZNK4mlir4vhlo12_GLOBAL__N_116AllToAllOpV1ToV222prepareOpForConversionENS0_12AllToAllOpV1E
FN:378,_ZN4mlir4vhlo12_GLOBAL__N_116AllToAllOpV2ToV1D0Ev
FNDA:48,_ZN4mlir4vhlo12_GLOBAL__N_116AllToAllOpV2ToV1D0Ev
FN:380,_ZN4mlir4vhlo12_GLOBAL__N_116AllToAllOpV2ToV1CI2NS_19OpConversionPatternINS0_12AllToAllOpV2EEEERNS_13TypeConverterEPNS_11MLIRContextENS_14PatternBenefitE
FNDA:48,_ZN4mlir4vhlo12_GLOBAL__N_116AllToAllOpV2ToV1CI2NS_19OpConversionPatternINS0_12AllToAllOpV2EEEERNS_13TypeConverterEPNS_11MLIRContextENS_14PatternBenefitE
FN:381,_ZNK4mlir4vhlo12_GLOBAL__N_116AllToAllOpV2ToV122prepareOpForConversionENS0_12AllToAllOpV2E
FNDA:4,_ZNK4mlir4vhlo12_GLOBAL__N_116AllToAllOpV2ToV122prepareOpForConversionENS0_12AllToAllOpV2E
FN:393,_ZN4mlir9stablehlo29populateVhloToVersionPatternsEPNS_17RewritePatternSetEPNS_13TypeConverterEPNS_11MLIRContextE
FNDA:48,_ZN4mlir9stablehlo29populateVhloToVersionPatternsEPNS_17RewritePatternSetEPNS_13TypeConverterEPNS_11MLIRContextE
DA:59,48
DA:60,82
DA:61,68
DA:62,34
DA:63,34
DA:64,0
DA:65,0
DA:66,34
DA:67,48
DA:70,56
DA:71,56
DA:72,52
DA:73,56
DA:76,56
DA:77,56
DA:78,56
DA:79,56
DA:80,4
DA:81,4
DA:82,2
DA:84,2
DA:85,4
DA:86,2
DA:87,2
DA:90,52
DA:91,52
DA:92,4
DA:93,2
DA:94,2
DA:95,50
DA:96,4
DA:97,2
DA:98,2
DA:100,48
DA:101,56
DA:104,16734
DA:105,16734
DA:106,16566
DA:112,2598
DA:113,2598
DA:114,2598
DA:115,2
DA:117,2
DA:121,2596
DA:122,156
DA:123,82
DA:125,2522
DA:126,218
DA:127,2304
DA:128,14
DA:129,28
DA:130,14
DA:131,14
DA:134,2290
DA:135,10
DA:136,2280
DA:137,22
DA:138,2258
DA:139,204
DA:140,2054
DA:141,842
DA:144,1212
DA:145,2598
DA:147,11566
DA:149,11566
DA:150,11566
DA:151,92
DA:153,92
DA:157,11474
DA:158,172
DA:159,12138
DA:160,2932
DA:161,2096
DA:163,836
DA:164,794
DA:165,836
DA:166,15442
DA:167,4976
DA:168,4976
DA:169,0
DA:170,4976
DA:171,4976
DA:172,5490
DA:173,112
DA:174,64
DA:176,5482
DA:177,40
DA:178,40
DA:179,34
DA:180,5402
DA:181,28
DA:184,5374
DA:185,11566
DA:187,2570
DA:189,2570
DA:190,2570
DA:191,2570
DA:192,2464
DA:195,4930
DA:196,2466
DA:198,2464
DA:201,5268
DA:202,2870
DA:204,2398
DA:205,2382
DA:206,28
DA:207,2370
DA:208,2570
DA:213,172
DA:214,0
DA:215,0
DA:217,56
DA:218,56
DA:221,56
DA:222,56
DA:223,56
DA:224,48
DA:244,48
DA:245,2618
DA:246,2570
DA:248,48
DA:250,48
DA:251,48
DA:252,96
DA:253,48
DA:256,96
DA:257,48
DA:258,40
DA:259,56
DA:266,8
DA:267,16
DA:268,8
DA:280,46
DA:282,46
DA:283,46
DA:284,76
DA:285,38
DA:286,38
DA:287,38
DA:288,0
DA:289,38
DA:290,46
DA:301,10
DA:302,10
DA:310,12
DA:311,12
DA:312,4
DA:313,4
DA:314,4
DA:315,2
DA:316,2
DA:318,2
DA:319,4
DA:320,10
DA:321,12
DA:329,4
DA:330,4
DA:339,4
DA:340,4
DA:341,4
DA:342,2
DA:343,2
DA:344,4
DA:351,4
DA:352,4
DA:360,4
DA:361,4
DA:362,2
DA:363,2
DA:364,2
DA:365,4
DA:372,4
DA:373,4
DA:381,4
DA:382,4
DA:383,4
DA:384,2
DA:385,2
DA:386,4
DA:393,48
DA:395,48
DA:396,48
DA:397,48
DA:398,48
DA:399,48
DA:400,48
DA:401,48
DA:402,48
DA:403,48
DA:404,48
end_of_record
SF:/usr/local/google/home/gleasonk/Coding/openxla/stablehlo/stablehlo/dialect/VhloOps.h
FN:35,_ZN4mlir4vhlo11VhloDialect19getDialectNamespaceEv
FNDA:82,_ZN4mlir4vhlo11VhloDialect19getDialectNamespaceEv
DA:35,82
end_of_record
TN:
SF:/usr/local/google/home/gleasonk/Coding/openxla/stablehlo/stablehlo/tools/StablehloOptMain.cpp
FN:23,main
FNDA:116,main
DA:23,116
DA:24,116
DA:25,116
DA:26,116
DA:28,116
DA:29,116
DA:30,116
DA:32,116
DA:33,116
DA:34,116
end_of_record
TN:
SF:/usr/local/google/home/gleasonk/Coding/openxla/stablehlo/stablehlo/tools/StablehloInterpreterMain.cpp
FN:0,__cxx_global_var_init
FNDA:50,__cxx_global_var_init
FN:27,_ZNK4mlir3$_1clENS_8ModuleOpERN4llvm11raw_ostreamE
FNDA:464,_ZNK4mlir3$_1clENS_8ModuleOpERN4llvm11raw_ostreamE
FN:28,_ZZNK4mlir3$_1clENS_8ModuleOpERN4llvm11raw_ostreamEENKUlNS_4func6FuncOpEE_clES6_
FNDA:464,_ZZNK4mlir3$_1clENS_8ModuleOpERN4llvm11raw_ostreamEENKUlNS_4func6FuncOpEE_clES6_
FN:42,_ZNK4mlir3$_0clERNS_15DialectRegistryE
FNDA:464,_ZNK4mlir3$_0clERNS_15DialectRegistryE
FN:49,main
FNDA:50,main
DA:25,50
DA:26,50
DA:27,464
DA:28,928
DA:29,464
DA:30,464
DA:33,464
DA:36,928
DA:37,464
DA:38,464
DA:40,464
DA:41,464
DA:42,564
DA:43,464
DA:44,464
DA:45,464
DA:49,50
DA:50,50
DA:51,50
end_of_record
SF:/usr/local/google/home/gleasonk/Coding/openxla/stablehlo/stablehlo/reference/Tensor.h
FN:36,_ZN4mlir9stablehlo6detail6BufferD2Ev
FNDA:1166,_ZN4mlir9stablehlo6detail6BufferD2Ev
FN:66,_ZN4mlir9stablehlo6TensorD2Ev
FNDA:538,_ZN4mlir9stablehlo6TensorD2Ev
end_of_record
SF:/usr/local/google/home/gleasonk/Coding/openxla/stablehlo/stablehlo/dialect/StablehloOps.h
FN:55,_ZN4mlir9stablehlo16StablehloDialect19getDialectNamespaceEv
FNDA:928,_ZN4mlir9stablehlo16StablehloDialect19getDialectNamespaceEv
DA:55,928
end_of_record
TN:
SF:/usr/local/google/home/gleasonk/Coding/openxla/stablehlo/stablehlo/tests/TestUtils.cpp
FN:45,_ZN4mlir3hlo12_GLOBAL__N_123InferReturnTypesPatternD0Ev
FNDA:224,_ZN4mlir3hlo12_GLOBAL__N_123InferReturnTypesPatternD0Ev
FN:46,_ZN4mlir3hlo12_GLOBAL__N_123InferReturnTypesPatternC2EPNS_11MLIRContextE
FNDA:224,_ZN4mlir3hlo12_GLOBAL__N_123InferReturnTypesPatternC2EPNS_11MLIRContextE
FN:48,_ZNK4mlir3hlo12_GLOBAL__N_123InferReturnTypesPattern15matchAndRewriteEPNS_9OperationERNS_15PatternRewriterE
FNDA:234,_ZNK4mlir3hlo12_GLOBAL__N_123InferReturnTypesPattern15matchAndRewriteEPNS_9OperationERNS_15PatternRewriterE
FN:74,_ZN4mlir3hlo12_GLOBAL__N_128ReifyReturnTypeShapesPatternD0Ev
FNDA:224,_ZN4mlir3hlo12_GLOBAL__N_128ReifyReturnTypeShapesPatternD0Ev
FN:75,_ZN4mlir3hlo12_GLOBAL__N_128ReifyReturnTypeShapesPatternC2EPNS_11MLIRContextE
FNDA:224,_ZN4mlir3hlo12_GLOBAL__N_128ReifyReturnTypeShapesPatternC2EPNS_11MLIRContextE
FN:77,_ZNK4mlir3hlo12_GLOBAL__N_128ReifyReturnTypeShapesPattern15matchAndRewriteEPNS_9OperationERNS_15PatternRewriterE
FNDA:36,_ZNK4mlir3hlo12_GLOBAL__N_128ReifyReturnTypeShapesPattern15matchAndRewriteEPNS_9OperationERNS_15PatternRewriterE
FN:95,_ZN4mlir3hlo12_GLOBAL__N_116HloTestInferPassC2Ev
FNDA:336,_ZN4mlir3hlo12_GLOBAL__N_116HloTestInferPassC2Ev
FN:95,_ZN4mlir3hlo12_GLOBAL__N_116HloTestInferPassD0Ev
FNDA:21456,_ZN4mlir3hlo12_GLOBAL__N_116HloTestInferPassD0Ev
FN:95,_ZN4mlir3hlo12_GLOBAL__N_116HloTestInferPassC2ERKS2_
FNDA:21120,_ZN4mlir3hlo12_GLOBAL__N_116HloTestInferPassC2ERKS2_
FN:96,_ZN4mlir3hlo12_GLOBAL__N_116HloTestInferPass14runOnOperationEv
FNDA:224,_ZN4mlir3hlo12_GLOBAL__N_116HloTestInferPass14runOnOperationEv
FN:111,_ZN4mlir3hlo21registerAllTestPassesEv
FNDA:116,_ZN4mlir3hlo21registerAllTestPassesEv
DA:46,224
DA:47,224
DA:48,234
DA:49,234
DA:50,234
DA:51,234
DA:52,234
DA:53,234
DA:54,234
DA:55,234
DA:56,234
DA:57,234
DA:58,234
DA:59,0
DA:62,468
DA:63,234
DA:64,234
DA:65,234
DA:66,496
DA:67,524
DA:68,524
DA:69,234
DA:70,234
DA:71,234
DA:75,224
DA:76,224
DA:77,36
DA:78,36
DA:79,36
DA:80,36
DA:81,36
DA:82,36
DA:83,36
DA:84,36
DA:85,36
DA:86,2
DA:87,34
DA:88,34
DA:89,36
DA:96,224
DA:97,224
DA:98,224
DA:99,224
DA:100,224
DA:101,224
DA:102,0
DA:103,224
DA:111,116
end_of_record
