TN:
SF:/usr/local/google/home/gleasonk/Coding/openxla/stablehlo/stablehlo/reference/Index.h
FN:41,_ZN4mlir9stablehlo18IndexSpaceIteratorD2Ev
FNDA:14976,_ZN4mlir9stablehlo18IndexSpaceIteratorD2Ev
FN:44,_ZN4mlir9stablehlo18IndexSpaceIteratorC2EN4llvm8ArrayRefIlEESt8optionalINS2_11SmallVectorIlLj6EEEE
FNDA:30184,_ZN4mlir9stablehlo18IndexSpaceIteratorC2EN4llvm8ArrayRefIlEESt8optionalINS2_11SmallVectorIlLj6EEEE
FN:62,_ZN4mlir9stablehlo18IndexSpaceIteratoreqERKS1_
FNDA:13120,_ZN4mlir9stablehlo18IndexSpaceIteratoreqERKS1_
FN:65,_ZN4mlir9stablehlo18IndexSpaceIteratorneERKS1_
FNDA:13120,_ZN4mlir9stablehlo18IndexSpaceIteratorneERKS1_
DA:44,30184
DA:46,30184
DA:47,30184
DA:48,0
DA:51,30184
DA:62,13120
DA:63,13120
DA:65,13120
end_of_record
SF:/usr/local/google/home/gleasonk/Coding/openxla/stablehlo/stablehlo/reference/Errors.h
FN:29,_ZN4mlir9stablehlo15invalidArgumentIJPKcEEEN4llvm5ErrorES3_DpRKT_
FNDA:0,_ZN4mlir9stablehlo15invalidArgumentIJPKcEEEN4llvm5ErrorES3_DpRKT_
DA:29,0
DA:30,0
end_of_record
SF:/usr/local/google/home/gleasonk/Coding/openxla/stablehlo/stablehlo/reference/Tensor.h
FN:49,_ZN4mlir9stablehlo6detail6Buffer7getTypeEv
FNDA:103160,_ZN4mlir9stablehlo6detail6Buffer7getTypeEv
FN:52,_ZNK4mlir9stablehlo6detail6Buffer7getDataEv
FNDA:24536,_ZNK4mlir9stablehlo6detail6Buffer7getDataEv
FN:55,_ZN4mlir9stablehlo6detail6Buffer14getMutableDataEv
FNDA:11024,_ZN4mlir9stablehlo6detail6Buffer14getMutableDataEv
FN:80,_ZNK4mlir9stablehlo6Tensor7getTypeEv
FNDA:103160,_ZNK4mlir9stablehlo6Tensor7getTypeEv
DA:49,103160
DA:52,24536
DA:55,11024
DA:80,103160
end_of_record
SF:/usr/local/google/home/gleasonk/Coding/openxla/stablehlo/stablehlo/reference/Element.h
FN:33,_ZN4mlir9stablehlo7ElementD2Ev
FNDA:11264,_ZN4mlir9stablehlo7ElementD2Ev
FN:37,_ZN4mlir9stablehlo7ElementC2ENS_4TypeEN4llvm5APIntE
FNDA:11712,_ZN4mlir9stablehlo7ElementC2ENS_4TypeEN4llvm5APIntE
FN:38,_ZN4mlir9stablehlo7ElementC2ENS_4TypeEb
FNDA:1112,_ZN4mlir9stablehlo7ElementC2ENS_4TypeEb
FN:39,_ZN4mlir9stablehlo7ElementC2ENS_4TypeEN4llvm7APFloatE
FNDA:10368,_ZN4mlir9stablehlo7ElementC2ENS_4TypeEN4llvm7APFloatE
FN:40,_ZN4mlir9stablehlo7ElementC2ENS_4TypeESt7complexIN4llvm7APFloatEE
FNDA:0,_ZN4mlir9stablehlo7ElementC2ENS_4TypeESt7complexIN4llvm7APFloatEE
FN:125,_ZN4mlir9stablehlolsERN4llvm11raw_ostreamENS0_7ElementE
FNDA:11264,_ZN4mlir9stablehlolsERN4llvm11raw_ostreamENS0_7ElementE
DA:37,11712
DA:38,1112
DA:39,10368
DA:40,0
DA:41,0
DA:125,11264
DA:126,11264
DA:127,11264
end_of_record
SF:/usr/local/google/home/gleasonk/Coding/openxla/stablehlo/stablehlo/reference/Tensor.cpp
FN:32,_ZN4mlir9stablehlo12_GLOBAL__N_114getSizeInBytesENS_4TypeE
FNDA:41768,_ZN4mlir9stablehlo12_GLOBAL__N_114getSizeInBytesENS_4TypeE
FN:49,_ZN4mlir9stablehlo12_GLOBAL__N_112flattenIndexEN4llvm8ArrayRefIlEES4_
FNDA:35560,_ZN4mlir9stablehlo12_GLOBAL__N_112flattenIndexEN4llvm8ArrayRefIlEES4_
FN:78,_ZN4mlir9stablehlo6detail6BufferC2ENS_10ShapedTypeE
FNDA:1976,_ZN4mlir9stablehlo6detail6BufferC2ENS_10ShapedTypeE
FN:83,_ZN4mlir9stablehlo6detail6BufferC2ENS_10ShapedTypeENS_15AsmResourceBlobE
FNDA:2688,_ZN4mlir9stablehlo6detail6BufferC2ENS_10ShapedTypeENS_15AsmResourceBlobE
FN:88,_ZN4mlir9stablehlo6TensorC2Ev
FNDA:5016,_ZN4mlir9stablehlo6TensorC2Ev
FN:90,_ZN4mlir9stablehlo6TensorC2ENS_10ShapedTypeE
FNDA:1976,_ZN4mlir9stablehlo6TensorC2ENS_10ShapedTypeE
FN:93,_ZN4mlir9stablehlo6TensorC2ENS_10ShapedTypeENS_15AsmResourceBlobE
FNDA:2688,_ZN4mlir9stablehlo6TensorC2ENS_10ShapedTypeENS_15AsmResourceBlobE
FN:96,_ZNK4mlir9stablehlo6Tensor14getNumElementsEv
FNDA:0,_ZNK4mlir9stablehlo6Tensor14getNumElementsEv
FN:98,_ZNK4mlir9stablehlo6Tensor3getEN4llvm8ArrayRefIlEE
FNDA:24536,_ZNK4mlir9stablehlo6Tensor3getEN4llvm8ArrayRefIlEE
FN:205,_ZN4mlir9stablehlo6Tensor3setEN4llvm8ArrayRefIlEERKNS0_7ElementE
FNDA:11024,_ZN4mlir9stablehlo6Tensor3setEN4llvm8ArrayRefIlEERKNS0_7ElementE
FN:328,_ZNK4mlir9stablehlo6Tensor11index_beginEv
FNDA:3968,_ZNK4mlir9stablehlo6Tensor11index_beginEv
FN:331,_ZZNK4mlir9stablehlo6Tensor11index_beginEvENK4$_14clEl
FNDA:4320,_ZZNK4mlir9stablehlo6Tensor11index_beginEvENK4$_14clEl
FN:338,_ZNK4mlir9stablehlo6Tensor9index_endEv
FNDA:26216,_ZNK4mlir9stablehlo6Tensor9index_endEv
FN:343,_ZNK4mlir9stablehlo6Tensor5printERN4llvm11raw_ostreamE
FNDA:1856,_ZNK4mlir9stablehlo6Tensor5printERN4llvm11raw_ostreamE
FN:353,_ZNK4mlir9stablehlo6Tensor4dumpEv
FNDA:0,_ZNK4mlir9stablehlo6Tensor4dumpEv
FN:355,_ZN4mlir9stablehlo10makeTensorENS_17DenseElementsAttrE
FNDA:2688,_ZN4mlir9stablehlo10makeTensorENS_17DenseElementsAttrE
FN:362,_ZZN4mlir9stablehlo10makeTensorENS_17DenseElementsAttrEENK3$_0clEN4llvm7APFloatE
FNDA:2928,_ZZN4mlir9stablehlo10makeTensorENS_17DenseElementsAttrEENK3$_0clEN4llvm7APFloatE
FN:376,_ZZN4mlir9stablehlo10makeTensorENS_17DenseElementsAttrEENK3$_1clEN4llvm7APFloatE
FNDA:1464,_ZZN4mlir9stablehlo10makeTensorENS_17DenseElementsAttrEENK3$_1clEN4llvm7APFloatE
FN:384,_ZZN4mlir9stablehlo10makeTensorENS_17DenseElementsAttrEENK3$_2clEN4llvm7APFloatE
FNDA:1464,_ZZN4mlir9stablehlo10makeTensorENS_17DenseElementsAttrEENK3$_2clEN4llvm7APFloatE
FN:393,_ZZN4mlir9stablehlo10makeTensorENS_17DenseElementsAttrEENK3$_3clEN4llvm5APIntE
FNDA:1232,_ZZN4mlir9stablehlo10makeTensorENS_17DenseElementsAttrEENK3$_3clEN4llvm5APIntE
FN:401,_ZZN4mlir9stablehlo10makeTensorENS_17DenseElementsAttrEENK3$_4clEN4llvm5APIntE
FNDA:648,_ZZN4mlir9stablehlo10makeTensorENS_17DenseElementsAttrEENK3$_4clEN4llvm5APIntE
FN:409,_ZZN4mlir9stablehlo10makeTensorENS_17DenseElementsAttrEENK3$_5clEN4llvm5APIntE
FNDA:1128,_ZZN4mlir9stablehlo10makeTensorENS_17DenseElementsAttrEENK3$_5clEN4llvm5APIntE
FN:417,_ZZN4mlir9stablehlo10makeTensorENS_17DenseElementsAttrEENK3$_6clEN4llvm5APIntE
FNDA:1248,_ZZN4mlir9stablehlo10makeTensorENS_17DenseElementsAttrEENK3$_6clEN4llvm5APIntE
FN:426,_ZZN4mlir9stablehlo10makeTensorENS_17DenseElementsAttrEENK3$_7clEN4llvm5APIntE
FNDA:736,_ZZN4mlir9stablehlo10makeTensorENS_17DenseElementsAttrEENK3$_7clEN4llvm5APIntE
FN:434,_ZZN4mlir9stablehlo10makeTensorENS_17DenseElementsAttrEENK3$_8clEN4llvm5APIntE
FNDA:376,_ZZN4mlir9stablehlo10makeTensorENS_17DenseElementsAttrEENK3$_8clEN4llvm5APIntE
FN:443,_ZZN4mlir9stablehlo10makeTensorENS_17DenseElementsAttrEENK3$_9clEN4llvm5APIntE
FNDA:376,_ZZN4mlir9stablehlo10makeTensorENS_17DenseElementsAttrEENK3$_9clEN4llvm5APIntE
FN:452,_ZZN4mlir9stablehlo10makeTensorENS_17DenseElementsAttrEENK4$_10clEN4llvm5APIntE
FNDA:376,_ZZN4mlir9stablehlo10makeTensorENS_17DenseElementsAttrEENK4$_10clEN4llvm5APIntE
FN:462,_ZZN4mlir9stablehlo10makeTensorENS_17DenseElementsAttrEENK4$_11clEb
FNDA:672,_ZZN4mlir9stablehlo10makeTensorENS_17DenseElementsAttrEENK4$_11clEb
FN:473,_ZZN4mlir9stablehlo10makeTensorENS_17DenseElementsAttrEENK4$_12clESt7complexIN4llvm7APFloatEE
FNDA:304,_ZZN4mlir9stablehlo10makeTensorENS_17DenseElementsAttrEENK4$_12clESt7complexIN4llvm7APFloatEE
FN:485,_ZZN4mlir9stablehlo10makeTensorENS_17DenseElementsAttrEENK4$_13clESt7complexIN4llvm7APFloatEE
FNDA:304,_ZZN4mlir9stablehlo10makeTensorENS_17DenseElementsAttrEENK4$_13clESt7complexIN4llvm7APFloatEE
DA:32,41768
DA:33,41768
DA:34,3952
DA:35,1976
DA:37,39792
DA:38,37536
DA:40,2256
DA:41,2256
DA:43,0
DA:44,0
DA:45,41768
DA:49,35560
DA:50,35560
DA:51,0
DA:54,35560
DA:55,35560
DA:61,34432
DA:62,34432
DA:63,44176
DA:64,9744
DA:70,78608
DA:71,34432
DA:72,35560
DA:78,3952
DA:79,1976
DA:80,1976
DA:81,3952
DA:83,5376
DA:84,5376
DA:88,5016
DA:90,1976
DA:91,1976
DA:93,2688
DA:94,2688
DA:96,0
DA:98,24536
DA:99,24536
DA:100,49072
DA:101,49072
DA:102,24536
DA:105,24536
DA:106,2592
DA:107,5184
DA:108,2592
DA:109,2592
DA:111,21944
DA:112,2592
DA:113,5184
DA:114,2592
DA:115,2592
DA:117,19352
DA:118,2592
DA:119,2592
DA:120,2592
DA:122,16760
DA:123,2592
DA:124,2592
DA:125,2592
DA:132,14168
DA:133,11712
DA:135,11712
DA:136,2256
DA:137,4512
DA:138,2256
DA:139,11712
DA:140,1176
DA:141,2352
DA:142,1176
DA:143,9456
DA:144,2232
DA:145,4464
DA:146,2232
DA:147,8280
DA:148,2904
DA:149,5808
DA:150,2904
DA:151,6048
DA:152,2616
DA:153,1128
DA:154,2256
DA:155,1128
DA:156,3144
DA:157,576
DA:158,1152
DA:159,576
DA:160,2016
DA:161,576
DA:162,1152
DA:163,576
DA:164,1440
DA:165,864
DA:166,1728
DA:167,864
DA:168,864
DA:169,11712
DA:172,2456
DA:173,1112
DA:174,1112
DA:175,592
DA:177,0
DA:178,1112
DA:181,1344
DA:182,1344
DA:184,1344
DA:185,1344
DA:186,672
DA:187,1344
DA:188,1344
DA:189,672
DA:190,672
DA:192,672
DA:193,1344
DA:194,672
DA:195,1344
DA:196,1344
DA:197,672
DA:198,672
DA:199,1344
DA:201,0
DA:202,0
DA:203,24536
DA:205,11024
DA:206,11024
DA:207,22048
DA:208,22048
DA:209,11024
DA:212,11024
DA:213,2256
DA:214,2256
DA:215,2256
DA:217,2256
DA:219,8768
DA:220,1128
DA:221,1128
DA:222,1128
DA:224,1128
DA:226,7640
DA:227,1128
DA:228,1128
DA:229,1128
DA:231,1128
DA:238,6512
DA:239,1024
DA:240,1024
DA:241,1024
DA:243,1024
DA:245,5488
DA:246,528
DA:247,528
DA:248,528
DA:250,528
DA:252,4960
DA:253,1104
DA:254,1104
DA:255,1104
DA:257,1104
DA:259,3856
DA:260,1400
DA:261,1400
DA:262,1400
DA:264,1400
DA:267,2456
DA:268,392
DA:269,392
DA:270,392
DA:272,392
DA:274,2064
DA:275,200
DA:276,200
DA:277,200
DA:279,200
DA:281,1864
DA:282,200
DA:283,200
DA:284,200
DA:286,200
DA:288,1664
DA:289,488
DA:290,488
DA:291,488
DA:293,488
DA:296,1176
DA:297,440
DA:298,440
DA:299,440
DA:301,440
DA:304,736
DA:305,736
DA:306,736
DA:308,736
DA:309,368
DA:310,736
DA:311,368
DA:313,368
DA:315,368
DA:316,368
DA:317,368
DA:318,736
DA:319,368
DA:321,368
DA:322,736
DA:324,0
DA:325,0
DA:326,11024
DA:328,3968
DA:329,3968
DA:331,8288
DA:332,16
DA:334,3952
DA:335,3952
DA:336,3968
DA:338,26216
DA:339,26216
DA:340,26216
DA:341,26216
DA:343,1856
DA:344,1856
DA:345,1856
DA:347,13120
DA:348,11264
DA:350,1856
DA:351,1856
DA:353,0
DA:355,2688
DA:356,2688
DA:357,2688
DA:360,2688
DA:361,544
DA:362,3200
DA:363,2928
DA:368,272
DA:369,272
DA:370,272
DA:371,272
DA:373,2416
DA:374,272
DA:375,136
DA:376,1464
DA:377,272
DA:378,136
DA:379,136
DA:381,2280
DA:382,272
DA:383,136
DA:384,1464
DA:385,272
DA:386,136
DA:387,136
DA:390,2144
DA:391,640
DA:392,320
DA:393,1232
DA:394,640
DA:395,320
DA:396,320
DA:398,1824
DA:399,304
DA:400,152
DA:401,648
DA:402,304
DA:403,152
DA:404,152
DA:406,1672
DA:407,416
DA:408,208
DA:409,1128
DA:410,416
DA:411,208
DA:412,208
DA:414,1464
DA:415,496
DA:416,248
DA:417,1248
DA:418,496
DA:419,248
DA:420,248
DA:423,1216
DA:424,576
DA:425,288
DA:426,736
DA:427,576
DA:428,288
DA:429,288
DA:431,928
DA:432,304
DA:433,152
DA:434,376
DA:435,152
DA:436,152
DA:437,152
DA:438,152
DA:440,776
DA:441,304
DA:442,152
DA:443,376
DA:444,152
DA:445,152
DA:446,152
DA:447,152
DA:449,624
DA:450,304
DA:451,152
DA:452,376
DA:453,152
DA:454,152
DA:455,152
DA:456,152
DA:459,472
DA:460,464
DA:461,232
DA:462,672
DA:463,464
DA:464,232
DA:465,232
DA:468,240
DA:469,240
DA:470,240
DA:471,240
DA:472,120
DA:473,304
DA:474,608
DA:475,304
DA:477,120
DA:478,120
DA:479,120
DA:480,120
DA:481,120
DA:482,120
DA:483,240
DA:484,120
DA:485,304
DA:486,608
DA:487,304
DA:489,120
DA:490,120
DA:491,120
DA:492,120
DA:493,120
DA:494,240
DA:496,0
DA:497,0
DA:498,2688
end_of_record
TN:
SF:/usr/local/google/home/gleasonk/Coding/openxla/stablehlo/stablehlo/reference/Ops.cpp
FN:36,_ZN4mlir9stablehlo12_GLOBAL__N_17permuteEN4llvm8ArrayRefIlEES4_
FNDA:384,_ZN4mlir9stablehlo12_GLOBAL__N_17permuteEN4llvm8ArrayRefIlEES4_
FN:42,_ZN4mlir9stablehlo12_GLOBAL__N_110addIndicesEN4llvm8ArrayRefIlEES4_
FNDA:48,_ZN4mlir9stablehlo12_GLOBAL__N_110addIndicesEN4llvm8ArrayRefIlEES4_
FN:51,_ZN4mlir9stablehlo9evalAddOpERKNS0_6TensorES3_NS_4TypeE
FNDA:232,_ZN4mlir9stablehlo9evalAddOpERKNS0_6TensorES3_NS_4TypeE
FN:58,_ZN4mlir9stablehlo9evalAndOpERKNS0_6TensorES3_NS_4TypeE
FNDA:104,_ZN4mlir9stablehlo9evalAndOpERKNS0_6TensorES3_NS_4TypeE
FN:65,_ZN4mlir9stablehlo20evalBroadcastInDimOpERKNS0_6TensorEN4llvm8ArrayRefIlEENS_4TypeE
FNDA:8,_ZN4mlir9stablehlo20evalBroadcastInDimOpERKNS0_6TensorEN4llvm8ArrayRefIlEENS_4TypeE
FN:81,_ZN4mlir9stablehlo10evalCeilOpERKNS0_6TensorENS_4TypeE
FNDA:32,_ZN4mlir9stablehlo10evalCeilOpERKNS0_6TensorENS_4TypeE
FN:88,_ZN4mlir9stablehlo14evalConstantOpENS_12ElementsAttrE
FNDA:2688,_ZN4mlir9stablehlo14evalConstantOpENS_12ElementsAttrE
FN:94,_ZN4mlir9stablehlo13evalConvertOpERKNS0_6TensorENS_4TypeE
FNDA:88,_ZN4mlir9stablehlo13evalConvertOpERKNS0_6TensorENS_4TypeE
FN:103,_ZN4mlir9stablehlo12evalCosineOpERKNS0_6TensorENS_4TypeE
FNDA:48,_ZN4mlir9stablehlo12evalCosineOpERKNS0_6TensorENS_4TypeE
FN:110,_ZN4mlir9stablehlo24evalDynamicUpdateSliceOpERKNS0_6TensorES3_N4llvm8ArrayRefIS1_EENS_4TypeE
FNDA:8,_ZN4mlir9stablehlo24evalDynamicUpdateSliceOpERKNS0_6TensorES3_N4llvm8ArrayRefIS1_EENS_4TypeE
FN:131,_ZN4mlir9stablehlo11evalFloorOpERKNS0_6TensorENS_4TypeE
FNDA:32,_ZN4mlir9stablehlo11evalFloorOpERKNS0_6TensorENS_4TypeE
FN:138,_ZN4mlir9stablehlo10evalIotaOpElNS_4TypeE
FNDA:200,_ZN4mlir9stablehlo10evalIotaOpElNS_4TypeE
FN:174,_ZN4mlir9stablehlo9evalMaxOpERKNS0_6TensorES3_NS_4TypeE
FNDA:136,_ZN4mlir9stablehlo9evalMaxOpERKNS0_6TensorES3_NS_4TypeE
FN:181,_ZN4mlir9stablehlo9evalMinOpERKNS0_6TensorES3_NS_4TypeE
FNDA:136,_ZN4mlir9stablehlo9evalMinOpERKNS0_6TensorES3_NS_4TypeE
FN:188,_ZN4mlir9stablehlo14evalMultiplyOpERKNS0_6TensorES3_NS_4TypeE
FNDA:120,_ZN4mlir9stablehlo14evalMultiplyOpERKNS0_6TensorES3_NS_4TypeE
FN:195,_ZN4mlir9stablehlo9evalNegOpERKNS0_6TensorENS_4TypeE
FNDA:128,_ZN4mlir9stablehlo9evalNegOpERKNS0_6TensorENS_4TypeE
FN:202,_ZN4mlir9stablehlo9evalNotOpERKNS0_6TensorENS_4TypeE
FNDA:104,_ZN4mlir9stablehlo9evalNotOpERKNS0_6TensorENS_4TypeE
FN:209,_ZN4mlir9stablehlo8evalOrOpERKNS0_6TensorES3_NS_4TypeE
FNDA:104,_ZN4mlir9stablehlo8evalOrOpERKNS0_6TensorES3_NS_4TypeE
FN:216,_ZN4mlir9stablehlo9evalPadOpERKNS0_6TensorES3_N4llvm8ArrayRefIlEES6_NS_4TypeE
FNDA:8,_ZN4mlir9stablehlo9evalPadOpERKNS0_6TensorES3_N4llvm8ArrayRefIlEES6_NS_4TypeE
FN:235,_ZN4mlir9stablehlo13evalReshapeOpERKNS0_6TensorENS_4TypeE
FNDA:32,_ZN4mlir9stablehlo13evalReshapeOpERKNS0_6TensorENS_4TypeE
FN:243,_ZN4mlir9stablehlo13evalReverseOpERKNS0_6TensorEN4llvm8ArrayRefIlEENS_4TypeE
FNDA:8,_ZN4mlir9stablehlo13evalReverseOpERKNS0_6TensorEN4llvm8ArrayRefIlEENS_4TypeE
FN:257,_ZN4mlir9stablehlo10evalSineOpERKNS0_6TensorENS_4TypeE
FNDA:48,_ZN4mlir9stablehlo10evalSineOpERKNS0_6TensorENS_4TypeE
FN:264,_ZN4mlir9stablehlo11evalSliceOpERKNS0_6TensorEN4llvm8ArrayRefIlEES6_NS_4TypeE
FNDA:8,_ZN4mlir9stablehlo11evalSliceOpERKNS0_6TensorEN4llvm8ArrayRefIlEES6_NS_4TypeE
FN:277,_ZN4mlir9stablehlo14evalSubtractOpERKNS0_6TensorES3_NS_4TypeE
FNDA:208,_ZN4mlir9stablehlo14evalSubtractOpERKNS0_6TensorES3_NS_4TypeE
FN:284,_ZN4mlir9stablehlo10evalTanhOpERKNS0_6TensorENS_4TypeE
FNDA:48,_ZN4mlir9stablehlo10evalTanhOpERKNS0_6TensorENS_4TypeE
FN:291,_ZN4mlir9stablehlo15evalTransposeOpERKNS0_6TensorEN4llvm8ArrayRefIlEENS_4TypeE
FNDA:32,_ZN4mlir9stablehlo15evalTransposeOpERKNS0_6TensorEN4llvm8ArrayRefIlEENS_4TypeE
FN:302,_ZN4mlir9stablehlo11evalWhileOpEN4llvm8ArrayRefINS0_6TensorEEERNS_6RegionES6_RNS0_5ScopeE
FNDA:8,_ZN4mlir9stablehlo11evalWhileOpEN4llvm8ArrayRefINS0_6TensorEEERNS_6RegionES6_RNS0_5ScopeE
FN:320,_ZN4mlir9stablehlo9evalXorOpERKNS0_6TensorES3_NS_4TypeE
FNDA:104,_ZN4mlir9stablehlo9evalXorOpERKNS0_6TensorES3_NS_4TypeE
FN:327,_ZN4mlir9stablehlo4evalERNS_6RegionEN4llvm8ArrayRefINS0_6TensorEEEPNS0_5ScopeE
FNDA:2024,_ZN4mlir9stablehlo4evalERNS_6RegionEN4llvm8ArrayRefINS0_6TensorEEEPNS0_5ScopeE
DA:36,384
DA:37,384
DA:38,1536
DA:39,384
DA:40,384
DA:42,48
DA:43,48
DA:44,144
DA:45,288
DA:46,48
DA:47,48
DA:51,232
DA:52,232
DA:53,1016
DA:54,784
DA:55,232
DA:56,232
DA:58,104
DA:59,104
DA:60,408
DA:61,304
DA:62,104
DA:63,104
DA:65,8
DA:67,8
DA:68,8
DA:69,8
DA:70,104
DA:71,96
DA:72,96
DA:73,288
DA:74,384
DA:75,192
DA:76,96
DA:77,96
DA:78,8
DA:79,8
DA:81,32
DA:82,32
DA:83,320
DA:84,288
DA:85,32
DA:86,32
DA:88,2688
DA:89,2688
DA:94,88
DA:95,88
DA:96,88
DA:97,176
DA:98,176
DA:99,88
DA:100,88
DA:101,88
DA:103,48
DA:104,48
DA:105,432
DA:106,384
DA:107,48
DA:108,48
DA:110,8
DA:112,8
DA:113,8
DA:114,8
DA:115,8
DA:116,8
DA:117,24
DA:118,32
DA:119,16
DA:120,16
DA:121,136
DA:122,128
DA:123,128
DA:124,56
DA:125,48
DA:126,96
DA:127,48
DA:128,8
DA:129,8
DA:131,32
DA:132,32
DA:133,320
DA:134,288
DA:135,32
DA:136,32
DA:138,200
DA:139,200
DA:140,200
DA:141,2600
DA:142,2400
DA:143,2400
DA:144,1920
DA:145,960
DA:146,2400
DA:147,576
DA:148,288
DA:149,1440
DA:150,768
DA:151,768
DA:152,768
DA:154,768
DA:155,1152
DA:156,384
DA:157,384
DA:158,384
DA:159,384
DA:160,384
DA:161,384
DA:163,384
DA:165,384
DA:166,384
DA:167,0
DA:168,0
DA:170,2400
DA:171,200
DA:172,200
DA:174,136
DA:175,136
DA:176,864
DA:177,728
DA:178,136
DA:179,136
DA:181,136
DA:182,136
DA:183,864
DA:184,728
DA:185,136
DA:186,136
DA:188,120
DA:189,120
DA:190,768
DA:191,648
DA:192,120
DA:193,120
DA:195,128
DA:196,128
DA:197,832
DA:198,704
DA:199,128
DA:200,128
DA:202,104
DA:203,104
DA:204,376
DA:205,272
DA:206,104
DA:207,104
DA:209,104
DA:210,104
DA:211,408
DA:212,304
DA:213,104
DA:214,104
DA:216,8
DA:218,8
DA:219,8
DA:220,288
DA:221,280
DA:222,280
DA:223,168
DA:224,160
DA:225,160
DA:226,480
DA:227,320
DA:228,320
DA:229,160
DA:230,80
DA:231,160
DA:232,8
DA:233,8
DA:235,32
DA:236,32
DA:237,224
DA:238,224
DA:239,192
DA:240,32
DA:241,32
DA:243,8
DA:244,8
DA:245,8
DA:246,8
DA:247,56
DA:248,48
DA:249,48
DA:250,144
DA:251,96
DA:252,48
DA:253,48
DA:254,8
DA:255,8
DA:257,48
DA:258,48
DA:259,432
DA:260,384
DA:261,48
DA:262,48
DA:264,8
DA:265,8
DA:266,8
DA:267,40
DA:268,32
DA:269,32
DA:270,96
DA:271,64
DA:272,32
DA:273,32
DA:274,8
DA:275,8
DA:277,208
DA:278,208
DA:279,952
DA:280,744
DA:281,208
DA:282,208
DA:284,48
DA:285,48
DA:286,432
DA:287,384
DA:288,48
DA:289,48
DA:291,32
DA:292,32
DA:293,32
DA:294,416
DA:295,384
DA:296,384
DA:297,384
DA:298,384
DA:299,32
DA:300,32
DA:302,8
DA:303,8
DA:304,8
DA:306,8
DA:307,8
DA:308,0
DA:310,88
DA:311,80
DA:312,80
DA:313,80
DA:314,0
DA:317,8
DA:318,8
DA:320,104
DA:321,104
DA:322,408
DA:323,304
DA:324,104
DA:325,104
DA:327,2024
DA:328,2024
DA:329,2024
DA:330,0
DA:332,0
DA:334,2024
DA:335,2024
DA:337,8720
DA:338,13392
DA:339,232
DA:340,232
DA:341,232
DA:342,232
DA:343,13160
DA:344,104
DA:345,104
DA:346,104
DA:347,104
DA:348,12824
DA:349,8
DA:350,16
DA:351,8
DA:352,16
DA:353,8
DA:354,8
DA:355,12712
DA:356,32
DA:357,32
DA:358,32
DA:359,12672
DA:360,2688
DA:361,2688
DA:362,9952
DA:363,88
DA:364,88
DA:365,88
DA:366,7176
DA:367,48
DA:368,48
DA:369,48
DA:370,7040
DA:371,8
DA:372,8
DA:373,8
DA:374,8
DA:375,16
DA:376,8
DA:377,8
DA:378,8
DA:379,6984
DA:380,32
DA:381,32
DA:382,32
DA:383,6944
DA:384,200
DA:385,200
DA:386,200
DA:387,6712
DA:388,136
DA:389,136
DA:390,136
DA:391,136
DA:392,6376
DA:393,136
DA:394,136
DA:395,136
DA:396,136
DA:397,6104
DA:398,120
DA:399,120
DA:400,120
DA:401,120
DA:402,120
DA:403,5848
DA:404,128
DA:405,128
DA:406,128
DA:407,5600
DA:408,104
DA:409,104
DA:410,104
DA:411,5368
DA:412,104
DA:413,104
DA:414,104
DA:415,104
DA:416,5160
DA:417,8
DA:418,8
DA:419,8
DA:420,8
DA:421,8
DA:422,8
DA:423,8
DA:424,16
DA:425,8
DA:426,8
DA:427,5040
DA:428,16
DA:429,8
DA:430,8
DA:431,16
DA:432,8
DA:433,8
DA:434,5032
DA:435,32
DA:436,32
DA:437,32
DA:438,4992
DA:439,8
DA:440,8
DA:441,8
DA:442,8
DA:443,8
DA:444,8
DA:445,3096
DA:446,1856
DA:447,1064
DA:448,168
DA:449,896
DA:450,48
DA:451,48
DA:452,48
DA:453,848
DA:454,8
DA:455,8
DA:456,8
DA:457,8
DA:458,8
DA:459,8
DA:460,8
DA:461,792
DA:462,208
DA:463,208
DA:464,208
DA:465,208
DA:466,208
DA:467,576
DA:468,48
DA:469,48
DA:470,48
DA:471,320
DA:472,32
DA:473,32
DA:474,32
DA:475,32
DA:476,32
DA:477,32
DA:478,240
DA:479,104
DA:480,104
DA:481,104
DA:482,104
DA:483,104
DA:484,0
DA:485,0
DA:487,6696
DA:489,0
DA:490,2024
end_of_record
SF:/usr/local/google/home/gleasonk/Coding/openxla/stablehlo/stablehlo/reference/Index.h
FN:41,_ZN4mlir9stablehlo18IndexSpaceIteratorD2Ev
FNDA:15208,_ZN4mlir9stablehlo18IndexSpaceIteratorD2Ev
FN:62,_ZN4mlir9stablehlo18IndexSpaceIteratoreqERKS1_
FNDA:13096,_ZN4mlir9stablehlo18IndexSpaceIteratoreqERKS1_
FN:65,_ZN4mlir9stablehlo18IndexSpaceIteratorneERKS1_
FNDA:13096,_ZN4mlir9stablehlo18IndexSpaceIteratorneERKS1_
DA:62,13096
DA:63,13096
DA:65,13096
end_of_record
SF:/usr/local/google/home/gleasonk/Coding/openxla/stablehlo/stablehlo/reference/Tensor.h
FN:36,_ZN4mlir9stablehlo6detail6BufferD2Ev
FNDA:0,_ZN4mlir9stablehlo6detail6BufferD2Ev
FN:49,_ZN4mlir9stablehlo6detail6Buffer7getTypeEv
FNDA:1216,_ZN4mlir9stablehlo6detail6Buffer7getTypeEv
FN:66,_ZN4mlir9stablehlo6TensorD2Ev
FNDA:17280,_ZN4mlir9stablehlo6TensorD2Ev
FN:73,_ZN4mlir9stablehlo6TensorC2ERKS1_
FNDA:4680,_ZN4mlir9stablehlo6TensorC2ERKS1_
FN:77,_ZN4mlir9stablehlo6TensoraSERKS1_
FNDA:5256,_ZN4mlir9stablehlo6TensoraSERKS1_
FN:80,_ZNK4mlir9stablehlo6Tensor7getTypeEv
FNDA:1216,_ZNK4mlir9stablehlo6Tensor7getTypeEv
DA:49,1216
DA:73,4680
DA:77,5256
DA:80,1216
end_of_record
SF:/usr/local/google/home/gleasonk/Coding/openxla/stablehlo/stablehlo/reference/Element.h
FN:33,_ZN4mlir9stablehlo7ElementD2Ev
FNDA:23008,_ZN4mlir9stablehlo7ElementD2Ev
FN:37,_ZN4mlir9stablehlo7ElementC2ENS_4TypeEN4llvm5APIntE
FNDA:1248,_ZN4mlir9stablehlo7ElementC2ENS_4TypeEN4llvm5APIntE
FN:38,_ZN4mlir9stablehlo7ElementC2ENS_4TypeEb
FNDA:88,_ZN4mlir9stablehlo7ElementC2ENS_4TypeEb
FN:39,_ZN4mlir9stablehlo7ElementC2ENS_4TypeEN4llvm7APFloatE
FNDA:768,_ZN4mlir9stablehlo7ElementC2ENS_4TypeEN4llvm7APFloatE
FN:40,_ZN4mlir9stablehlo7ElementC2ENS_4TypeESt7complexIN4llvm7APFloatEE
FNDA:2080,_ZN4mlir9stablehlo7ElementC2ENS_4TypeESt7complexIN4llvm7APFloatEE
DA:37,1248
DA:38,88
DA:39,768
DA:40,2080
DA:41,2080
end_of_record
SF:/usr/local/google/home/gleasonk/Coding/openxla/stablehlo/stablehlo/reference/Scope.h
FN:28,_ZN4mlir9stablehlo5ScopeD2Ev
FNDA:2024,_ZN4mlir9stablehlo5ScopeD2Ev
FN:30,_ZN4mlir9stablehlo5ScopeC2EPS1_
FNDA:2024,_ZN4mlir9stablehlo5ScopeC2EPS1_
DA:30,2024
end_of_record
SF:/usr/local/google/home/gleasonk/Coding/openxla/stablehlo/stablehlo/reference/Errors.h
FN:29,_ZN4mlir9stablehlo15invalidArgumentIJPKcEEEN4llvm5ErrorES3_DpRKT_
FNDA:0,_ZN4mlir9stablehlo15invalidArgumentIJPKcEEEN4llvm5ErrorES3_DpRKT_
FN:29,_ZN4mlir9stablehlo15invalidArgumentIJmEEEN4llvm5ErrorEPKcDpRKT_
FNDA:0,_ZN4mlir9stablehlo15invalidArgumentIJmEEEN4llvm5ErrorEPKcDpRKT_
DA:29,0
DA:30,0
end_of_record
TN:
SF:/usr/local/google/home/gleasonk/Coding/openxla/stablehlo/stablehlo/reference/Element.h
FN:37,_ZN4mlir9stablehlo7ElementC2ENS_4TypeEN4llvm5APIntE
FNDA:2800,_ZN4mlir9stablehlo7ElementC2ENS_4TypeEN4llvm5APIntE
FN:38,_ZN4mlir9stablehlo7ElementC2ENS_4TypeEb
FNDA:352,_ZN4mlir9stablehlo7ElementC2ENS_4TypeEb
FN:39,_ZN4mlir9stablehlo7ElementC2ENS_4TypeEN4llvm7APFloatE
FNDA:3744,_ZN4mlir9stablehlo7ElementC2ENS_4TypeEN4llvm7APFloatE
FN:40,_ZN4mlir9stablehlo7ElementC2ENS_4TypeESt7complexIN4llvm7APFloatEE
FNDA:0,_ZN4mlir9stablehlo7ElementC2ENS_4TypeESt7complexIN4llvm7APFloatEE
FN:50,_ZNK4mlir9stablehlo7Element7getTypeEv
FNDA:16896,_ZNK4mlir9stablehlo7Element7getTypeEv
DA:37,2800
DA:38,352
DA:39,3744
DA:40,0
DA:41,0
DA:50,16896
end_of_record
SF:/usr/local/google/home/gleasonk/Coding/openxla/stablehlo/stablehlo/reference/Errors.h
FN:29,_ZN4mlir9stablehlo15invalidArgumentIJPKcS3_EEEN4llvm5ErrorES3_DpRKT_
FNDA:0,_ZN4mlir9stablehlo15invalidArgumentIJPKcS3_EEEN4llvm5ErrorES3_DpRKT_
FN:29,_ZN4mlir9stablehlo15invalidArgumentIJPKcEEEN4llvm5ErrorES3_DpRKT_
FNDA:0,_ZN4mlir9stablehlo15invalidArgumentIJPKcEEEN4llvm5ErrorES3_DpRKT_
DA:29,0
DA:30,0
end_of_record
SF:/usr/local/google/home/gleasonk/Coding/openxla/stablehlo/stablehlo/reference/Element.cpp
FN:35,_ZN4mlir9stablehlo12_GLOBAL__N_13mapIZNKS0_7ElementngEvE4$_12ZNKS3_ngEvE4$_13ZNKS3_ngEvE4$_14ZNKS3_ngEvE4$_15EES3_RKS3_T_T0_T1_T2_
FNDA:704,_ZN4mlir9stablehlo12_GLOBAL__N_13mapIZNKS0_7ElementngEvE4$_12ZNKS3_ngEvE4$_13ZNKS3_ngEvE4$_14ZNKS3_ngEvE4$_15EES3_RKS3_T_T0_T1_T2_
FN:35,_ZN4mlir9stablehlo12_GLOBAL__N_13mapIZNKS0_7ElementcoEvE4$_28ZNKS3_coEvE4$_29ZNKS3_coEvE4$_30ZNKS3_coEvE4$_31EES3_RKS3_T_T0_T1_T2_
FNDA:272,_ZN4mlir9stablehlo12_GLOBAL__N_13mapIZNKS0_7ElementcoEvE4$_28ZNKS3_coEvE4$_29ZNKS3_coEvE4$_30ZNKS3_coEvE4$_31EES3_RKS3_T_T0_T1_T2_
FN:66,_ZN4mlir9stablehlo12_GLOBAL__N_13mapIZNKS0_7ElementanERKS3_E3$_0ZNKS3_anES5_E3$_1ZNKS3_anES5_E3$_2ZNKS3_anES5_E3$_3EES3_S5_S5_T_T0_T1_T2_
FNDA:304,_ZN4mlir9stablehlo12_GLOBAL__N_13mapIZNKS0_7ElementanERKS3_E3$_0ZNKS3_anES5_E3$_1ZNKS3_anES5_E3$_2ZNKS3_anES5_E3$_3EES3_S5_S5_T_T0_T1_T2_
FN:66,_ZN4mlir9stablehlo12_GLOBAL__N_13mapIZNKS0_7ElementplERKS3_E3$_4ZNKS3_plES5_E3$_5ZNKS3_plES5_E3$_6ZNKS3_plES5_E3$_7EES3_S5_S5_T_T0_T1_T2_
FNDA:784,_ZN4mlir9stablehlo12_GLOBAL__N_13mapIZNKS0_7ElementplERKS3_E3$_4ZNKS3_plES5_E3$_5ZNKS3_plES5_E3$_6ZNKS3_plES5_E3$_7EES3_S5_S5_T_T0_T1_T2_
FN:66,_ZN4mlir9stablehlo12_GLOBAL__N_13mapIZNKS0_7ElementmlERKS3_E3$_8ZNKS3_mlES5_E3$_9ZNKS3_mlES5_E4$_10ZNKS3_mlES5_E4$_11EES3_S5_S5_T_T0_T1_T2_
FNDA:648,_ZN4mlir9stablehlo12_GLOBAL__N_13mapIZNKS0_7ElementmlERKS3_E3$_8ZNKS3_mlES5_E3$_9ZNKS3_mlES5_E4$_10ZNKS3_mlES5_E4$_11EES3_S5_S5_T_T0_T1_T2_
FN:66,_ZN4mlir9stablehlo12_GLOBAL__N_13mapIZNKS0_7ElementmiERKS3_E4$_16ZNKS3_miES5_E4$_17ZNKS3_miES5_E4$_18ZNKS3_miES5_E4$_19EES3_S5_S5_T_T0_T1_T2_
FNDA:744,_ZN4mlir9stablehlo12_GLOBAL__N_13mapIZNKS0_7ElementmiERKS3_E4$_16ZNKS3_miES5_E4$_17ZNKS3_miES5_E4$_18ZNKS3_miES5_E4$_19EES3_S5_S5_T_T0_T1_T2_
FN:66,_ZN4mlir9stablehlo12_GLOBAL__N_13mapIZNKS0_7ElementeoERKS3_E4$_20ZNKS3_eoES5_E4$_21ZNKS3_eoES5_E4$_22ZNKS3_eoES5_E4$_23EES3_S5_S5_T_T0_T1_T2_
FNDA:304,_ZN4mlir9stablehlo12_GLOBAL__N_13mapIZNKS0_7ElementeoERKS3_E4$_20ZNKS3_eoES5_E4$_21ZNKS3_eoES5_E4$_22ZNKS3_eoES5_E4$_23EES3_S5_S5_T_T0_T1_T2_
FN:66,_ZN4mlir9stablehlo12_GLOBAL__N_13mapIZNKS0_7ElementorERKS3_E4$_24ZNKS3_orES5_E4$_25ZNKS3_orES5_E4$_26ZNKS3_orES5_E4$_27EES3_S5_S5_T_T0_T1_T2_
FNDA:304,_ZN4mlir9stablehlo12_GLOBAL__N_13mapIZNKS0_7ElementorERKS3_E4$_24ZNKS3_orES5_E4$_25ZNKS3_orES5_E4$_26ZNKS3_orES5_E4$_27EES3_S5_S5_T_T0_T1_T2_
FN:66,_ZN4mlir9stablehlo12_GLOBAL__N_13mapIZNS0_3maxERKNS0_7ElementES5_E4$_34ZNS0_3maxES5_S5_E4$_35ZNS0_3maxES5_S5_E4$_36ZNS0_3maxES5_S5_E4$_37EES3_S5_S5_T_T0_T1_T2_
FNDA:728,_ZN4mlir9stablehlo12_GLOBAL__N_13mapIZNS0_3maxERKNS0_7ElementES5_E4$_34ZNS0_3maxES5_S5_E4$_35ZNS0_3maxES5_S5_E4$_36ZNS0_3maxES5_S5_E4$_37EES3_S5_S5_T_T0_T1_T2_
FN:66,_ZN4mlir9stablehlo12_GLOBAL__N_13mapIZNS0_3minERKNS0_7ElementES5_E4$_38ZNS0_3minES5_S5_E4$_39ZNS0_3minES5_S5_E4$_40ZNS0_3minES5_S5_E4$_41EES3_S5_S5_T_T0_T1_T2_
FNDA:728,_ZN4mlir9stablehlo12_GLOBAL__N_13mapIZNS0_3minERKNS0_7ElementES5_E4$_38ZNS0_3minES5_S5_E4$_39ZNS0_3minES5_S5_E4$_40ZNS0_3minES5_S5_E4$_41EES3_S5_S5_T_T0_T1_T2_
FN:104,_ZN4mlir9stablehlo12_GLOBAL__N_121mapWithUpcastToDoubleIZNS0_6cosineERKNS0_7ElementEE4$_32ZNS0_6cosineES5_E4$_33EES3_S5_T_T0_
FNDA:384,_ZN4mlir9stablehlo12_GLOBAL__N_121mapWithUpcastToDoubleIZNS0_6cosineERKNS0_7ElementEE4$_32ZNS0_6cosineES5_E4$_33EES3_S5_T_T0_
FN:104,_ZN4mlir9stablehlo12_GLOBAL__N_121mapWithUpcastToDoubleIZNS0_4sineERKNS0_7ElementEE4$_42ZNS0_4sineES5_E4$_43EES3_S5_T_T0_
FNDA:384,_ZN4mlir9stablehlo12_GLOBAL__N_121mapWithUpcastToDoubleIZNS0_4sineERKNS0_7ElementEE4$_42ZNS0_4sineES5_E4$_43EES3_S5_T_T0_
FN:104,_ZN4mlir9stablehlo12_GLOBAL__N_121mapWithUpcastToDoubleIZNS0_4tanhERKNS0_7ElementEE4$_44ZNS0_4tanhES5_E4$_45EES3_S5_T_T0_
FNDA:384,_ZN4mlir9stablehlo12_GLOBAL__N_121mapWithUpcastToDoubleIZNS0_4tanhERKNS0_7ElementEE4$_44ZNS0_4tanhES5_E4$_45EES3_S5_T_T0_
FN:136,_ZNK4mlir9stablehlo7Element15getIntegerValueEv
FNDA:15760,_ZNK4mlir9stablehlo7Element15getIntegerValueEv
FN:143,_ZNK4mlir9stablehlo7Element15getBooleanValueEv
FNDA:1552,_ZNK4mlir9stablehlo7Element15getBooleanValueEv
FN:150,_ZNK4mlir9stablehlo7Element13getFloatValueEv
FNDA:14880,_ZNK4mlir9stablehlo7Element13getFloatValueEv
FN:157,_ZNK4mlir9stablehlo7Element15getComplexValueEv
FNDA:2080,_ZNK4mlir9stablehlo7Element15getComplexValueEv
FN:165,_ZNK4mlir9stablehlo7ElementanERKS1_
FNDA:304,_ZNK4mlir9stablehlo7ElementanERKS1_
FN:167,_ZZNK4mlir9stablehlo7ElementanERKS1_ENK3$_0clEN4llvm5APIntES6_
FNDA:240,_ZZNK4mlir9stablehlo7ElementanERKS1_ENK3$_0clEN4llvm5APIntES6_
FN:168,_ZZNK4mlir9stablehlo7ElementanERKS1_ENK3$_1clEbb
FNDA:64,_ZZNK4mlir9stablehlo7ElementanERKS1_ENK3$_1clEbb
FN:169,_ZZNK4mlir9stablehlo7ElementanERKS1_ENK3$_2clEN4llvm7APFloatES6_
FNDA:0,_ZZNK4mlir9stablehlo7ElementanERKS1_ENK3$_2clEN4llvm7APFloatES6_
FN:172,_ZZNK4mlir9stablehlo7ElementanERKS1_ENK3$_3clESt7complexIN4llvm7APFloatEES8_
FNDA:0,_ZZNK4mlir9stablehlo7ElementanERKS1_ENK3$_3clESt7complexIN4llvm7APFloatEES8_
FN:178,_ZNK4mlir9stablehlo7ElementplERKS1_
FNDA:784,_ZNK4mlir9stablehlo7ElementplERKS1_
FN:180,_ZZNK4mlir9stablehlo7ElementplERKS1_ENK3$_4clEN4llvm5APIntES6_
FNDA:368,_ZZNK4mlir9stablehlo7ElementplERKS1_ENK3$_4clEN4llvm5APIntES6_
FN:181,_ZZNK4mlir9stablehlo7ElementplERKS1_ENK3$_5clEbb
FNDA:32,_ZZNK4mlir9stablehlo7ElementplERKS1_ENK3$_5clEbb
FN:182,_ZZNK4mlir9stablehlo7ElementplERKS1_ENK3$_6clEN4llvm7APFloatES6_
FNDA:352,_ZZNK4mlir9stablehlo7ElementplERKS1_ENK3$_6clEN4llvm7APFloatES6_
FN:183,_ZZNK4mlir9stablehlo7ElementplERKS1_ENK3$_7clESt7complexIN4llvm7APFloatEES8_
FNDA:32,_ZZNK4mlir9stablehlo7ElementplERKS1_ENK3$_7clESt7complexIN4llvm7APFloatEES8_
FN:193,_ZNK4mlir9stablehlo7ElementmlERKS1_
FNDA:648,_ZNK4mlir9stablehlo7ElementmlERKS1_
FN:195,_ZZNK4mlir9stablehlo7ElementmlERKS1_ENK3$_8clEN4llvm5APIntES6_
FNDA:232,_ZZNK4mlir9stablehlo7ElementmlERKS1_ENK3$_8clEN4llvm5APIntES6_
FN:196,_ZZNK4mlir9stablehlo7ElementmlERKS1_ENK3$_9clEbb
FNDA:32,_ZZNK4mlir9stablehlo7ElementmlERKS1_ENK3$_9clEbb
FN:197,_ZZNK4mlir9stablehlo7ElementmlERKS1_ENK4$_10clEN4llvm7APFloatES6_
FNDA:352,_ZZNK4mlir9stablehlo7ElementmlERKS1_ENK4$_10clEN4llvm7APFloatES6_
FN:198,_ZZNK4mlir9stablehlo7ElementmlERKS1_ENK4$_11clESt7complexIN4llvm7APFloatEES8_
FNDA:32,_ZZNK4mlir9stablehlo7ElementmlERKS1_ENK4$_11clESt7complexIN4llvm7APFloatEES8_
FN:206,_ZNK4mlir9stablehlo7ElementngEv
FNDA:704,_ZNK4mlir9stablehlo7ElementngEv
FN:208,_ZZNK4mlir9stablehlo7ElementngEvENK4$_12clEN4llvm5APIntE
FNDA:320,_ZZNK4mlir9stablehlo7ElementngEvENK4$_12clEN4llvm5APIntE
FN:209,_ZZNK4mlir9stablehlo7ElementngEvENK4$_13clEb
FNDA:0,_ZZNK4mlir9stablehlo7ElementngEvENK4$_13clEb
FN:212,_ZZNK4mlir9stablehlo7ElementngEvENK4$_14clEN4llvm7APFloatE
FNDA:352,_ZZNK4mlir9stablehlo7ElementngEvENK4$_14clEN4llvm7APFloatE
FN:213,_ZZNK4mlir9stablehlo7ElementngEvENK4$_15clESt7complexIN4llvm7APFloatEE
FNDA:32,_ZZNK4mlir9stablehlo7ElementngEvENK4$_15clESt7complexIN4llvm7APFloatEE
FN:216,_ZNK4mlir9stablehlo7ElementmiERKS1_
FNDA:744,_ZNK4mlir9stablehlo7ElementmiERKS1_
FN:218,_ZZNK4mlir9stablehlo7ElementmiERKS1_ENK4$_16clEN4llvm5APIntES6_
FNDA:360,_ZZNK4mlir9stablehlo7ElementmiERKS1_ENK4$_16clEN4llvm5APIntES6_
FN:219,_ZZNK4mlir9stablehlo7ElementmiERKS1_ENK4$_17clEbb
FNDA:0,_ZZNK4mlir9stablehlo7ElementmiERKS1_ENK4$_17clEbb
FN:222,_ZZNK4mlir9stablehlo7ElementmiERKS1_ENK4$_18clEN4llvm7APFloatES6_
FNDA:352,_ZZNK4mlir9stablehlo7ElementmiERKS1_ENK4$_18clEN4llvm7APFloatES6_
FN:223,_ZZNK4mlir9stablehlo7ElementmiERKS1_ENK4$_19clESt7complexIN4llvm7APFloatEES8_
FNDA:32,_ZZNK4mlir9stablehlo7ElementmiERKS1_ENK4$_19clESt7complexIN4llvm7APFloatEES8_
FN:233,_ZNK4mlir9stablehlo7ElementeoERKS1_
FNDA:304,_ZNK4mlir9stablehlo7ElementeoERKS1_
FN:235,_ZZNK4mlir9stablehlo7ElementeoERKS1_ENK4$_20clEN4llvm5APIntES6_
FNDA:240,_ZZNK4mlir9stablehlo7ElementeoERKS1_ENK4$_20clEN4llvm5APIntES6_
FN:236,_ZZNK4mlir9stablehlo7ElementeoERKS1_ENK4$_21clEbb
FNDA:64,_ZZNK4mlir9stablehlo7ElementeoERKS1_ENK4$_21clEbb
FN:237,_ZZNK4mlir9stablehlo7ElementeoERKS1_ENK4$_22clEN4llvm7APFloatES6_
FNDA:0,_ZZNK4mlir9stablehlo7ElementeoERKS1_ENK4$_22clEN4llvm7APFloatES6_
FN:240,_ZZNK4mlir9stablehlo7ElementeoERKS1_ENK4$_23clESt7complexIN4llvm7APFloatEES8_
FNDA:0,_ZZNK4mlir9stablehlo7ElementeoERKS1_ENK4$_23clESt7complexIN4llvm7APFloatEES8_
FN:246,_ZNK4mlir9stablehlo7ElementorERKS1_
FNDA:304,_ZNK4mlir9stablehlo7ElementorERKS1_
FN:248,_ZZNK4mlir9stablehlo7ElementorERKS1_ENK4$_24clEN4llvm5APIntES6_
FNDA:240,_ZZNK4mlir9stablehlo7ElementorERKS1_ENK4$_24clEN4llvm5APIntES6_
FN:249,_ZZNK4mlir9stablehlo7ElementorERKS1_ENK4$_25clEbb
FNDA:64,_ZZNK4mlir9stablehlo7ElementorERKS1_ENK4$_25clEbb
FN:250,_ZZNK4mlir9stablehlo7ElementorERKS1_ENK4$_26clEN4llvm7APFloatES6_
FNDA:0,_ZZNK4mlir9stablehlo7ElementorERKS1_ENK4$_26clEN4llvm7APFloatES6_
FN:253,_ZZNK4mlir9stablehlo7ElementorERKS1_ENK4$_27clESt7complexIN4llvm7APFloatEES8_
FNDA:0,_ZZNK4mlir9stablehlo7ElementorERKS1_ENK4$_27clESt7complexIN4llvm7APFloatEES8_
FN:259,_ZNK4mlir9stablehlo7ElementcoEv
FNDA:272,_ZNK4mlir9stablehlo7ElementcoEv
FN:261,_ZZNK4mlir9stablehlo7ElementcoEvENK4$_28clEN4llvm5APIntE
FNDA:240,_ZZNK4mlir9stablehlo7ElementcoEvENK4$_28clEN4llvm5APIntE
FN:262,_ZZNK4mlir9stablehlo7ElementcoEvENK4$_29clEb
FNDA:32,_ZZNK4mlir9stablehlo7ElementcoEvENK4$_29clEb
FN:263,_ZZNK4mlir9stablehlo7ElementcoEvENK4$_30clEN4llvm7APFloatE
FNDA:0,_ZZNK4mlir9stablehlo7ElementcoEvENK4$_30clEN4llvm7APFloatE
FN:266,_ZZNK4mlir9stablehlo7ElementcoEvENK4$_31clESt7complexIN4llvm7APFloatEE
FNDA:0,_ZZNK4mlir9stablehlo7ElementcoEvENK4$_31clESt7complexIN4llvm7APFloatEE
FN:271,_ZN4mlir9stablehlo4ceilERKNS0_7ElementE
FNDA:288,_ZN4mlir9stablehlo4ceilERKNS0_7ElementE
FN:277,_ZN4mlir9stablehlo5floorERKNS0_7ElementE
FNDA:288,_ZN4mlir9stablehlo5floorERKNS0_7ElementE
FN:283,_ZN4mlir9stablehlo6cosineERKNS0_7ElementE
FNDA:384,_ZN4mlir9stablehlo6cosineERKNS0_7ElementE
FN:285,_ZZN4mlir9stablehlo6cosineERKNS0_7ElementEENK4$_32clEd
FNDA:352,_ZZN4mlir9stablehlo6cosineERKNS0_7ElementEENK4$_32clEd
FN:286,_ZZN4mlir9stablehlo6cosineERKNS0_7ElementEENK4$_33clESt7complexIdE
FNDA:32,_ZZN4mlir9stablehlo6cosineERKNS0_7ElementEENK4$_33clESt7complexIdE
FN:289,_ZN4mlir9stablehlo3maxERKNS0_7ElementES3_
FNDA:728,_ZN4mlir9stablehlo3maxERKNS0_7ElementES3_
FN:292,_ZZN4mlir9stablehlo3maxERKNS0_7ElementES3_ENK4$_34clEN4llvm5APIntES6_
FNDA:280,_ZZN4mlir9stablehlo3maxERKNS0_7ElementES3_ENK4$_34clEN4llvm5APIntES6_
FN:297,_ZZN4mlir9stablehlo3maxERKNS0_7ElementES3_ENK4$_35clEbb
FNDA:32,_ZZN4mlir9stablehlo3maxERKNS0_7ElementES3_ENK4$_35clEbb
FN:298,_ZZN4mlir9stablehlo3maxERKNS0_7ElementES3_ENK4$_36clEN4llvm7APFloatES6_
FNDA:352,_ZZN4mlir9stablehlo3maxERKNS0_7ElementES3_ENK4$_36clEN4llvm7APFloatES6_
FN:299,_ZZN4mlir9stablehlo3maxERKNS0_7ElementES3_ENK4$_37clESt7complexIN4llvm7APFloatEES8_
FNDA:64,_ZZN4mlir9stablehlo3maxERKNS0_7ElementES3_ENK4$_37clESt7complexIN4llvm7APFloatEES8_
FN:307,_ZN4mlir9stablehlo3minERKNS0_7ElementES3_
FNDA:728,_ZN4mlir9stablehlo3minERKNS0_7ElementES3_
FN:310,_ZZN4mlir9stablehlo3minERKNS0_7ElementES3_ENK4$_38clEN4llvm5APIntES6_
FNDA:280,_ZZN4mlir9stablehlo3minERKNS0_7ElementES3_ENK4$_38clEN4llvm5APIntES6_
FN:315,_ZZN4mlir9stablehlo3minERKNS0_7ElementES3_ENK4$_39clEbb
FNDA:32,_ZZN4mlir9stablehlo3minERKNS0_7ElementES3_ENK4$_39clEbb
FN:316,_ZZN4mlir9stablehlo3minERKNS0_7ElementES3_ENK4$_40clEN4llvm7APFloatES6_
FNDA:352,_ZZN4mlir9stablehlo3minERKNS0_7ElementES3_ENK4$_40clEN4llvm7APFloatES6_
FN:317,_ZZN4mlir9stablehlo3minERKNS0_7ElementES3_ENK4$_41clESt7complexIN4llvm7APFloatEES8_
FNDA:64,_ZZN4mlir9stablehlo3minERKNS0_7ElementES3_ENK4$_41clESt7complexIN4llvm7APFloatEES8_
FN:325,_ZN4mlir9stablehlo4sineERKNS0_7ElementE
FNDA:384,_ZN4mlir9stablehlo4sineERKNS0_7ElementE
FN:327,_ZZN4mlir9stablehlo4sineERKNS0_7ElementEENK4$_42clEd
FNDA:352,_ZZN4mlir9stablehlo4sineERKNS0_7ElementEENK4$_42clEd
FN:328,_ZZN4mlir9stablehlo4sineERKNS0_7ElementEENK4$_43clESt7complexIdE
FNDA:32,_ZZN4mlir9stablehlo4sineERKNS0_7ElementEENK4$_43clESt7complexIdE
FN:331,_ZN4mlir9stablehlo4tanhERKNS0_7ElementE
FNDA:384,_ZN4mlir9stablehlo4tanhERKNS0_7ElementE
FN:333,_ZZN4mlir9stablehlo4tanhERKNS0_7ElementEENK4$_44clEd
FNDA:352,_ZZN4mlir9stablehlo4tanhERKNS0_7ElementEENK4$_44clEd
FN:334,_ZZN4mlir9stablehlo4tanhERKNS0_7ElementEENK4$_45clESt7complexIdE
FNDA:32,_ZZN4mlir9stablehlo4tanhERKNS0_7ElementEENK4$_45clESt7complexIdE
FN:337,_ZNK4mlir9stablehlo7Element5printERN4llvm11raw_ostreamE
FNDA:11264,_ZNK4mlir9stablehlo7Element5printERN4llvm11raw_ostreamE
FN:367,_ZNK4mlir9stablehlo7Element4dumpEv
FNDA:0,_ZNK4mlir9stablehlo7Element4dumpEv
DA:35,976
DA:36,976
DA:37,976
DA:39,976
DA:40,560
DA:41,560
DA:42,560
DA:44,416
DA:45,32
DA:46,32
DA:47,32
DA:49,384
DA:50,352
DA:51,352
DA:52,352
DA:54,32
DA:55,32
DA:56,32
DA:57,32
DA:58,32
DA:60,0
DA:61,0
DA:62,976
DA:66,4544
DA:67,4544
DA:68,4544
DA:69,4544
DA:70,0
DA:71,0
DA:72,0
DA:74,4544
DA:75,2240
DA:76,2240
DA:77,2240
DA:78,2240
DA:80,2304
DA:81,320
DA:82,320
DA:83,320
DA:84,320
DA:86,1984
DA:87,1760
DA:88,1760
DA:89,1760
DA:90,1760
DA:92,224
DA:93,224
DA:94,224
DA:95,224
DA:96,224
DA:97,224
DA:99,0
DA:100,0
DA:101,4544
DA:104,1152
DA:105,1152
DA:106,1152
DA:108,1152
DA:109,1056
DA:110,1056
DA:111,1056
DA:112,1056
DA:113,1056
DA:114,1056
DA:115,1056
DA:117,96
DA:118,96
DA:119,96
DA:120,192
DA:121,96
DA:122,96
DA:123,96
DA:124,96
DA:125,96
DA:126,96
DA:127,96
DA:128,96
DA:130,0
DA:131,0
DA:132,1152
DA:136,15760
DA:137,15760
DA:138,0
DA:140,15760
DA:143,1552
DA:144,1552
DA:145,0
DA:147,1552
DA:150,14880
DA:151,14880
DA:152,0
DA:154,14880
DA:157,2080
DA:158,2080
DA:159,0
DA:161,2080
DA:162,2080
DA:163,2080
DA:165,304
DA:166,304
DA:167,544
DA:168,64
DA:169,0
DA:170,0
DA:172,0
DA:173,0
DA:174,0
DA:178,784
DA:179,784
DA:180,1152
DA:181,32
DA:182,352
DA:183,32
DA:187,32
DA:188,32
DA:189,32
DA:190,32
DA:193,648
DA:194,648
DA:195,880
DA:196,32
DA:197,352
DA:198,32
DA:200,32
DA:201,32
DA:202,32
DA:203,32
DA:206,704
DA:207,704
DA:208,320
DA:209,0
DA:210,0
DA:212,352
DA:213,32
DA:216,744
DA:217,744
DA:218,1104
DA:219,0
DA:220,0
DA:222,352
DA:223,32
DA:227,32
DA:228,32
DA:229,32
DA:230,32
DA:233,304
DA:234,304
DA:235,544
DA:236,64
DA:237,0
DA:238,0
DA:240,0
DA:241,0
DA:242,0
DA:246,304
DA:247,304
DA:248,544
DA:249,64
DA:250,0
DA:251,0
DA:253,0
DA:254,0
DA:255,0
DA:259,272
DA:260,272
DA:261,240
DA:262,32
DA:263,0
DA:264,0
DA:266,0
DA:267,0
DA:271,288
DA:272,288
DA:273,288
DA:274,288
DA:275,288
DA:277,288
DA:278,288
DA:279,288
DA:280,288
DA:281,288
DA:283,384
DA:284,384
DA:285,736
DA:286,32
DA:289,728
DA:290,728
DA:291,728
DA:292,1008
DA:293,280
DA:294,200
DA:295,80
DA:297,32
DA:298,352
DA:299,64
DA:300,64
DA:301,48
DA:302,16
DA:303,64
DA:304,64
DA:307,728
DA:308,728
DA:309,728
DA:310,1008
DA:311,280
DA:312,200
DA:313,80
DA:315,32
DA:316,352
DA:317,64
DA:318,64
DA:319,48
DA:320,16
DA:321,64
DA:322,64
DA:325,384
DA:326,384
DA:327,736
DA:328,32
DA:331,384
DA:332,384
DA:333,736
DA:334,32
DA:337,11264
DA:338,11264
DA:339,5280
DA:340,5280
DA:343,5984
DA:344,352
DA:345,352
DA:348,5632
DA:349,4864
DA:350,4864
DA:353,768
DA:354,768
DA:355,768
DA:357,768
DA:358,768
DA:359,768
DA:360,768
DA:361,768
DA:364,768
DA:365,11264
DA:367,0
end_of_record
TN:
SF:/usr/local/google/home/gleasonk/Coding/openxla/stablehlo/stablehlo/reference/Types.cpp
FN:23,_ZN4mlir9stablehlo30isSupportedUnsignedIntegerTypeENS_4TypeE
FNDA:48152,_ZN4mlir9stablehlo30isSupportedUnsignedIntegerTypeENS_4TypeE
FN:29,_ZN4mlir9stablehlo28isSupportedSignedIntegerTypeENS_4TypeE
FNDA:39712,_ZN4mlir9stablehlo28isSupportedSignedIntegerTypeENS_4TypeE
FN:39,_ZN4mlir9stablehlo22isSupportedBooleanTypeENS_4TypeE
FNDA:14360,_ZN4mlir9stablehlo22isSupportedBooleanTypeENS_4TypeE
FN:41,_ZN4mlir9stablehlo22isSupportedIntegerTypeENS_4TypeE
FNDA:46712,_ZN4mlir9stablehlo22isSupportedIntegerTypeENS_4TypeE
FN:46,_ZN4mlir9stablehlo20isSupportedFloatTypeENS_4TypeE
FNDA:25184,_ZN4mlir9stablehlo20isSupportedFloatTypeENS_4TypeE
FN:50,_ZN4mlir9stablehlo22isSupportedComplexTypeENS_4TypeE
FNDA:3584,_ZN4mlir9stablehlo22isSupportedComplexTypeENS_4TypeE
DA:23,48152
DA:24,92824
DA:25,44672
DA:26,41120
DA:29,39712
DA:34,71600
DA:35,31888
DA:36,21184
DA:39,14360
DA:41,46712
DA:42,46712
DA:43,36752
DA:46,25184
DA:47,25184
DA:50,3584
DA:51,3584
DA:52,3584
DA:54,3584
DA:55,3584
DA:56,3584
end_of_record
TN:
SF:/usr/local/google/home/gleasonk/Coding/openxla/stablehlo/stablehlo/reference/Index.h
FN:41,_ZN4mlir9stablehlo18IndexSpaceIteratorC2ERKS1_
FNDA:0,_ZN4mlir9stablehlo18IndexSpaceIteratorC2ERKS1_
FN:41,_ZN4mlir9stablehlo18IndexSpaceIteratorD2Ev
FNDA:0,_ZN4mlir9stablehlo18IndexSpaceIteratorD2Ev
end_of_record
SF:/usr/local/google/home/gleasonk/Coding/openxla/stablehlo/stablehlo/reference/Index.cpp
FN:23,_ZN4mlir9stablehlo11verifyIndexEN4llvm8ArrayRefIlEES3_
FNDA:39672,_ZN4mlir9stablehlo11verifyIndexEN4llvm8ArrayRefIlEES3_
FN:33,_ZNK4mlir9stablehlo18IndexSpaceIteratordeEv
FNDA:37936,_ZNK4mlir9stablehlo18IndexSpaceIteratordeEv
FN:39,_ZN4mlir9stablehlo18IndexSpaceIteratorppEv
FNDA:22560,_ZN4mlir9stablehlo18IndexSpaceIteratorppEv
FN:61,_ZN4mlir9stablehlo18IndexSpaceIteratorppEi
FNDA:0,_ZN4mlir9stablehlo18IndexSpaceIteratorppEi
DA:23,39672
DA:24,39672
DA:25,39672
DA:27,88456
DA:28,48784
DA:30,39592
DA:31,39672
DA:33,37936
DA:34,37936
DA:35,0
DA:36,37936
DA:39,22560
DA:40,22560
DA:41,0
DA:43,22560
DA:45,47296
DA:46,24736
DA:47,24736
DA:48,6040
DA:49,6040
DA:50,3560
DA:51,3560
DA:53,2480
DA:54,18696
DA:56,2480
DA:58,22560
DA:61,0
DA:62,0
DA:63,0
DA:64,0
DA:65,0
end_of_record
TN:
SF:/usr/local/google/home/gleasonk/Coding/openxla/stablehlo/stablehlo/reference/Tensor.h
FN:36,_ZN4mlir9stablehlo6detail6BufferD2Ev
FNDA:0,_ZN4mlir9stablehlo6detail6BufferD2Ev
FN:49,_ZN4mlir9stablehlo6detail6Buffer7getTypeEv
FNDA:5016,_ZN4mlir9stablehlo6detail6Buffer7getTypeEv
FN:66,_ZN4mlir9stablehlo6TensorD2Ev
FNDA:7152,_ZN4mlir9stablehlo6TensorD2Ev
FN:73,_ZN4mlir9stablehlo6TensorC2ERKS1_
FNDA:12224,_ZN4mlir9stablehlo6TensorC2ERKS1_
FN:77,_ZN4mlir9stablehlo6TensoraSERKS1_
FNDA:0,_ZN4mlir9stablehlo6TensoraSERKS1_
FN:80,_ZNK4mlir9stablehlo6Tensor7getTypeEv
FNDA:5016,_ZNK4mlir9stablehlo6Tensor7getTypeEv
DA:49,5016
DA:73,12224
DA:77,0
DA:80,5016
end_of_record
SF:/usr/local/google/home/gleasonk/Coding/openxla/stablehlo/stablehlo/reference/Scope.cpp
FN:24,_ZN4mlir9stablehlo5Scope3addENS_5ValueENS0_6TensorE
FNDA:5016,_ZN4mlir9stablehlo5Scope3addENS_5ValueENS0_6TensorE
FN:38,_ZN4mlir9stablehlo5Scope3addENS_10ValueRangeEN4llvm8ArrayRefINS0_6TensorEEE
FNDA:6696,_ZN4mlir9stablehlo5Scope3addENS_10ValueRangeEN4llvm8ArrayRefINS0_6TensorEEE
FN:44,_ZNK4mlir9stablehlo5Scope4findENS_5ValueE
FNDA:5232,_ZNK4mlir9stablehlo5Scope4findENS_5ValueE
FN:56,_ZNK4mlir9stablehlo5Scope4findENS_10ValueRangeE
FNDA:2040,_ZNK4mlir9stablehlo5Scope4findENS_10ValueRangeE
FN:58,_ZZNK4mlir9stablehlo5Scope4findENS_10ValueRangeEENK3$_0clENS_5ValueE
FNDA:2136,_ZZNK4mlir9stablehlo5Scope4findENS_10ValueRangeEENK3$_0clENS_5ValueE
DA:24,5016
DA:28,5016
DA:29,0
DA:31,5016
DA:32,0
DA:35,5016
DA:36,5016
DA:38,6696
DA:39,6696
DA:40,11712
DA:41,10032
DA:42,6696
DA:44,5232
DA:45,5232
DA:47,5232
DA:49,160
DA:50,0
DA:51,0
DA:53,160
DA:54,5232
DA:56,2040
DA:57,2040
DA:58,4176
end_of_record
TN:
SF:/usr/local/google/home/gleasonk/Coding/openxla/stablehlo/stablehlo/dialect/Version.h
FN:46,_ZN4mlir4vhlo7VersionC2Elll
FNDA:67320,_ZN4mlir4vhlo7VersionC2Elll
FN:49,_ZNK4mlir4vhlo7Version8getMajorEv
FNDA:32,_ZNK4mlir4vhlo7Version8getMajorEv
FN:50,_ZNK4mlir4vhlo7Version8getMinorEv
FNDA:32,_ZNK4mlir4vhlo7Version8getMinorEv
FN:51,_ZNK4mlir4vhlo7Version8getPatchEv
FNDA:32,_ZNK4mlir4vhlo7Version8getPatchEv
DA:46,67320
DA:47,67320
DA:49,32
DA:50,32
DA:51,32
end_of_record
SF:/usr/local/google/home/gleasonk/Coding/openxla/stablehlo/stablehlo/dialect/Version.cpp
FN:28,_ZN4mlir4vhlo12_GLOBAL__N_111parseNumberEN4llvm9StringRefE
FNDA:201960,_ZN4mlir4vhlo12_GLOBAL__N_111parseNumberEN4llvm9StringRefE
FN:39,_ZN4mlir4vhlo12_GLOBAL__N_121extractVersionNumbersEN4llvm9StringRefE
FNDA:67336,_ZN4mlir4vhlo12_GLOBAL__N_121extractVersionNumbersEN4llvm9StringRefE
FN:50,_ZN4mlir4vhlo12_GLOBAL__N_14dumpINS_10DiagnosticEEERT_S5_RKNS0_7VersionE
FNDA:32,_ZN4mlir4vhlo12_GLOBAL__N_14dumpINS_10DiagnosticEEERT_S5_RKNS0_7VersionE
FN:50,_ZN4mlir4vhlo12_GLOBAL__N_14dumpIN4llvm11raw_ostreamEEERT_S6_RKNS0_7VersionE
FNDA:0,_ZN4mlir4vhlo12_GLOBAL__N_14dumpIN4llvm11raw_ostreamEEERT_S6_RKNS0_7VersionE
FN:56,_ZN4mlir4vhlo7Version10fromStringEN4llvm9StringRefE
FNDA:67336,_ZN4mlir4vhlo7Version10fromStringEN4llvm9StringRefE
FN:63,_ZN4mlir4vhlolsERNS_10DiagnosticERKNS0_7VersionE
FNDA:32,_ZN4mlir4vhlolsERNS_10DiagnosticERKNS0_7VersionE
FN:66,_ZN4mlir4vhlolsERN4llvm11raw_ostreamERKNS0_7VersionE
FNDA:0,_ZN4mlir4vhlolsERN4llvm11raw_ostreamERKNS0_7VersionE
DA:28,201960
DA:29,201960
DA:30,201960
DA:31,0
DA:33,403920
DA:34,201960
DA:39,67336
DA:40,67336
DA:41,67336
DA:42,67336
DA:43,67336
DA:44,201960
DA:45,67320
DA:46,67320
DA:47,67336
DA:50,32
DA:51,64
DA:52,32
DA:56,67336
DA:57,67336
DA:58,67336
DA:59,67320
DA:60,67320
DA:61,67336
DA:63,32
DA:64,32
DA:66,0
DA:67,0
end_of_record
TN:
SF:/usr/local/google/home/gleasonk/Coding/openxla/stablehlo/stablehlo/dialect/VhloOps.h
FN:32,_ZN4mlir4vhlo11VhloDialectD0Ev
FNDA:256,_ZN4mlir4vhlo11VhloDialectD0Ev
FN:35,_ZN4mlir4vhlo11VhloDialect19getDialectNamespaceEv
FNDA:13704,_ZN4mlir4vhlo11VhloDialect19getDialectNamespaceEv
FN:57,_ZN4mlir4vhlo11VhloDialect26addTypesWithoutRegisteringIJNS0_14BFloat16V1TypeENS0_13ComplexV1TypeENS0_13Float16V1TypeENS0_13Float32V1TypeENS0_13Float64V1TypeENS0_18Float8E4M3FNV1TypeENS0_16Float8E5M2V1TypeENS0_14FunctionV1TypeENS0_11IndexV1TypeENS0_16IntegerI16V1TypeENS0_15IntegerI1V1TypeENS0_16IntegerI32V1TypeENS0_15IntegerI4V1TypeENS0_16IntegerI64V1TypeENS0_15IntegerI8V1TypeENS0_17IntegerUI16V1TypeENS0_17IntegerUI32V1TypeENS0_16IntegerUI4V1TypeENS0_17IntegerUI64V1TypeENS0_16IntegerUI8V1TypeENS0_18RankedTensorV1TypeENS0_11TokenV1TypeENS0_11TupleV1TypeENS0_22UniformQuantizedV1TypeENS0_20UnrankedTensorV1TypeENS0_13WitnessV1TypeEEEEvv
FNDA:256,_ZN4mlir4vhlo11VhloDialect26addTypesWithoutRegisteringIJNS0_14BFloat16V1TypeENS0_13ComplexV1TypeENS0_13Float16V1TypeENS0_13Float32V1TypeENS0_13Float64V1TypeENS0_18Float8E4M3FNV1TypeENS0_16Float8E5M2V1TypeENS0_14FunctionV1TypeENS0_11IndexV1TypeENS0_16IntegerI16V1TypeENS0_15IntegerI1V1TypeENS0_16IntegerI32V1TypeENS0_15IntegerI4V1TypeENS0_16IntegerI64V1TypeENS0_15IntegerI8V1TypeENS0_17IntegerUI16V1TypeENS0_17IntegerUI32V1TypeENS0_16IntegerUI4V1TypeENS0_17IntegerUI64V1TypeENS0_16IntegerUI8V1TypeENS0_18RankedTensorV1TypeENS0_11TokenV1TypeENS0_11TupleV1TypeENS0_22UniformQuantizedV1TypeENS0_20UnrankedTensorV1TypeENS0_13WitnessV1TypeEEEEvv
DA:35,13704
DA:57,256
DA:58,256
DA:59,256
end_of_record
SF:/usr/local/google/home/gleasonk/Coding/openxla/stablehlo/stablehlo/dialect/VhloOps.cpp
FN:45,_ZN4mlir4vhlo12_GLOBAL__N_110isFromVhloINS_4TypeEEEbT_
FNDA:12304,_ZN4mlir4vhlo12_GLOBAL__N_110isFromVhloINS_4TypeEEEbT_
FN:45,_ZN4mlir4vhlo12_GLOBAL__N_110isFromVhloINS_9AttributeEEEbT_
FNDA:1144,_ZN4mlir4vhlo12_GLOBAL__N_110isFromVhloINS_9AttributeEEEbT_
FN:50,_ZN4mlir4vhlo12_GLOBAL__N_111allFromVhloINS_9AttributeEEEbN4llvm8ArrayRefIT_EE
FNDA:752,_ZN4mlir4vhlo12_GLOBAL__N_111allFromVhloINS_9AttributeEEEbN4llvm8ArrayRefIT_EE
FN:54,_ZN4mlir4vhlo12_GLOBAL__N_128convertTypeToBuiltinForPrintENS_4TypeE
FNDA:3256,_ZN4mlir4vhlo12_GLOBAL__N_128convertTypeToBuiltinForPrintENS_4TypeE
FN:55,_ZZN4mlir4vhlo12_GLOBAL__N_128convertTypeToBuiltinForPrintENS_4TypeEEN27VhloToBuiltinPrintConverterD0Ev
FNDA:0,_ZZN4mlir4vhlo12_GLOBAL__N_128convertTypeToBuiltinForPrintENS_4TypeEEN27VhloToBuiltinPrintConverterD0Ev
FN:56,_ZZN4mlir4vhlo12_GLOBAL__N_128convertTypeToBuiltinForPrintENS_4TypeEEN27VhloToBuiltinPrintConverterC2Ev
FNDA:3256,_ZZN4mlir4vhlo12_GLOBAL__N_128convertTypeToBuiltinForPrintENS_4TypeEEN27VhloToBuiltinPrintConverterC2Ev
FN:59,_ZZN4mlir4vhlo12_GLOBAL__N_128convertTypeToBuiltinForPrintENS_4TypeEEN27VhloToBuiltinPrintConverter15convertEncodingENS_9AttributeE
FNDA:0,_ZZN4mlir4vhlo12_GLOBAL__N_128convertTypeToBuiltinForPrintENS_4TypeEEN27VhloToBuiltinPrintConverter15convertEncodingENS_9AttributeE
FN:65,_ZN4mlir4vhlo12_GLOBAL__N_125convertTypeToVhloForParseENS_4TypeE
FNDA:872,_ZN4mlir4vhlo12_GLOBAL__N_125convertTypeToVhloForParseENS_4TypeE
FN:66,_ZZN4mlir4vhlo12_GLOBAL__N_125convertTypeToVhloForParseENS_4TypeEEN27BuiltinToVhloParseConverterD0Ev
FNDA:0,_ZZN4mlir4vhlo12_GLOBAL__N_125convertTypeToVhloForParseENS_4TypeEEN27BuiltinToVhloParseConverterD0Ev
FN:67,_ZZN4mlir4vhlo12_GLOBAL__N_125convertTypeToVhloForParseENS_4TypeEEN27BuiltinToVhloParseConverterC2Ev
FNDA:872,_ZZN4mlir4vhlo12_GLOBAL__N_125convertTypeToVhloForParseENS_4TypeEEN27BuiltinToVhloParseConverterC2Ev
FN:70,_ZZN4mlir4vhlo12_GLOBAL__N_125convertTypeToVhloForParseENS_4TypeEEN27BuiltinToVhloParseConverter15convertEncodingENS_9AttributeE
FNDA:0,_ZZN4mlir4vhlo12_GLOBAL__N_125convertTypeToVhloForParseENS_4TypeEEN27BuiltinToVhloParseConverter15convertEncodingENS_9AttributeE
FN:78,_ZN4mlir4vhloL19printAttributeArrayERNS_10AsmPrinterEN4llvm8ArrayRefINS_9AttributeEEE
FNDA:600,_ZN4mlir4vhloL19printAttributeArrayERNS_10AsmPrinterEN4llvm8ArrayRefINS_9AttributeEEE
FN:83,_ZN4mlir4vhlo19parseAttributeArrayERNS_9AsmParserERN4llvm11SmallVectorINS_9AttributeELj6EEE
FNDA:144,_ZN4mlir4vhlo19parseAttributeArrayERNS_9AsmParserERN4llvm11SmallVectorINS_9AttributeELj6EEE
FN:93,_ZNK4mlir4vhlo13IntegerV1Attr5printERNS_10AsmPrinterE
FNDA:1432,_ZNK4mlir4vhlo13IntegerV1Attr5printERNS_10AsmPrinterE
FN:99,_ZN4mlir4vhlo13IntegerV1Attr5parseERNS_9AsmParserENS_4TypeE
FNDA:432,_ZN4mlir4vhlo13IntegerV1Attr5parseERNS_9AsmParserENS_4TypeE
FN:110,_ZN4mlir4vhloL24printAttributeDictionaryERNS_10AsmPrinterEN4llvm8ArrayRefISt4pairINS_9AttributeES6_EEE
FNDA:72,_ZN4mlir4vhloL24printAttributeDictionaryERNS_10AsmPrinterEN4llvm8ArrayRefISt4pairINS_9AttributeES6_EEE
FN:120,_ZN4mlir4vhlo24parseAttributeDictionaryERNS_9AsmParserERN4llvm11SmallVectorISt4pairINS_9AttributeES6_ELj3EEE
FNDA:24,_ZN4mlir4vhlo24parseAttributeDictionaryERNS_9AsmParserERN4llvm11SmallVectorISt4pairINS_9AttributeES6_ELj3EEE
FN:122,_ZZN4mlir4vhlo24parseAttributeDictionaryERNS_9AsmParserERN4llvm11SmallVectorISt4pairINS_9AttributeES6_ELj3EEEENK3$_0clEv
FNDA:24,_ZZN4mlir4vhlo24parseAttributeDictionaryERNS_9AsmParserERN4llvm11SmallVectorISt4pairINS_9AttributeES6_ELj3EEEENK3$_0clEv
FN:140,_ZN4mlir4vhlo17printFunctionBodyERNS_12OpAsmPrinterEPNS_9OperationENS_9AttributeERNS_6RegionES5_
FNDA:5744,_ZN4mlir4vhlo17printFunctionBodyERNS_12OpAsmPrinterEPNS_9OperationENS_9AttributeERNS_6RegionES5_
FN:145,_ZZN4mlir4vhlo17printFunctionBodyERNS_12OpAsmPrinterEPNS_9OperationENS_9AttributeERNS_6RegionES5_ENK3$_1clINS_13BlockArgumentEEEDaT_
FNDA:9232,_ZZN4mlir4vhlo17printFunctionBodyERNS_12OpAsmPrinterEPNS_9OperationENS_9AttributeERNS_6RegionES5_ENK3$_1clINS_13BlockArgumentEEEDaT_
FN:149,_ZZN4mlir4vhlo17printFunctionBodyERNS_12OpAsmPrinterEPNS_9OperationENS_9AttributeERNS_6RegionES5_ENK3$_2clINS_4TypeEEEDaT_
FNDA:6000,_ZZN4mlir4vhlo17printFunctionBodyERNS_12OpAsmPrinterEPNS_9OperationENS_9AttributeERNS_6RegionES5_ENK3$_2clINS_4TypeEEEDaT_
FN:155,_ZN4mlir4vhlo17parseFunctionBodyERNS_11OpAsmParserERNS_9AttributeERNS_6RegionES4_
FNDA:1544,_ZN4mlir4vhlo17parseFunctionBodyERNS_11OpAsmParserERNS_9AttributeERNS_6RegionES4_
FN:179,_ZNK4mlir4vhlo26DenseIntOrFPElementsV1Attr5printERNS_10AsmPrinterE
FNDA:1824,_ZNK4mlir4vhlo26DenseIntOrFPElementsV1Attr5printERNS_10AsmPrinterE
FN:187,_ZN4mlir4vhlo26DenseIntOrFPElementsV1Attr5parseERNS_9AsmParserENS_4TypeE
FNDA:440,_ZN4mlir4vhlo26DenseIntOrFPElementsV1Attr5parseERNS_9AsmParserENS_4TypeE
FN:217,_ZN4mlir4vhlo11VhloDialectC2EPNS_11MLIRContextE
FNDA:256,_ZN4mlir4vhlo11VhloDialectC2EPNS_11MLIRContextE
FN:231,_ZN4mlir4vhlo11VhloDialect12addVhloTypesEv
FNDA:256,_ZN4mlir4vhlo11VhloDialect12addVhloTypesEv
FN:253,_ZNK4mlir4vhlo11VhloDialect9parseTypeERNS_16DialectAsmParserE
FNDA:20272,_ZNK4mlir4vhlo11VhloDialect9parseTypeERNS_16DialectAsmParserE
FN:262,_ZNK4mlir4vhlo11VhloDialect9printTypeENS_4TypeERNS_17DialectAsmPrinterE
FNDA:66320,_ZNK4mlir4vhlo11VhloDialect9printTypeENS_4TypeERNS_17DialectAsmPrinterE
FN:269,_ZNK4mlir4vhlo11VhloDialect14parseAttributeERNS_16DialectAsmParserENS_4TypeE
FNDA:1984,_ZNK4mlir4vhlo11VhloDialect14parseAttributeERNS_16DialectAsmParserENS_4TypeE
FN:281,_ZNK4mlir4vhlo11VhloDialect14printAttributeENS_9AttributeERNS_17DialectAsmPrinterE
FNDA:12512,_ZNK4mlir4vhlo11VhloDialect14printAttributeENS_9AttributeERNS_17DialectAsmPrinterE
DA:45,13448
DA:46,13448
DA:50,752
DA:51,752
DA:54,3256
DA:56,3256
DA:57,3256
DA:58,3256
DA:59,0
DA:61,3256
DA:62,3256
DA:63,3256
DA:65,872
DA:67,872
DA:68,872
DA:69,872
DA:70,0
DA:72,872
DA:73,872
DA:74,872
DA:78,600
DA:79,600
DA:80,600
DA:83,144
DA:84,144
DA:85,144
DA:86,144
DA:87,0
DA:89,144
DA:90,144
DA:91,144
DA:93,1432
DA:94,2864
DA:95,1432
DA:96,1432
DA:97,1432
DA:99,432
DA:100,432
DA:101,432
DA:102,432
DA:103,0
DA:105,864
DA:106,432
DA:107,432
DA:108,432
DA:110,72
DA:111,72
DA:112,72
DA:113,144
DA:114,72
DA:115,72
DA:116,72
DA:117,72
DA:120,24
DA:121,24
DA:122,48
DA:123,24
DA:124,24
DA:125,24
DA:126,24
DA:127,0
DA:129,24
DA:130,24
DA:131,24
DA:132,48
DA:133,24
DA:134,0
DA:136,24
DA:137,24
DA:140,5744
DA:141,5744
DA:142,5744
DA:143,5744
DA:144,11488
DA:145,14976
DA:146,5744
DA:147,5744
DA:148,11488
DA:149,11744
DA:150,5744
DA:151,5744
DA:152,5744
DA:155,1544
DA:156,1544
DA:157,1544
DA:158,1544
DA:159,1544
DA:160,1544
DA:161,3088
DA:162,1544
DA:163,3088
DA:164,1544
DA:165,1544
DA:166,0
DA:168,1544
DA:169,3984
DA:170,2440
DA:171,2440
DA:172,3088
DA:173,1544
DA:174,1544
DA:176,1544
DA:177,1544
DA:179,1824
DA:180,3648
DA:181,3648
DA:182,1824
DA:183,1824
DA:184,1824
DA:187,440
DA:188,440
DA:189,440
DA:190,440
DA:191,0
DA:193,880
DA:194,440
DA:195,440
DA:196,440
DA:217,256
DA:218,256
DA:219,256
DA:223,256
DA:224,256
DA:225,256
DA:229,256
DA:231,256
DA:246,256
DA:250,256
DA:251,256
DA:253,20272
DA:254,20272
DA:255,20272
DA:256,20272
DA:257,20272
DA:258,0
DA:259,0
DA:260,20272
DA:262,66320
DA:263,66320
DA:264,0
DA:265,66320
DA:269,1984
DA:270,1984
DA:271,1984
DA:272,1984
DA:273,1984
DA:274,1984
DA:275,0
DA:276,0
DA:277,1984
DA:281,12512
DA:282,12512
DA:284,12512
DA:285,12512
end_of_record
SF:/usr/local/google/home/gleasonk/Coding/openxla/stablehlo/stablehlo/dialect/VhloTypes.h
FN:32,_ZN4mlir4vhlo21VhloTypeConverterBaseC2Ev
FNDA:4128,_ZN4mlir4vhlo21VhloTypeConverterBaseC2Ev
FN:34,_ZN4mlir4vhlo21VhloTypeConverterBaseD2Ev
FNDA:4128,_ZN4mlir4vhlo21VhloTypeConverterBaseD2Ev
FN:34,_ZN4mlir4vhlo21VhloTypeConverterBaseD0Ev
FNDA:0,_ZN4mlir4vhlo21VhloTypeConverterBaseD0Ev
FN:41,_ZN4mlir4vhlo17VhloTypeConverterD0Ev
FNDA:0,_ZN4mlir4vhlo17VhloTypeConverterD0Ev
FN:43,_ZN4mlir4vhlo17VhloTypeConverterC2Ev
FNDA:4128,_ZN4mlir4vhlo17VhloTypeConverterC2Ev
DA:32,4128
DA:34,4128
DA:43,4128
end_of_record
SF:/usr/local/google/home/gleasonk/Coding/openxla/stablehlo/stablehlo/dialect/Version.h
FN:40,_ZN4mlir4vhlo7Version17getCurrentVersionEv
FNDA:66072,_ZN4mlir4vhlo7Version17getCurrentVersionEv
FN:46,_ZN4mlir4vhlo7VersionC2Elll
FNDA:66072,_ZN4mlir4vhlo7VersionC2Elll
DA:40,66072
DA:46,66072
DA:47,66072
end_of_record
TN:
SF:/usr/local/google/home/gleasonk/Coding/openxla/stablehlo/stablehlo/dialect/VhloBytecode.cpp
FN:382,_ZN4mlir4vhlo12_GLOBAL__N_121VhloBytecodeInterfaceD0Ev
FNDA:256,_ZN4mlir4vhlo12_GLOBAL__N_121VhloBytecodeInterfaceD0Ev
FN:384,_ZN4mlir4vhlo12_GLOBAL__N_121VhloBytecodeInterfaceC2EPNS_7DialectE
FNDA:256,_ZN4mlir4vhlo12_GLOBAL__N_121VhloBytecodeInterfaceC2EPNS_7DialectE
FN:520,_ZNK4mlir4vhlo12_GLOBAL__N_121VhloBytecodeInterface13readAttributeERNS_21DialectBytecodeReaderE
FNDA:2784,_ZNK4mlir4vhlo12_GLOBAL__N_121VhloBytecodeInterface13readAttributeERNS_21DialectBytecodeReaderE
FN:585,_ZNK4mlir4vhlo12_GLOBAL__N_121VhloBytecodeInterface14writeAttributeENS_9AttributeERNS_21DialectBytecodeWriterE
FNDA:11136,_ZNK4mlir4vhlo12_GLOBAL__N_121VhloBytecodeInterface14writeAttributeENS_9AttributeERNS_21DialectBytecodeWriterE
FN:595,_ZZNK4mlir4vhlo12_GLOBAL__N_121VhloBytecodeInterface14writeAttributeENS_9AttributeERNS_21DialectBytecodeWriterEENK3$_0clINS0_20ArgResultAliasV1AttrEEEDaT_
FNDA:0,_ZZNK4mlir4vhlo12_GLOBAL__N_121VhloBytecodeInterface14writeAttributeENS_9AttributeERNS_21DialectBytecodeWriterEENK3$_0clINS0_20ArgResultAliasV1AttrEEEDaT_
FN:595,_ZZNK4mlir4vhlo12_GLOBAL__N_121VhloBytecodeInterface14writeAttributeENS_9AttributeERNS_21DialectBytecodeWriterEENK3$_0clINS0_19ChannelHandleV1AttrEEEDaT_
FNDA:64,_ZZNK4mlir4vhlo12_GLOBAL__N_121VhloBytecodeInterface14writeAttributeENS_9AttributeERNS_21DialectBytecodeWriterEENK3$_0clINS0_19ChannelHandleV1AttrEEEDaT_
FN:595,_ZZNK4mlir4vhlo12_GLOBAL__N_121VhloBytecodeInterface14writeAttributeENS_9AttributeERNS_21DialectBytecodeWriterEENK3$_0clINS0_25ComparisonDirectionV1AttrEEEDaT_
FNDA:192,_ZZNK4mlir4vhlo12_GLOBAL__N_121VhloBytecodeInterface14writeAttributeENS_9AttributeERNS_21DialectBytecodeWriterEENK3$_0clINS0_25ComparisonDirectionV1AttrEEEDaT_
FN:595,_ZZNK4mlir4vhlo12_GLOBAL__N_121VhloBytecodeInterface14writeAttributeENS_9AttributeERNS_21DialectBytecodeWriterEENK3$_0clINS0_20ComparisonTypeV1AttrEEEDaT_
FNDA:160,_ZZNK4mlir4vhlo12_GLOBAL__N_121VhloBytecodeInterface14writeAttributeENS_9AttributeERNS_21DialectBytecodeWriterEENK3$_0clINS0_20ComparisonTypeV1AttrEEEDaT_
FN:595,_ZZNK4mlir4vhlo12_GLOBAL__N_121VhloBytecodeInterface14writeAttributeENS_9AttributeERNS_21DialectBytecodeWriterEENK3$_0clINS0_26ConvDimensionNumbersV1AttrEEEDaT_
FNDA:32,_ZZNK4mlir4vhlo12_GLOBAL__N_121VhloBytecodeInterface14writeAttributeENS_9AttributeERNS_21DialectBytecodeWriterEENK3$_0clINS0_26ConvDimensionNumbersV1AttrEEEDaT_
FN:595,_ZZNK4mlir4vhlo12_GLOBAL__N_121VhloBytecodeInterface14writeAttributeENS_9AttributeERNS_21DialectBytecodeWriterEENK3$_0clINS0_26CustomCallApiVersionV1AttrEEEDaT_
FNDA:128,_ZZNK4mlir4vhlo12_GLOBAL__N_121VhloBytecodeInterface14writeAttributeENS_9AttributeERNS_21DialectBytecodeWriterEENK3$_0clINS0_26CustomCallApiVersionV1AttrEEEDaT_
FN:595,_ZZNK4mlir4vhlo12_GLOBAL__N_121VhloBytecodeInterface14writeAttributeENS_9AttributeERNS_21DialectBytecodeWriterEENK3$_0clINS0_25DotDimensionNumbersV1AttrEEEDaT_
FNDA:32,_ZZNK4mlir4vhlo12_GLOBAL__N_121VhloBytecodeInterface14writeAttributeENS_9AttributeERNS_21DialectBytecodeWriterEENK3$_0clINS0_25DotDimensionNumbersV1AttrEEEDaT_
FN:595,_ZZNK4mlir4vhlo12_GLOBAL__N_121VhloBytecodeInterface14writeAttributeENS_9AttributeERNS_21DialectBytecodeWriterEENK3$_0clINS0_13FftTypeV1AttrEEEDaT_
FNDA:128,_ZZNK4mlir4vhlo12_GLOBAL__N_121VhloBytecodeInterface14writeAttributeENS_9AttributeERNS_21DialectBytecodeWriterEENK3$_0clINS0_13FftTypeV1AttrEEEDaT_
FN:595,_ZZNK4mlir4vhlo12_GLOBAL__N_121VhloBytecodeInterface14writeAttributeENS_9AttributeERNS_21DialectBytecodeWriterEENK3$_0clINS0_28GatherDimensionNumbersV1AttrEEEDaT_
FNDA:32,_ZZNK4mlir4vhlo12_GLOBAL__N_121VhloBytecodeInterface14writeAttributeENS_9AttributeERNS_21DialectBytecodeWriterEENK3$_0clINS0_28GatherDimensionNumbersV1AttrEEEDaT_
FN:595,_ZZNK4mlir4vhlo12_GLOBAL__N_121VhloBytecodeInterface14writeAttributeENS_9AttributeERNS_21DialectBytecodeWriterEENK3$_0clINS0_24OutputOperandAliasV1AttrEEEDaT_
FNDA:32,_ZZNK4mlir4vhlo12_GLOBAL__N_121VhloBytecodeInterface14writeAttributeENS_9AttributeERNS_21DialectBytecodeWriterEENK3$_0clINS0_24OutputOperandAliasV1AttrEEEDaT_
FN:595,_ZZNK4mlir4vhlo12_GLOBAL__N_121VhloBytecodeInterface14writeAttributeENS_9AttributeERNS_21DialectBytecodeWriterEENK3$_0clINS0_15PrecisionV1AttrEEEDaT_
FNDA:96,_ZZNK4mlir4vhlo12_GLOBAL__N_121VhloBytecodeInterface14writeAttributeENS_9AttributeERNS_21DialectBytecodeWriterEENK3$_0clINS0_15PrecisionV1AttrEEEDaT_
FN:595,_ZZNK4mlir4vhlo12_GLOBAL__N_121VhloBytecodeInterface14writeAttributeENS_9AttributeERNS_21DialectBytecodeWriterEENK3$_0clINS0_18RngAlgorithmV1AttrEEEDaT_
FNDA:96,_ZZNK4mlir4vhlo12_GLOBAL__N_121VhloBytecodeInterface14writeAttributeENS_9AttributeERNS_21DialectBytecodeWriterEENK3$_0clINS0_18RngAlgorithmV1AttrEEEDaT_
FN:595,_ZZNK4mlir4vhlo12_GLOBAL__N_121VhloBytecodeInterface14writeAttributeENS_9AttributeERNS_21DialectBytecodeWriterEENK3$_0clINS0_21RngDistributionV1AttrEEEDaT_
FNDA:64,_ZZNK4mlir4vhlo12_GLOBAL__N_121VhloBytecodeInterface14writeAttributeENS_9AttributeERNS_21DialectBytecodeWriterEENK3$_0clINS0_21RngDistributionV1AttrEEEDaT_
FN:595,_ZZNK4mlir4vhlo12_GLOBAL__N_121VhloBytecodeInterface14writeAttributeENS_9AttributeERNS_21DialectBytecodeWriterEENK3$_0clINS0_29ScatterDimensionNumbersV1AttrEEEDaT_
FNDA:32,_ZZNK4mlir4vhlo12_GLOBAL__N_121VhloBytecodeInterface14writeAttributeENS_9AttributeERNS_21DialectBytecodeWriterEENK3$_0clINS0_29ScatterDimensionNumbersV1AttrEEEDaT_
FN:595,_ZZNK4mlir4vhlo12_GLOBAL__N_121VhloBytecodeInterface14writeAttributeENS_9AttributeERNS_21DialectBytecodeWriterEENK3$_0clINS0_15TransposeV1AttrEEEDaT_
FNDA:96,_ZZNK4mlir4vhlo12_GLOBAL__N_121VhloBytecodeInterface14writeAttributeENS_9AttributeERNS_21DialectBytecodeWriterEENK3$_0clINS0_15TransposeV1AttrEEEDaT_
FN:595,_ZZNK4mlir4vhlo12_GLOBAL__N_121VhloBytecodeInterface14writeAttributeENS_9AttributeERNS_21DialectBytecodeWriterEENK3$_0clINS0_20TypeExtensionsV1AttrEEEDaT_
FNDA:32,_ZZNK4mlir4vhlo12_GLOBAL__N_121VhloBytecodeInterface14writeAttributeENS_9AttributeERNS_21DialectBytecodeWriterEENK3$_0clINS0_20TypeExtensionsV1AttrEEEDaT_
FN:602,_ZZNK4mlir4vhlo12_GLOBAL__N_121VhloBytecodeInterface14writeAttributeENS_9AttributeERNS_21DialectBytecodeWriterEENK3$_1clINS0_11ArrayV1AttrEEEDaT_
FNDA:288,_ZZNK4mlir4vhlo12_GLOBAL__N_121VhloBytecodeInterface14writeAttributeENS_9AttributeERNS_21DialectBytecodeWriterEENK3$_1clINS0_11ArrayV1AttrEEEDaT_
FN:602,_ZZNK4mlir4vhlo12_GLOBAL__N_121VhloBytecodeInterface14writeAttributeENS_9AttributeERNS_21DialectBytecodeWriterEENK3$_1clINS0_26DenseIntOrFPElementsV1AttrEEEDaT_
FNDA:640,_ZZNK4mlir4vhlo12_GLOBAL__N_121VhloBytecodeInterface14writeAttributeENS_9AttributeERNS_21DialectBytecodeWriterEENK3$_1clINS0_26DenseIntOrFPElementsV1AttrEEEDaT_
FN:602,_ZZNK4mlir4vhlo12_GLOBAL__N_121VhloBytecodeInterface14writeAttributeENS_9AttributeERNS_21DialectBytecodeWriterEENK3$_1clINS0_16DictionaryV1AttrEEEDaT_
FNDA:32,_ZZNK4mlir4vhlo12_GLOBAL__N_121VhloBytecodeInterface14writeAttributeENS_9AttributeERNS_21DialectBytecodeWriterEENK3$_1clINS0_16DictionaryV1AttrEEEDaT_
FN:602,_ZZNK4mlir4vhlo12_GLOBAL__N_121VhloBytecodeInterface14writeAttributeENS_9AttributeERNS_21DialectBytecodeWriterEENK3$_1clINS0_19FlatSymbolRefV1AttrEEEDaT_
FNDA:64,_ZZNK4mlir4vhlo12_GLOBAL__N_121VhloBytecodeInterface14writeAttributeENS_9AttributeERNS_21DialectBytecodeWriterEENK3$_1clINS0_19FlatSymbolRefV1AttrEEEDaT_
FN:602,_ZZNK4mlir4vhlo12_GLOBAL__N_121VhloBytecodeInterface14writeAttributeENS_9AttributeERNS_21DialectBytecodeWriterEENK3$_1clINS0_11FloatV1AttrEEEDaT_
FNDA:32,_ZZNK4mlir4vhlo12_GLOBAL__N_121VhloBytecodeInterface14writeAttributeENS_9AttributeERNS_21DialectBytecodeWriterEENK3$_1clINS0_11FloatV1AttrEEEDaT_
FN:602,_ZZNK4mlir4vhlo12_GLOBAL__N_121VhloBytecodeInterface14writeAttributeENS_9AttributeERNS_21DialectBytecodeWriterEENK3$_1clINS0_13IntegerV1AttrEEEDaT_
FNDA:256,_ZZNK4mlir4vhlo12_GLOBAL__N_121VhloBytecodeInterface14writeAttributeENS_9AttributeERNS_21DialectBytecodeWriterEENK3$_1clINS0_13IntegerV1AttrEEEDaT_
FN:602,_ZZNK4mlir4vhlo12_GLOBAL__N_121VhloBytecodeInterface14writeAttributeENS_9AttributeERNS_21DialectBytecodeWriterEENK3$_1clINS0_12StringV1AttrEEEDaT_
FNDA:5696,_ZZNK4mlir4vhlo12_GLOBAL__N_121VhloBytecodeInterface14writeAttributeENS_9AttributeERNS_21DialectBytecodeWriterEENK3$_1clINS0_12StringV1AttrEEEDaT_
FN:602,_ZZNK4mlir4vhlo12_GLOBAL__N_121VhloBytecodeInterface14writeAttributeENS_9AttributeERNS_21DialectBytecodeWriterEENK3$_1clINS0_10TypeV1AttrEEEDaT_
FNDA:2880,_ZZNK4mlir4vhlo12_GLOBAL__N_121VhloBytecodeInterface14writeAttributeENS_9AttributeERNS_21DialectBytecodeWriterEENK3$_1clINS0_10TypeV1AttrEEEDaT_
FN:607,_ZZNK4mlir4vhlo12_GLOBAL__N_121VhloBytecodeInterface14writeAttributeENS_9AttributeERNS_21DialectBytecodeWriterEENK3$_2clENS0_10UnitV1AttrE
FNDA:32,_ZZNK4mlir4vhlo12_GLOBAL__N_121VhloBytecodeInterface14writeAttributeENS_9AttributeERNS_21DialectBytecodeWriterEENK3$_2clENS0_10UnitV1AttrE
FN:611,_ZZNK4mlir4vhlo12_GLOBAL__N_121VhloBytecodeInterface14writeAttributeENS_9AttributeERNS_21DialectBytecodeWriterEENK3$_3clES3_
FNDA:0,_ZZNK4mlir4vhlo12_GLOBAL__N_121VhloBytecodeInterface14writeAttributeENS_9AttributeERNS_21DialectBytecodeWriterEENK3$_3clES3_
FN:620,_ZNK4mlir4vhlo12_GLOBAL__N_121VhloBytecodeInterface24readArgResultAliasV1AttrERNS_21DialectBytecodeReaderE
FNDA:0,_ZNK4mlir4vhlo12_GLOBAL__N_121VhloBytecodeInterface24readArgResultAliasV1AttrERNS_21DialectBytecodeReaderE
FN:639,_ZNK4mlir4vhlo12_GLOBAL__N_121VhloBytecodeInterface5writeENS0_20ArgResultAliasV1AttrERNS_21DialectBytecodeWriterE
FNDA:0,_ZNK4mlir4vhlo12_GLOBAL__N_121VhloBytecodeInterface5writeENS0_20ArgResultAliasV1AttrERNS_21DialectBytecodeWriterE
FN:651,_ZNK4mlir4vhlo12_GLOBAL__N_121VhloBytecodeInterface23readChannelHandleV1AttrERNS_21DialectBytecodeReaderE
FNDA:16,_ZNK4mlir4vhlo12_GLOBAL__N_121VhloBytecodeInterface23readChannelHandleV1AttrERNS_21DialectBytecodeReaderE
FN:661,_ZNK4mlir4vhlo12_GLOBAL__N_121VhloBytecodeInterface5writeENS0_19ChannelHandleV1AttrERNS_21DialectBytecodeWriterE
FNDA:64,_ZNK4mlir4vhlo12_GLOBAL__N_121VhloBytecodeInterface5writeENS0_19ChannelHandleV1AttrERNS_21DialectBytecodeWriterE
FN:671,_ZNK4mlir4vhlo12_GLOBAL__N_121VhloBytecodeInterface29readComparisonDirectionV1AttrERNS_21DialectBytecodeReaderE
FNDA:48,_ZNK4mlir4vhlo12_GLOBAL__N_121VhloBytecodeInterface29readComparisonDirectionV1AttrERNS_21DialectBytecodeReaderE
FN:676,_ZZNK4mlir4vhlo12_GLOBAL__N_121VhloBytecodeInterface29readComparisonDirectionV1AttrERNS_21DialectBytecodeReaderEENK3$_4clEj
FNDA:48,_ZZNK4mlir4vhlo12_GLOBAL__N_121VhloBytecodeInterface29readComparisonDirectionV1AttrERNS_21DialectBytecodeReaderEENK3$_4clEj
FN:679,_ZNK4mlir4vhlo12_GLOBAL__N_121VhloBytecodeInterface5writeENS0_25ComparisonDirectionV1AttrERNS_21DialectBytecodeWriterE
FNDA:192,_ZNK4mlir4vhlo12_GLOBAL__N_121VhloBytecodeInterface5writeENS0_25ComparisonDirectionV1AttrERNS_21DialectBytecodeWriterE
FN:688,_ZNK4mlir4vhlo12_GLOBAL__N_121VhloBytecodeInterface24readComparisonTypeV1AttrERNS_21DialectBytecodeReaderE
FNDA:40,_ZNK4mlir4vhlo12_GLOBAL__N_121VhloBytecodeInterface24readComparisonTypeV1AttrERNS_21DialectBytecodeReaderE
FN:693,_ZZNK4mlir4vhlo12_GLOBAL__N_121VhloBytecodeInterface24readComparisonTypeV1AttrERNS_21DialectBytecodeReaderEENK3$_5clEj
FNDA:40,_ZZNK4mlir4vhlo12_GLOBAL__N_121VhloBytecodeInterface24readComparisonTypeV1AttrERNS_21DialectBytecodeReaderEENK3$_5clEj
FN:696,_ZNK4mlir4vhlo12_GLOBAL__N_121VhloBytecodeInterface5writeENS0_20ComparisonTypeV1AttrERNS_21DialectBytecodeWriterE
FNDA:160,_ZNK4mlir4vhlo12_GLOBAL__N_121VhloBytecodeInterface5writeENS0_20ComparisonTypeV1AttrERNS_21DialectBytecodeWriterE
FN:706,_ZNK4mlir4vhlo12_GLOBAL__N_121VhloBytecodeInterface30readConvDimensionNumbersV1AttrERNS_21DialectBytecodeReaderE
FNDA:8,_ZNK4mlir4vhlo12_GLOBAL__N_121VhloBytecodeInterface30readConvDimensionNumbersV1AttrERNS_21DialectBytecodeReaderE
FN:736,_ZNK4mlir4vhlo12_GLOBAL__N_121VhloBytecodeInterface5writeENS0_26ConvDimensionNumbersV1AttrERNS_21DialectBytecodeWriterE
FNDA:32,_ZNK4mlir4vhlo12_GLOBAL__N_121VhloBytecodeInterface5writeENS0_26ConvDimensionNumbersV1AttrERNS_21DialectBytecodeWriterE
FN:754,_ZNK4mlir4vhlo12_GLOBAL__N_121VhloBytecodeInterface30readCustomCallApiVersionV1AttrERNS_21DialectBytecodeReaderE
FNDA:32,_ZNK4mlir4vhlo12_GLOBAL__N_121VhloBytecodeInterface30readCustomCallApiVersionV1AttrERNS_21DialectBytecodeReaderE
FN:759,_ZZNK4mlir4vhlo12_GLOBAL__N_121VhloBytecodeInterface30readCustomCallApiVersionV1AttrERNS_21DialectBytecodeReaderEENK3$_6clEj
FNDA:32,_ZZNK4mlir4vhlo12_GLOBAL__N_121VhloBytecodeInterface30readCustomCallApiVersionV1AttrERNS_21DialectBytecodeReaderEENK3$_6clEj
FN:762,_ZNK4mlir4vhlo12_GLOBAL__N_121VhloBytecodeInterface5writeENS0_26CustomCallApiVersionV1AttrERNS_21DialectBytecodeWriterE
FNDA:128,_ZNK4mlir4vhlo12_GLOBAL__N_121VhloBytecodeInterface5writeENS0_26CustomCallApiVersionV1AttrERNS_21DialectBytecodeWriterE
FN:771,_ZNK4mlir4vhlo12_GLOBAL__N_121VhloBytecodeInterface29readDotDimensionNumbersV1AttrERNS_21DialectBytecodeReaderE
FNDA:8,_ZNK4mlir4vhlo12_GLOBAL__N_121VhloBytecodeInterface29readDotDimensionNumbersV1AttrERNS_21DialectBytecodeReaderE
FN:788,_ZNK4mlir4vhlo12_GLOBAL__N_121VhloBytecodeInterface5writeENS0_25DotDimensionNumbersV1AttrERNS_21DialectBytecodeWriterE
FNDA:32,_ZNK4mlir4vhlo12_GLOBAL__N_121VhloBytecodeInterface5writeENS0_25DotDimensionNumbersV1AttrERNS_21DialectBytecodeWriterE
FN:800,_ZNK4mlir4vhlo12_GLOBAL__N_121VhloBytecodeInterface17readFftTypeV1AttrERNS_21DialectBytecodeReaderE
FNDA:32,_ZNK4mlir4vhlo12_GLOBAL__N_121VhloBytecodeInterface17readFftTypeV1AttrERNS_21DialectBytecodeReaderE
FN:805,_ZZNK4mlir4vhlo12_GLOBAL__N_121VhloBytecodeInterface17readFftTypeV1AttrERNS_21DialectBytecodeReaderEENK3$_7clEj
FNDA:32,_ZZNK4mlir4vhlo12_GLOBAL__N_121VhloBytecodeInterface17readFftTypeV1AttrERNS_21DialectBytecodeReaderEENK3$_7clEj
FN:807,_ZNK4mlir4vhlo12_GLOBAL__N_121VhloBytecodeInterface5writeENS0_13FftTypeV1AttrERNS_21DialectBytecodeWriterE
FNDA:128,_ZNK4mlir4vhlo12_GLOBAL__N_121VhloBytecodeInterface5writeENS0_13FftTypeV1AttrERNS_21DialectBytecodeWriterE
FN:817,_ZNK4mlir4vhlo12_GLOBAL__N_121VhloBytecodeInterface32readGatherDimensionNumbersV1AttrERNS_21DialectBytecodeReaderE
FNDA:8,_ZNK4mlir4vhlo12_GLOBAL__N_121VhloBytecodeInterface32readGatherDimensionNumbersV1AttrERNS_21DialectBytecodeReaderE
FN:834,_ZNK4mlir4vhlo12_GLOBAL__N_121VhloBytecodeInterface5writeENS0_28GatherDimensionNumbersV1AttrERNS_21DialectBytecodeWriterE
FNDA:32,_ZNK4mlir4vhlo12_GLOBAL__N_121VhloBytecodeInterface5writeENS0_28GatherDimensionNumbersV1AttrERNS_21DialectBytecodeWriterE
FN:846,_ZNK4mlir4vhlo12_GLOBAL__N_121VhloBytecodeInterface28readOutputOperandAliasV1AttrERNS_21DialectBytecodeReaderE
FNDA:8,_ZNK4mlir4vhlo12_GLOBAL__N_121VhloBytecodeInterface28readOutputOperandAliasV1AttrERNS_21DialectBytecodeReaderE
FN:861,_ZNK4mlir4vhlo12_GLOBAL__N_121VhloBytecodeInterface5writeENS0_24OutputOperandAliasV1AttrERNS_21DialectBytecodeWriterE
FNDA:32,_ZNK4mlir4vhlo12_GLOBAL__N_121VhloBytecodeInterface5writeENS0_24OutputOperandAliasV1AttrERNS_21DialectBytecodeWriterE
FN:872,_ZNK4mlir4vhlo12_GLOBAL__N_121VhloBytecodeInterface19readPrecisionV1AttrERNS_21DialectBytecodeReaderE
FNDA:24,_ZNK4mlir4vhlo12_GLOBAL__N_121VhloBytecodeInterface19readPrecisionV1AttrERNS_21DialectBytecodeReaderE
FN:877,_ZZNK4mlir4vhlo12_GLOBAL__N_121VhloBytecodeInterface19readPrecisionV1AttrERNS_21DialectBytecodeReaderEENK3$_8clEj
FNDA:24,_ZZNK4mlir4vhlo12_GLOBAL__N_121VhloBytecodeInterface19readPrecisionV1AttrERNS_21DialectBytecodeReaderEENK3$_8clEj
FN:880,_ZNK4mlir4vhlo12_GLOBAL__N_121VhloBytecodeInterface5writeENS0_15PrecisionV1AttrERNS_21DialectBytecodeWriterE
FNDA:96,_ZNK4mlir4vhlo12_GLOBAL__N_121VhloBytecodeInterface5writeENS0_15PrecisionV1AttrERNS_21DialectBytecodeWriterE
FN:889,_ZNK4mlir4vhlo12_GLOBAL__N_121VhloBytecodeInterface22readRngAlgorithmV1AttrERNS_21DialectBytecodeReaderE
FNDA:24,_ZNK4mlir4vhlo12_GLOBAL__N_121VhloBytecodeInterface22readRngAlgorithmV1AttrERNS_21DialectBytecodeReaderE
FN:894,_ZZNK4mlir4vhlo12_GLOBAL__N_121VhloBytecodeInterface22readRngAlgorithmV1AttrERNS_21DialectBytecodeReaderEENK3$_9clEj
FNDA:24,_ZZNK4mlir4vhlo12_GLOBAL__N_121VhloBytecodeInterface22readRngAlgorithmV1AttrERNS_21DialectBytecodeReaderEENK3$_9clEj
FN:897,_ZNK4mlir4vhlo12_GLOBAL__N_121VhloBytecodeInterface5writeENS0_18RngAlgorithmV1AttrERNS_21DialectBytecodeWriterE
FNDA:96,_ZNK4mlir4vhlo12_GLOBAL__N_121VhloBytecodeInterface5writeENS0_18RngAlgorithmV1AttrERNS_21DialectBytecodeWriterE
FN:906,_ZNK4mlir4vhlo12_GLOBAL__N_121VhloBytecodeInterface25readRngDistributionV1AttrERNS_21DialectBytecodeReaderE
FNDA:16,_ZNK4mlir4vhlo12_GLOBAL__N_121VhloBytecodeInterface25readRngDistributionV1AttrERNS_21DialectBytecodeReaderE
FN:911,_ZZNK4mlir4vhlo12_GLOBAL__N_121VhloBytecodeInterface25readRngDistributionV1AttrERNS_21DialectBytecodeReaderEENK4$_10clEj
FNDA:16,_ZZNK4mlir4vhlo12_GLOBAL__N_121VhloBytecodeInterface25readRngDistributionV1AttrERNS_21DialectBytecodeReaderEENK4$_10clEj
FN:914,_ZNK4mlir4vhlo12_GLOBAL__N_121VhloBytecodeInterface5writeENS0_21RngDistributionV1AttrERNS_21DialectBytecodeWriterE
FNDA:64,_ZNK4mlir4vhlo12_GLOBAL__N_121VhloBytecodeInterface5writeENS0_21RngDistributionV1AttrERNS_21DialectBytecodeWriterE
FN:924,_ZNK4mlir4vhlo12_GLOBAL__N_121VhloBytecodeInterface33readScatterDimensionNumbersV1AttrERNS_21DialectBytecodeReaderE
FNDA:8,_ZNK4mlir4vhlo12_GLOBAL__N_121VhloBytecodeInterface33readScatterDimensionNumbersV1AttrERNS_21DialectBytecodeReaderE
FN:942,_ZNK4mlir4vhlo12_GLOBAL__N_121VhloBytecodeInterface5writeENS0_29ScatterDimensionNumbersV1AttrERNS_21DialectBytecodeWriterE
FNDA:32,_ZNK4mlir4vhlo12_GLOBAL__N_121VhloBytecodeInterface5writeENS0_29ScatterDimensionNumbersV1AttrERNS_21DialectBytecodeWriterE
FN:954,_ZNK4mlir4vhlo12_GLOBAL__N_121VhloBytecodeInterface19readTransposeV1AttrERNS_21DialectBytecodeReaderE
FNDA:24,_ZNK4mlir4vhlo12_GLOBAL__N_121VhloBytecodeInterface19readTransposeV1AttrERNS_21DialectBytecodeReaderE
FN:959,_ZZNK4mlir4vhlo12_GLOBAL__N_121VhloBytecodeInterface19readTransposeV1AttrERNS_21DialectBytecodeReaderEENK4$_11clEj
FNDA:24,_ZZNK4mlir4vhlo12_GLOBAL__N_121VhloBytecodeInterface19readTransposeV1AttrERNS_21DialectBytecodeReaderEENK4$_11clEj
FN:962,_ZNK4mlir4vhlo12_GLOBAL__N_121VhloBytecodeInterface5writeENS0_15TransposeV1AttrERNS_21DialectBytecodeWriterE
FNDA:96,_ZNK4mlir4vhlo12_GLOBAL__N_121VhloBytecodeInterface5writeENS0_15TransposeV1AttrERNS_21DialectBytecodeWriterE
FN:971,_ZNK4mlir4vhlo12_GLOBAL__N_121VhloBytecodeInterface24readTypeExtensionsV1AttrERNS_21DialectBytecodeReaderE
FNDA:8,_ZNK4mlir4vhlo12_GLOBAL__N_121VhloBytecodeInterface24readTypeExtensionsV1AttrERNS_21DialectBytecodeReaderE
FN:979,_ZNK4mlir4vhlo12_GLOBAL__N_121VhloBytecodeInterface5writeENS0_20TypeExtensionsV1AttrERNS_21DialectBytecodeWriterE
FNDA:32,_ZNK4mlir4vhlo12_GLOBAL__N_121VhloBytecodeInterface5writeENS0_20TypeExtensionsV1AttrERNS_21DialectBytecodeWriterE
FN:992,_ZNK4mlir4vhlo12_GLOBAL__N_121VhloBytecodeInterface15readArrayV1AttrERNS_21DialectBytecodeReaderE
FNDA:72,_ZNK4mlir4vhlo12_GLOBAL__N_121VhloBytecodeInterface15readArrayV1AttrERNS_21DialectBytecodeReaderE
FN:1000,_ZNK4mlir4vhlo12_GLOBAL__N_121VhloBytecodeInterface5writeENS0_11ArrayV1AttrERNS_21DialectBytecodeWriterE
FNDA:288,_ZNK4mlir4vhlo12_GLOBAL__N_121VhloBytecodeInterface5writeENS0_11ArrayV1AttrERNS_21DialectBytecodeWriterE
FN:1010,_ZNK4mlir4vhlo12_GLOBAL__N_121VhloBytecodeInterface30readDenseIntOrFPElementsV1AttrERNS_21DialectBytecodeReaderE
FNDA:160,_ZNK4mlir4vhlo12_GLOBAL__N_121VhloBytecodeInterface30readDenseIntOrFPElementsV1AttrERNS_21DialectBytecodeReaderE
FN:1020,_ZNK4mlir4vhlo12_GLOBAL__N_121VhloBytecodeInterface5writeENS0_26DenseIntOrFPElementsV1AttrERNS_21DialectBytecodeWriterE
FNDA:640,_ZNK4mlir4vhlo12_GLOBAL__N_121VhloBytecodeInterface5writeENS0_26DenseIntOrFPElementsV1AttrERNS_21DialectBytecodeWriterE
FN:1030,_ZNK4mlir4vhlo12_GLOBAL__N_121VhloBytecodeInterface20readDictionaryV1AttrERNS_21DialectBytecodeReaderE
FNDA:8,_ZNK4mlir4vhlo12_GLOBAL__N_121VhloBytecodeInterface20readDictionaryV1AttrERNS_21DialectBytecodeReaderE
FN:1033,_ZZNK4mlir4vhlo12_GLOBAL__N_121VhloBytecodeInterface20readDictionaryV1AttrERNS_21DialectBytecodeReaderEENK4$_12clEv
FNDA:8,_ZZNK4mlir4vhlo12_GLOBAL__N_121VhloBytecodeInterface20readDictionaryV1AttrERNS_21DialectBytecodeReaderEENK4$_12clEv
FN:1047,_ZNK4mlir4vhlo12_GLOBAL__N_121VhloBytecodeInterface5writeENS0_16DictionaryV1AttrERNS_21DialectBytecodeWriterE
FNDA:32,_ZNK4mlir4vhlo12_GLOBAL__N_121VhloBytecodeInterface5writeENS0_16DictionaryV1AttrERNS_21DialectBytecodeWriterE
FN:1050,_ZZNK4mlir4vhlo12_GLOBAL__N_121VhloBytecodeInterface5writeENS0_16DictionaryV1AttrERNS_21DialectBytecodeWriterEENK4$_13clISt4pairINS_9AttributeES9_EEEDaT_
FNDA:32,_ZZNK4mlir4vhlo12_GLOBAL__N_121VhloBytecodeInterface5writeENS0_16DictionaryV1AttrERNS_21DialectBytecodeWriterEENK4$_13clISt4pairINS_9AttributeES9_EEEDaT_
FN:1061,_ZN4mlir4vhlo12_GLOBAL__N_112_GLOBAL__N_117getFloatSemanticsENS_4TypeE
FNDA:8,_ZN4mlir4vhlo12_GLOBAL__N_112_GLOBAL__N_117getFloatSemanticsENS_4TypeE
FN:1072,_ZNK4mlir4vhlo12_GLOBAL__N_121VhloBytecodeInterface15readFloatV1AttrERNS_21DialectBytecodeReaderE
FNDA:8,_ZNK4mlir4vhlo12_GLOBAL__N_121VhloBytecodeInterface15readFloatV1AttrERNS_21DialectBytecodeReaderE
FN:1085,_ZNK4mlir4vhlo12_GLOBAL__N_121VhloBytecodeInterface5writeENS0_11FloatV1AttrERNS_21DialectBytecodeWriterE
FNDA:32,_ZNK4mlir4vhlo12_GLOBAL__N_121VhloBytecodeInterface5writeENS0_11FloatV1AttrERNS_21DialectBytecodeWriterE
FN:1095,_ZNK4mlir4vhlo12_GLOBAL__N_121VhloBytecodeInterface23readFlatSymbolRefV1AttrERNS_21DialectBytecodeReaderE
FNDA:16,_ZNK4mlir4vhlo12_GLOBAL__N_121VhloBytecodeInterface23readFlatSymbolRefV1AttrERNS_21DialectBytecodeReaderE
FN:1103,_ZNK4mlir4vhlo12_GLOBAL__N_121VhloBytecodeInterface5writeENS0_19FlatSymbolRefV1AttrERNS_21DialectBytecodeWriterE
FNDA:64,_ZNK4mlir4vhlo12_GLOBAL__N_121VhloBytecodeInterface5writeENS0_19FlatSymbolRefV1AttrERNS_21DialectBytecodeWriterE
FN:1113,_ZN4mlir4vhlo12_GLOBAL__N_112_GLOBAL__N_125getBitWidthForIntegerTypeENS_4TypeE
FNDA:64,_ZN4mlir4vhlo12_GLOBAL__N_112_GLOBAL__N_125getBitWidthForIntegerTypeENS_4TypeE
FN:1124,_ZNK4mlir4vhlo12_GLOBAL__N_121VhloBytecodeInterface17readIntegerV1AttrERNS_21DialectBytecodeReaderE
FNDA:64,_ZNK4mlir4vhlo12_GLOBAL__N_121VhloBytecodeInterface17readIntegerV1AttrERNS_21DialectBytecodeReaderE
FN:1143,_ZNK4mlir4vhlo12_GLOBAL__N_121VhloBytecodeInterface5writeENS0_13IntegerV1AttrERNS_21DialectBytecodeWriterE
FNDA:256,_ZNK4mlir4vhlo12_GLOBAL__N_121VhloBytecodeInterface5writeENS0_13IntegerV1AttrERNS_21DialectBytecodeWriterE
FN:1153,_ZNK4mlir4vhlo12_GLOBAL__N_121VhloBytecodeInterface16readStringV1AttrERNS_21DialectBytecodeReaderE
FNDA:1424,_ZNK4mlir4vhlo12_GLOBAL__N_121VhloBytecodeInterface16readStringV1AttrERNS_21DialectBytecodeReaderE
FN:1161,_ZNK4mlir4vhlo12_GLOBAL__N_121VhloBytecodeInterface5writeENS0_12StringV1AttrERNS_21DialectBytecodeWriterE
FNDA:5696,_ZNK4mlir4vhlo12_GLOBAL__N_121VhloBytecodeInterface5writeENS0_12StringV1AttrERNS_21DialectBytecodeWriterE
FN:1170,_ZNK4mlir4vhlo12_GLOBAL__N_121VhloBytecodeInterface14readTypeV1AttrERNS_21DialectBytecodeReaderE
FNDA:720,_ZNK4mlir4vhlo12_GLOBAL__N_121VhloBytecodeInterface14readTypeV1AttrERNS_21DialectBytecodeReaderE
FN:1179,_ZNK4mlir4vhlo12_GLOBAL__N_121VhloBytecodeInterface5writeENS0_10TypeV1AttrERNS_21DialectBytecodeWriterE
FNDA:2880,_ZNK4mlir4vhlo12_GLOBAL__N_121VhloBytecodeInterface5writeENS0_10TypeV1AttrERNS_21DialectBytecodeWriterE
FN:1190,_ZNK4mlir4vhlo12_GLOBAL__N_121VhloBytecodeInterface8readTypeERNS_21DialectBytecodeReaderE
FNDA:1536,_ZNK4mlir4vhlo12_GLOBAL__N_121VhloBytecodeInterface8readTypeERNS_21DialectBytecodeReaderE
FN:1257,_ZNK4mlir4vhlo12_GLOBAL__N_121VhloBytecodeInterface9writeTypeENS_4TypeERNS_21DialectBytecodeWriterE
FNDA:6144,_ZNK4mlir4vhlo12_GLOBAL__N_121VhloBytecodeInterface9writeTypeENS_4TypeERNS_21DialectBytecodeWriterE
FN:1260,_ZZNK4mlir4vhlo12_GLOBAL__N_121VhloBytecodeInterface9writeTypeENS_4TypeERNS_21DialectBytecodeWriterEENK4$_14clINS0_11TokenV1TypeEEEDaT_
FNDA:32,_ZZNK4mlir4vhlo12_GLOBAL__N_121VhloBytecodeInterface9writeTypeENS_4TypeERNS_21DialectBytecodeWriterEENK4$_14clINS0_11TokenV1TypeEEEDaT_
FN:1266,_ZZNK4mlir4vhlo12_GLOBAL__N_121VhloBytecodeInterface9writeTypeENS_4TypeERNS_21DialectBytecodeWriterEENK4$_15clINS0_13ComplexV1TypeEEEDaT_
FNDA:64,_ZZNK4mlir4vhlo12_GLOBAL__N_121VhloBytecodeInterface9writeTypeENS_4TypeERNS_21DialectBytecodeWriterEENK4$_15clINS0_13ComplexV1TypeEEEDaT_
FN:1266,_ZZNK4mlir4vhlo12_GLOBAL__N_121VhloBytecodeInterface9writeTypeENS_4TypeERNS_21DialectBytecodeWriterEENK4$_15clINS0_14FunctionV1TypeEEEDaT_
FNDA:2880,_ZZNK4mlir4vhlo12_GLOBAL__N_121VhloBytecodeInterface9writeTypeENS_4TypeERNS_21DialectBytecodeWriterEENK4$_15clINS0_14FunctionV1TypeEEEDaT_
FN:1266,_ZZNK4mlir4vhlo12_GLOBAL__N_121VhloBytecodeInterface9writeTypeENS_4TypeERNS_21DialectBytecodeWriterEENK4$_15clINS0_18RankedTensorV1TypeEEEDaT_
FNDA:2400,_ZZNK4mlir4vhlo12_GLOBAL__N_121VhloBytecodeInterface9writeTypeENS_4TypeERNS_21DialectBytecodeWriterEENK4$_15clINS0_18RankedTensorV1TypeEEEDaT_
FN:1266,_ZZNK4mlir4vhlo12_GLOBAL__N_121VhloBytecodeInterface9writeTypeENS_4TypeERNS_21DialectBytecodeWriterEENK4$_15clINS0_11TupleV1TypeEEEDaT_
FNDA:96,_ZZNK4mlir4vhlo12_GLOBAL__N_121VhloBytecodeInterface9writeTypeENS_4TypeERNS_21DialectBytecodeWriterEENK4$_15clINS0_11TupleV1TypeEEEDaT_
FN:1266,_ZZNK4mlir4vhlo12_GLOBAL__N_121VhloBytecodeInterface9writeTypeENS_4TypeERNS_21DialectBytecodeWriterEENK4$_15clINS0_20UnrankedTensorV1TypeEEEDaT_
FNDA:32,_ZZNK4mlir4vhlo12_GLOBAL__N_121VhloBytecodeInterface9writeTypeENS_4TypeERNS_21DialectBytecodeWriterEENK4$_15clINS0_20UnrankedTensorV1TypeEEEDaT_
FN:1266,_ZZNK4mlir4vhlo12_GLOBAL__N_121VhloBytecodeInterface9writeTypeENS_4TypeERNS_21DialectBytecodeWriterEENK4$_15clINS0_22UniformQuantizedV1TypeEEEDaT_
FNDA:32,_ZZNK4mlir4vhlo12_GLOBAL__N_121VhloBytecodeInterface9writeTypeENS_4TypeERNS_21DialectBytecodeWriterEENK4$_15clINS0_22UniformQuantizedV1TypeEEEDaT_
FN:1270,_ZZNK4mlir4vhlo12_GLOBAL__N_121VhloBytecodeInterface9writeTypeENS_4TypeERNS_21DialectBytecodeWriterEENK4$_16clENS0_14BFloat16V1TypeE
[...]
FNDA:10280,_ZZN4mlir4vhlo12_GLOBAL__N_117VhloToVersionPass14runOnOperationEvENKUlPNS_9OperationEE_clES4_
FN:266,_ZN4mlir4vhlo12_GLOBAL__N_118emitDowngradeErrorEPNS_9OperationEN4llvm9StringRefE
FNDA:32,_ZN4mlir4vhlo12_GLOBAL__N_118emitDowngradeErrorEPNS_9OperationEN4llvm9StringRefE
FN:272,_ZN4mlir4vhlo12_GLOBAL__N_124VersionConversionPatternINS0_14CustomCallOpV1ENS0_14CustomCallOpV2EED0Ev
FNDA:0,_ZN4mlir4vhlo12_GLOBAL__N_124VersionConversionPatternINS0_14CustomCallOpV1ENS0_14CustomCallOpV2EED0Ev
FN:272,_ZN4mlir4vhlo12_GLOBAL__N_124VersionConversionPatternINS0_14CustomCallOpV2ENS0_14CustomCallOpV1EED0Ev
FNDA:0,_ZN4mlir4vhlo12_GLOBAL__N_124VersionConversionPatternINS0_14CustomCallOpV2ENS0_14CustomCallOpV1EED0Ev
FN:272,_ZN4mlir4vhlo12_GLOBAL__N_124VersionConversionPatternINS0_21CollectivePermuteOpV1ENS0_21CollectivePermuteOpV2EED0Ev
FNDA:0,_ZN4mlir4vhlo12_GLOBAL__N_124VersionConversionPatternINS0_21CollectivePermuteOpV1ENS0_21CollectivePermuteOpV2EED0Ev
FN:272,_ZN4mlir4vhlo12_GLOBAL__N_124VersionConversionPatternINS0_21CollectivePermuteOpV2ENS0_21CollectivePermuteOpV1EED0Ev
FNDA:0,_ZN4mlir4vhlo12_GLOBAL__N_124VersionConversionPatternINS0_21CollectivePermuteOpV2ENS0_21CollectivePermuteOpV1EED0Ev
FN:272,_ZN4mlir4vhlo12_GLOBAL__N_124VersionConversionPatternINS0_13AllGatherOpV1ENS0_13AllGatherOpV2EED0Ev
FNDA:0,_ZN4mlir4vhlo12_GLOBAL__N_124VersionConversionPatternINS0_13AllGatherOpV1ENS0_13AllGatherOpV2EED0Ev
FN:272,_ZN4mlir4vhlo12_GLOBAL__N_124VersionConversionPatternINS0_13AllGatherOpV2ENS0_13AllGatherOpV1EED0Ev
FNDA:0,_ZN4mlir4vhlo12_GLOBAL__N_124VersionConversionPatternINS0_13AllGatherOpV2ENS0_13AllGatherOpV1EED0Ev
FN:272,_ZN4mlir4vhlo12_GLOBAL__N_124VersionConversionPatternINS0_12AllToAllOpV1ENS0_12AllToAllOpV2EED0Ev
FNDA:0,_ZN4mlir4vhlo12_GLOBAL__N_124VersionConversionPatternINS0_12AllToAllOpV1ENS0_12AllToAllOpV2EED0Ev
FN:272,_ZN4mlir4vhlo12_GLOBAL__N_124VersionConversionPatternINS0_12AllToAllOpV2ENS0_12AllToAllOpV1EED0Ev
FNDA:0,_ZN4mlir4vhlo12_GLOBAL__N_124VersionConversionPatternINS0_12AllToAllOpV2ENS0_12AllToAllOpV1EED0Ev
FN:273,_ZN4mlir4vhlo12_GLOBAL__N_124VersionConversionPatternINS0_14CustomCallOpV1ENS0_14CustomCallOpV2EECI2NS_19OpConversionPatternIS3_EEERNS_13TypeConverterEPNS_11MLIRContextENS_14PatternBenefitE
FNDA:192,_ZN4mlir4vhlo12_GLOBAL__N_124VersionConversionPatternINS0_14CustomCallOpV1ENS0_14CustomCallOpV2EECI2NS_19OpConversionPatternIS3_EEERNS_13TypeConverterEPNS_11MLIRContextENS_14PatternBenefitE
FN:273,_ZN4mlir4vhlo12_GLOBAL__N_124VersionConversionPatternINS0_14CustomCallOpV2ENS0_14CustomCallOpV1EECI2NS_19OpConversionPatternIS3_EEERNS_13TypeConverterEPNS_11MLIRContextENS_14PatternBenefitE
FNDA:192,_ZN4mlir4vhlo12_GLOBAL__N_124VersionConversionPatternINS0_14CustomCallOpV2ENS0_14CustomCallOpV1EECI2NS_19OpConversionPatternIS3_EEERNS_13TypeConverterEPNS_11MLIRContextENS_14PatternBenefitE
FN:273,_ZN4mlir4vhlo12_GLOBAL__N_124VersionConversionPatternINS0_21CollectivePermuteOpV1ENS0_21CollectivePermuteOpV2EECI2NS_19OpConversionPatternIS3_EEERNS_13TypeConverterEPNS_11MLIRContextENS_14PatternBenefitE
FNDA:192,_ZN4mlir4vhlo12_GLOBAL__N_124VersionConversionPatternINS0_21CollectivePermuteOpV1ENS0_21CollectivePermuteOpV2EECI2NS_19OpConversionPatternIS3_EEERNS_13TypeConverterEPNS_11MLIRContextENS_14PatternBenefitE
FN:273,_ZN4mlir4vhlo12_GLOBAL__N_124VersionConversionPatternINS0_21CollectivePermuteOpV2ENS0_21CollectivePermuteOpV1EECI2NS_19OpConversionPatternIS3_EEERNS_13TypeConverterEPNS_11MLIRContextENS_14PatternBenefitE
FNDA:192,_ZN4mlir4vhlo12_GLOBAL__N_124VersionConversionPatternINS0_21CollectivePermuteOpV2ENS0_21CollectivePermuteOpV1EECI2NS_19OpConversionPatternIS3_EEERNS_13TypeConverterEPNS_11MLIRContextENS_14PatternBenefitE
FN:273,_ZN4mlir4vhlo12_GLOBAL__N_124VersionConversionPatternINS0_13AllGatherOpV1ENS0_13AllGatherOpV2EECI2NS_19OpConversionPatternIS3_EEERNS_13TypeConverterEPNS_11MLIRContextENS_14PatternBenefitE
FNDA:192,_ZN4mlir4vhlo12_GLOBAL__N_124VersionConversionPatternINS0_13AllGatherOpV1ENS0_13AllGatherOpV2EECI2NS_19OpConversionPatternIS3_EEERNS_13TypeConverterEPNS_11MLIRContextENS_14PatternBenefitE
FN:273,_ZN4mlir4vhlo12_GLOBAL__N_124VersionConversionPatternINS0_13AllGatherOpV2ENS0_13AllGatherOpV1EECI2NS_19OpConversionPatternIS3_EEERNS_13TypeConverterEPNS_11MLIRContextENS_14PatternBenefitE
FNDA:192,_ZN4mlir4vhlo12_GLOBAL__N_124VersionConversionPatternINS0_13AllGatherOpV2ENS0_13AllGatherOpV1EECI2NS_19OpConversionPatternIS3_EEERNS_13TypeConverterEPNS_11MLIRContextENS_14PatternBenefitE
FN:273,_ZN4mlir4vhlo12_GLOBAL__N_124VersionConversionPatternINS0_12AllToAllOpV1ENS0_12AllToAllOpV2EECI2NS_19OpConversionPatternIS3_EEERNS_13TypeConverterEPNS_11MLIRContextENS_14PatternBenefitE
FNDA:192,_ZN4mlir4vhlo12_GLOBAL__N_124VersionConversionPatternINS0_12AllToAllOpV1ENS0_12AllToAllOpV2EECI2NS_19OpConversionPatternIS3_EEERNS_13TypeConverterEPNS_11MLIRContextENS_14PatternBenefitE
FN:273,_ZN4mlir4vhlo12_GLOBAL__N_124VersionConversionPatternINS0_12AllToAllOpV2ENS0_12AllToAllOpV1EECI2NS_19OpConversionPatternIS3_EEERNS_13TypeConverterEPNS_11MLIRContextENS_14PatternBenefitE
FNDA:192,_ZN4mlir4vhlo12_GLOBAL__N_124VersionConversionPatternINS0_12AllToAllOpV2ENS0_12AllToAllOpV1EECI2NS_19OpConversionPatternIS3_EEERNS_13TypeConverterEPNS_11MLIRContextENS_14PatternBenefitE
FN:280,_ZNK4mlir4vhlo12_GLOBAL__N_124VersionConversionPatternINS0_14CustomCallOpV1ENS0_14CustomCallOpV2EE15matchAndRewriteES3_NS0_21CustomCallOpV1AdaptorERNS_25ConversionPatternRewriterE
FNDA:40,_ZNK4mlir4vhlo12_GLOBAL__N_124VersionConversionPatternINS0_14CustomCallOpV1ENS0_14CustomCallOpV2EE15matchAndRewriteES3_NS0_21CustomCallOpV1AdaptorERNS_25ConversionPatternRewriterE
FN:280,_ZNK4mlir4vhlo12_GLOBAL__N_124VersionConversionPatternINS0_14CustomCallOpV2ENS0_14CustomCallOpV1EE15matchAndRewriteES3_NS0_21CustomCallOpV2AdaptorERNS_25ConversionPatternRewriterE
FNDA:48,_ZNK4mlir4vhlo12_GLOBAL__N_124VersionConversionPatternINS0_14CustomCallOpV2ENS0_14CustomCallOpV1EE15matchAndRewriteES3_NS0_21CustomCallOpV2AdaptorERNS_25ConversionPatternRewriterE
FN:280,_ZNK4mlir4vhlo12_GLOBAL__N_124VersionConversionPatternINS0_21CollectivePermuteOpV1ENS0_21CollectivePermuteOpV2EE15matchAndRewriteES3_NS0_28CollectivePermuteOpV1AdaptorERNS_25ConversionPatternRewriterE
FNDA:16,_ZNK4mlir4vhlo12_GLOBAL__N_124VersionConversionPatternINS0_21CollectivePermuteOpV1ENS0_21CollectivePermuteOpV2EE15matchAndRewriteES3_NS0_28CollectivePermuteOpV1AdaptorERNS_25ConversionPatternRewriterE
FN:280,_ZNK4mlir4vhlo12_GLOBAL__N_124VersionConversionPatternINS0_21CollectivePermuteOpV2ENS0_21CollectivePermuteOpV1EE15matchAndRewriteES3_NS0_28CollectivePermuteOpV2AdaptorERNS_25ConversionPatternRewriterE
FNDA:16,_ZNK4mlir4vhlo12_GLOBAL__N_124VersionConversionPatternINS0_21CollectivePermuteOpV2ENS0_21CollectivePermuteOpV1EE15matchAndRewriteES3_NS0_28CollectivePermuteOpV2AdaptorERNS_25ConversionPatternRewriterE
FN:280,_ZNK4mlir4vhlo12_GLOBAL__N_124VersionConversionPatternINS0_13AllGatherOpV1ENS0_13AllGatherOpV2EE15matchAndRewriteES3_NS0_20AllGatherOpV1AdaptorERNS_25ConversionPatternRewriterE
FNDA:16,_ZNK4mlir4vhlo12_GLOBAL__N_124VersionConversionPatternINS0_13AllGatherOpV1ENS0_13AllGatherOpV2EE15matchAndRewriteES3_NS0_20AllGatherOpV1AdaptorERNS_25ConversionPatternRewriterE
FN:280,_ZNK4mlir4vhlo12_GLOBAL__N_124VersionConversionPatternINS0_13AllGatherOpV2ENS0_13AllGatherOpV1EE15matchAndRewriteES3_NS0_20AllGatherOpV2AdaptorERNS_25ConversionPatternRewriterE
FNDA:16,_ZNK4mlir4vhlo12_GLOBAL__N_124VersionConversionPatternINS0_13AllGatherOpV2ENS0_13AllGatherOpV1EE15matchAndRewriteES3_NS0_20AllGatherOpV2AdaptorERNS_25ConversionPatternRewriterE
FN:280,_ZNK4mlir4vhlo12_GLOBAL__N_124VersionConversionPatternINS0_12AllToAllOpV1ENS0_12AllToAllOpV2EE15matchAndRewriteES3_NS0_19AllToAllOpV1AdaptorERNS_25ConversionPatternRewriterE
FNDA:16,_ZNK4mlir4vhlo12_GLOBAL__N_124VersionConversionPatternINS0_12AllToAllOpV1ENS0_12AllToAllOpV2EE15matchAndRewriteES3_NS0_19AllToAllOpV1AdaptorERNS_25ConversionPatternRewriterE
FN:280,_ZNK4mlir4vhlo12_GLOBAL__N_124VersionConversionPatternINS0_12AllToAllOpV2ENS0_12AllToAllOpV1EE15matchAndRewriteES3_NS0_19AllToAllOpV2AdaptorERNS_25ConversionPatternRewriterE
FNDA:16,_ZNK4mlir4vhlo12_GLOBAL__N_124VersionConversionPatternINS0_12AllToAllOpV2ENS0_12AllToAllOpV1EE15matchAndRewriteES3_NS0_19AllToAllOpV2AdaptorERNS_25ConversionPatternRewriterE
FN:298,_ZN4mlir4vhlo12_GLOBAL__N_118CustomCallOpV1ToV2D0Ev
FNDA:192,_ZN4mlir4vhlo12_GLOBAL__N_118CustomCallOpV1ToV2D0Ev
FN:300,_ZN4mlir4vhlo12_GLOBAL__N_118CustomCallOpV1ToV2CI2NS_19OpConversionPatternINS0_14CustomCallOpV1EEEERNS_13TypeConverterEPNS_11MLIRContextENS_14PatternBenefitE
FNDA:192,_ZN4mlir4vhlo12_GLOBAL__N_118CustomCallOpV1ToV2CI2NS_19OpConversionPatternINS0_14CustomCallOpV1EEEERNS_13TypeConverterEPNS_11MLIRContextENS_14PatternBenefitE
FN:301,_ZNK4mlir4vhlo12_GLOBAL__N_118CustomCallOpV1ToV222prepareOpForConversionENS0_14CustomCallOpV1E
FNDA:40,_ZNK4mlir4vhlo12_GLOBAL__N_118CustomCallOpV1ToV222prepareOpForConversionENS0_14CustomCallOpV1E
FN:307,_ZN4mlir4vhlo12_GLOBAL__N_118CustomCallOpV2ToV1D0Ev
FNDA:192,_ZN4mlir4vhlo12_GLOBAL__N_118CustomCallOpV2ToV1D0Ev
FN:309,_ZN4mlir4vhlo12_GLOBAL__N_118CustomCallOpV2ToV1CI2NS_19OpConversionPatternINS0_14CustomCallOpV2EEEERNS_13TypeConverterEPNS_11MLIRContextENS_14PatternBenefitE
FNDA:192,_ZN4mlir4vhlo12_GLOBAL__N_118CustomCallOpV2ToV1CI2NS_19OpConversionPatternINS0_14CustomCallOpV2EEEERNS_13TypeConverterEPNS_11MLIRContextENS_14PatternBenefitE
FN:310,_ZNK4mlir4vhlo12_GLOBAL__N_118CustomCallOpV2ToV122prepareOpForConversionENS0_14CustomCallOpV2E
FNDA:48,_ZNK4mlir4vhlo12_GLOBAL__N_118CustomCallOpV2ToV122prepareOpForConversionENS0_14CustomCallOpV2E
FN:325,_ZN4mlir4vhlo12_GLOBAL__N_125CollectivePermuteOpV1ToV2D0Ev
FNDA:192,_ZN4mlir4vhlo12_GLOBAL__N_125CollectivePermuteOpV1ToV2D0Ev
FN:328,_ZN4mlir4vhlo12_GLOBAL__N_125CollectivePermuteOpV1ToV2CI2NS_19OpConversionPatternINS0_21CollectivePermuteOpV1EEEERNS_13TypeConverterEPNS_11MLIRContextENS_14PatternBenefitE
FNDA:192,_ZN4mlir4vhlo12_GLOBAL__N_125CollectivePermuteOpV1ToV2CI2NS_19OpConversionPatternINS0_21CollectivePermuteOpV1EEEERNS_13TypeConverterEPNS_11MLIRContextENS_14PatternBenefitE
FN:329,_ZNK4mlir4vhlo12_GLOBAL__N_125CollectivePermuteOpV1ToV222prepareOpForConversionENS0_21CollectivePermuteOpV1E
FNDA:16,_ZNK4mlir4vhlo12_GLOBAL__N_125CollectivePermuteOpV1ToV222prepareOpForConversionENS0_21CollectivePermuteOpV1E
FN:335,_ZN4mlir4vhlo12_GLOBAL__N_125CollectivePermuteOpV2ToV1D0Ev
FNDA:192,_ZN4mlir4vhlo12_GLOBAL__N_125CollectivePermuteOpV2ToV1D0Ev
FN:338,_ZN4mlir4vhlo12_GLOBAL__N_125CollectivePermuteOpV2ToV1CI2NS_19OpConversionPatternINS0_21CollectivePermuteOpV2EEEERNS_13TypeConverterEPNS_11MLIRContextENS_14PatternBenefitE
FNDA:192,_ZN4mlir4vhlo12_GLOBAL__N_125CollectivePermuteOpV2ToV1CI2NS_19OpConversionPatternINS0_21CollectivePermuteOpV2EEEERNS_13TypeConverterEPNS_11MLIRContextENS_14PatternBenefitE
FN:339,_ZNK4mlir4vhlo12_GLOBAL__N_125CollectivePermuteOpV2ToV122prepareOpForConversionENS0_21CollectivePermuteOpV2E
FNDA:16,_ZNK4mlir4vhlo12_GLOBAL__N_125CollectivePermuteOpV2ToV122prepareOpForConversionENS0_21CollectivePermuteOpV2E
FN:348,_ZN4mlir4vhlo12_GLOBAL__N_117AllGatherOpV1ToV2D0Ev
FNDA:192,_ZN4mlir4vhlo12_GLOBAL__N_117AllGatherOpV1ToV2D0Ev
FN:350,_ZN4mlir4vhlo12_GLOBAL__N_117AllGatherOpV1ToV2CI2NS_19OpConversionPatternINS0_13AllGatherOpV1EEEERNS_13TypeConverterEPNS_11MLIRContextENS_14PatternBenefitE
FNDA:192,_ZN4mlir4vhlo12_GLOBAL__N_117AllGatherOpV1ToV2CI2NS_19OpConversionPatternINS0_13AllGatherOpV1EEEERNS_13TypeConverterEPNS_11MLIRContextENS_14PatternBenefitE
FN:351,_ZNK4mlir4vhlo12_GLOBAL__N_117AllGatherOpV1ToV222prepareOpForConversionENS0_13AllGatherOpV1E
FNDA:16,_ZNK4mlir4vhlo12_GLOBAL__N_117AllGatherOpV1ToV222prepareOpForConversionENS0_13AllGatherOpV1E
FN:357,_ZN4mlir4vhlo12_GLOBAL__N_117AllGatherOpV2ToV1D0Ev
FNDA:192,_ZN4mlir4vhlo12_GLOBAL__N_117AllGatherOpV2ToV1D0Ev
FN:359,_ZN4mlir4vhlo12_GLOBAL__N_117AllGatherOpV2ToV1CI2NS_19OpConversionPatternINS0_13AllGatherOpV2EEEERNS_13TypeConverterEPNS_11MLIRContextENS_14PatternBenefitE
FNDA:192,_ZN4mlir4vhlo12_GLOBAL__N_117AllGatherOpV2ToV1CI2NS_19OpConversionPatternINS0_13AllGatherOpV2EEEERNS_13TypeConverterEPNS_11MLIRContextENS_14PatternBenefitE
FN:360,_ZNK4mlir4vhlo12_GLOBAL__N_117AllGatherOpV2ToV122prepareOpForConversionENS0_13AllGatherOpV2E
FNDA:16,_ZNK4mlir4vhlo12_GLOBAL__N_117AllGatherOpV2ToV122prepareOpForConversionENS0_13AllGatherOpV2E
FN:369,_ZN4mlir4vhlo12_GLOBAL__N_116AllToAllOpV1ToV2D0Ev
FNDA:192,_ZN4mlir4vhlo12_GLOBAL__N_116AllToAllOpV1ToV2D0Ev
FN:371,_ZN4mlir4vhlo12_GLOBAL__N_116AllToAllOpV1ToV2CI2NS_19OpConversionPatternINS0_12AllToAllOpV1EEEERNS_13TypeConverterEPNS_11MLIRContextENS_14PatternBenefitE
FNDA:192,_ZN4mlir4vhlo12_GLOBAL__N_116AllToAllOpV1ToV2CI2NS_19OpConversionPatternINS0_12AllToAllOpV1EEEERNS_13TypeConverterEPNS_11MLIRContextENS_14PatternBenefitE
FN:372,_ZNK4mlir4vhlo12_GLOBAL__N_116AllToAllOpV1ToV222prepareOpForConversionENS0_12AllToAllOpV1E
FNDA:16,_ZNK4mlir4vhlo12_GLOBAL__N_116AllToAllOpV1ToV222prepareOpForConversionENS0_12AllToAllOpV1E
FN:378,_ZN4mlir4vhlo12_GLOBAL__N_116AllToAllOpV2ToV1D0Ev
FNDA:192,_ZN4mlir4vhlo12_GLOBAL__N_116AllToAllOpV2ToV1D0Ev
FN:380,_ZN4mlir4vhlo12_GLOBAL__N_116AllToAllOpV2ToV1CI2NS_19OpConversionPatternINS0_12AllToAllOpV2EEEERNS_13TypeConverterEPNS_11MLIRContextENS_14PatternBenefitE
FNDA:192,_ZN4mlir4vhlo12_GLOBAL__N_116AllToAllOpV2ToV1CI2NS_19OpConversionPatternINS0_12AllToAllOpV2EEEERNS_13TypeConverterEPNS_11MLIRContextENS_14PatternBenefitE
FN:381,_ZNK4mlir4vhlo12_GLOBAL__N_116AllToAllOpV2ToV122prepareOpForConversionENS0_12AllToAllOpV2E
FNDA:16,_ZNK4mlir4vhlo12_GLOBAL__N_116AllToAllOpV2ToV122prepareOpForConversionENS0_12AllToAllOpV2E
FN:393,_ZN4mlir9stablehlo29populateVhloToVersionPatternsEPNS_17RewritePatternSetEPNS_13TypeConverterEPNS_11MLIRContextE
FNDA:192,_ZN4mlir9stablehlo29populateVhloToVersionPatternsEPNS_17RewritePatternSetEPNS_13TypeConverterEPNS_11MLIRContextE
DA:59,192
DA:60,328
DA:61,272
DA:62,136
DA:63,136
DA:64,0
DA:65,0
DA:66,136
DA:67,192
DA:70,224
DA:71,224
DA:72,208
DA:73,224
DA:76,224
DA:77,224
DA:78,224
DA:79,224
DA:80,16
DA:81,16
DA:82,8
DA:84,8
DA:85,16
DA:86,8
DA:87,8
DA:90,208
DA:91,208
DA:92,16
DA:93,8
DA:94,8
DA:95,200
DA:96,16
DA:97,8
DA:98,8
DA:100,192
DA:101,224
DA:104,66936
DA:105,66936
DA:106,66264
DA:112,10392
DA:113,10392
DA:114,10392
DA:115,8
DA:117,8
DA:121,10384
DA:122,624
DA:123,328
DA:125,10088
DA:126,872
DA:127,9216
DA:128,56
DA:129,112
DA:130,56
DA:131,56
DA:134,9160
DA:135,40
DA:136,9120
DA:137,88
DA:138,9032
DA:139,816
DA:140,8216
DA:141,3368
DA:144,4848
DA:145,10392
DA:147,46264
DA:149,46264
DA:150,46264
DA:151,368
DA:153,368
DA:157,45896
DA:158,688
DA:159,48552
DA:160,11728
DA:161,8384
DA:163,3344
DA:164,3176
DA:165,3344
DA:166,61768
DA:167,19904
DA:168,19904
DA:169,0
DA:170,19904
DA:171,19904
DA:172,21960
DA:173,448
DA:174,256
DA:176,21928
DA:177,160
DA:178,160
DA:179,136
DA:180,21608
DA:181,112
DA:184,21496
DA:185,46264
DA:187,10280
DA:189,10280
DA:190,10280
DA:191,10280
DA:192,9856
DA:195,19720
DA:196,9864
DA:198,9856
DA:201,21072
DA:202,11480
DA:204,9592
DA:205,9528
DA:206,112
DA:207,9480
DA:208,10280
DA:213,688
DA:214,0
DA:215,0
DA:217,224
DA:218,224
DA:221,224
DA:222,224
DA:223,224
DA:224,192
DA:244,192
DA:245,10472
DA:246,10280
DA:248,192
DA:250,192
DA:251,192
DA:252,384
DA:253,192
DA:256,384
DA:257,192
DA:258,160
DA:259,224
DA:266,32
DA:267,64
DA:268,32
DA:280,184
DA:282,184
DA:283,184
DA:284,304
DA:285,152
DA:286,152
DA:287,152
DA:288,0
DA:289,152
DA:290,184
DA:301,40
DA:302,40
DA:310,48
DA:311,48
DA:312,16
DA:313,16
DA:314,16
DA:315,8
DA:316,8
DA:318,8
DA:319,16
DA:320,40
DA:321,48
DA:329,16
DA:330,16
DA:339,16
DA:340,16
DA:341,16
DA:342,8
DA:343,8
DA:344,16
DA:351,16
DA:352,16
DA:360,16
DA:361,16
DA:362,8
DA:363,8
DA:364,8
DA:365,16
DA:372,16
DA:373,16
DA:381,16
DA:382,16
DA:383,16
DA:384,8
DA:385,8
DA:386,16
DA:393,192
DA:395,192
DA:396,192
DA:397,192
DA:398,192
DA:399,192
DA:400,192
DA:401,192
DA:402,192
DA:403,192
DA:404,192
end_of_record
SF:/usr/local/google/home/gleasonk/Coding/openxla/stablehlo/stablehlo/dialect/VhloOps.h
FN:35,_ZN4mlir4vhlo11VhloDialect19getDialectNamespaceEv
FNDA:328,_ZN4mlir4vhlo11VhloDialect19getDialectNamespaceEv
DA:35,328
end_of_record
TN:
SF:/usr/local/google/home/gleasonk/Coding/openxla/stablehlo/stablehlo/tools/StablehloOptMain.cpp
FN:23,main
FNDA:464,main
DA:23,464
DA:24,464
DA:25,464
DA:26,464
DA:28,464
DA:29,464
DA:30,464
DA:32,464
DA:33,464
DA:34,464
end_of_record
TN:
SF:/usr/local/google/home/gleasonk/Coding/openxla/stablehlo/stablehlo/reference/Tensor.h
FN:36,_ZN4mlir9stablehlo6detail6BufferD2Ev
FNDA:4664,_ZN4mlir9stablehlo6detail6BufferD2Ev
FN:66,_ZN4mlir9stablehlo6TensorD2Ev
FNDA:2152,_ZN4mlir9stablehlo6TensorD2Ev
end_of_record
SF:/usr/local/google/home/gleasonk/Coding/openxla/stablehlo/stablehlo/tools/StablehloInterpreterMain.cpp
FN:0,__cxx_global_var_init
FNDA:200,__cxx_global_var_init
FN:27,_ZNK4mlir3$_1clENS_8ModuleOpERN4llvm11raw_ostreamE
FNDA:1856,_ZNK4mlir3$_1clENS_8ModuleOpERN4llvm11raw_ostreamE
FN:28,_ZZNK4mlir3$_1clENS_8ModuleOpERN4llvm11raw_ostreamEENKUlNS_4func6FuncOpEE_clES6_
FNDA:1856,_ZZNK4mlir3$_1clENS_8ModuleOpERN4llvm11raw_ostreamEENKUlNS_4func6FuncOpEE_clES6_
FN:42,_ZNK4mlir3$_0clERNS_15DialectRegistryE
FNDA:1856,_ZNK4mlir3$_0clERNS_15DialectRegistryE
FN:49,main
FNDA:200,main
DA:25,200
DA:26,200
DA:27,1856
DA:28,3712
DA:29,1856
DA:30,1856
DA:33,1856
DA:36,3712
DA:37,1856
DA:38,1856
DA:40,1856
DA:41,1856
DA:42,2256
DA:43,1856
DA:44,1856
DA:45,1856
DA:49,200
DA:50,200
DA:51,200
end_of_record
SF:/usr/local/google/home/gleasonk/Coding/openxla/stablehlo/stablehlo/dialect/StablehloOps.h
FN:55,_ZN4mlir9stablehlo16StablehloDialect19getDialectNamespaceEv
FNDA:3712,_ZN4mlir9stablehlo16StablehloDialect19getDialectNamespaceEv
DA:55,3712
end_of_record
TN:
SF:/usr/local/google/home/gleasonk/Coding/openxla/stablehlo/stablehlo/tests/TestUtils.cpp
FN:45,_ZN4mlir3hlo12_GLOBAL__N_123InferReturnTypesPatternD0Ev
FNDA:896,_ZN4mlir3hlo12_GLOBAL__N_123InferReturnTypesPatternD0Ev
FN:46,_ZN4mlir3hlo12_GLOBAL__N_123InferReturnTypesPatternC2EPNS_11MLIRContextE
FNDA:896,_ZN4mlir3hlo12_GLOBAL__N_123InferReturnTypesPatternC2EPNS_11MLIRContextE
FN:48,_ZNK4mlir3hlo12_GLOBAL__N_123InferReturnTypesPattern15matchAndRewriteEPNS_9OperationERNS_15PatternRewriterE
FNDA:936,_ZNK4mlir3hlo12_GLOBAL__N_123InferReturnTypesPattern15matchAndRewriteEPNS_9OperationERNS_15PatternRewriterE
FN:74,_ZN4mlir3hlo12_GLOBAL__N_128ReifyReturnTypeShapesPatternD0Ev
FNDA:896,_ZN4mlir3hlo12_GLOBAL__N_128ReifyReturnTypeShapesPatternD0Ev
FN:75,_ZN4mlir3hlo12_GLOBAL__N_128ReifyReturnTypeShapesPatternC2EPNS_11MLIRContextE
FNDA:896,_ZN4mlir3hlo12_GLOBAL__N_128ReifyReturnTypeShapesPatternC2EPNS_11MLIRContextE
FN:77,_ZNK4mlir3hlo12_GLOBAL__N_128ReifyReturnTypeShapesPattern15matchAndRewriteEPNS_9OperationERNS_15PatternRewriterE
FNDA:144,_ZNK4mlir3hlo12_GLOBAL__N_128ReifyReturnTypeShapesPattern15matchAndRewriteEPNS_9OperationERNS_15PatternRewriterE
FN:95,_ZN4mlir3hlo12_GLOBAL__N_116HloTestInferPassC2Ev
FNDA:1344,_ZN4mlir3hlo12_GLOBAL__N_116HloTestInferPassC2Ev
FN:95,_ZN4mlir3hlo12_GLOBAL__N_116HloTestInferPassD0Ev
FNDA:85824,_ZN4mlir3hlo12_GLOBAL__N_116HloTestInferPassD0Ev
FN:95,_ZN4mlir3hlo12_GLOBAL__N_116HloTestInferPassC2ERKS2_
FNDA:84480,_ZN4mlir3hlo12_GLOBAL__N_116HloTestInferPassC2ERKS2_
FN:96,_ZN4mlir3hlo12_GLOBAL__N_116HloTestInferPass14runOnOperationEv
FNDA:896,_ZN4mlir3hlo12_GLOBAL__N_116HloTestInferPass14runOnOperationEv
FN:111,_ZN4mlir3hlo21registerAllTestPassesEv
FNDA:464,_ZN4mlir3hlo21registerAllTestPassesEv
DA:46,896
DA:47,896
DA:48,936
DA:49,936
DA:50,936
DA:51,936
DA:52,936
DA:53,936
DA:54,936
DA:55,936
DA:56,936
DA:57,936
DA:58,936
DA:59,0
DA:62,1872
DA:63,936
DA:64,936
DA:65,936
DA:66,1984
DA:67,2096
DA:68,2096
DA:69,936
DA:70,936
DA:71,936
DA:75,896
DA:76,896
DA:77,144
DA:78,144
DA:79,144
DA:80,144
DA:81,144
DA:82,144
DA:83,144
DA:84,144
DA:85,144
DA:86,8
DA:87,136
DA:88,136
DA:89,144
DA:96,896
DA:97,896
DA:98,896
DA:99,896
DA:100,896
DA:101,896
DA:102,0
DA:103,896
DA:111,464
end_of_record
