TN:
SF:/usr/local/google/home/gleasonk/Coding/openxla/stablehlo/stablehlo/reference/Tensor.h
FN:49,_ZN4mlir9stablehlo6detail6Buffer7getTypeEv
FNDA:77370,_ZN4mlir9stablehlo6detail6Buffer7getTypeEv
FN:52,_ZNK4mlir9stablehlo6detail6Buffer7getDataEv
FNDA:18402,_ZNK4mlir9stablehlo6detail6Buffer7getDataEv
FN:55,_ZN4mlir9stablehlo6detail6Buffer14getMutableDataEv
FNDA:8268,_ZN4mlir9stablehlo6detail6Buffer14getMutableDataEv
FN:80,_ZNK4mlir9stablehlo6Tensor7getTypeEv
FNDA:77370,_ZNK4mlir9stablehlo6Tensor7getTypeEv
DA:49,77370
DA:52,18402
DA:55,8268
DA:80,77370
end_of_record
SF:/usr/local/google/home/gleasonk/Coding/openxla/stablehlo/stablehlo/reference/Index.h
FN:41,_ZN4mlir9stablehlo18IndexSpaceIteratorD2Ev
FNDA:11232,_ZN4mlir9stablehlo18IndexSpaceIteratorD2Ev
FN:44,_ZN4mlir9stablehlo18IndexSpaceIteratorC2EN4llvm8ArrayRefIlEESt8optionalINS2_11SmallVectorIlLj6EEEE
FNDA:22638,_ZN4mlir9stablehlo18IndexSpaceIteratorC2EN4llvm8ArrayRefIlEESt8optionalINS2_11SmallVectorIlLj6EEEE
FN:62,_ZN4mlir9stablehlo18IndexSpaceIteratoreqERKS1_
FNDA:9840,_ZN4mlir9stablehlo18IndexSpaceIteratoreqERKS1_
FN:65,_ZN4mlir9stablehlo18IndexSpaceIteratorneERKS1_
FNDA:9840,_ZN4mlir9stablehlo18IndexSpaceIteratorneERKS1_
DA:44,22638
DA:46,22638
DA:47,22638
DA:48,0
DA:51,22638
DA:62,9840
DA:63,9840
DA:65,9840
end_of_record
SF:/usr/local/google/home/gleasonk/Coding/openxla/stablehlo/stablehlo/reference/Element.h
FN:33,_ZN4mlir9stablehlo7ElementD2Ev
FNDA:8448,_ZN4mlir9stablehlo7ElementD2Ev
FN:37,_ZN4mlir9stablehlo7ElementC2ENS_4TypeEN4llvm5APIntE
FNDA:8784,_ZN4mlir9stablehlo7ElementC2ENS_4TypeEN4llvm5APIntE
FN:38,_ZN4mlir9stablehlo7ElementC2ENS_4TypeEb
FNDA:834,_ZN4mlir9stablehlo7ElementC2ENS_4TypeEb
FN:39,_ZN4mlir9stablehlo7ElementC2ENS_4TypeEN4llvm7APFloatE
FNDA:7776,_ZN4mlir9stablehlo7ElementC2ENS_4TypeEN4llvm7APFloatE
FN:40,_ZN4mlir9stablehlo7ElementC2ENS_4TypeESt7complexIN4llvm7APFloatEE
FNDA:0,_ZN4mlir9stablehlo7ElementC2ENS_4TypeESt7complexIN4llvm7APFloatEE
FN:125,_ZN4mlir9stablehlolsERN4llvm11raw_ostreamENS0_7ElementE
FNDA:8448,_ZN4mlir9stablehlolsERN4llvm11raw_ostreamENS0_7ElementE
DA:37,8784
DA:38,834
DA:39,7776
DA:40,0
DA:41,0
DA:125,8448
DA:126,8448
DA:127,8448
end_of_record
SF:/usr/local/google/home/gleasonk/Coding/openxla/stablehlo/stablehlo/reference/Errors.h
FN:29,_ZN4mlir9stablehlo15invalidArgumentIJPKcEEEN4llvm5ErrorES3_DpRKT_
FNDA:0,_ZN4mlir9stablehlo15invalidArgumentIJPKcEEEN4llvm5ErrorES3_DpRKT_
DA:29,0
DA:30,0
end_of_record
SF:/usr/local/google/home/gleasonk/Coding/openxla/stablehlo/stablehlo/reference/Tensor.cpp
FN:32,_ZN4mlir9stablehlo12_GLOBAL__N_114getSizeInBytesENS_4TypeE
FNDA:31326,_ZN4mlir9stablehlo12_GLOBAL__N_114getSizeInBytesENS_4TypeE
FN:49,_ZN4mlir9stablehlo12_GLOBAL__N_112flattenIndexEN4llvm8ArrayRefIlEES4_
FNDA:26670,_ZN4mlir9stablehlo12_GLOBAL__N_112flattenIndexEN4llvm8ArrayRefIlEES4_
FN:78,_ZN4mlir9stablehlo6detail6BufferC2ENS_10ShapedTypeE
FNDA:1482,_ZN4mlir9stablehlo6detail6BufferC2ENS_10ShapedTypeE
FN:83,_ZN4mlir9stablehlo6detail6BufferC2ENS_10ShapedTypeENS_15AsmResourceBlobE
FNDA:2016,_ZN4mlir9stablehlo6detail6BufferC2ENS_10ShapedTypeENS_15AsmResourceBlobE
FN:88,_ZN4mlir9stablehlo6TensorC2Ev
FNDA:3762,_ZN4mlir9stablehlo6TensorC2Ev
FN:90,_ZN4mlir9stablehlo6TensorC2ENS_10ShapedTypeE
FNDA:1482,_ZN4mlir9stablehlo6TensorC2ENS_10ShapedTypeE
FN:93,_ZN4mlir9stablehlo6TensorC2ENS_10ShapedTypeENS_15AsmResourceBlobE
FNDA:2016,_ZN4mlir9stablehlo6TensorC2ENS_10ShapedTypeENS_15AsmResourceBlobE
FN:96,_ZNK4mlir9stablehlo6Tensor14getNumElementsEv
FNDA:0,_ZNK4mlir9stablehlo6Tensor14getNumElementsEv
FN:98,_ZNK4mlir9stablehlo6Tensor3getEN4llvm8ArrayRefIlEE
FNDA:18402,_ZNK4mlir9stablehlo6Tensor3getEN4llvm8ArrayRefIlEE
FN:205,_ZN4mlir9stablehlo6Tensor3setEN4llvm8ArrayRefIlEERKNS0_7ElementE
FNDA:8268,_ZN4mlir9stablehlo6Tensor3setEN4llvm8ArrayRefIlEERKNS0_7ElementE
FN:328,_ZNK4mlir9stablehlo6Tensor11index_beginEv
FNDA:2976,_ZNK4mlir9stablehlo6Tensor11index_beginEv
FN:331,_ZZNK4mlir9stablehlo6Tensor11index_beginEvENK4$_14clEl
FNDA:3240,_ZZNK4mlir9stablehlo6Tensor11index_beginEvENK4$_14clEl
FN:338,_ZNK4mlir9stablehlo6Tensor9index_endEv
FNDA:19662,_ZNK4mlir9stablehlo6Tensor9index_endEv
FN:343,_ZNK4mlir9stablehlo6Tensor5printERN4llvm11raw_ostreamE
FNDA:1392,_ZNK4mlir9stablehlo6Tensor5printERN4llvm11raw_ostreamE
FN:353,_ZNK4mlir9stablehlo6Tensor4dumpEv
FNDA:0,_ZNK4mlir9stablehlo6Tensor4dumpEv
FN:355,_ZN4mlir9stablehlo10makeTensorENS_17DenseElementsAttrE
FNDA:2016,_ZN4mlir9stablehlo10makeTensorENS_17DenseElementsAttrE
FN:362,_ZZN4mlir9stablehlo10makeTensorENS_17DenseElementsAttrEENK3$_0clEN4llvm7APFloatE
FNDA:2196,_ZZN4mlir9stablehlo10makeTensorENS_17DenseElementsAttrEENK3$_0clEN4llvm7APFloatE
FN:376,_ZZN4mlir9stablehlo10makeTensorENS_17DenseElementsAttrEENK3$_1clEN4llvm7APFloatE
FNDA:1098,_ZZN4mlir9stablehlo10makeTensorENS_17DenseElementsAttrEENK3$_1clEN4llvm7APFloatE
FN:384,_ZZN4mlir9stablehlo10makeTensorENS_17DenseElementsAttrEENK3$_2clEN4llvm7APFloatE
FNDA:1098,_ZZN4mlir9stablehlo10makeTensorENS_17DenseElementsAttrEENK3$_2clEN4llvm7APFloatE
FN:393,_ZZN4mlir9stablehlo10makeTensorENS_17DenseElementsAttrEENK3$_3clEN4llvm5APIntE
FNDA:924,_ZZN4mlir9stablehlo10makeTensorENS_17DenseElementsAttrEENK3$_3clEN4llvm5APIntE
FN:401,_ZZN4mlir9stablehlo10makeTensorENS_17DenseElementsAttrEENK3$_4clEN4llvm5APIntE
FNDA:486,_ZZN4mlir9stablehlo10makeTensorENS_17DenseElementsAttrEENK3$_4clEN4llvm5APIntE
FN:409,_ZZN4mlir9stablehlo10makeTensorENS_17DenseElementsAttrEENK3$_5clEN4llvm5APIntE
FNDA:846,_ZZN4mlir9stablehlo10makeTensorENS_17DenseElementsAttrEENK3$_5clEN4llvm5APIntE
FN:417,_ZZN4mlir9stablehlo10makeTensorENS_17DenseElementsAttrEENK3$_6clEN4llvm5APIntE
FNDA:936,_ZZN4mlir9stablehlo10makeTensorENS_17DenseElementsAttrEENK3$_6clEN4llvm5APIntE
FN:426,_ZZN4mlir9stablehlo10makeTensorENS_17DenseElementsAttrEENK3$_7clEN4llvm5APIntE
FNDA:552,_ZZN4mlir9stablehlo10makeTensorENS_17DenseElementsAttrEENK3$_7clEN4llvm5APIntE
FN:434,_ZZN4mlir9stablehlo10makeTensorENS_17DenseElementsAttrEENK3$_8clEN4llvm5APIntE
FNDA:282,_ZZN4mlir9stablehlo10makeTensorENS_17DenseElementsAttrEENK3$_8clEN4llvm5APIntE
FN:443,_ZZN4mlir9stablehlo10makeTensorENS_17DenseElementsAttrEENK3$_9clEN4llvm5APIntE
FNDA:282,_ZZN4mlir9stablehlo10makeTensorENS_17DenseElementsAttrEENK3$_9clEN4llvm5APIntE
FN:452,_ZZN4mlir9stablehlo10makeTensorENS_17DenseElementsAttrEENK4$_10clEN4llvm5APIntE
FNDA:282,_ZZN4mlir9stablehlo10makeTensorENS_17DenseElementsAttrEENK4$_10clEN4llvm5APIntE
FN:462,_ZZN4mlir9stablehlo10makeTensorENS_17DenseElementsAttrEENK4$_11clEb
FNDA:504,_ZZN4mlir9stablehlo10makeTensorENS_17DenseElementsAttrEENK4$_11clEb
FN:473,_ZZN4mlir9stablehlo10makeTensorENS_17DenseElementsAttrEENK4$_12clESt7complexIN4llvm7APFloatEE
FNDA:228,_ZZN4mlir9stablehlo10makeTensorENS_17DenseElementsAttrEENK4$_12clESt7complexIN4llvm7APFloatEE
FN:485,_ZZN4mlir9stablehlo10makeTensorENS_17DenseElementsAttrEENK4$_13clESt7complexIN4llvm7APFloatEE
FNDA:228,_ZZN4mlir9stablehlo10makeTensorENS_17DenseElementsAttrEENK4$_13clESt7complexIN4llvm7APFloatEE
DA:32,31326
DA:33,31326
DA:34,2964
DA:35,1482
DA:37,29844
DA:38,28152
DA:40,1692
DA:41,1692
DA:43,0
DA:44,0
DA:45,31326
DA:49,26670
DA:50,26670
DA:51,0
DA:54,26670
DA:55,26670
DA:61,25824
DA:62,25824
DA:63,33132
DA:64,7308
DA:70,58956
DA:71,25824
DA:72,26670
DA:78,2964
DA:79,1482
DA:80,1482
DA:81,2964
DA:83,4032
DA:84,4032
DA:88,3762
DA:90,1482
DA:91,1482
DA:93,2016
DA:94,2016
DA:96,0
DA:98,18402
DA:99,18402
DA:100,36804
DA:101,36804
DA:102,18402
DA:105,18402
DA:106,1944
DA:107,3888
DA:108,1944
DA:109,1944
DA:111,16458
DA:112,1944
DA:113,3888
DA:114,1944
DA:115,1944
DA:117,14514
DA:118,1944
DA:119,1944
DA:120,1944
DA:122,12570
DA:123,1944
DA:124,1944
DA:125,1944
DA:132,10626
DA:133,8784
DA:135,8784
DA:136,1692
DA:137,3384
DA:138,1692
DA:139,8784
DA:140,882
DA:141,1764
DA:142,882
DA:143,7092
DA:144,1674
DA:145,3348
DA:146,1674
DA:147,6210
DA:148,2178
DA:149,4356
DA:150,2178
DA:151,4536
DA:152,1962
DA:153,846
DA:154,1692
DA:155,846
DA:156,2358
DA:157,432
DA:158,864
DA:159,432
DA:160,1512
DA:161,432
DA:162,864
DA:163,432
DA:164,1080
DA:165,648
DA:166,1296
DA:167,648
DA:168,648
DA:169,8784
DA:172,1842
DA:173,834
DA:174,834
DA:175,444
DA:177,0
DA:178,834
DA:181,1008
DA:182,1008
DA:184,1008
DA:185,1008
DA:186,504
DA:187,1008
DA:188,1008
DA:189,504
DA:190,504
DA:192,504
DA:193,1008
DA:194,504
DA:195,1008
DA:196,1008
DA:197,504
DA:198,504
DA:199,1008
DA:201,0
DA:202,0
DA:203,18402
DA:205,8268
DA:206,8268
DA:207,16536
DA:208,16536
DA:209,8268
DA:212,8268
DA:213,1692
DA:214,1692
DA:215,1692
DA:217,1692
DA:219,6576
DA:220,846
DA:221,846
DA:222,846
DA:224,846
DA:226,5730
DA:227,846
DA:228,846
DA:229,846
DA:231,846
DA:238,4884
DA:239,768
DA:240,768
DA:241,768
DA:243,768
DA:245,4116
DA:246,396
DA:247,396
DA:248,396
DA:250,396
DA:252,3720
DA:253,828
DA:254,828
DA:255,828
DA:257,828
DA:259,2892
DA:260,1050
DA:261,1050
DA:262,1050
DA:264,1050
DA:267,1842
DA:268,294
DA:269,294
DA:270,294
DA:272,294
DA:274,1548
DA:275,150
DA:276,150
DA:277,150
DA:279,150
DA:281,1398
DA:282,150
DA:283,150
DA:284,150
DA:286,150
DA:288,1248
DA:289,366
DA:290,366
DA:291,366
DA:293,366
DA:296,882
DA:297,330
DA:298,330
DA:299,330
DA:301,330
DA:304,552
DA:305,552
DA:306,552
DA:308,552
DA:309,276
DA:310,552
DA:311,276
DA:313,276
DA:315,276
DA:316,276
DA:317,276
DA:318,552
DA:319,276
DA:321,276
DA:322,552
DA:324,0
DA:325,0
DA:326,8268
DA:328,2976
DA:329,2976
DA:331,6216
DA:332,12
DA:334,2964
DA:335,2964
DA:336,2976
DA:338,19662
DA:339,19662
DA:340,19662
DA:341,19662
DA:343,1392
DA:344,1392
DA:345,1392
DA:347,9840
DA:348,8448
DA:350,1392
DA:351,1392
DA:353,0
DA:355,2016
DA:356,2016
DA:357,2016
DA:360,2016
DA:361,408
DA:362,2400
DA:363,2196
DA:368,204
DA:369,204
DA:370,204
DA:371,204
DA:373,1812
DA:374,204
DA:375,102
DA:376,1098
DA:377,204
DA:378,102
DA:379,102
DA:381,1710
DA:382,204
DA:383,102
DA:384,1098
DA:385,204
DA:386,102
DA:387,102
DA:390,1608
DA:391,480
DA:392,240
DA:393,924
DA:394,480
DA:395,240
DA:396,240
DA:398,1368
DA:399,228
DA:400,114
DA:401,486
DA:402,228
DA:403,114
DA:404,114
DA:406,1254
DA:407,312
DA:408,156
DA:409,846
DA:410,312
DA:411,156
DA:412,156
DA:414,1098
DA:415,372
DA:416,186
DA:417,936
DA:418,372
DA:419,186
DA:420,186
DA:423,912
DA:424,432
DA:425,216
DA:426,552
DA:427,432
DA:428,216
DA:429,216
DA:431,696
DA:432,228
DA:433,114
DA:434,282
DA:435,114
DA:436,114
DA:437,114
DA:438,114
DA:440,582
DA:441,228
DA:442,114
DA:443,282
DA:444,114
DA:445,114
DA:446,114
DA:447,114
DA:449,468
DA:450,228
DA:451,114
DA:452,282
DA:453,114
DA:454,114
DA:455,114
DA:456,114
DA:459,354
DA:460,348
DA:461,174
DA:462,504
DA:463,348
DA:464,174
DA:465,174
DA:468,180
DA:469,180
DA:470,180
DA:471,180
DA:472,90
DA:473,228
DA:474,456
DA:475,228
DA:477,90
DA:478,90
DA:479,90
DA:480,90
DA:481,90
DA:482,90
DA:483,180
DA:484,90
DA:485,228
DA:486,456
DA:487,228
DA:489,90
DA:490,90
DA:491,90
DA:492,90
DA:493,90
DA:494,180
DA:496,0
DA:497,0
DA:498,2016
end_of_record
TN:
SF:/usr/local/google/home/gleasonk/Coding/openxla/stablehlo/stablehlo/reference/Ops.cpp
FN:36,_ZN4mlir9stablehlo12_GLOBAL__N_17permuteEN4llvm8ArrayRefIlEES4_
FNDA:288,_ZN4mlir9stablehlo12_GLOBAL__N_17permuteEN4llvm8ArrayRefIlEES4_
FN:42,_ZN4mlir9stablehlo12_GLOBAL__N_110addIndicesEN4llvm8ArrayRefIlEES4_
FNDA:36,_ZN4mlir9stablehlo12_GLOBAL__N_110addIndicesEN4llvm8ArrayRefIlEES4_
FN:51,_ZN4mlir9stablehlo9evalAddOpERKNS0_6TensorES3_NS_4TypeE
FNDA:174,_ZN4mlir9stablehlo9evalAddOpERKNS0_6TensorES3_NS_4TypeE
FN:58,_ZN4mlir9stablehlo9evalAndOpERKNS0_6TensorES3_NS_4TypeE
FNDA:78,_ZN4mlir9stablehlo9evalAndOpERKNS0_6TensorES3_NS_4TypeE
FN:65,_ZN4mlir9stablehlo20evalBroadcastInDimOpERKNS0_6TensorEN4llvm8ArrayRefIlEENS_4TypeE
FNDA:6,_ZN4mlir9stablehlo20evalBroadcastInDimOpERKNS0_6TensorEN4llvm8ArrayRefIlEENS_4TypeE
FN:81,_ZN4mlir9stablehlo10evalCeilOpERKNS0_6TensorENS_4TypeE
FNDA:24,_ZN4mlir9stablehlo10evalCeilOpERKNS0_6TensorENS_4TypeE
FN:88,_ZN4mlir9stablehlo14evalConstantOpENS_12ElementsAttrE
FNDA:2016,_ZN4mlir9stablehlo14evalConstantOpENS_12ElementsAttrE
FN:94,_ZN4mlir9stablehlo13evalConvertOpERKNS0_6TensorENS_4TypeE
FNDA:66,_ZN4mlir9stablehlo13evalConvertOpERKNS0_6TensorENS_4TypeE
FN:103,_ZN4mlir9stablehlo12evalCosineOpERKNS0_6TensorENS_4TypeE
FNDA:36,_ZN4mlir9stablehlo12evalCosineOpERKNS0_6TensorENS_4TypeE
FN:110,_ZN4mlir9stablehlo24evalDynamicUpdateSliceOpERKNS0_6TensorES3_N4llvm8ArrayRefIS1_EENS_4TypeE
FNDA:6,_ZN4mlir9stablehlo24evalDynamicUpdateSliceOpERKNS0_6TensorES3_N4llvm8ArrayRefIS1_EENS_4TypeE
FN:131,_ZN4mlir9stablehlo11evalFloorOpERKNS0_6TensorENS_4TypeE
FNDA:24,_ZN4mlir9stablehlo11evalFloorOpERKNS0_6TensorENS_4TypeE
FN:138,_ZN4mlir9stablehlo10evalIotaOpElNS_4TypeE
FNDA:150,_ZN4mlir9stablehlo10evalIotaOpElNS_4TypeE
FN:174,_ZN4mlir9stablehlo9evalMaxOpERKNS0_6TensorES3_NS_4TypeE
FNDA:102,_ZN4mlir9stablehlo9evalMaxOpERKNS0_6TensorES3_NS_4TypeE
FN:181,_ZN4mlir9stablehlo9evalMinOpERKNS0_6TensorES3_NS_4TypeE
FNDA:102,_ZN4mlir9stablehlo9evalMinOpERKNS0_6TensorES3_NS_4TypeE
FN:188,_ZN4mlir9stablehlo14evalMultiplyOpERKNS0_6TensorES3_NS_4TypeE
FNDA:90,_ZN4mlir9stablehlo14evalMultiplyOpERKNS0_6TensorES3_NS_4TypeE
FN:195,_ZN4mlir9stablehlo9evalNegOpERKNS0_6TensorENS_4TypeE
FNDA:96,_ZN4mlir9stablehlo9evalNegOpERKNS0_6TensorENS_4TypeE
FN:202,_ZN4mlir9stablehlo9evalNotOpERKNS0_6TensorENS_4TypeE
FNDA:78,_ZN4mlir9stablehlo9evalNotOpERKNS0_6TensorENS_4TypeE
FN:209,_ZN4mlir9stablehlo8evalOrOpERKNS0_6TensorES3_NS_4TypeE
FNDA:78,_ZN4mlir9stablehlo8evalOrOpERKNS0_6TensorES3_NS_4TypeE
FN:216,_ZN4mlir9stablehlo9evalPadOpERKNS0_6TensorES3_N4llvm8ArrayRefIlEES6_NS_4TypeE
FNDA:6,_ZN4mlir9stablehlo9evalPadOpERKNS0_6TensorES3_N4llvm8ArrayRefIlEES6_NS_4TypeE
FN:235,_ZN4mlir9stablehlo13evalReshapeOpERKNS0_6TensorENS_4TypeE
FNDA:24,_ZN4mlir9stablehlo13evalReshapeOpERKNS0_6TensorENS_4TypeE
FN:243,_ZN4mlir9stablehlo13evalReverseOpERKNS0_6TensorEN4llvm8ArrayRefIlEENS_4TypeE
FNDA:6,_ZN4mlir9stablehlo13evalReverseOpERKNS0_6TensorEN4llvm8ArrayRefIlEENS_4TypeE
FN:257,_ZN4mlir9stablehlo10evalSineOpERKNS0_6TensorENS_4TypeE
FNDA:36,_ZN4mlir9stablehlo10evalSineOpERKNS0_6TensorENS_4TypeE
FN:264,_ZN4mlir9stablehlo11evalSliceOpERKNS0_6TensorEN4llvm8ArrayRefIlEES6_NS_4TypeE
FNDA:6,_ZN4mlir9stablehlo11evalSliceOpERKNS0_6TensorEN4llvm8ArrayRefIlEES6_NS_4TypeE
FN:277,_ZN4mlir9stablehlo14evalSubtractOpERKNS0_6TensorES3_NS_4TypeE
FNDA:156,_ZN4mlir9stablehlo14evalSubtractOpERKNS0_6TensorES3_NS_4TypeE
FN:284,_ZN4mlir9stablehlo10evalTanhOpERKNS0_6TensorENS_4TypeE
FNDA:36,_ZN4mlir9stablehlo10evalTanhOpERKNS0_6TensorENS_4TypeE
FN:291,_ZN4mlir9stablehlo15evalTransposeOpERKNS0_6TensorEN4llvm8ArrayRefIlEENS_4TypeE
FNDA:24,_ZN4mlir9stablehlo15evalTransposeOpERKNS0_6TensorEN4llvm8ArrayRefIlEENS_4TypeE
FN:302,_ZN4mlir9stablehlo11evalWhileOpEN4llvm8ArrayRefINS0_6TensorEEERNS_6RegionES6_RNS0_5ScopeE
FNDA:6,_ZN4mlir9stablehlo11evalWhileOpEN4llvm8ArrayRefINS0_6TensorEEERNS_6RegionES6_RNS0_5ScopeE
FN:320,_ZN4mlir9stablehlo9evalXorOpERKNS0_6TensorES3_NS_4TypeE
FNDA:78,_ZN4mlir9stablehlo9evalXorOpERKNS0_6TensorES3_NS_4TypeE
FN:327,_ZN4mlir9stablehlo4evalERNS_6RegionEN4llvm8ArrayRefINS0_6TensorEEEPNS0_5ScopeE
FNDA:1518,_ZN4mlir9stablehlo4evalERNS_6RegionEN4llvm8ArrayRefINS0_6TensorEEEPNS0_5ScopeE
DA:36,288
DA:37,288
DA:38,1152
DA:39,288
DA:40,288
DA:42,36
DA:43,36
DA:44,108
DA:45,216
DA:46,36
DA:47,36
DA:51,174
DA:52,174
DA:53,762
DA:54,588
DA:55,174
DA:56,174
DA:58,78
DA:59,78
DA:60,306
DA:61,228
DA:62,78
DA:63,78
DA:65,6
DA:67,6
DA:68,6
DA:69,6
DA:70,78
DA:71,72
DA:72,72
DA:73,216
DA:74,288
DA:75,144
DA:76,72
DA:77,72
DA:78,6
DA:79,6
DA:81,24
DA:82,24
DA:83,240
DA:84,216
DA:85,24
DA:86,24
DA:88,2016
DA:89,2016
DA:94,66
DA:95,66
DA:96,66
DA:97,132
DA:98,132
DA:99,66
DA:100,66
DA:101,66
DA:103,36
DA:104,36
DA:105,324
DA:106,288
DA:107,36
DA:108,36
DA:110,6
DA:112,6
DA:113,6
DA:114,6
DA:115,6
DA:116,6
DA:117,18
DA:118,24
DA:119,12
DA:120,12
DA:121,102
DA:122,96
DA:123,96
DA:124,42
DA:125,36
DA:126,72
DA:127,36
DA:128,6
DA:129,6
DA:131,24
DA:132,24
DA:133,240
DA:134,216
DA:135,24
DA:136,24
DA:138,150
DA:139,150
DA:140,150
DA:141,1950
DA:142,1800
DA:143,1800
DA:144,1440
DA:145,720
DA:146,1800
DA:147,432
DA:148,216
DA:149,1080
DA:150,576
DA:151,576
DA:152,576
DA:154,576
DA:155,864
DA:156,288
DA:157,288
DA:158,288
DA:159,288
DA:160,288
DA:161,288
DA:163,288
DA:165,288
DA:166,288
DA:167,0
DA:168,0
DA:170,1800
DA:171,150
DA:172,150
DA:174,102
DA:175,102
DA:176,648
DA:177,546
DA:178,102
DA:179,102
DA:181,102
DA:182,102
DA:183,648
DA:184,546
DA:185,102
DA:186,102
DA:188,90
DA:189,90
DA:190,576
DA:191,486
DA:192,90
DA:193,90
DA:195,96
DA:196,96
DA:197,624
DA:198,528
DA:199,96
DA:200,96
DA:202,78
DA:203,78
DA:204,282
DA:205,204
DA:206,78
DA:207,78
DA:209,78
DA:210,78
DA:211,306
DA:212,228
DA:213,78
DA:214,78
DA:216,6
DA:218,6
DA:219,6
DA:220,216
DA:221,210
DA:222,210
DA:223,126
DA:224,120
DA:225,120
DA:226,360
DA:227,240
DA:228,240
DA:229,120
DA:230,60
DA:231,120
DA:232,6
DA:233,6
DA:235,24
DA:236,24
DA:237,168
DA:238,168
DA:239,144
DA:240,24
DA:241,24
DA:243,6
DA:244,6
DA:245,6
DA:246,6
DA:247,42
DA:248,36
DA:249,36
DA:250,108
DA:251,72
DA:252,36
DA:253,36
DA:254,6
DA:255,6
DA:257,36
DA:258,36
DA:259,324
DA:260,288
DA:261,36
DA:262,36
DA:264,6
DA:265,6
DA:266,6
DA:267,30
DA:268,24
DA:269,24
DA:270,72
DA:271,48
DA:272,24
DA:273,24
DA:274,6
DA:275,6
DA:277,156
DA:278,156
DA:279,714
DA:280,558
DA:281,156
DA:282,156
DA:284,36
DA:285,36
DA:286,324
DA:287,288
DA:288,36
DA:289,36
DA:291,24
DA:292,24
DA:293,24
DA:294,312
DA:295,288
DA:296,288
DA:297,288
DA:298,288
DA:299,24
DA:300,24
DA:302,6
DA:303,6
DA:304,6
DA:306,6
DA:307,6
DA:308,0
DA:310,66
DA:311,60
DA:312,60
DA:313,60
DA:314,0
DA:317,6
DA:318,6
DA:320,78
DA:321,78
DA:322,306
DA:323,228
DA:324,78
DA:325,78
DA:327,1518
DA:328,1518
DA:329,1518
DA:330,0
DA:332,0
DA:334,1518
DA:335,1518
DA:337,6540
DA:338,10044
DA:339,174
DA:340,174
DA:341,174
DA:342,174
DA:343,9870
DA:344,78
DA:345,78
DA:346,78
DA:347,78
DA:348,9618
DA:349,6
DA:350,12
DA:351,6
DA:352,12
DA:353,6
DA:354,6
DA:355,9534
DA:356,24
DA:357,24
DA:358,24
DA:359,9504
DA:360,2016
DA:361,2016
DA:362,7464
DA:363,66
DA:364,66
DA:365,66
DA:366,5382
DA:367,36
DA:368,36
DA:369,36
DA:370,5280
DA:371,6
DA:372,6
DA:373,6
DA:374,6
DA:375,12
DA:376,6
DA:377,6
DA:378,6
DA:379,5238
DA:380,24
DA:381,24
DA:382,24
DA:383,5208
DA:384,150
DA:385,150
DA:386,150
DA:387,5034
DA:388,102
DA:389,102
DA:390,102
DA:391,102
DA:392,4782
DA:393,102
DA:394,102
DA:395,102
DA:396,102
DA:397,4578
DA:398,90
DA:399,90
DA:400,90
DA:401,90
DA:402,90
DA:403,4386
DA:404,96
DA:405,96
DA:406,96
DA:407,4200
DA:408,78
DA:409,78
DA:410,78
DA:411,4026
DA:412,78
DA:413,78
DA:414,78
DA:415,78
DA:416,3870
DA:417,6
DA:418,6
DA:419,6
DA:420,6
DA:421,6
DA:422,6
DA:423,6
DA:424,12
DA:425,6
DA:426,6
DA:427,3780
DA:428,12
DA:429,6
DA:430,6
DA:431,12
DA:432,6
DA:433,6
DA:434,3774
DA:435,24
DA:436,24
DA:437,24
DA:438,3744
DA:439,6
DA:440,6
DA:441,6
DA:442,6
DA:443,6
DA:444,6
DA:445,2322
DA:446,1392
DA:447,798
DA:448,126
DA:449,672
DA:450,36
DA:451,36
DA:452,36
DA:453,636
DA:454,6
DA:455,6
DA:456,6
DA:457,6
DA:458,6
DA:459,6
DA:460,6
DA:461,594
DA:462,156
DA:463,156
DA:464,156
DA:465,156
DA:466,156
DA:467,432
DA:468,36
DA:469,36
DA:470,36
DA:471,240
DA:472,24
DA:473,24
DA:474,24
DA:475,24
DA:476,24
DA:477,24
DA:478,180
DA:479,78
DA:480,78
DA:481,78
DA:482,78
DA:483,78
DA:484,0
DA:485,0
DA:487,5022
DA:489,0
DA:490,1518
end_of_record
SF:/usr/local/google/home/gleasonk/Coding/openxla/stablehlo/stablehlo/reference/Element.h
FN:33,_ZN4mlir9stablehlo7ElementD2Ev
FNDA:17256,_ZN4mlir9stablehlo7ElementD2Ev
FN:37,_ZN4mlir9stablehlo7ElementC2ENS_4TypeEN4llvm5APIntE
FNDA:936,_ZN4mlir9stablehlo7ElementC2ENS_4TypeEN4llvm5APIntE
FN:38,_ZN4mlir9stablehlo7ElementC2ENS_4TypeEb
FNDA:66,_ZN4mlir9stablehlo7ElementC2ENS_4TypeEb
FN:39,_ZN4mlir9stablehlo7ElementC2ENS_4TypeEN4llvm7APFloatE
FNDA:576,_ZN4mlir9stablehlo7ElementC2ENS_4TypeEN4llvm7APFloatE
FN:40,_ZN4mlir9stablehlo7ElementC2ENS_4TypeESt7complexIN4llvm7APFloatEE
FNDA:1560,_ZN4mlir9stablehlo7ElementC2ENS_4TypeESt7complexIN4llvm7APFloatEE
DA:37,936
DA:38,66
DA:39,576
DA:40,1560
DA:41,1560
end_of_record
SF:/usr/local/google/home/gleasonk/Coding/openxla/stablehlo/stablehlo/reference/Index.h
FN:41,_ZN4mlir9stablehlo18IndexSpaceIteratorD2Ev
FNDA:11406,_ZN4mlir9stablehlo18IndexSpaceIteratorD2Ev
FN:62,_ZN4mlir9stablehlo18IndexSpaceIteratoreqERKS1_
FNDA:9822,_ZN4mlir9stablehlo18IndexSpaceIteratoreqERKS1_
FN:65,_ZN4mlir9stablehlo18IndexSpaceIteratorneERKS1_
FNDA:9822,_ZN4mlir9stablehlo18IndexSpaceIteratorneERKS1_
DA:62,9822
DA:63,9822
DA:65,9822
end_of_record
SF:/usr/local/google/home/gleasonk/Coding/openxla/stablehlo/stablehlo/reference/Tensor.h
FN:36,_ZN4mlir9stablehlo6detail6BufferD2Ev
FNDA:0,_ZN4mlir9stablehlo6detail6BufferD2Ev
FN:49,_ZN4mlir9stablehlo6detail6Buffer7getTypeEv
FNDA:912,_ZN4mlir9stablehlo6detail6Buffer7getTypeEv
FN:66,_ZN4mlir9stablehlo6TensorD2Ev
FNDA:12960,_ZN4mlir9stablehlo6TensorD2Ev
FN:73,_ZN4mlir9stablehlo6TensorC2ERKS1_
FNDA:3510,_ZN4mlir9stablehlo6TensorC2ERKS1_
FN:77,_ZN4mlir9stablehlo6TensoraSERKS1_
FNDA:3942,_ZN4mlir9stablehlo6TensoraSERKS1_
FN:80,_ZNK4mlir9stablehlo6Tensor7getTypeEv
FNDA:912,_ZNK4mlir9stablehlo6Tensor7getTypeEv
DA:49,912
DA:73,3510
DA:77,3942
DA:80,912
end_of_record
SF:/usr/local/google/home/gleasonk/Coding/openxla/stablehlo/stablehlo/reference/Errors.h
FN:29,_ZN4mlir9stablehlo15invalidArgumentIJPKcEEEN4llvm5ErrorES3_DpRKT_
FNDA:0,_ZN4mlir9stablehlo15invalidArgumentIJPKcEEEN4llvm5ErrorES3_DpRKT_
FN:29,_ZN4mlir9stablehlo15invalidArgumentIJmEEEN4llvm5ErrorEPKcDpRKT_
FNDA:0,_ZN4mlir9stablehlo15invalidArgumentIJmEEEN4llvm5ErrorEPKcDpRKT_
DA:29,0
DA:30,0
end_of_record
SF:/usr/local/google/home/gleasonk/Coding/openxla/stablehlo/stablehlo/reference/Scope.h
FN:28,_ZN4mlir9stablehlo5ScopeD2Ev
FNDA:1518,_ZN4mlir9stablehlo5ScopeD2Ev
FN:30,_ZN4mlir9stablehlo5ScopeC2EPS1_
FNDA:1518,_ZN4mlir9stablehlo5ScopeC2EPS1_
DA:30,1518
end_of_record
TN:
SF:/usr/local/google/home/gleasonk/Coding/openxla/stablehlo/stablehlo/reference/Element.h
FN:37,_ZN4mlir9stablehlo7ElementC2ENS_4TypeEN4llvm5APIntE
FNDA:2100,_ZN4mlir9stablehlo7ElementC2ENS_4TypeEN4llvm5APIntE
FN:38,_ZN4mlir9stablehlo7ElementC2ENS_4TypeEb
FNDA:264,_ZN4mlir9stablehlo7ElementC2ENS_4TypeEb
FN:39,_ZN4mlir9stablehlo7ElementC2ENS_4TypeEN4llvm7APFloatE
FNDA:2808,_ZN4mlir9stablehlo7ElementC2ENS_4TypeEN4llvm7APFloatE
FN:40,_ZN4mlir9stablehlo7ElementC2ENS_4TypeESt7complexIN4llvm7APFloatEE
FNDA:0,_ZN4mlir9stablehlo7ElementC2ENS_4TypeESt7complexIN4llvm7APFloatEE
FN:50,_ZNK4mlir9stablehlo7Element7getTypeEv
FNDA:12672,_ZNK4mlir9stablehlo7Element7getTypeEv
DA:37,2100
DA:38,264
DA:39,2808
DA:40,0
DA:41,0
DA:50,12672
end_of_record
SF:/usr/local/google/home/gleasonk/Coding/openxla/stablehlo/stablehlo/reference/Element.cpp
FN:35,_ZN4mlir9stablehlo12_GLOBAL__N_13mapIZNKS0_7ElementngEvE4$_12ZNKS3_ngEvE4$_13ZNKS3_ngEvE4$_14ZNKS3_ngEvE4$_15EES3_RKS3_T_T0_T1_T2_
FNDA:528,_ZN4mlir9stablehlo12_GLOBAL__N_13mapIZNKS0_7ElementngEvE4$_12ZNKS3_ngEvE4$_13ZNKS3_ngEvE4$_14ZNKS3_ngEvE4$_15EES3_RKS3_T_T0_T1_T2_
FN:35,_ZN4mlir9stablehlo12_GLOBAL__N_13mapIZNKS0_7ElementcoEvE4$_28ZNKS3_coEvE4$_29ZNKS3_coEvE4$_30ZNKS3_coEvE4$_31EES3_RKS3_T_T0_T1_T2_
FNDA:204,_ZN4mlir9stablehlo12_GLOBAL__N_13mapIZNKS0_7ElementcoEvE4$_28ZNKS3_coEvE4$_29ZNKS3_coEvE4$_30ZNKS3_coEvE4$_31EES3_RKS3_T_T0_T1_T2_
FN:66,_ZN4mlir9stablehlo12_GLOBAL__N_13mapIZNKS0_7ElementanERKS3_E3$_0ZNKS3_anES5_E3$_1ZNKS3_anES5_E3$_2ZNKS3_anES5_E3$_3EES3_S5_S5_T_T0_T1_T2_
FNDA:228,_ZN4mlir9stablehlo12_GLOBAL__N_13mapIZNKS0_7ElementanERKS3_E3$_0ZNKS3_anES5_E3$_1ZNKS3_anES5_E3$_2ZNKS3_anES5_E3$_3EES3_S5_S5_T_T0_T1_T2_
FN:66,_ZN4mlir9stablehlo12_GLOBAL__N_13mapIZNKS0_7ElementplERKS3_E3$_4ZNKS3_plES5_E3$_5ZNKS3_plES5_E3$_6ZNKS3_plES5_E3$_7EES3_S5_S5_T_T0_T1_T2_
FNDA:588,_ZN4mlir9stablehlo12_GLOBAL__N_13mapIZNKS0_7ElementplERKS3_E3$_4ZNKS3_plES5_E3$_5ZNKS3_plES5_E3$_6ZNKS3_plES5_E3$_7EES3_S5_S5_T_T0_T1_T2_
FN:66,_ZN4mlir9stablehlo12_GLOBAL__N_13mapIZNKS0_7ElementmlERKS3_E3$_8ZNKS3_mlES5_E3$_9ZNKS3_mlES5_E4$_10ZNKS3_mlES5_E4$_11EES3_S5_S5_T_T0_T1_T2_
FNDA:486,_ZN4mlir9stablehlo12_GLOBAL__N_13mapIZNKS0_7ElementmlERKS3_E3$_8ZNKS3_mlES5_E3$_9ZNKS3_mlES5_E4$_10ZNKS3_mlES5_E4$_11EES3_S5_S5_T_T0_T1_T2_
FN:66,_ZN4mlir9stablehlo12_GLOBAL__N_13mapIZNKS0_7ElementmiERKS3_E4$_16ZNKS3_miES5_E4$_17ZNKS3_miES5_E4$_18ZNKS3_miES5_E4$_19EES3_S5_S5_T_T0_T1_T2_
FNDA:558,_ZN4mlir9stablehlo12_GLOBAL__N_13mapIZNKS0_7ElementmiERKS3_E4$_16ZNKS3_miES5_E4$_17ZNKS3_miES5_E4$_18ZNKS3_miES5_E4$_19EES3_S5_S5_T_T0_T1_T2_
FN:66,_ZN4mlir9stablehlo12_GLOBAL__N_13mapIZNKS0_7ElementeoERKS3_E4$_20ZNKS3_eoES5_E4$_21ZNKS3_eoES5_E4$_22ZNKS3_eoES5_E4$_23EES3_S5_S5_T_T0_T1_T2_
FNDA:228,_ZN4mlir9stablehlo12_GLOBAL__N_13mapIZNKS0_7ElementeoERKS3_E4$_20ZNKS3_eoES5_E4$_21ZNKS3_eoES5_E4$_22ZNKS3_eoES5_E4$_23EES3_S5_S5_T_T0_T1_T2_
FN:66,_ZN4mlir9stablehlo12_GLOBAL__N_13mapIZNKS0_7ElementorERKS3_E4$_24ZNKS3_orES5_E4$_25ZNKS3_orES5_E4$_26ZNKS3_orES5_E4$_27EES3_S5_S5_T_T0_T1_T2_
FNDA:228,_ZN4mlir9stablehlo12_GLOBAL__N_13mapIZNKS0_7ElementorERKS3_E4$_24ZNKS3_orES5_E4$_25ZNKS3_orES5_E4$_26ZNKS3_orES5_E4$_27EES3_S5_S5_T_T0_T1_T2_
FN:66,_ZN4mlir9stablehlo12_GLOBAL__N_13mapIZNS0_3maxERKNS0_7ElementES5_E4$_34ZNS0_3maxES5_S5_E4$_35ZNS0_3maxES5_S5_E4$_36ZNS0_3maxES5_S5_E4$_37EES3_S5_S5_T_T0_T1_T2_
FNDA:546,_ZN4mlir9stablehlo12_GLOBAL__N_13mapIZNS0_3maxERKNS0_7ElementES5_E4$_34ZNS0_3maxES5_S5_E4$_35ZNS0_3maxES5_S5_E4$_36ZNS0_3maxES5_S5_E4$_37EES3_S5_S5_T_T0_T1_T2_
FN:66,_ZN4mlir9stablehlo12_GLOBAL__N_13mapIZNS0_3minERKNS0_7ElementES5_E4$_38ZNS0_3minES5_S5_E4$_39ZNS0_3minES5_S5_E4$_40ZNS0_3minES5_S5_E4$_41EES3_S5_S5_T_T0_T1_T2_
FNDA:546,_ZN4mlir9stablehlo12_GLOBAL__N_13mapIZNS0_3minERKNS0_7ElementES5_E4$_38ZNS0_3minES5_S5_E4$_39ZNS0_3minES5_S5_E4$_40ZNS0_3minES5_S5_E4$_41EES3_S5_S5_T_T0_T1_T2_
FN:104,_ZN4mlir9stablehlo12_GLOBAL__N_121mapWithUpcastToDoubleIZNS0_6cosineERKNS0_7ElementEE4$_32ZNS0_6cosineES5_E4$_33EES3_S5_T_T0_
FNDA:288,_ZN4mlir9stablehlo12_GLOBAL__N_121mapWithUpcastToDoubleIZNS0_6cosineERKNS0_7ElementEE4$_32ZNS0_6cosineES5_E4$_33EES3_S5_T_T0_
FN:104,_ZN4mlir9stablehlo12_GLOBAL__N_121mapWithUpcastToDoubleIZNS0_4sineERKNS0_7ElementEE4$_42ZNS0_4sineES5_E4$_43EES3_S5_T_T0_
FNDA:288,_ZN4mlir9stablehlo12_GLOBAL__N_121mapWithUpcastToDoubleIZNS0_4sineERKNS0_7ElementEE4$_42ZNS0_4sineES5_E4$_43EES3_S5_T_T0_
FN:104,_ZN4mlir9stablehlo12_GLOBAL__N_121mapWithUpcastToDoubleIZNS0_4tanhERKNS0_7ElementEE4$_44ZNS0_4tanhES5_E4$_45EES3_S5_T_T0_
FNDA:288,_ZN4mlir9stablehlo12_GLOBAL__N_121mapWithUpcastToDoubleIZNS0_4tanhERKNS0_7ElementEE4$_44ZNS0_4tanhES5_E4$_45EES3_S5_T_T0_
FN:136,_ZNK4mlir9stablehlo7Element15getIntegerValueEv
FNDA:11820,_ZNK4mlir9stablehlo7Element15getIntegerValueEv
FN:143,_ZNK4mlir9stablehlo7Element15getBooleanValueEv
FNDA:1164,_ZNK4mlir9stablehlo7Element15getBooleanValueEv
FN:150,_ZNK4mlir9stablehlo7Element13getFloatValueEv
FNDA:11160,_ZNK4mlir9stablehlo7Element13getFloatValueEv
FN:157,_ZNK4mlir9stablehlo7Element15getComplexValueEv
FNDA:1560,_ZNK4mlir9stablehlo7Element15getComplexValueEv
FN:165,_ZNK4mlir9stablehlo7ElementanERKS1_
FNDA:228,_ZNK4mlir9stablehlo7ElementanERKS1_
FN:167,_ZZNK4mlir9stablehlo7ElementanERKS1_ENK3$_0clEN4llvm5APIntES6_
FNDA:180,_ZZNK4mlir9stablehlo7ElementanERKS1_ENK3$_0clEN4llvm5APIntES6_
FN:168,_ZZNK4mlir9stablehlo7ElementanERKS1_ENK3$_1clEbb
FNDA:48,_ZZNK4mlir9stablehlo7ElementanERKS1_ENK3$_1clEbb
FN:169,_ZZNK4mlir9stablehlo7ElementanERKS1_ENK3$_2clEN4llvm7APFloatES6_
FNDA:0,_ZZNK4mlir9stablehlo7ElementanERKS1_ENK3$_2clEN4llvm7APFloatES6_
FN:172,_ZZNK4mlir9stablehlo7ElementanERKS1_ENK3$_3clESt7complexIN4llvm7APFloatEES8_
FNDA:0,_ZZNK4mlir9stablehlo7ElementanERKS1_ENK3$_3clESt7complexIN4llvm7APFloatEES8_
FN:178,_ZNK4mlir9stablehlo7ElementplERKS1_
FNDA:588,_ZNK4mlir9stablehlo7ElementplERKS1_
FN:180,_ZZNK4mlir9stablehlo7ElementplERKS1_ENK3$_4clEN4llvm5APIntES6_
FNDA:276,_ZZNK4mlir9stablehlo7ElementplERKS1_ENK3$_4clEN4llvm5APIntES6_
FN:181,_ZZNK4mlir9stablehlo7ElementplERKS1_ENK3$_5clEbb
FNDA:24,_ZZNK4mlir9stablehlo7ElementplERKS1_ENK3$_5clEbb
FN:182,_ZZNK4mlir9stablehlo7ElementplERKS1_ENK3$_6clEN4llvm7APFloatES6_
FNDA:264,_ZZNK4mlir9stablehlo7ElementplERKS1_ENK3$_6clEN4llvm7APFloatES6_
FN:183,_ZZNK4mlir9stablehlo7ElementplERKS1_ENK3$_7clESt7complexIN4llvm7APFloatEES8_
FNDA:24,_ZZNK4mlir9stablehlo7ElementplERKS1_ENK3$_7clESt7complexIN4llvm7APFloatEES8_
FN:193,_ZNK4mlir9stablehlo7ElementmlERKS1_
FNDA:486,_ZNK4mlir9stablehlo7ElementmlERKS1_
FN:195,_ZZNK4mlir9stablehlo7ElementmlERKS1_ENK3$_8clEN4llvm5APIntES6_
FNDA:174,_ZZNK4mlir9stablehlo7ElementmlERKS1_ENK3$_8clEN4llvm5APIntES6_
FN:196,_ZZNK4mlir9stablehlo7ElementmlERKS1_ENK3$_9clEbb
FNDA:24,_ZZNK4mlir9stablehlo7ElementmlERKS1_ENK3$_9clEbb
FN:197,_ZZNK4mlir9stablehlo7ElementmlERKS1_ENK4$_10clEN4llvm7APFloatES6_
FNDA:264,_ZZNK4mlir9stablehlo7ElementmlERKS1_ENK4$_10clEN4llvm7APFloatES6_
FN:198,_ZZNK4mlir9stablehlo7ElementmlERKS1_ENK4$_11clESt7complexIN4llvm7APFloatEES8_
FNDA:24,_ZZNK4mlir9stablehlo7ElementmlERKS1_ENK4$_11clESt7complexIN4llvm7APFloatEES8_
FN:206,_ZNK4mlir9stablehlo7ElementngEv
FNDA:528,_ZNK4mlir9stablehlo7ElementngEv
FN:208,_ZZNK4mlir9stablehlo7ElementngEvENK4$_12clEN4llvm5APIntE
FNDA:240,_ZZNK4mlir9stablehlo7ElementngEvENK4$_12clEN4llvm5APIntE
FN:209,_ZZNK4mlir9stablehlo7ElementngEvENK4$_13clEb
FNDA:0,_ZZNK4mlir9stablehlo7ElementngEvENK4$_13clEb
FN:212,_ZZNK4mlir9stablehlo7ElementngEvENK4$_14clEN4llvm7APFloatE
FNDA:264,_ZZNK4mlir9stablehlo7ElementngEvENK4$_14clEN4llvm7APFloatE
FN:213,_ZZNK4mlir9stablehlo7ElementngEvENK4$_15clESt7complexIN4llvm7APFloatEE
FNDA:24,_ZZNK4mlir9stablehlo7ElementngEvENK4$_15clESt7complexIN4llvm7APFloatEE
FN:216,_ZNK4mlir9stablehlo7ElementmiERKS1_
FNDA:558,_ZNK4mlir9stablehlo7ElementmiERKS1_
FN:218,_ZZNK4mlir9stablehlo7ElementmiERKS1_ENK4$_16clEN4llvm5APIntES6_
FNDA:270,_ZZNK4mlir9stablehlo7ElementmiERKS1_ENK4$_16clEN4llvm5APIntES6_
FN:219,_ZZNK4mlir9stablehlo7ElementmiERKS1_ENK4$_17clEbb
FNDA:0,_ZZNK4mlir9stablehlo7ElementmiERKS1_ENK4$_17clEbb
FN:222,_ZZNK4mlir9stablehlo7ElementmiERKS1_ENK4$_18clEN4llvm7APFloatES6_
FNDA:264,_ZZNK4mlir9stablehlo7ElementmiERKS1_ENK4$_18clEN4llvm7APFloatES6_
FN:223,_ZZNK4mlir9stablehlo7ElementmiERKS1_ENK4$_19clESt7complexIN4llvm7APFloatEES8_
FNDA:24,_ZZNK4mlir9stablehlo7ElementmiERKS1_ENK4$_19clESt7complexIN4llvm7APFloatEES8_
FN:233,_ZNK4mlir9stablehlo7ElementeoERKS1_
FNDA:228,_ZNK4mlir9stablehlo7ElementeoERKS1_
FN:235,_ZZNK4mlir9stablehlo7ElementeoERKS1_ENK4$_20clEN4llvm5APIntES6_
FNDA:180,_ZZNK4mlir9stablehlo7ElementeoERKS1_ENK4$_20clEN4llvm5APIntES6_
FN:236,_ZZNK4mlir9stablehlo7ElementeoERKS1_ENK4$_21clEbb
FNDA:48,_ZZNK4mlir9stablehlo7ElementeoERKS1_ENK4$_21clEbb
FN:237,_ZZNK4mlir9stablehlo7ElementeoERKS1_ENK4$_22clEN4llvm7APFloatES6_
FNDA:0,_ZZNK4mlir9stablehlo7ElementeoERKS1_ENK4$_22clEN4llvm7APFloatES6_
FN:240,_ZZNK4mlir9stablehlo7ElementeoERKS1_ENK4$_23clESt7complexIN4llvm7APFloatEES8_
FNDA:0,_ZZNK4mlir9stablehlo7ElementeoERKS1_ENK4$_23clESt7complexIN4llvm7APFloatEES8_
FN:246,_ZNK4mlir9stablehlo7ElementorERKS1_
FNDA:228,_ZNK4mlir9stablehlo7ElementorERKS1_
FN:248,_ZZNK4mlir9stablehlo7ElementorERKS1_ENK4$_24clEN4llvm5APIntES6_
FNDA:180,_ZZNK4mlir9stablehlo7ElementorERKS1_ENK4$_24clEN4llvm5APIntES6_
FN:249,_ZZNK4mlir9stablehlo7ElementorERKS1_ENK4$_25clEbb
FNDA:48,_ZZNK4mlir9stablehlo7ElementorERKS1_ENK4$_25clEbb
FN:250,_ZZNK4mlir9stablehlo7ElementorERKS1_ENK4$_26clEN4llvm7APFloatES6_
FNDA:0,_ZZNK4mlir9stablehlo7ElementorERKS1_ENK4$_26clEN4llvm7APFloatES6_
FN:253,_ZZNK4mlir9stablehlo7ElementorERKS1_ENK4$_27clESt7complexIN4llvm7APFloatEES8_
FNDA:0,_ZZNK4mlir9stablehlo7ElementorERKS1_ENK4$_27clESt7complexIN4llvm7APFloatEES8_
FN:259,_ZNK4mlir9stablehlo7ElementcoEv
FNDA:204,_ZNK4mlir9stablehlo7ElementcoEv
FN:261,_ZZNK4mlir9stablehlo7ElementcoEvENK4$_28clEN4llvm5APIntE
FNDA:180,_ZZNK4mlir9stablehlo7ElementcoEvENK4$_28clEN4llvm5APIntE
FN:262,_ZZNK4mlir9stablehlo7ElementcoEvENK4$_29clEb
FNDA:24,_ZZNK4mlir9stablehlo7ElementcoEvENK4$_29clEb
FN:263,_ZZNK4mlir9stablehlo7ElementcoEvENK4$_30clEN4llvm7APFloatE
FNDA:0,_ZZNK4mlir9stablehlo7ElementcoEvENK4$_30clEN4llvm7APFloatE
FN:266,_ZZNK4mlir9stablehlo7ElementcoEvENK4$_31clESt7complexIN4llvm7APFloatEE
FNDA:0,_ZZNK4mlir9stablehlo7ElementcoEvENK4$_31clESt7complexIN4llvm7APFloatEE
FN:271,_ZN4mlir9stablehlo4ceilERKNS0_7ElementE
FNDA:216,_ZN4mlir9stablehlo4ceilERKNS0_7ElementE
FN:277,_ZN4mlir9stablehlo5floorERKNS0_7ElementE
FNDA:216,_ZN4mlir9stablehlo5floorERKNS0_7ElementE
FN:283,_ZN4mlir9stablehlo6cosineERKNS0_7ElementE
FNDA:288,_ZN4mlir9stablehlo6cosineERKNS0_7ElementE
FN:285,_ZZN4mlir9stablehlo6cosineERKNS0_7ElementEENK4$_32clEd
FNDA:264,_ZZN4mlir9stablehlo6cosineERKNS0_7ElementEENK4$_32clEd
FN:286,_ZZN4mlir9stablehlo6cosineERKNS0_7ElementEENK4$_33clESt7complexIdE
FNDA:24,_ZZN4mlir9stablehlo6cosineERKNS0_7ElementEENK4$_33clESt7complexIdE
FN:289,_ZN4mlir9stablehlo3maxERKNS0_7ElementES3_
FNDA:546,_ZN4mlir9stablehlo3maxERKNS0_7ElementES3_
FN:292,_ZZN4mlir9stablehlo3maxERKNS0_7ElementES3_ENK4$_34clEN4llvm5APIntES6_
FNDA:210,_ZZN4mlir9stablehlo3maxERKNS0_7ElementES3_ENK4$_34clEN4llvm5APIntES6_
FN:297,_ZZN4mlir9stablehlo3maxERKNS0_7ElementES3_ENK4$_35clEbb
FNDA:24,_ZZN4mlir9stablehlo3maxERKNS0_7ElementES3_ENK4$_35clEbb
FN:298,_ZZN4mlir9stablehlo3maxERKNS0_7ElementES3_ENK4$_36clEN4llvm7APFloatES6_
FNDA:264,_ZZN4mlir9stablehlo3maxERKNS0_7ElementES3_ENK4$_36clEN4llvm7APFloatES6_
FN:299,_ZZN4mlir9stablehlo3maxERKNS0_7ElementES3_ENK4$_37clESt7complexIN4llvm7APFloatEES8_
FNDA:48,_ZZN4mlir9stablehlo3maxERKNS0_7ElementES3_ENK4$_37clESt7complexIN4llvm7APFloatEES8_
FN:307,_ZN4mlir9stablehlo3minERKNS0_7ElementES3_
FNDA:546,_ZN4mlir9stablehlo3minERKNS0_7ElementES3_
FN:310,_ZZN4mlir9stablehlo3minERKNS0_7ElementES3_ENK4$_38clEN4llvm5APIntES6_
FNDA:210,_ZZN4mlir9stablehlo3minERKNS0_7ElementES3_ENK4$_38clEN4llvm5APIntES6_
FN:315,_ZZN4mlir9stablehlo3minERKNS0_7ElementES3_ENK4$_39clEbb
FNDA:24,_ZZN4mlir9stablehlo3minERKNS0_7ElementES3_ENK4$_39clEbb
FN:316,_ZZN4mlir9stablehlo3minERKNS0_7ElementES3_ENK4$_40clEN4llvm7APFloatES6_
FNDA:264,_ZZN4mlir9stablehlo3minERKNS0_7ElementES3_ENK4$_40clEN4llvm7APFloatES6_
FN:317,_ZZN4mlir9stablehlo3minERKNS0_7ElementES3_ENK4$_41clESt7complexIN4llvm7APFloatEES8_
FNDA:48,_ZZN4mlir9stablehlo3minERKNS0_7ElementES3_ENK4$_41clESt7complexIN4llvm7APFloatEES8_
FN:325,_ZN4mlir9stablehlo4sineERKNS0_7ElementE
FNDA:288,_ZN4mlir9stablehlo4sineERKNS0_7ElementE
FN:327,_ZZN4mlir9stablehlo4sineERKNS0_7ElementEENK4$_42clEd
FNDA:264,_ZZN4mlir9stablehlo4sineERKNS0_7ElementEENK4$_42clEd
FN:328,_ZZN4mlir9stablehlo4sineERKNS0_7ElementEENK4$_43clESt7complexIdE
FNDA:24,_ZZN4mlir9stablehlo4sineERKNS0_7ElementEENK4$_43clESt7complexIdE
FN:331,_ZN4mlir9stablehlo4tanhERKNS0_7ElementE
FNDA:288,_ZN4mlir9stablehlo4tanhERKNS0_7ElementE
FN:333,_ZZN4mlir9stablehlo4tanhERKNS0_7ElementEENK4$_44clEd
FNDA:264,_ZZN4mlir9stablehlo4tanhERKNS0_7ElementEENK4$_44clEd
FN:334,_ZZN4mlir9stablehlo4tanhERKNS0_7ElementEENK4$_45clESt7complexIdE
FNDA:24,_ZZN4mlir9stablehlo4tanhERKNS0_7ElementEENK4$_45clESt7complexIdE
FN:337,_ZNK4mlir9stablehlo7Element5printERN4llvm11raw_ostreamE
FNDA:8448,_ZNK4mlir9stablehlo7Element5printERN4llvm11raw_ostreamE
FN:367,_ZNK4mlir9stablehlo7Element4dumpEv
FNDA:0,_ZNK4mlir9stablehlo7Element4dumpEv
DA:35,732
DA:36,732
DA:37,732
DA:39,732
DA:40,420
DA:41,420
DA:42,420
DA:44,312
DA:45,24
DA:46,24
DA:47,24
DA:49,288
DA:50,264
DA:51,264
DA:52,264
DA:54,24
DA:55,24
DA:56,24
DA:57,24
DA:58,24
DA:60,0
DA:61,0
DA:62,732
DA:66,3408
DA:67,3408
DA:68,3408
DA:69,3408
DA:70,0
DA:71,0
DA:72,0
DA:74,3408
DA:75,1680
DA:76,1680
DA:77,1680
DA:78,1680
DA:80,1728
DA:81,240
DA:82,240
DA:83,240
DA:84,240
DA:86,1488
DA:87,1320
DA:88,1320
DA:89,1320
DA:90,1320
DA:92,168
DA:93,168
DA:94,168
DA:95,168
DA:96,168
DA:97,168
DA:99,0
DA:100,0
DA:101,3408
DA:104,864
DA:105,864
DA:106,864
DA:108,864
DA:109,792
DA:110,792
DA:111,792
DA:112,792
DA:113,792
DA:114,792
DA:115,792
DA:117,72
DA:118,72
DA:119,72
DA:120,144
DA:121,72
DA:122,72
DA:123,72
DA:124,72
DA:125,72
DA:126,72
DA:127,72
DA:128,72
DA:130,0
DA:131,0
DA:132,864
DA:136,11820
DA:137,11820
DA:138,0
DA:140,11820
DA:143,1164
DA:144,1164
DA:145,0
DA:147,1164
DA:150,11160
DA:151,11160
DA:152,0
DA:154,11160
DA:157,1560
DA:158,1560
DA:159,0
DA:161,1560
DA:162,1560
DA:163,1560
DA:165,228
DA:166,228
DA:167,408
DA:168,48
DA:169,0
DA:170,0
DA:172,0
DA:173,0
DA:174,0
DA:178,588
DA:179,588
DA:180,864
DA:181,24
DA:182,264
DA:183,24
DA:187,24
DA:188,24
DA:189,24
DA:190,24
DA:193,486
DA:194,486
DA:195,660
DA:196,24
DA:197,264
DA:198,24
DA:200,24
DA:201,24
DA:202,24
DA:203,24
DA:206,528
DA:207,528
DA:208,240
DA:209,0
DA:210,0
DA:212,264
DA:213,24
DA:216,558
DA:217,558
DA:218,828
DA:219,0
DA:220,0
DA:222,264
DA:223,24
DA:227,24
DA:228,24
DA:229,24
DA:230,24
DA:233,228
DA:234,228
DA:235,408
DA:236,48
DA:237,0
DA:238,0
DA:240,0
DA:241,0
DA:242,0
DA:246,228
DA:247,228
DA:248,408
DA:249,48
DA:250,0
DA:251,0
DA:253,0
DA:254,0
DA:255,0
DA:259,204
DA:260,204
DA:261,180
DA:262,24
DA:263,0
DA:264,0
DA:266,0
DA:267,0
DA:271,216
DA:272,216
DA:273,216
DA:274,216
DA:275,216
DA:277,216
DA:278,216
DA:279,216
DA:280,216
DA:281,216
DA:283,288
DA:284,288
DA:285,552
DA:286,24
DA:289,546
DA:290,546
DA:291,546
DA:292,756
DA:293,210
DA:294,150
DA:295,60
DA:297,24
DA:298,264
DA:299,48
DA:300,48
DA:301,36
DA:302,12
DA:303,48
DA:304,48
DA:307,546
DA:308,546
DA:309,546
DA:310,756
DA:311,210
DA:312,150
DA:313,60
DA:315,24
DA:316,264
DA:317,48
DA:318,48
DA:319,36
DA:320,12
DA:321,48
DA:322,48
DA:325,288
DA:326,288
DA:327,552
DA:328,24
DA:331,288
DA:332,288
DA:333,552
DA:334,24
DA:337,8448
DA:338,8448
DA:339,3960
DA:340,3960
DA:343,4488
DA:344,264
DA:345,264
DA:348,4224
DA:349,3648
DA:350,3648
DA:353,576
DA:354,576
DA:355,576
DA:357,576
DA:358,576
DA:359,576
DA:360,576
DA:361,576
DA:364,576
DA:365,8448
DA:367,0
end_of_record
SF:/usr/local/google/home/gleasonk/Coding/openxla/stablehlo/stablehlo/reference/Errors.h
FN:29,_ZN4mlir9stablehlo15invalidArgumentIJPKcS3_EEEN4llvm5ErrorES3_DpRKT_
FNDA:0,_ZN4mlir9stablehlo15invalidArgumentIJPKcS3_EEEN4llvm5ErrorES3_DpRKT_
FN:29,_ZN4mlir9stablehlo15invalidArgumentIJPKcEEEN4llvm5ErrorES3_DpRKT_
FNDA:0,_ZN4mlir9stablehlo15invalidArgumentIJPKcEEEN4llvm5ErrorES3_DpRKT_
DA:29,0
DA:30,0
end_of_record
TN:
SF:/usr/local/google/home/gleasonk/Coding/openxla/stablehlo/stablehlo/reference/Types.cpp
FN:23,_ZN4mlir9stablehlo30isSupportedUnsignedIntegerTypeENS_4TypeE
FNDA:36114,_ZN4mlir9stablehlo30isSupportedUnsignedIntegerTypeENS_4TypeE
FN:29,_ZN4mlir9stablehlo28isSupportedSignedIntegerTypeENS_4TypeE
FNDA:29784,_ZN4mlir9stablehlo28isSupportedSignedIntegerTypeENS_4TypeE
FN:39,_ZN4mlir9stablehlo22isSupportedBooleanTypeENS_4TypeE
FNDA:10770,_ZN4mlir9stablehlo22isSupportedBooleanTypeENS_4TypeE
FN:41,_ZN4mlir9stablehlo22isSupportedIntegerTypeENS_4TypeE
FNDA:35034,_ZN4mlir9stablehlo22isSupportedIntegerTypeENS_4TypeE
FN:46,_ZN4mlir9stablehlo20isSupportedFloatTypeENS_4TypeE
FNDA:18888,_ZN4mlir9stablehlo20isSupportedFloatTypeENS_4TypeE
FN:50,_ZN4mlir9stablehlo22isSupportedComplexTypeENS_4TypeE
FNDA:2688,_ZN4mlir9stablehlo22isSupportedComplexTypeENS_4TypeE
DA:23,36114
DA:24,69618
DA:25,33504
DA:26,30840
DA:29,29784
DA:34,53700
DA:35,23916
DA:36,15888
DA:39,10770
DA:41,35034
DA:42,35034
DA:43,27564
DA:46,18888
DA:47,18888
DA:50,2688
DA:51,2688
DA:52,2688
DA:54,2688
DA:55,2688
DA:56,2688
end_of_record
TN:
SF:/usr/local/google/home/gleasonk/Coding/openxla/stablehlo/stablehlo/reference/Index.cpp
FN:23,_ZN4mlir9stablehlo11verifyIndexEN4llvm8ArrayRefIlEES3_
FNDA:29754,_ZN4mlir9stablehlo11verifyIndexEN4llvm8ArrayRefIlEES3_
FN:33,_ZNK4mlir9stablehlo18IndexSpaceIteratordeEv
FNDA:28452,_ZNK4mlir9stablehlo18IndexSpaceIteratordeEv
FN:39,_ZN4mlir9stablehlo18IndexSpaceIteratorppEv
FNDA:16920,_ZN4mlir9stablehlo18IndexSpaceIteratorppEv
FN:61,_ZN4mlir9stablehlo18IndexSpaceIteratorppEi
FNDA:0,_ZN4mlir9stablehlo18IndexSpaceIteratorppEi
DA:23,29754
DA:24,29754
DA:25,29754
DA:27,66342
DA:28,36588
DA:30,29694
DA:31,29754
DA:33,28452
DA:34,28452
DA:35,0
DA:36,28452
DA:39,16920
DA:40,16920
DA:41,0
DA:43,16920
DA:45,35472
DA:46,18552
DA:47,18552
DA:48,4530
DA:49,4530
DA:50,2670
DA:51,2670
DA:53,1860
DA:54,14022
DA:56,1860
DA:58,16920
DA:61,0
DA:62,0
DA:63,0
DA:64,0
DA:65,0
end_of_record
SF:/usr/local/google/home/gleasonk/Coding/openxla/stablehlo/stablehlo/reference/Index.h
FN:41,_ZN4mlir9stablehlo18IndexSpaceIteratorC2ERKS1_
FNDA:0,_ZN4mlir9stablehlo18IndexSpaceIteratorC2ERKS1_
FN:41,_ZN4mlir9stablehlo18IndexSpaceIteratorD2Ev
FNDA:0,_ZN4mlir9stablehlo18IndexSpaceIteratorD2Ev
end_of_record
TN:
SF:/usr/local/google/home/gleasonk/Coding/openxla/stablehlo/stablehlo/reference/Scope.cpp
FN:24,_ZN4mlir9stablehlo5Scope3addENS_5ValueENS0_6TensorE
FNDA:3762,_ZN4mlir9stablehlo5Scope3addENS_5ValueENS0_6TensorE
FN:38,_ZN4mlir9stablehlo5Scope3addENS_10ValueRangeEN4llvm8ArrayRefINS0_6TensorEEE
FNDA:5022,_ZN4mlir9stablehlo5Scope3addENS_10ValueRangeEN4llvm8ArrayRefINS0_6TensorEEE
FN:44,_ZNK4mlir9stablehlo5Scope4findENS_5ValueE
FNDA:3924,_ZNK4mlir9stablehlo5Scope4findENS_5ValueE
FN:56,_ZNK4mlir9stablehlo5Scope4findENS_10ValueRangeE
FNDA:1530,_ZNK4mlir9stablehlo5Scope4findENS_10ValueRangeE
FN:58,_ZZNK4mlir9stablehlo5Scope4findENS_10ValueRangeEENK3$_0clENS_5ValueE
FNDA:1602,_ZZNK4mlir9stablehlo5Scope4findENS_10ValueRangeEENK3$_0clENS_5ValueE
DA:24,3762
DA:28,3762
DA:29,0
DA:31,3762
DA:32,0
DA:35,3762
DA:36,3762
DA:38,5022
DA:39,5022
DA:40,8784
DA:41,7524
DA:42,5022
DA:44,3924
DA:45,3924
DA:47,3924
DA:49,120
DA:50,0
DA:51,0
DA:53,120
DA:54,3924
DA:56,1530
DA:57,1530
DA:58,3132
end_of_record
SF:/usr/local/google/home/gleasonk/Coding/openxla/stablehlo/stablehlo/reference/Tensor.h
FN:36,_ZN4mlir9stablehlo6detail6BufferD2Ev
FNDA:0,_ZN4mlir9stablehlo6detail6BufferD2Ev
FN:49,_ZN4mlir9stablehlo6detail6Buffer7getTypeEv
FNDA:3762,_ZN4mlir9stablehlo6detail6Buffer7getTypeEv
FN:66,_ZN4mlir9stablehlo6TensorD2Ev
FNDA:5364,_ZN4mlir9stablehlo6TensorD2Ev
FN:73,_ZN4mlir9stablehlo6TensorC2ERKS1_
FNDA:9168,_ZN4mlir9stablehlo6TensorC2ERKS1_
FN:77,_ZN4mlir9stablehlo6TensoraSERKS1_
FNDA:0,_ZN4mlir9stablehlo6TensoraSERKS1_
FN:80,_ZNK4mlir9stablehlo6Tensor7getTypeEv
FNDA:3762,_ZNK4mlir9stablehlo6Tensor7getTypeEv
DA:49,3762
DA:73,9168
DA:77,0
DA:80,3762
end_of_record
TN:
SF:/usr/local/google/home/gleasonk/Coding/openxla/stablehlo/stablehlo/dialect/Version.h
FN:46,_ZN4mlir4vhlo7VersionC2Elll
FNDA:50490,_ZN4mlir4vhlo7VersionC2Elll
FN:49,_ZNK4mlir4vhlo7Version8getMajorEv
FNDA:24,_ZNK4mlir4vhlo7Version8getMajorEv
FN:50,_ZNK4mlir4vhlo7Version8getMinorEv
FNDA:24,_ZNK4mlir4vhlo7Version8getMinorEv
FN:51,_ZNK4mlir4vhlo7Version8getPatchEv
FNDA:24,_ZNK4mlir4vhlo7Version8getPatchEv
DA:46,50490
DA:47,50490
DA:49,24
DA:50,24
DA:51,24
end_of_record
SF:/usr/local/google/home/gleasonk/Coding/openxla/stablehlo/stablehlo/dialect/Version.cpp
FN:28,_ZN4mlir4vhlo12_GLOBAL__N_111parseNumberEN4llvm9StringRefE
FNDA:151470,_ZN4mlir4vhlo12_GLOBAL__N_111parseNumberEN4llvm9StringRefE
FN:39,_ZN4mlir4vhlo12_GLOBAL__N_121extractVersionNumbersEN4llvm9StringRefE
FNDA:50502,_ZN4mlir4vhlo12_GLOBAL__N_121extractVersionNumbersEN4llvm9StringRefE
FN:50,_ZN4mlir4vhlo12_GLOBAL__N_14dumpINS_10DiagnosticEEERT_S5_RKNS0_7VersionE
FNDA:24,_ZN4mlir4vhlo12_GLOBAL__N_14dumpINS_10DiagnosticEEERT_S5_RKNS0_7VersionE
FN:50,_ZN4mlir4vhlo12_GLOBAL__N_14dumpIN4llvm11raw_ostreamEEERT_S6_RKNS0_7VersionE
FNDA:0,_ZN4mlir4vhlo12_GLOBAL__N_14dumpIN4llvm11raw_ostreamEEERT_S6_RKNS0_7VersionE
FN:56,_ZN4mlir4vhlo7Version10fromStringEN4llvm9StringRefE
FNDA:50502,_ZN4mlir4vhlo7Version10fromStringEN4llvm9StringRefE
FN:63,_ZN4mlir4vhlolsERNS_10DiagnosticERKNS0_7VersionE
FNDA:24,_ZN4mlir4vhlolsERNS_10DiagnosticERKNS0_7VersionE
FN:66,_ZN4mlir4vhlolsERN4llvm11raw_ostreamERKNS0_7VersionE
FNDA:0,_ZN4mlir4vhlolsERN4llvm11raw_ostreamERKNS0_7VersionE
DA:28,151470
DA:29,151470
DA:30,151470
DA:31,0
DA:33,302940
DA:34,151470
DA:39,50502
DA:40,50502
DA:41,50502
DA:42,50502
DA:43,50502
DA:44,151470
DA:45,50490
DA:46,50490
DA:47,50502
DA:50,24
DA:51,48
DA:52,24
DA:56,50502
DA:57,50502
DA:58,50502
DA:59,50490
DA:60,50490
DA:61,50502
DA:63,24
DA:64,24
DA:66,0
DA:67,0
end_of_record
TN:
SF:/usr/local/google/home/gleasonk/Coding/openxla/stablehlo/stablehlo/dialect/Version.h
FN:40,_ZN4mlir4vhlo7Version17getCurrentVersionEv
FNDA:49554,_ZN4mlir4vhlo7Version17getCurrentVersionEv
FN:46,_ZN4mlir4vhlo7VersionC2Elll
FNDA:49554,_ZN4mlir4vhlo7VersionC2Elll
DA:40,49554
DA:46,49554
DA:47,49554
end_of_record
SF:/usr/local/google/home/gleasonk/Coding/openxla/stablehlo/stablehlo/dialect/VhloOps.cpp
FN:45,_ZN4mlir4vhlo12_GLOBAL__N_110isFromVhloINS_4TypeEEEbT_
FNDA:9228,_ZN4mlir4vhlo12_GLOBAL__N_110isFromVhloINS_4TypeEEEbT_
FN:45,_ZN4mlir4vhlo12_GLOBAL__N_110isFromVhloINS_9AttributeEEEbT_
FNDA:858,_ZN4mlir4vhlo12_GLOBAL__N_110isFromVhloINS_9AttributeEEEbT_
FN:50,_ZN4mlir4vhlo12_GLOBAL__N_111allFromVhloINS_9AttributeEEEbN4llvm8ArrayRefIT_EE
FNDA:564,_ZN4mlir4vhlo12_GLOBAL__N_111allFromVhloINS_9AttributeEEEbN4llvm8ArrayRefIT_EE
FN:54,_ZN4mlir4vhlo12_GLOBAL__N_128convertTypeToBuiltinForPrintENS_4TypeE
FNDA:2442,_ZN4mlir4vhlo12_GLOBAL__N_128convertTypeToBuiltinForPrintENS_4TypeE
FN:55,_ZZN4mlir4vhlo12_GLOBAL__N_128convertTypeToBuiltinForPrintENS_4TypeEEN27VhloToBuiltinPrintConverterD0Ev
FNDA:0,_ZZN4mlir4vhlo12_GLOBAL__N_128convertTypeToBuiltinForPrintENS_4TypeEEN27VhloToBuiltinPrintConverterD0Ev
FN:56,_ZZN4mlir4vhlo12_GLOBAL__N_128convertTypeToBuiltinForPrintENS_4TypeEEN27VhloToBuiltinPrintConverterC2Ev
FNDA:2442,_ZZN4mlir4vhlo12_GLOBAL__N_128convertTypeToBuiltinForPrintENS_4TypeEEN27VhloToBuiltinPrintConverterC2Ev
FN:59,_ZZN4mlir4vhlo12_GLOBAL__N_128convertTypeToBuiltinForPrintENS_4TypeEEN27VhloToBuiltinPrintConverter15convertEncodingENS_9AttributeE
FNDA:0,_ZZN4mlir4vhlo12_GLOBAL__N_128convertTypeToBuiltinForPrintENS_4TypeEEN27VhloToBuiltinPrintConverter15convertEncodingENS_9AttributeE
FN:65,_ZN4mlir4vhlo12_GLOBAL__N_125convertTypeToVhloForParseENS_4TypeE
FNDA:654,_ZN4mlir4vhlo12_GLOBAL__N_125convertTypeToVhloForParseENS_4TypeE
FN:66,_ZZN4mlir4vhlo12_GLOBAL__N_125convertTypeToVhloForParseENS_4TypeEEN27BuiltinToVhloParseConverterD0Ev
FNDA:0,_ZZN4mlir4vhlo12_GLOBAL__N_125convertTypeToVhloForParseENS_4TypeEEN27BuiltinToVhloParseConverterD0Ev
FN:67,_ZZN4mlir4vhlo12_GLOBAL__N_125convertTypeToVhloForParseENS_4TypeEEN27BuiltinToVhloParseConverterC2Ev
FNDA:654,_ZZN4mlir4vhlo12_GLOBAL__N_125convertTypeToVhloForParseENS_4TypeEEN27BuiltinToVhloParseConverterC2Ev
FN:70,_ZZN4mlir4vhlo12_GLOBAL__N_125convertTypeToVhloForParseENS_4TypeEEN27BuiltinToVhloParseConverter15convertEncodingENS_9AttributeE
FNDA:0,_ZZN4mlir4vhlo12_GLOBAL__N_125convertTypeToVhloForParseENS_4TypeEEN27BuiltinToVhloParseConverter15convertEncodingENS_9AttributeE
FN:78,_ZN4mlir4vhloL19printAttributeArrayERNS_10AsmPrinterEN4llvm8ArrayRefINS_9AttributeEEE
FNDA:450,_ZN4mlir4vhloL19printAttributeArrayERNS_10AsmPrinterEN4llvm8ArrayRefINS_9AttributeEEE
FN:83,_ZN4mlir4vhlo19parseAttributeArrayERNS_9AsmParserERN4llvm11SmallVectorINS_9AttributeELj6EEE
FNDA:108,_ZN4mlir4vhlo19parseAttributeArrayERNS_9AsmParserERN4llvm11SmallVectorINS_9AttributeELj6EEE
FN:93,_ZNK4mlir4vhlo13IntegerV1Attr5printERNS_10AsmPrinterE
FNDA:1074,_ZNK4mlir4vhlo13IntegerV1Attr5printERNS_10AsmPrinterE
FN:99,_ZN4mlir4vhlo13IntegerV1Attr5parseERNS_9AsmParserENS_4TypeE
FNDA:324,_ZN4mlir4vhlo13IntegerV1Attr5parseERNS_9AsmParserENS_4TypeE
FN:110,_ZN4mlir4vhloL24printAttributeDictionaryERNS_10AsmPrinterEN4llvm8ArrayRefISt4pairINS_9AttributeES6_EEE
FNDA:54,_ZN4mlir4vhloL24printAttributeDictionaryERNS_10AsmPrinterEN4llvm8ArrayRefISt4pairINS_9AttributeES6_EEE
FN:120,_ZN4mlir4vhlo24parseAttributeDictionaryERNS_9AsmParserERN4llvm11SmallVectorISt4pairINS_9AttributeES6_ELj3EEE
FNDA:18,_ZN4mlir4vhlo24parseAttributeDictionaryERNS_9AsmParserERN4llvm11SmallVectorISt4pairINS_9AttributeES6_ELj3EEE
FN:122,_ZZN4mlir4vhlo24parseAttributeDictionaryERNS_9AsmParserERN4llvm11SmallVectorISt4pairINS_9AttributeES6_ELj3EEEENK3$_0clEv
FNDA:18,_ZZN4mlir4vhlo24parseAttributeDictionaryERNS_9AsmParserERN4llvm11SmallVectorISt4pairINS_9AttributeES6_ELj3EEEENK3$_0clEv
FN:140,_ZN4mlir4vhlo17printFunctionBodyERNS_12OpAsmPrinterEPNS_9OperationENS_9AttributeERNS_6RegionES5_
FNDA:4308,_ZN4mlir4vhlo17printFunctionBodyERNS_12OpAsmPrinterEPNS_9OperationENS_9AttributeERNS_6RegionES5_
FN:145,_ZZN4mlir4vhlo17printFunctionBodyERNS_12OpAsmPrinterEPNS_9OperationENS_9AttributeERNS_6RegionES5_ENK3$_1clINS_13BlockArgumentEEEDaT_
FNDA:6924,_ZZN4mlir4vhlo17printFunctionBodyERNS_12OpAsmPrinterEPNS_9OperationENS_9AttributeERNS_6RegionES5_ENK3$_1clINS_13BlockArgumentEEEDaT_
FN:149,_ZZN4mlir4vhlo17printFunctionBodyERNS_12OpAsmPrinterEPNS_9OperationENS_9AttributeERNS_6RegionES5_ENK3$_2clINS_4TypeEEEDaT_
FNDA:4500,_ZZN4mlir4vhlo17printFunctionBodyERNS_12OpAsmPrinterEPNS_9OperationENS_9AttributeERNS_6RegionES5_ENK3$_2clINS_4TypeEEEDaT_
FN:155,_ZN4mlir4vhlo17parseFunctionBodyERNS_11OpAsmParserERNS_9AttributeERNS_6RegionES4_
FNDA:1158,_ZN4mlir4vhlo17parseFunctionBodyERNS_11OpAsmParserERNS_9AttributeERNS_6RegionES4_
FN:179,_ZNK4mlir4vhlo26DenseIntOrFPElementsV1Attr5printERNS_10AsmPrinterE
FNDA:1368,_ZNK4mlir4vhlo26DenseIntOrFPElementsV1Attr5printERNS_10AsmPrinterE
FN:187,_ZN4mlir4vhlo26DenseIntOrFPElementsV1Attr5parseERNS_9AsmParserENS_4TypeE
FNDA:330,_ZN4mlir4vhlo26DenseIntOrFPElementsV1Attr5parseERNS_9AsmParserENS_4TypeE
FN:217,_ZN4mlir4vhlo11VhloDialectC2EPNS_11MLIRContextE
FNDA:192,_ZN4mlir4vhlo11VhloDialectC2EPNS_11MLIRContextE
FN:231,_ZN4mlir4vhlo11VhloDialect12addVhloTypesEv
FNDA:192,_ZN4mlir4vhlo11VhloDialect12addVhloTypesEv
FN:253,_ZNK4mlir4vhlo11VhloDialect9parseTypeERNS_16DialectAsmParserE
FNDA:15204,_ZNK4mlir4vhlo11VhloDialect9parseTypeERNS_16DialectAsmParserE
FN:262,_ZNK4mlir4vhlo11VhloDialect9printTypeENS_4TypeERNS_17DialectAsmPrinterE
FNDA:49740,_ZNK4mlir4vhlo11VhloDialect9printTypeENS_4TypeERNS_17DialectAsmPrinterE
FN:269,_ZNK4mlir4vhlo11VhloDialect14parseAttributeERNS_16DialectAsmParserENS_4TypeE
FNDA:1488,_ZNK4mlir4vhlo11VhloDialect14parseAttributeERNS_16DialectAsmParserENS_4TypeE
FN:281,_ZNK4mlir4vhlo11VhloDialect14printAttributeENS_9AttributeERNS_17DialectAsmPrinterE
FNDA:9384,_ZNK4mlir4vhlo11VhloDialect14printAttributeENS_9AttributeERNS_17DialectAsmPrinterE
DA:45,10086
DA:46,10086
DA:50,564
DA:51,564
DA:54,2442
DA:56,2442
DA:57,2442
DA:58,2442
DA:59,0
DA:61,2442
DA:62,2442
DA:63,2442
DA:65,654
DA:67,654
DA:68,654
DA:69,654
DA:70,0
DA:72,654
DA:73,654
DA:74,654
DA:78,450
DA:79,450
DA:80,450
DA:83,108
DA:84,108
DA:85,108
DA:86,108
DA:87,0
DA:89,108
DA:90,108
DA:91,108
DA:93,1074
DA:94,2148
DA:95,1074
DA:96,1074
DA:97,1074
DA:99,324
DA:100,324
DA:101,324
DA:102,324
DA:103,0
DA:105,648
DA:106,324
DA:107,324
DA:108,324
DA:110,54
DA:111,54
DA:112,54
DA:113,108
DA:114,54
DA:115,54
DA:116,54
DA:117,54
DA:120,18
DA:121,18
DA:122,36
DA:123,18
DA:124,18
DA:125,18
DA:126,18
DA:127,0
DA:129,18
DA:130,18
DA:131,18
DA:132,36
DA:133,18
DA:134,0
DA:136,18
DA:137,18
DA:140,4308
DA:141,4308
DA:142,4308
DA:143,4308
DA:144,8616
DA:145,11232
DA:146,4308
DA:147,4308
DA:148,8616
DA:149,8808
DA:150,4308
DA:151,4308
DA:152,4308
DA:155,1158
DA:156,1158
DA:157,1158
DA:158,1158
DA:159,1158
DA:160,1158
DA:161,2316
DA:162,1158
DA:163,2316
DA:164,1158
DA:165,1158
DA:166,0
DA:168,1158
DA:169,2988
DA:170,1830
DA:171,1830
DA:172,2316
DA:173,1158
DA:174,1158
DA:176,1158
DA:177,1158
DA:179,1368
DA:180,2736
DA:181,2736
DA:182,1368
DA:183,1368
DA:184,1368
DA:187,330
DA:188,330
DA:189,330
DA:190,330
DA:191,0
DA:193,660
DA:194,330
DA:195,330
DA:196,330
DA:217,192
DA:218,192
DA:219,192
DA:223,192
DA:224,192
DA:225,192
DA:229,192
DA:231,192
DA:246,192
DA:250,192
DA:251,192
DA:253,15204
DA:254,15204
DA:255,15204
DA:256,15204
DA:257,15204
DA:258,0
DA:259,0
DA:260,15204
DA:262,49740
DA:263,49740
DA:264,0
DA:265,49740
DA:269,1488
DA:270,1488
DA:271,1488
DA:272,1488
DA:273,1488
DA:274,1488
DA:275,0
DA:276,0
DA:277,1488
DA:281,9384
DA:282,9384
DA:284,9384
DA:285,9384
end_of_record
SF:/usr/local/google/home/gleasonk/Coding/openxla/stablehlo/stablehlo/dialect/VhloTypes.h
FN:32,_ZN4mlir4vhlo21VhloTypeConverterBaseC2Ev
FNDA:3096,_ZN4mlir4vhlo21VhloTypeConverterBaseC2Ev
FN:34,_ZN4mlir4vhlo21VhloTypeConverterBaseD2Ev
FNDA:3096,_ZN4mlir4vhlo21VhloTypeConverterBaseD2Ev
FN:34,_ZN4mlir4vhlo21VhloTypeConverterBaseD0Ev
FNDA:0,_ZN4mlir4vhlo21VhloTypeConverterBaseD0Ev
FN:41,_ZN4mlir4vhlo17VhloTypeConverterD0Ev
FNDA:0,_ZN4mlir4vhlo17VhloTypeConverterD0Ev
FN:43,_ZN4mlir4vhlo17VhloTypeConverterC2Ev
FNDA:3096,_ZN4mlir4vhlo17VhloTypeConverterC2Ev
DA:32,3096
DA:34,3096
DA:43,3096
end_of_record
SF:/usr/local/google/home/gleasonk/Coding/openxla/stablehlo/stablehlo/dialect/VhloOps.h
FN:32,_ZN4mlir4vhlo11VhloDialectD0Ev
FNDA:192,_ZN4mlir4vhlo11VhloDialectD0Ev
FN:35,_ZN4mlir4vhlo11VhloDialect19getDialectNamespaceEv
FNDA:10278,_ZN4mlir4vhlo11VhloDialect19getDialectNamespaceEv
FN:57,_ZN4mlir4vhlo11VhloDialect26addTypesWithoutRegisteringIJNS0_14BFloat16V1TypeENS0_13ComplexV1TypeENS0_13Float16V1TypeENS0_13Float32V1TypeENS0_13Float64V1TypeENS0_18Float8E4M3FNV1TypeENS0_16Float8E5M2V1TypeENS0_14FunctionV1TypeENS0_11IndexV1TypeENS0_16IntegerI16V1TypeENS0_15IntegerI1V1TypeENS0_16IntegerI32V1TypeENS0_15IntegerI4V1TypeENS0_16IntegerI64V1TypeENS0_15IntegerI8V1TypeENS0_17IntegerUI16V1TypeENS0_17IntegerUI32V1TypeENS0_16IntegerUI4V1TypeENS0_17IntegerUI64V1TypeENS0_16IntegerUI8V1TypeENS0_18RankedTensorV1TypeENS0_11TokenV1TypeENS0_11TupleV1TypeENS0_22UniformQuantizedV1TypeENS0_20UnrankedTensorV1TypeENS0_13WitnessV1TypeEEEEvv
FNDA:192,_ZN4mlir4vhlo11VhloDialect26addTypesWithoutRegisteringIJNS0_14BFloat16V1TypeENS0_13ComplexV1TypeENS0_13Float16V1TypeENS0_13Float32V1TypeENS0_13Float64V1TypeENS0_18Float8E4M3FNV1TypeENS0_16Float8E5M2V1TypeENS0_14FunctionV1TypeENS0_11IndexV1TypeENS0_16IntegerI16V1TypeENS0_15IntegerI1V1TypeENS0_16IntegerI32V1TypeENS0_15IntegerI4V1TypeENS0_16IntegerI64V1TypeENS0_15IntegerI8V1TypeENS0_17IntegerUI16V1TypeENS0_17IntegerUI32V1TypeENS0_16IntegerUI4V1TypeENS0_17IntegerUI64V1TypeENS0_16IntegerUI8V1TypeENS0_18RankedTensorV1TypeENS0_11TokenV1TypeENS0_11TupleV1TypeENS0_22UniformQuantizedV1TypeENS0_20UnrankedTensorV1TypeENS0_13WitnessV1TypeEEEEvv
DA:35,10278
DA:57,192
DA:58,192
DA:59,192
end_of_record
TN:
SF:/usr/local/google/home/gleasonk/Coding/openxla/stablehlo/stablehlo/dialect/Base.h
FN:166,_ZN4mlir3hlo8bytecode17readEnumAttributeINS_4vhlo25ComparisonDirectionV1AttrEZNKS3_12_GLOBAL__N_121VhloBytecodeInterface29readComparisonDirectionV1AttrERNS_21DialectBytecodeReaderEE3$_4EET_S8_PNS_11MLIRContextET0_
FNDA:36,_ZN4mlir3hlo8bytecode17readEnumAttributeINS_4vhlo25ComparisonDirectionV1AttrEZNKS3_12_GLOBAL__N_121VhloBytecodeInterface29readComparisonDirectionV1AttrERNS_21DialectBytecodeReaderEE3$_4EET_S8_PNS_11MLIRContextET0_
FN:166,_ZN4mlir3hlo8bytecode17readEnumAttributeINS_4vhlo20ComparisonTypeV1AttrEZNKS3_12_GLOBAL__N_121VhloBytecodeInterface24readComparisonTypeV1AttrERNS_21DialectBytecodeReaderEE3$_5EET_S8_PNS_11MLIRContextET0_
FNDA:30,_ZN4mlir3hlo8bytecode17readEnumAttributeINS_4vhlo20ComparisonTypeV1AttrEZNKS3_12_GLOBAL__N_121VhloBytecodeInterface24readComparisonTypeV1AttrERNS_21DialectBytecodeReaderEE3$_5EET_S8_PNS_11MLIRContextET0_
FN:166,_ZN4mlir3hlo8bytecode17readEnumAttributeINS_4vhlo26CustomCallApiVersionV1AttrEZNKS3_12_GLOBAL__N_121VhloBytecodeInterface30readCustomCallApiVersionV1AttrERNS_21DialectBytecodeReaderEE3$_6EET_S8_PNS_11MLIRContextET0_
FNDA:24,_ZN4mlir3hlo8bytecode17readEnumAttributeINS_4vhlo26CustomCallApiVersionV1AttrEZNKS3_12_GLOBAL__N_121VhloBytecodeInterface30readCustomCallApiVersionV1AttrERNS_21DialectBytecodeReaderEE3$_6EET_S8_PNS_11MLIRContextET0_
FN:166,_ZN4mlir3hlo8bytecode17readEnumAttributeINS_4vhlo13FftTypeV1AttrEZNKS3_12_GLOBAL__N_121VhloBytecodeInterface17readFftTypeV1AttrERNS_21DialectBytecodeReaderEE3$_7EET_S8_PNS_11MLIRContextET0_
FNDA:24,_ZN4mlir3hlo8bytecode17readEnumAttributeINS_4vhlo13FftTypeV1AttrEZNKS3_12_GLOBAL__N_121VhloBytecodeInterface17readFftTypeV1AttrERNS_21DialectBytecodeReaderEE3$_7EET_S8_PNS_11MLIRContextET0_
FN:166,_ZN4mlir3hlo8bytecode17readEnumAttributeINS_4vhlo15PrecisionV1AttrEZNKS3_12_GLOBAL__N_121VhloBytecodeInterface19readPrecisionV1AttrERNS_21DialectBytecodeReaderEE3$_8EET_S8_PNS_11MLIRContextET0_
FNDA:18,_ZN4mlir3hlo8bytecode17readEnumAttributeINS_4vhlo15PrecisionV1AttrEZNKS3_12_GLOBAL__N_121VhloBytecodeInterface19readPrecisionV1AttrERNS_21DialectBytecodeReaderEE3$_8EET_S8_PNS_11MLIRContextET0_
FN:166,_ZN4mlir3hlo8bytecode17readEnumAttributeINS_4vhlo18RngAlgorithmV1AttrEZNKS3_12_GLOBAL__N_121VhloBytecodeInterface22readRngAlgorithmV1AttrERNS_21DialectBytecodeReaderEE3$_9EET_S8_PNS_11MLIRContextET0_
FNDA:18,_ZN4mlir3hlo8bytecode17readEnumAttributeINS_4vhlo18RngAlgorithmV1AttrEZNKS3_12_GLOBAL__N_121VhloBytecodeInterface22readRngAlgorithmV1AttrERNS_21DialectBytecodeReaderEE3$_9EET_S8_PNS_11MLIRContextET0_
FN:166,_ZN4mlir3hlo8bytecode17readEnumAttributeINS_4vhlo21RngDistributionV1AttrEZNKS3_12_GLOBAL__N_121VhloBytecodeInterface25readRngDistributionV1AttrERNS_21DialectBytecodeReaderEE4$_10EET_S8_PNS_11MLIRContextET0_
FNDA:12,_ZN4mlir3hlo8bytecode17readEnumAttributeINS_4vhlo21RngDistributionV1AttrEZNKS3_12_GLOBAL__N_121VhloBytecodeInterface25readRngDistributionV1AttrERNS_21DialectBytecodeReaderEE4$_10EET_S8_PNS_11MLIRContextET0_
FN:166,_ZN4mlir3hlo8bytecode17readEnumAttributeINS_4vhlo15TransposeV1AttrEZNKS3_12_GLOBAL__N_121VhloBytecodeInterface19readTransposeV1AttrERNS_21DialectBytecodeReaderEE4$_11EET_S8_PNS_11MLIRContextET0_
FNDA:18,_ZN4mlir3hlo8bytecode17readEnumAttributeINS_4vhlo15TransposeV1AttrEZNKS3_12_GLOBAL__N_121VhloBytecodeInterface19readTransposeV1AttrERNS_21DialectBytecodeReaderEE4$_11EET_S8_PNS_11MLIRContextET0_
FN:178,_ZN4mlir3hlo8bytecode18writeEnumAttributeINS_4vhlo21ComparisonDirectionV1ENS3_25ComparisonDirectionV1AttrEEEvT0_RNS_21DialectBytecodeWriterE
FNDA:144,_ZN4mlir3hlo8bytecode18writeEnumAttributeINS_4vhlo21ComparisonDirectionV1ENS3_25ComparisonDirectionV1AttrEEEvT0_RNS_21DialectBytecodeWriterE
FN:178,_ZN4mlir3hlo8bytecode18writeEnumAttributeINS_4vhlo16ComparisonTypeV1ENS3_20ComparisonTypeV1AttrEEEvT0_RNS_21DialectBytecodeWriterE
FNDA:120,_ZN4mlir3hlo8bytecode18writeEnumAttributeINS_4vhlo16ComparisonTypeV1ENS3_20ComparisonTypeV1AttrEEEvT0_RNS_21DialectBytecodeWriterE
FN:178,_ZN4mlir3hlo8bytecode18writeEnumAttributeINS_4vhlo22CustomCallApiVersionV1ENS3_26CustomCallApiVersionV1AttrEEEvT0_RNS_21DialectBytecodeWriterE
FNDA:96,_ZN4mlir3hlo8bytecode18writeEnumAttributeINS_4vhlo22CustomCallApiVersionV1ENS3_26CustomCallApiVersionV1AttrEEEvT0_RNS_21DialectBytecodeWriterE
FN:178,_ZN4mlir3hlo8bytecode18writeEnumAttributeINS_4vhlo9FftTypeV1ENS3_13FftTypeV1AttrEEEvT0_RNS_21DialectBytecodeWriterE
FNDA:96,_ZN4mlir3hlo8bytecode18writeEnumAttributeINS_4vhlo9FftTypeV1ENS3_13FftTypeV1AttrEEEvT0_RNS_21DialectBytecodeWriterE
FN:178,_ZN4mlir3hlo8bytecode18writeEnumAttributeINS_4vhlo11PrecisionV1ENS3_15PrecisionV1AttrEEEvT0_RNS_21DialectBytecodeWriterE
FNDA:72,_ZN4mlir3hlo8bytecode18writeEnumAttributeINS_4vhlo11PrecisionV1ENS3_15PrecisionV1AttrEEEvT0_RNS_21DialectBytecodeWriterE
FN:178,_ZN4mlir3hlo8bytecode18writeEnumAttributeINS_4vhlo14RngAlgorithmV1ENS3_18RngAlgorithmV1AttrEEEvT0_RNS_21DialectBytecodeWriterE
FNDA:72,_ZN4mlir3hlo8bytecode18writeEnumAttributeINS_4vhlo14RngAlgorithmV1ENS3_18RngAlgorithmV1AttrEEEvT0_RNS_21DialectBytecodeWriterE
FN:178,_ZN4mlir3hlo8bytecode18writeEnumAttributeINS_4vhlo17RngDistributionV1ENS3_21RngDistributionV1AttrEEEvT0_RNS_21DialectBytecodeWriterE
FNDA:48,_ZN4mlir3hlo8bytecode18writeEnumAttributeINS_4vhlo17RngDistributionV1ENS3_21RngDistributionV1AttrEEEvT0_RNS_21DialectBytecodeWriterE
FN:178,_ZN4mlir3hlo8bytecode18writeEnumAttributeINS_4vhlo11TransposeV1ENS3_15TransposeV1AttrEEEvT0_RNS_21DialectBytecodeWriterE
FNDA:72,_ZN4mlir3hlo8bytecode18writeEnumAttributeINS_4vhlo11TransposeV1ENS3_15TransposeV1AttrEEEvT0_RNS_21DialectBytecodeWriterE
DA:166,180
DA:167,180
DA:168,180
DA:169,180
DA:171,180
DA:172,180
DA:174,180
DA:175,180
DA:178,720
DA:184,1440
DA:185,720
DA:186,720
DA:187,720
end_of_record
SF:/usr/local/google/home/gleasonk/Coding/openxla/stablehlo/stablehlo/dialect/VhloBytecode.cpp
FN:382,_ZN4mlir4vhlo12_GLOBAL__N_121VhloBytecodeInterfaceD0Ev
FNDA:192,_ZN4mlir4vhlo12_GLOBAL__N_121VhloBytecodeInterfaceD0Ev
FN:384,_ZN4mlir4vhlo12_GLOBAL__N_121VhloBytecodeInterfaceC2EPNS_7DialectE
FNDA:192,_ZN4mlir4vhlo12_GLOBAL__N_121VhloBytecodeInterfaceC2EPNS_7DialectE
FN:520,_ZNK4mlir4vhlo12_GLOBAL__N_121VhloBytecodeInterface13readAttributeERNS_21DialectBytecodeReaderE
FNDA:2088,_ZNK4mlir4vhlo12_GLOBAL__N_121VhloBytecodeInterface13readAttributeERNS_21DialectBytecodeReaderE
FN:585,_ZNK4mlir4vhlo12_GLOBAL__N_121VhloBytecodeInterface14writeAttributeENS_9AttributeERNS_21DialectBytecodeWriterE
FNDA:8352,_ZNK4mlir4vhlo12_GLOBAL__N_121VhloBytecodeInterface14writeAttributeENS_9AttributeERNS_21DialectBytecodeWriterE
FN:595,_ZZNK4mlir4vhlo12_GLOBAL__N_121VhloBytecodeInterface14writeAttributeENS_9AttributeERNS_21DialectBytecodeWriterEENK3$_0clINS0_20ArgResultAliasV1AttrEEEDaT_
FNDA:0,_ZZNK4mlir4vhlo12_GLOBAL__N_121VhloBytecodeInterface14writeAttributeENS_9AttributeERNS_21DialectBytecodeWriterEENK3$_0clINS0_20ArgResultAliasV1AttrEEEDaT_
FN:595,_ZZNK4mlir4vhlo12_GLOBAL__N_121VhloBytecodeInterface14writeAttributeENS_9AttributeERNS_21DialectBytecodeWriterEENK3$_0clINS0_19ChannelHandleV1AttrEEEDaT_
FNDA:48,_ZZNK4mlir4vhlo12_GLOBAL__N_121VhloBytecodeInterface14writeAttributeENS_9AttributeERNS_21DialectBytecodeWriterEENK3$_0clINS0_19ChannelHandleV1AttrEEEDaT_
FN:595,_ZZNK4mlir4vhlo12_GLOBAL__N_121VhloBytecodeInterface14writeAttributeENS_9AttributeERNS_21DialectBytecodeWriterEENK3$_0clINS0_25ComparisonDirectionV1AttrEEEDaT_
FNDA:144,_ZZNK4mlir4vhlo12_GLOBAL__N_121VhloBytecodeInterface14writeAttributeENS_9AttributeERNS_21DialectBytecodeWriterEENK3$_0clINS0_25ComparisonDirectionV1AttrEEEDaT_
FN:595,_ZZNK4mlir4vhlo12_GLOBAL__N_121VhloBytecodeInterface14writeAttributeENS_9AttributeERNS_21DialectBytecodeWriterEENK3$_0clINS0_20ComparisonTypeV1AttrEEEDaT_
FNDA:120,_ZZNK4mlir4vhlo12_GLOBAL__N_121VhloBytecodeInterface14writeAttributeENS_9AttributeERNS_21DialectBytecodeWriterEENK3$_0clINS0_20ComparisonTypeV1AttrEEEDaT_
FN:595,_ZZNK4mlir4vhlo12_GLOBAL__N_121VhloBytecodeInterface14writeAttributeENS_9AttributeERNS_21DialectBytecodeWriterEENK3$_0clINS0_26ConvDimensionNumbersV1AttrEEEDaT_
FNDA:24,_ZZNK4mlir4vhlo12_GLOBAL__N_121VhloBytecodeInterface14writeAttributeENS_9AttributeERNS_21DialectBytecodeWriterEENK3$_0clINS0_26ConvDimensionNumbersV1AttrEEEDaT_
FN:595,_ZZNK4mlir4vhlo12_GLOBAL__N_121VhloBytecodeInterface14writeAttributeENS_9AttributeERNS_21DialectBytecodeWriterEENK3$_0clINS0_26CustomCallApiVersionV1AttrEEEDaT_
FNDA:96,_ZZNK4mlir4vhlo12_GLOBAL__N_121VhloBytecodeInterface14writeAttributeENS_9AttributeERNS_21DialectBytecodeWriterEENK3$_0clINS0_26CustomCallApiVersionV1AttrEEEDaT_
FN:595,_ZZNK4mlir4vhlo12_GLOBAL__N_121VhloBytecodeInterface14writeAttributeENS_9AttributeERNS_21DialectBytecodeWriterEENK3$_0clINS0_25DotDimensionNumbersV1AttrEEEDaT_
FNDA:24,_ZZNK4mlir4vhlo12_GLOBAL__N_121VhloBytecodeInterface14writeAttributeENS_9AttributeERNS_21DialectBytecodeWriterEENK3$_0clINS0_25DotDimensionNumbersV1AttrEEEDaT_
FN:595,_ZZNK4mlir4vhlo12_GLOBAL__N_121VhloBytecodeInterface14writeAttributeENS_9AttributeERNS_21DialectBytecodeWriterEENK3$_0clINS0_13FftTypeV1AttrEEEDaT_
FNDA:96,_ZZNK4mlir4vhlo12_GLOBAL__N_121VhloBytecodeInterface14writeAttributeENS_9AttributeERNS_21DialectBytecodeWriterEENK3$_0clINS0_13FftTypeV1AttrEEEDaT_
FN:595,_ZZNK4mlir4vhlo12_GLOBAL__N_121VhloBytecodeInterface14writeAttributeENS_9AttributeERNS_21DialectBytecodeWriterEENK3$_0clINS0_28GatherDimensionNumbersV1AttrEEEDaT_
FNDA:24,_ZZNK4mlir4vhlo12_GLOBAL__N_121VhloBytecodeInterface14writeAttributeENS_9AttributeERNS_21DialectBytecodeWriterEENK3$_0clINS0_28GatherDimensionNumbersV1AttrEEEDaT_
FN:595,_ZZNK4mlir4vhlo12_GLOBAL__N_121VhloBytecodeInterface14writeAttributeENS_9AttributeERNS_21DialectBytecodeWriterEENK3$_0clINS0_24OutputOperandAliasV1AttrEEEDaT_
FNDA:24,_ZZNK4mlir4vhlo12_GLOBAL__N_121VhloBytecodeInterface14writeAttributeENS_9AttributeERNS_21DialectBytecodeWriterEENK3$_0clINS0_24OutputOperandAliasV1AttrEEEDaT_
FN:595,_ZZNK4mlir4vhlo12_GLOBAL__N_121VhloBytecodeInterface14writeAttributeENS_9AttributeERNS_21DialectBytecodeWriterEENK3$_0clINS0_15PrecisionV1AttrEEEDaT_
FNDA:72,_ZZNK4mlir4vhlo12_GLOBAL__N_121VhloBytecodeInterface14writeAttributeENS_9AttributeERNS_21DialectBytecodeWriterEENK3$_0clINS0_15PrecisionV1AttrEEEDaT_
FN:595,_ZZNK4mlir4vhlo12_GLOBAL__N_121VhloBytecodeInterface14writeAttributeENS_9AttributeERNS_21DialectBytecodeWriterEENK3$_0clINS0_18RngAlgorithmV1AttrEEEDaT_
FNDA:72,_ZZNK4mlir4vhlo12_GLOBAL__N_121VhloBytecodeInterface14writeAttributeENS_9AttributeERNS_21DialectBytecodeWriterEENK3$_0clINS0_18RngAlgorithmV1AttrEEEDaT_
FN:595,_ZZNK4mlir4vhlo12_GLOBAL__N_121VhloBytecodeInterface14writeAttributeENS_9AttributeERNS_21DialectBytecodeWriterEENK3$_0clINS0_21RngDistributionV1AttrEEEDaT_
FNDA:48,_ZZNK4mlir4vhlo12_GLOBAL__N_121VhloBytecodeInterface14writeAttributeENS_9AttributeERNS_21DialectBytecodeWriterEENK3$_0clINS0_21RngDistributionV1AttrEEEDaT_
FN:595,_ZZNK4mlir4vhlo12_GLOBAL__N_121VhloBytecodeInterface14writeAttributeENS_9AttributeERNS_21DialectBytecodeWriterEENK3$_0clINS0_29ScatterDimensionNumbersV1AttrEEEDaT_
FNDA:24,_ZZNK4mlir4vhlo12_GLOBAL__N_121VhloBytecodeInterface14writeAttributeENS_9AttributeERNS_21DialectBytecodeWriterEENK3$_0clINS0_29ScatterDimensionNumbersV1AttrEEEDaT_
FN:595,_ZZNK4mlir4vhlo12_GLOBAL__N_121VhloBytecodeInterface14writeAttributeENS_9AttributeERNS_21DialectBytecodeWriterEENK3$_0clINS0_15TransposeV1AttrEEEDaT_
FNDA:72,_ZZNK4mlir4vhlo12_GLOBAL__N_121VhloBytecodeInterface14writeAttributeENS_9AttributeERNS_21DialectBytecodeWriterEENK3$_0clINS0_15TransposeV1AttrEEEDaT_
FN:595,_ZZNK4mlir4vhlo12_GLOBAL__N_121VhloBytecodeInterface14writeAttributeENS_9AttributeERNS_21DialectBytecodeWriterEENK3$_0clINS0_20TypeExtensionsV1AttrEEEDaT_
FNDA:24,_ZZNK4mlir4vhlo12_GLOBAL__N_121VhloBytecodeInterface14writeAttributeENS_9AttributeERNS_21DialectBytecodeWriterEENK3$_0clINS0_20TypeExtensionsV1AttrEEEDaT_
FN:602,_ZZNK4mlir4vhlo12_GLOBAL__N_121VhloBytecodeInterface14writeAttributeENS_9AttributeERNS_21DialectBytecodeWriterEENK3$_1clINS0_11ArrayV1AttrEEEDaT_
FNDA:216,_ZZNK4mlir4vhlo12_GLOBAL__N_121VhloBytecodeInterface14writeAttributeENS_9AttributeERNS_21DialectBytecodeWriterEENK3$_1clINS0_11ArrayV1AttrEEEDaT_
FN:602,_ZZNK4mlir4vhlo12_GLOBAL__N_121VhloBytecodeInterface14writeAttributeENS_9AttributeERNS_21DialectBytecodeWriterEENK3$_1clINS0_26DenseIntOrFPElementsV1AttrEEEDaT_
FNDA:480,_ZZNK4mlir4vhlo12_GLOBAL__N_121VhloBytecodeInterface14writeAttributeENS_9AttributeERNS_21DialectBytecodeWriterEENK3$_1clINS0_26DenseIntOrFPElementsV1AttrEEEDaT_
FN:602,_ZZNK4mlir4vhlo12_GLOBAL__N_121VhloBytecodeInterface14writeAttributeENS_9AttributeERNS_21DialectBytecodeWriterEENK3$_1clINS0_16DictionaryV1AttrEEEDaT_
FNDA:24,_ZZNK4mlir4vhlo12_GLOBAL__N_121VhloBytecodeInterface14writeAttributeENS_9AttributeERNS_21DialectBytecodeWriterEENK3$_1clINS0_16DictionaryV1AttrEEEDaT_
FN:602,_ZZNK4mlir4vhlo12_GLOBAL__N_121VhloBytecodeInterface14writeAttributeENS_9AttributeERNS_21DialectBytecodeWriterEENK3$_1clINS0_19FlatSymbolRefV1AttrEEEDaT_
FNDA:48,_ZZNK4mlir4vhlo12_GLOBAL__N_121VhloBytecodeInterface14writeAttributeENS_9AttributeERNS_21DialectBytecodeWriterEENK3$_1clINS0_19FlatSymbolRefV1AttrEEEDaT_
FN:602,_ZZNK4mlir4vhlo12_GLOBAL__N_121VhloBytecodeInterface14writeAttributeENS_9AttributeERNS_21DialectBytecodeWriterEENK3$_1clINS0_11FloatV1AttrEEEDaT_
FNDA:24,_ZZNK4mlir4vhlo12_GLOBAL__N_121VhloBytecodeInterface14writeAttributeENS_9AttributeERNS_21DialectBytecodeWriterEENK3$_1clINS0_11FloatV1AttrEEEDaT_
FN:602,_ZZNK4mlir4vhlo12_GLOBAL__N_121VhloBytecodeInterface14writeAttributeENS_9AttributeERNS_21DialectBytecodeWriterEENK3$_1clINS0_13IntegerV1AttrEEEDaT_
FNDA:192,_ZZNK4mlir4vhlo12_GLOBAL__N_121VhloBytecodeInterface14writeAttributeENS_9AttributeERNS_21DialectBytecodeWriterEENK3$_1clINS0_13IntegerV1AttrEEEDaT_
FN:602,_ZZNK4mlir4vhlo12_GLOBAL__N_121VhloBytecodeInterface14writeAttributeENS_9AttributeERNS_21DialectBytecodeWriterEENK3$_1clINS0_12StringV1AttrEEEDaT_
FNDA:4272,_ZZNK4mlir4vhlo12_GLOBAL__N_121VhloBytecodeInterface14writeAttributeENS_9AttributeERNS_21DialectBytecodeWriterEENK3$_1clINS0_12StringV1AttrEEEDaT_
FN:602,_ZZNK4mlir4vhlo12_GLOBAL__N_121VhloBytecodeInterface14writeAttributeENS_9AttributeERNS_21DialectBytecodeWriterEENK3$_1clINS0_10TypeV1AttrEEEDaT_
FNDA:2160,_ZZNK4mlir4vhlo12_GLOBAL__N_121VhloBytecodeInterface14writeAttributeENS_9AttributeERNS_21DialectBytecodeWriterEENK3$_1clINS0_10TypeV1AttrEEEDaT_
FN:607,_ZZNK4mlir4vhlo12_GLOBAL__N_121VhloBytecodeInterface14writeAttributeENS_9AttributeERNS_21DialectBytecodeWriterEENK3$_2clENS0_10UnitV1AttrE
FNDA:24,_ZZNK4mlir4vhlo12_GLOBAL__N_121VhloBytecodeInterface14writeAttributeENS_9AttributeERNS_21DialectBytecodeWriterEENK3$_2clENS0_10UnitV1AttrE
FN:611,_ZZNK4mlir4vhlo12_GLOBAL__N_121VhloBytecodeInterface14writeAttributeENS_9AttributeERNS_21DialectBytecodeWriterEENK3$_3clES3_
FNDA:0,_ZZNK4mlir4vhlo12_GLOBAL__N_121VhloBytecodeInterface14writeAttributeENS_9AttributeERNS_21DialectBytecodeWriterEENK3$_3clES3_
FN:620,_ZNK4mlir4vhlo12_GLOBAL__N_121VhloBytecodeInterface24readArgResultAliasV1AttrERNS_21DialectBytecodeReaderE
FNDA:0,_ZNK4mlir4vhlo12_GLOBAL__N_121VhloBytecodeInterface24readArgResultAliasV1AttrERNS_21DialectBytecodeReaderE
FN:639,_ZNK4mlir4vhlo12_GLOBAL__N_121VhloBytecodeInterface5writeENS0_20ArgResultAliasV1AttrERNS_21DialectBytecodeWriterE
FNDA:0,_ZNK4mlir4vhlo12_GLOBAL__N_121VhloBytecodeInterface5writeENS0_20ArgResultAliasV1AttrERNS_21DialectBytecodeWriterE
FN:651,_ZNK4mlir4vhlo12_GLOBAL__N_121VhloBytecodeInterface23readChannelHandleV1AttrERNS_21DialectBytecodeReaderE
FNDA:12,_ZNK4mlir4vhlo12_GLOBAL__N_121VhloBytecodeInterface23readChannelHandleV1AttrERNS_21DialectBytecodeReaderE
FN:661,_ZNK4mlir4vhlo12_GLOBAL__N_121VhloBytecodeInterface5writeENS0_19ChannelHandleV1AttrERNS_21DialectBytecodeWriterE
FNDA:48,_ZNK4mlir4vhlo12_GLOBAL__N_121VhloBytecodeInterface5writeENS0_19ChannelHandleV1AttrERNS_21DialectBytecodeWriterE
FN:671,_ZNK4mlir4vhlo12_GLOBAL__N_121VhloBytecodeInterface29readComparisonDirectionV1AttrERNS_21DialectBytecodeReaderE
FNDA:36,_ZNK4mlir4vhlo12_GLOBAL__N_121VhloBytecodeInterface29readComparisonDirectionV1AttrERNS_21DialectBytecodeReaderE
FN:676,_ZZNK4mlir4vhlo12_GLOBAL__N_121VhloBytecodeInterface29readComparisonDirectionV1AttrERNS_21DialectBytecodeReaderEENK3$_4clEj
FNDA:36,_ZZNK4mlir4vhlo12_GLOBAL__N_121VhloBytecodeInterface29readComparisonDirectionV1AttrERNS_21DialectBytecodeReaderEENK3$_4clEj
FN:679,_ZNK4mlir4vhlo12_GLOBAL__N_121VhloBytecodeInterface5writeENS0_25ComparisonDirectionV1AttrERNS_21DialectBytecodeWriterE
FNDA:144,_ZNK4mlir4vhlo12_GLOBAL__N_121VhloBytecodeInterface5writeENS0_25ComparisonDirectionV1AttrERNS_21DialectBytecodeWriterE
FN:688,_ZNK4mlir4vhlo12_GLOBAL__N_121VhloBytecodeInterface24readComparisonTypeV1AttrERNS_21DialectBytecodeReaderE
FNDA:30,_ZNK4mlir4vhlo12_GLOBAL__N_121VhloBytecodeInterface24readComparisonTypeV1AttrERNS_21DialectBytecodeReaderE
FN:693,_ZZNK4mlir4vhlo12_GLOBAL__N_121VhloBytecodeInterface24readComparisonTypeV1AttrERNS_21DialectBytecodeReaderEENK3$_5clEj
FNDA:30,_ZZNK4mlir4vhlo12_GLOBAL__N_121VhloBytecodeInterface24readComparisonTypeV1AttrERNS_21DialectBytecodeReaderEENK3$_5clEj
FN:696,_ZNK4mlir4vhlo12_GLOBAL__N_121VhloBytecodeInterface5writeENS0_20ComparisonTypeV1AttrERNS_21DialectBytecodeWriterE
FNDA:120,_ZNK4mlir4vhlo12_GLOBAL__N_121VhloBytecodeInterface5writeENS0_20ComparisonTypeV1AttrERNS_21DialectBytecodeWriterE
FN:706,_ZNK4mlir4vhlo12_GLOBAL__N_121VhloBytecodeInterface30readConvDimensionNumbersV1AttrERNS_21DialectBytecodeReaderE
FNDA:6,_ZNK4mlir4vhlo12_GLOBAL__N_121VhloBytecodeInterface30readConvDimensionNumbersV1AttrERNS_21DialectBytecodeReaderE
FN:736,_ZNK4mlir4vhlo12_GLOBAL__N_121VhloBytecodeInterface5writeENS0_26ConvDimensionNumbersV1AttrERNS_21DialectBytecodeWriterE
FNDA:24,_ZNK4mlir4vhlo12_GLOBAL__N_121VhloBytecodeInterface5writeENS0_26ConvDimensionNumbersV1AttrERNS_21DialectBytecodeWriterE
FN:754,_ZNK4mlir4vhlo12_GLOBAL__N_121VhloBytecodeInterface30readCustomCallApiVersionV1AttrERNS_21DialectBytecodeReaderE
FNDA:24,_ZNK4mlir4vhlo12_GLOBAL__N_121VhloBytecodeInterface30readCustomCallApiVersionV1AttrERNS_21DialectBytecodeReaderE
FN:759,_ZZNK4mlir4vhlo12_GLOBAL__N_121VhloBytecodeInterface30readCustomCallApiVersionV1AttrERNS_21DialectBytecodeReaderEENK3$_6clEj
FNDA:24,_ZZNK4mlir4vhlo12_GLOBAL__N_121VhloBytecodeInterface30readCustomCallApiVersionV1AttrERNS_21DialectBytecodeReaderEENK3$_6clEj
FN:762,_ZNK4mlir4vhlo12_GLOBAL__N_121VhloBytecodeInterface5writeENS0_26CustomCallApiVersionV1AttrERNS_21DialectBytecodeWriterE
FNDA:96,_ZNK4mlir4vhlo12_GLOBAL__N_121VhloBytecodeInterface5writeENS0_26CustomCallApiVersionV1AttrERNS_21DialectBytecodeWriterE
FN:771,_ZNK4mlir4vhlo12_GLOBAL__N_121VhloBytecodeInterface29readDotDimensionNumbersV1AttrERNS_21DialectBytecodeReaderE
FNDA:6,_ZNK4mlir4vhlo12_GLOBAL__N_121VhloBytecodeInterface29readDotDimensionNumbersV1AttrERNS_21DialectBytecodeReaderE
FN:788,_ZNK4mlir4vhlo12_GLOBAL__N_121VhloBytecodeInterface5writeENS0_25DotDimensionNumbersV1AttrERNS_21DialectBytecodeWriterE
FNDA:24,_ZNK4mlir4vhlo12_GLOBAL__N_121VhloBytecodeInterface5writeENS0_25DotDimensionNumbersV1AttrERNS_21DialectBytecodeWriterE
FN:800,_ZNK4mlir4vhlo12_GLOBAL__N_121VhloBytecodeInterface17readFftTypeV1AttrERNS_21DialectBytecodeReaderE
FNDA:24,_ZNK4mlir4vhlo12_GLOBAL__N_121VhloBytecodeInterface17readFftTypeV1AttrERNS_21DialectBytecodeReaderE
FN:805,_ZZNK4mlir4vhlo12_GLOBAL__N_121VhloBytecodeInterface17readFftTypeV1AttrERNS_21DialectBytecodeReaderEENK3$_7clEj
FNDA:24,_ZZNK4mlir4vhlo12_GLOBAL__N_121VhloBytecodeInterface17readFftTypeV1AttrERNS_21DialectBytecodeReaderEENK3$_7clEj
FN:807,_ZNK4mlir4vhlo12_GLOBAL__N_121VhloBytecodeInterface5writeENS0_13FftTypeV1AttrERNS_21DialectBytecodeWriterE
FNDA:96,_ZNK4mlir4vhlo12_GLOBAL__N_121VhloBytecodeInterface5writeENS0_13FftTypeV1AttrERNS_21DialectBytecodeWriterE
FN:817,_ZNK4mlir4vhlo12_GLOBAL__N_121VhloBytecodeInterface32readGatherDimensionNumbersV1AttrERNS_21DialectBytecodeReaderE
FNDA:6,_ZNK4mlir4vhlo12_GLOBAL__N_121VhloBytecodeInterface32readGatherDimensionNumbersV1AttrERNS_21DialectBytecodeReaderE
FN:834,_ZNK4mlir4vhlo12_GLOBAL__N_121VhloBytecodeInterface5writeENS0_28GatherDimensionNumbersV1AttrERNS_21DialectBytecodeWriterE
FNDA:24,_ZNK4mlir4vhlo12_GLOBAL__N_121VhloBytecodeInterface5writeENS0_28GatherDimensionNumbersV1AttrERNS_21DialectBytecodeWriterE
FN:846,_ZNK4mlir4vhlo12_GLOBAL__N_121VhloBytecodeInterface28readOutputOperandAliasV1AttrERNS_21DialectBytecodeReaderE
FNDA:6,_ZNK4mlir4vhlo12_GLOBAL__N_121VhloBytecodeInterface28readOutputOperandAliasV1AttrERNS_21DialectBytecodeReaderE
FN:861,_ZNK4mlir4vhlo12_GLOBAL__N_121VhloBytecodeInterface5writeENS0_24OutputOperandAliasV1AttrERNS_21DialectBytecodeWriterE
FNDA:24,_ZNK4mlir4vhlo12_GLOBAL__N_121VhloBytecodeInterface5writeENS0_24OutputOperandAliasV1AttrERNS_21DialectBytecodeWriterE
FN:872,_ZNK4mlir4vhlo12_GLOBAL__N_121VhloBytecodeInterface19readPrecisionV1AttrERNS_21DialectBytecodeReaderE
FNDA:18,_ZNK4mlir4vhlo12_GLOBAL__N_121VhloBytecodeInterface19readPrecisionV1AttrERNS_21DialectBytecodeReaderE
FN:877,_ZZNK4mlir4vhlo12_GLOBAL__N_121VhloBytecodeInterface19readPrecisionV1AttrERNS_21DialectBytecodeReaderEENK3$_8clEj
FNDA:18,_ZZNK4mlir4vhlo12_GLOBAL__N_121VhloBytecodeInterface19readPrecisionV1AttrERNS_21DialectBytecodeReaderEENK3$_8clEj
FN:880,_ZNK4mlir4vhlo12_GLOBAL__N_121VhloBytecodeInterface5writeENS0_15PrecisionV1AttrERNS_21DialectBytecodeWriterE
FNDA:72,_ZNK4mlir4vhlo12_GLOBAL__N_121VhloBytecodeInterface5writeENS0_15PrecisionV1AttrERNS_21DialectBytecodeWriterE
FN:889,_ZNK4mlir4vhlo12_GLOBAL__N_121VhloBytecodeInterface22readRngAlgorithmV1AttrERNS_21DialectBytecodeReaderE
FNDA:18,_ZNK4mlir4vhlo12_GLOBAL__N_121VhloBytecodeInterface22readRngAlgorithmV1AttrERNS_21DialectBytecodeReaderE
FN:894,_ZZNK4mlir4vhlo12_GLOBAL__N_121VhloBytecodeInterface22readRngAlgorithmV1AttrERNS_21DialectBytecodeReaderEENK3$_9clEj
FNDA:18,_ZZNK4mlir4vhlo12_GLOBAL__N_121VhloBytecodeInterface22readRngAlgorithmV1AttrERNS_21DialectBytecodeReaderEENK3$_9clEj
FN:897,_ZNK4mlir4vhlo12_GLOBAL__N_121VhloBytecodeInterface5writeENS0_18RngAlgorithmV1AttrERNS_21DialectBytecodeWriterE
FNDA:72,_ZNK4mlir4vhlo12_GLOBAL__N_121VhloBytecodeInterface5writeENS0_18RngAlgorithmV1AttrERNS_21DialectBytecodeWriterE
FN:906,_ZNK4mlir4vhlo12_GLOBAL__N_121VhloBytecodeInterface25readRngDistributionV1AttrERNS_21DialectBytecodeReaderE
FNDA:12,_ZNK4mlir4vhlo12_GLOBAL__N_121VhloBytecodeInterface25readRngDistributionV1AttrERNS_21DialectBytecodeReaderE
FN:911,_ZZNK4mlir4vhlo12_GLOBAL__N_121VhloBytecodeInterface25readRngDistributionV1AttrERNS_21DialectBytecodeReaderEENK4$_10clEj
FNDA:12,_ZZNK4mlir4vhlo12_GLOBAL__N_121VhloBytecodeInterface25readRngDistributionV1AttrERNS_21DialectBytecodeReaderEENK4$_10clEj
FN:914,_ZNK4mlir4vhlo12_GLOBAL__N_121VhloBytecodeInterface5writeENS0_21RngDistributionV1AttrERNS_21DialectBytecodeWriterE
FNDA:48,_ZNK4mlir4vhlo12_GLOBAL__N_121VhloBytecodeInterface5writeENS0_21RngDistributionV1AttrERNS_21DialectBytecodeWriterE
FN:924,_ZNK4mlir4vhlo12_GLOBAL__N_121VhloBytecodeInterface33readScatterDimensionNumbersV1AttrERNS_21DialectBytecodeReaderE
FNDA:6,_ZNK4mlir4vhlo12_GLOBAL__N_121VhloBytecodeInterface33readScatterDimensionNumbersV1AttrERNS_21DialectBytecodeReaderE
FN:942,_ZNK4mlir4vhlo12_GLOBAL__N_121VhloBytecodeInterface5writeENS0_29ScatterDimensionNumbersV1AttrERNS_21DialectBytecodeWriterE
FNDA:24,_ZNK4mlir4vhlo12_GLOBAL__N_121VhloBytecodeInterface5writeENS0_29ScatterDimensionNumbersV1AttrERNS_21DialectBytecodeWriterE
FN:954,_ZNK4mlir4vhlo12_GLOBAL__N_121VhloBytecodeInterface19readTransposeV1AttrERNS_21DialectBytecodeReaderE
FNDA:18,_ZNK4mlir4vhlo12_GLOBAL__N_121VhloBytecodeInterface19readTransposeV1AttrERNS_21DialectBytecodeReaderE
FN:959,_ZZNK4mlir4vhlo12_GLOBAL__N_121VhloBytecodeInterface19readTransposeV1AttrERNS_21DialectBytecodeReaderEENK4$_11clEj
FNDA:18,_ZZNK4mlir4vhlo12_GLOBAL__N_121VhloBytecodeInterface19readTransposeV1AttrERNS_21DialectBytecodeReaderEENK4$_11clEj
FN:962,_ZNK4mlir4vhlo12_GLOBAL__N_121VhloBytecodeInterface5writeENS0_15TransposeV1AttrERNS_21DialectBytecodeWriterE
FNDA:72,_ZNK4mlir4vhlo12_GLOBAL__N_121VhloBytecodeInterface5writeENS0_15TransposeV1AttrERNS_21DialectBytecodeWriterE
FN:971,_ZNK4mlir4vhlo12_GLOBAL__N_121VhloBytecodeInterface24readTypeExtensionsV1AttrERNS_21DialectBytecodeReaderE
FNDA:6,_ZNK4mlir4vhlo12_GLOBAL__N_121VhloBytecodeInterface24readTypeExtensionsV1AttrERNS_21DialectBytecodeReaderE
FN:979,_ZNK4mlir4vhlo12_GLOBAL__N_121VhloBytecodeInterface5writeENS0_20TypeExtensionsV1AttrERNS_21DialectBytecodeWriterE
FNDA:24,_ZNK4mlir4vhlo12_GLOBAL__N_121VhloBytecodeInterface5writeENS0_20TypeExtensionsV1AttrERNS_21DialectBytecodeWriterE
FN:992,_ZNK4mlir4vhlo12_GLOBAL__N_121VhloBytecodeInterface15readArrayV1AttrERNS_21DialectBytecodeReaderE
FNDA:54,_ZNK4mlir4vhlo12_GLOBAL__N_121VhloBytecodeInterface15readArrayV1AttrERNS_21DialectBytecodeReaderE
FN:1000,_ZNK4mlir4vhlo12_GLOBAL__N_121VhloBytecodeInterface5writeENS0_11ArrayV1AttrERNS_21DialectBytecodeWriterE
FNDA:216,_ZNK4mlir4vhlo12_GLOBAL__N_121VhloBytecodeInterface5writeENS0_11ArrayV1AttrERNS_21DialectBytecodeWriterE
FN:1010,_ZNK4mlir4vhlo12_GLOBAL__N_121VhloBytecodeInterface30readDenseIntOrFPElementsV1AttrERNS_21DialectBytecodeReaderE
FNDA:120,_ZNK4mlir4vhlo12_GLOBAL__N_121VhloBytecodeInterface30readDenseIntOrFPElementsV1AttrERNS_21DialectBytecodeReaderE
FN:1020,_ZNK4mlir4vhlo12_GLOBAL__N_121VhloBytecodeInterface5writeENS0_26DenseIntOrFPElementsV1AttrERNS_21DialectBytecodeWriterE
FNDA:480,_ZNK4mlir4vhlo12_GLOBAL__N_121VhloBytecodeInterface5writeENS0_26DenseIntOrFPElementsV1AttrERNS_21DialectBytecodeWriterE
FN:1030,_ZNK4mlir4vhlo12_GLOBAL__N_121VhloBytecodeInterface20readDictionaryV1AttrERNS_21DialectBytecodeReaderE
FNDA:6,_ZNK4mlir4vhlo12_GLOBAL__N_121VhloBytecodeInterface20readDictionaryV1AttrERNS_21DialectBytecodeReaderE
FN:1033,_ZZNK4mlir4vhlo12_GLOBAL__N_121VhloBytecodeInterface20readDictionaryV1AttrERNS_21DialectBytecodeReaderEENK4$_12clEv
FNDA:6,_ZZNK4mlir4vhlo12_GLOBAL__N_121VhloBytecodeInterface20readDictionaryV1AttrERNS_21DialectBytecodeReaderEENK4$_12clEv
FN:1047,_ZNK4mlir4vhlo12_GLOBAL__N_121VhloBytecodeInterface5writeENS0_16DictionaryV1AttrERNS_21DialectBytecodeWriterE
FNDA:24,_ZNK4mlir4vhlo12_GLOBAL__N_121VhloBytecodeInterface5writeENS0_16DictionaryV1AttrERNS_21DialectBytecodeWriterE
[...]
FNDA:0,_ZN4mlir4vhlo12_GLOBAL__N_124VersionConversionPatternINS0_21CollectivePermuteOpV1ENS0_21CollectivePermuteOpV2EED0Ev
FN:272,_ZN4mlir4vhlo12_GLOBAL__N_124VersionConversionPatternINS0_21CollectivePermuteOpV2ENS0_21CollectivePermuteOpV1EED0Ev
FNDA:0,_ZN4mlir4vhlo12_GLOBAL__N_124VersionConversionPatternINS0_21CollectivePermuteOpV2ENS0_21CollectivePermuteOpV1EED0Ev
FN:272,_ZN4mlir4vhlo12_GLOBAL__N_124VersionConversionPatternINS0_13AllGatherOpV1ENS0_13AllGatherOpV2EED0Ev
FNDA:0,_ZN4mlir4vhlo12_GLOBAL__N_124VersionConversionPatternINS0_13AllGatherOpV1ENS0_13AllGatherOpV2EED0Ev
FN:272,_ZN4mlir4vhlo12_GLOBAL__N_124VersionConversionPatternINS0_13AllGatherOpV2ENS0_13AllGatherOpV1EED0Ev
FNDA:0,_ZN4mlir4vhlo12_GLOBAL__N_124VersionConversionPatternINS0_13AllGatherOpV2ENS0_13AllGatherOpV1EED0Ev
FN:272,_ZN4mlir4vhlo12_GLOBAL__N_124VersionConversionPatternINS0_12AllToAllOpV1ENS0_12AllToAllOpV2EED0Ev
FNDA:0,_ZN4mlir4vhlo12_GLOBAL__N_124VersionConversionPatternINS0_12AllToAllOpV1ENS0_12AllToAllOpV2EED0Ev
FN:272,_ZN4mlir4vhlo12_GLOBAL__N_124VersionConversionPatternINS0_12AllToAllOpV2ENS0_12AllToAllOpV1EED0Ev
FNDA:0,_ZN4mlir4vhlo12_GLOBAL__N_124VersionConversionPatternINS0_12AllToAllOpV2ENS0_12AllToAllOpV1EED0Ev
FN:273,_ZN4mlir4vhlo12_GLOBAL__N_124VersionConversionPatternINS0_14CustomCallOpV1ENS0_14CustomCallOpV2EECI2NS_19OpConversionPatternIS3_EEERNS_13TypeConverterEPNS_11MLIRContextENS_14PatternBenefitE
FNDA:144,_ZN4mlir4vhlo12_GLOBAL__N_124VersionConversionPatternINS0_14CustomCallOpV1ENS0_14CustomCallOpV2EECI2NS_19OpConversionPatternIS3_EEERNS_13TypeConverterEPNS_11MLIRContextENS_14PatternBenefitE
FN:273,_ZN4mlir4vhlo12_GLOBAL__N_124VersionConversionPatternINS0_14CustomCallOpV2ENS0_14CustomCallOpV1EECI2NS_19OpConversionPatternIS3_EEERNS_13TypeConverterEPNS_11MLIRContextENS_14PatternBenefitE
FNDA:144,_ZN4mlir4vhlo12_GLOBAL__N_124VersionConversionPatternINS0_14CustomCallOpV2ENS0_14CustomCallOpV1EECI2NS_19OpConversionPatternIS3_EEERNS_13TypeConverterEPNS_11MLIRContextENS_14PatternBenefitE
FN:273,_ZN4mlir4vhlo12_GLOBAL__N_124VersionConversionPatternINS0_21CollectivePermuteOpV1ENS0_21CollectivePermuteOpV2EECI2NS_19OpConversionPatternIS3_EEERNS_13TypeConverterEPNS_11MLIRContextENS_14PatternBenefitE
FNDA:144,_ZN4mlir4vhlo12_GLOBAL__N_124VersionConversionPatternINS0_21CollectivePermuteOpV1ENS0_21CollectivePermuteOpV2EECI2NS_19OpConversionPatternIS3_EEERNS_13TypeConverterEPNS_11MLIRContextENS_14PatternBenefitE
FN:273,_ZN4mlir4vhlo12_GLOBAL__N_124VersionConversionPatternINS0_21CollectivePermuteOpV2ENS0_21CollectivePermuteOpV1EECI2NS_19OpConversionPatternIS3_EEERNS_13TypeConverterEPNS_11MLIRContextENS_14PatternBenefitE
FNDA:144,_ZN4mlir4vhlo12_GLOBAL__N_124VersionConversionPatternINS0_21CollectivePermuteOpV2ENS0_21CollectivePermuteOpV1EECI2NS_19OpConversionPatternIS3_EEERNS_13TypeConverterEPNS_11MLIRContextENS_14PatternBenefitE
FN:273,_ZN4mlir4vhlo12_GLOBAL__N_124VersionConversionPatternINS0_13AllGatherOpV1ENS0_13AllGatherOpV2EECI2NS_19OpConversionPatternIS3_EEERNS_13TypeConverterEPNS_11MLIRContextENS_14PatternBenefitE
FNDA:144,_ZN4mlir4vhlo12_GLOBAL__N_124VersionConversionPatternINS0_13AllGatherOpV1ENS0_13AllGatherOpV2EECI2NS_19OpConversionPatternIS3_EEERNS_13TypeConverterEPNS_11MLIRContextENS_14PatternBenefitE
FN:273,_ZN4mlir4vhlo12_GLOBAL__N_124VersionConversionPatternINS0_13AllGatherOpV2ENS0_13AllGatherOpV1EECI2NS_19OpConversionPatternIS3_EEERNS_13TypeConverterEPNS_11MLIRContextENS_14PatternBenefitE
FNDA:144,_ZN4mlir4vhlo12_GLOBAL__N_124VersionConversionPatternINS0_13AllGatherOpV2ENS0_13AllGatherOpV1EECI2NS_19OpConversionPatternIS3_EEERNS_13TypeConverterEPNS_11MLIRContextENS_14PatternBenefitE
FN:273,_ZN4mlir4vhlo12_GLOBAL__N_124VersionConversionPatternINS0_12AllToAllOpV1ENS0_12AllToAllOpV2EECI2NS_19OpConversionPatternIS3_EEERNS_13TypeConverterEPNS_11MLIRContextENS_14PatternBenefitE
FNDA:144,_ZN4mlir4vhlo12_GLOBAL__N_124VersionConversionPatternINS0_12AllToAllOpV1ENS0_12AllToAllOpV2EECI2NS_19OpConversionPatternIS3_EEERNS_13TypeConverterEPNS_11MLIRContextENS_14PatternBenefitE
FN:273,_ZN4mlir4vhlo12_GLOBAL__N_124VersionConversionPatternINS0_12AllToAllOpV2ENS0_12AllToAllOpV1EECI2NS_19OpConversionPatternIS3_EEERNS_13TypeConverterEPNS_11MLIRContextENS_14PatternBenefitE
FNDA:144,_ZN4mlir4vhlo12_GLOBAL__N_124VersionConversionPatternINS0_12AllToAllOpV2ENS0_12AllToAllOpV1EECI2NS_19OpConversionPatternIS3_EEERNS_13TypeConverterEPNS_11MLIRContextENS_14PatternBenefitE
FN:280,_ZNK4mlir4vhlo12_GLOBAL__N_124VersionConversionPatternINS0_14CustomCallOpV1ENS0_14CustomCallOpV2EE15matchAndRewriteES3_NS0_21CustomCallOpV1AdaptorERNS_25ConversionPatternRewriterE
FNDA:30,_ZNK4mlir4vhlo12_GLOBAL__N_124VersionConversionPatternINS0_14CustomCallOpV1ENS0_14CustomCallOpV2EE15matchAndRewriteES3_NS0_21CustomCallOpV1AdaptorERNS_25ConversionPatternRewriterE
FN:280,_ZNK4mlir4vhlo12_GLOBAL__N_124VersionConversionPatternINS0_14CustomCallOpV2ENS0_14CustomCallOpV1EE15matchAndRewriteES3_NS0_21CustomCallOpV2AdaptorERNS_25ConversionPatternRewriterE
FNDA:36,_ZNK4mlir4vhlo12_GLOBAL__N_124VersionConversionPatternINS0_14CustomCallOpV2ENS0_14CustomCallOpV1EE15matchAndRewriteES3_NS0_21CustomCallOpV2AdaptorERNS_25ConversionPatternRewriterE
FN:280,_ZNK4mlir4vhlo12_GLOBAL__N_124VersionConversionPatternINS0_21CollectivePermuteOpV1ENS0_21CollectivePermuteOpV2EE15matchAndRewriteES3_NS0_28CollectivePermuteOpV1AdaptorERNS_25ConversionPatternRewriterE
FNDA:12,_ZNK4mlir4vhlo12_GLOBAL__N_124VersionConversionPatternINS0_21CollectivePermuteOpV1ENS0_21CollectivePermuteOpV2EE15matchAndRewriteES3_NS0_28CollectivePermuteOpV1AdaptorERNS_25ConversionPatternRewriterE
FN:280,_ZNK4mlir4vhlo12_GLOBAL__N_124VersionConversionPatternINS0_21CollectivePermuteOpV2ENS0_21CollectivePermuteOpV1EE15matchAndRewriteES3_NS0_28CollectivePermuteOpV2AdaptorERNS_25ConversionPatternRewriterE
FNDA:12,_ZNK4mlir4vhlo12_GLOBAL__N_124VersionConversionPatternINS0_21CollectivePermuteOpV2ENS0_21CollectivePermuteOpV1EE15matchAndRewriteES3_NS0_28CollectivePermuteOpV2AdaptorERNS_25ConversionPatternRewriterE
FN:280,_ZNK4mlir4vhlo12_GLOBAL__N_124VersionConversionPatternINS0_13AllGatherOpV1ENS0_13AllGatherOpV2EE15matchAndRewriteES3_NS0_20AllGatherOpV1AdaptorERNS_25ConversionPatternRewriterE
FNDA:12,_ZNK4mlir4vhlo12_GLOBAL__N_124VersionConversionPatternINS0_13AllGatherOpV1ENS0_13AllGatherOpV2EE15matchAndRewriteES3_NS0_20AllGatherOpV1AdaptorERNS_25ConversionPatternRewriterE
FN:280,_ZNK4mlir4vhlo12_GLOBAL__N_124VersionConversionPatternINS0_13AllGatherOpV2ENS0_13AllGatherOpV1EE15matchAndRewriteES3_NS0_20AllGatherOpV2AdaptorERNS_25ConversionPatternRewriterE
FNDA:12,_ZNK4mlir4vhlo12_GLOBAL__N_124VersionConversionPatternINS0_13AllGatherOpV2ENS0_13AllGatherOpV1EE15matchAndRewriteES3_NS0_20AllGatherOpV2AdaptorERNS_25ConversionPatternRewriterE
FN:280,_ZNK4mlir4vhlo12_GLOBAL__N_124VersionConversionPatternINS0_12AllToAllOpV1ENS0_12AllToAllOpV2EE15matchAndRewriteES3_NS0_19AllToAllOpV1AdaptorERNS_25ConversionPatternRewriterE
FNDA:12,_ZNK4mlir4vhlo12_GLOBAL__N_124VersionConversionPatternINS0_12AllToAllOpV1ENS0_12AllToAllOpV2EE15matchAndRewriteES3_NS0_19AllToAllOpV1AdaptorERNS_25ConversionPatternRewriterE
FN:280,_ZNK4mlir4vhlo12_GLOBAL__N_124VersionConversionPatternINS0_12AllToAllOpV2ENS0_12AllToAllOpV1EE15matchAndRewriteES3_NS0_19AllToAllOpV2AdaptorERNS_25ConversionPatternRewriterE
FNDA:12,_ZNK4mlir4vhlo12_GLOBAL__N_124VersionConversionPatternINS0_12AllToAllOpV2ENS0_12AllToAllOpV1EE15matchAndRewriteES3_NS0_19AllToAllOpV2AdaptorERNS_25ConversionPatternRewriterE
FN:298,_ZN4mlir4vhlo12_GLOBAL__N_118CustomCallOpV1ToV2D0Ev
FNDA:144,_ZN4mlir4vhlo12_GLOBAL__N_118CustomCallOpV1ToV2D0Ev
FN:300,_ZN4mlir4vhlo12_GLOBAL__N_118CustomCallOpV1ToV2CI2NS_19OpConversionPatternINS0_14CustomCallOpV1EEEERNS_13TypeConverterEPNS_11MLIRContextENS_14PatternBenefitE
FNDA:144,_ZN4mlir4vhlo12_GLOBAL__N_118CustomCallOpV1ToV2CI2NS_19OpConversionPatternINS0_14CustomCallOpV1EEEERNS_13TypeConverterEPNS_11MLIRContextENS_14PatternBenefitE
FN:301,_ZNK4mlir4vhlo12_GLOBAL__N_118CustomCallOpV1ToV222prepareOpForConversionENS0_14CustomCallOpV1E
FNDA:30,_ZNK4mlir4vhlo12_GLOBAL__N_118CustomCallOpV1ToV222prepareOpForConversionENS0_14CustomCallOpV1E
FN:307,_ZN4mlir4vhlo12_GLOBAL__N_118CustomCallOpV2ToV1D0Ev
FNDA:144,_ZN4mlir4vhlo12_GLOBAL__N_118CustomCallOpV2ToV1D0Ev
FN:309,_ZN4mlir4vhlo12_GLOBAL__N_118CustomCallOpV2ToV1CI2NS_19OpConversionPatternINS0_14CustomCallOpV2EEEERNS_13TypeConverterEPNS_11MLIRContextENS_14PatternBenefitE
FNDA:144,_ZN4mlir4vhlo12_GLOBAL__N_118CustomCallOpV2ToV1CI2NS_19OpConversionPatternINS0_14CustomCallOpV2EEEERNS_13TypeConverterEPNS_11MLIRContextENS_14PatternBenefitE
FN:310,_ZNK4mlir4vhlo12_GLOBAL__N_118CustomCallOpV2ToV122prepareOpForConversionENS0_14CustomCallOpV2E
FNDA:36,_ZNK4mlir4vhlo12_GLOBAL__N_118CustomCallOpV2ToV122prepareOpForConversionENS0_14CustomCallOpV2E
FN:325,_ZN4mlir4vhlo12_GLOBAL__N_125CollectivePermuteOpV1ToV2D0Ev
FNDA:144,_ZN4mlir4vhlo12_GLOBAL__N_125CollectivePermuteOpV1ToV2D0Ev
FN:328,_ZN4mlir4vhlo12_GLOBAL__N_125CollectivePermuteOpV1ToV2CI2NS_19OpConversionPatternINS0_21CollectivePermuteOpV1EEEERNS_13TypeConverterEPNS_11MLIRContextENS_14PatternBenefitE
FNDA:144,_ZN4mlir4vhlo12_GLOBAL__N_125CollectivePermuteOpV1ToV2CI2NS_19OpConversionPatternINS0_21CollectivePermuteOpV1EEEERNS_13TypeConverterEPNS_11MLIRContextENS_14PatternBenefitE
FN:329,_ZNK4mlir4vhlo12_GLOBAL__N_125CollectivePermuteOpV1ToV222prepareOpForConversionENS0_21CollectivePermuteOpV1E
FNDA:12,_ZNK4mlir4vhlo12_GLOBAL__N_125CollectivePermuteOpV1ToV222prepareOpForConversionENS0_21CollectivePermuteOpV1E
FN:335,_ZN4mlir4vhlo12_GLOBAL__N_125CollectivePermuteOpV2ToV1D0Ev
FNDA:144,_ZN4mlir4vhlo12_GLOBAL__N_125CollectivePermuteOpV2ToV1D0Ev
FN:338,_ZN4mlir4vhlo12_GLOBAL__N_125CollectivePermuteOpV2ToV1CI2NS_19OpConversionPatternINS0_21CollectivePermuteOpV2EEEERNS_13TypeConverterEPNS_11MLIRContextENS_14PatternBenefitE
FNDA:144,_ZN4mlir4vhlo12_GLOBAL__N_125CollectivePermuteOpV2ToV1CI2NS_19OpConversionPatternINS0_21CollectivePermuteOpV2EEEERNS_13TypeConverterEPNS_11MLIRContextENS_14PatternBenefitE
FN:339,_ZNK4mlir4vhlo12_GLOBAL__N_125CollectivePermuteOpV2ToV122prepareOpForConversionENS0_21CollectivePermuteOpV2E
FNDA:12,_ZNK4mlir4vhlo12_GLOBAL__N_125CollectivePermuteOpV2ToV122prepareOpForConversionENS0_21CollectivePermuteOpV2E
FN:348,_ZN4mlir4vhlo12_GLOBAL__N_117AllGatherOpV1ToV2D0Ev
FNDA:144,_ZN4mlir4vhlo12_GLOBAL__N_117AllGatherOpV1ToV2D0Ev
FN:350,_ZN4mlir4vhlo12_GLOBAL__N_117AllGatherOpV1ToV2CI2NS_19OpConversionPatternINS0_13AllGatherOpV1EEEERNS_13TypeConverterEPNS_11MLIRContextENS_14PatternBenefitE
FNDA:144,_ZN4mlir4vhlo12_GLOBAL__N_117AllGatherOpV1ToV2CI2NS_19OpConversionPatternINS0_13AllGatherOpV1EEEERNS_13TypeConverterEPNS_11MLIRContextENS_14PatternBenefitE
FN:351,_ZNK4mlir4vhlo12_GLOBAL__N_117AllGatherOpV1ToV222prepareOpForConversionENS0_13AllGatherOpV1E
FNDA:12,_ZNK4mlir4vhlo12_GLOBAL__N_117AllGatherOpV1ToV222prepareOpForConversionENS0_13AllGatherOpV1E
FN:357,_ZN4mlir4vhlo12_GLOBAL__N_117AllGatherOpV2ToV1D0Ev
FNDA:144,_ZN4mlir4vhlo12_GLOBAL__N_117AllGatherOpV2ToV1D0Ev
FN:359,_ZN4mlir4vhlo12_GLOBAL__N_117AllGatherOpV2ToV1CI2NS_19OpConversionPatternINS0_13AllGatherOpV2EEEERNS_13TypeConverterEPNS_11MLIRContextENS_14PatternBenefitE
FNDA:144,_ZN4mlir4vhlo12_GLOBAL__N_117AllGatherOpV2ToV1CI2NS_19OpConversionPatternINS0_13AllGatherOpV2EEEERNS_13TypeConverterEPNS_11MLIRContextENS_14PatternBenefitE
FN:360,_ZNK4mlir4vhlo12_GLOBAL__N_117AllGatherOpV2ToV122prepareOpForConversionENS0_13AllGatherOpV2E
FNDA:12,_ZNK4mlir4vhlo12_GLOBAL__N_117AllGatherOpV2ToV122prepareOpForConversionENS0_13AllGatherOpV2E
FN:369,_ZN4mlir4vhlo12_GLOBAL__N_116AllToAllOpV1ToV2D0Ev
FNDA:144,_ZN4mlir4vhlo12_GLOBAL__N_116AllToAllOpV1ToV2D0Ev
FN:371,_ZN4mlir4vhlo12_GLOBAL__N_116AllToAllOpV1ToV2CI2NS_19OpConversionPatternINS0_12AllToAllOpV1EEEERNS_13TypeConverterEPNS_11MLIRContextENS_14PatternBenefitE
FNDA:144,_ZN4mlir4vhlo12_GLOBAL__N_116AllToAllOpV1ToV2CI2NS_19OpConversionPatternINS0_12AllToAllOpV1EEEERNS_13TypeConverterEPNS_11MLIRContextENS_14PatternBenefitE
FN:372,_ZNK4mlir4vhlo12_GLOBAL__N_116AllToAllOpV1ToV222prepareOpForConversionENS0_12AllToAllOpV1E
FNDA:12,_ZNK4mlir4vhlo12_GLOBAL__N_116AllToAllOpV1ToV222prepareOpForConversionENS0_12AllToAllOpV1E
FN:378,_ZN4mlir4vhlo12_GLOBAL__N_116AllToAllOpV2ToV1D0Ev
FNDA:144,_ZN4mlir4vhlo12_GLOBAL__N_116AllToAllOpV2ToV1D0Ev
FN:380,_ZN4mlir4vhlo12_GLOBAL__N_116AllToAllOpV2ToV1CI2NS_19OpConversionPatternINS0_12AllToAllOpV2EEEERNS_13TypeConverterEPNS_11MLIRContextENS_14PatternBenefitE
FNDA:144,_ZN4mlir4vhlo12_GLOBAL__N_116AllToAllOpV2ToV1CI2NS_19OpConversionPatternINS0_12AllToAllOpV2EEEERNS_13TypeConverterEPNS_11MLIRContextENS_14PatternBenefitE
FN:381,_ZNK4mlir4vhlo12_GLOBAL__N_116AllToAllOpV2ToV122prepareOpForConversionENS0_12AllToAllOpV2E
FNDA:12,_ZNK4mlir4vhlo12_GLOBAL__N_116AllToAllOpV2ToV122prepareOpForConversionENS0_12AllToAllOpV2E
FN:393,_ZN4mlir9stablehlo29populateVhloToVersionPatternsEPNS_17RewritePatternSetEPNS_13TypeConverterEPNS_11MLIRContextE
FNDA:144,_ZN4mlir9stablehlo29populateVhloToVersionPatternsEPNS_17RewritePatternSetEPNS_13TypeConverterEPNS_11MLIRContextE
DA:59,144
DA:60,246
DA:61,204
DA:62,102
DA:63,102
DA:64,0
DA:65,0
DA:66,102
DA:67,144
DA:70,168
DA:71,168
DA:72,156
DA:73,168
DA:76,168
DA:77,168
DA:78,168
DA:79,168
DA:80,12
DA:81,12
DA:82,6
DA:84,6
DA:85,12
DA:86,6
DA:87,6
DA:90,156
DA:91,156
DA:92,12
DA:93,6
DA:94,6
DA:95,150
DA:96,12
DA:97,6
DA:98,6
DA:100,144
DA:101,168
DA:104,50202
DA:105,50202
DA:106,49698
DA:112,7794
DA:113,7794
DA:114,7794
DA:115,6
DA:117,6
DA:121,7788
DA:122,468
DA:123,246
DA:125,7566
DA:126,654
DA:127,6912
DA:128,42
DA:129,84
DA:130,42
DA:131,42
DA:134,6870
DA:135,30
DA:136,6840
DA:137,66
DA:138,6774
DA:139,612
DA:140,6162
DA:141,2526
DA:144,3636
DA:145,7794
DA:147,34698
DA:149,34698
DA:150,34698
DA:151,276
DA:153,276
DA:157,34422
DA:158,516
DA:159,36414
DA:160,8796
DA:161,6288
DA:163,2508
DA:164,2382
DA:165,2508
DA:166,46326
DA:167,14928
DA:168,14928
DA:169,0
DA:170,14928
DA:171,14928
DA:172,16470
DA:173,336
DA:174,192
DA:176,16446
DA:177,120
DA:178,120
DA:179,102
DA:180,16206
DA:181,84
DA:184,16122
DA:185,34698
DA:187,7710
DA:189,7710
DA:190,7710
DA:191,7710
DA:192,7392
DA:195,14790
DA:196,7398
DA:198,7392
DA:201,15804
DA:202,8610
DA:204,7194
DA:205,7146
DA:206,84
DA:207,7110
DA:208,7710
DA:213,516
DA:214,0
DA:215,0
DA:217,168
DA:218,168
DA:221,168
DA:222,168
DA:223,168
DA:224,144
DA:244,144
DA:245,7854
DA:246,7710
DA:248,144
DA:250,144
DA:251,144
DA:252,288
DA:253,144
DA:256,288
DA:257,144
DA:258,120
DA:259,168
DA:266,24
DA:267,48
DA:268,24
DA:280,138
DA:282,138
DA:283,138
DA:284,228
DA:285,114
DA:286,114
DA:287,114
DA:288,0
DA:289,114
DA:290,138
DA:301,30
DA:302,30
DA:310,36
DA:311,36
DA:312,12
DA:313,12
DA:314,12
DA:315,6
DA:316,6
DA:318,6
DA:319,12
DA:320,30
DA:321,36
DA:329,12
DA:330,12
DA:339,12
DA:340,12
DA:341,12
DA:342,6
DA:343,6
DA:344,12
DA:351,12
DA:352,12
DA:360,12
DA:361,12
DA:362,6
DA:363,6
DA:364,6
DA:365,12
DA:372,12
DA:373,12
DA:381,12
DA:382,12
DA:383,12
DA:384,6
DA:385,6
DA:386,12
DA:393,144
DA:395,144
DA:396,144
DA:397,144
DA:398,144
DA:399,144
DA:400,144
DA:401,144
DA:402,144
DA:403,144
DA:404,144
end_of_record
SF:/usr/local/google/home/gleasonk/Coding/openxla/stablehlo/stablehlo/dialect/StablehloOps.h
FN:55,_ZN4mlir9stablehlo16StablehloDialect19getDialectNamespaceEv
FNDA:144,_ZN4mlir9stablehlo16StablehloDialect19getDialectNamespaceEv
DA:55,144
end_of_record
SF:/usr/local/google/home/gleasonk/Coding/openxla/stablehlo/stablehlo/dialect/Version.h
FN:40,_ZN4mlir4vhlo7Version17getCurrentVersionEv
FNDA:168,_ZN4mlir4vhlo7Version17getCurrentVersionEv
FN:43,_ZN4mlir4vhlo7Version17getMinimumVersionEv
FNDA:162,_ZN4mlir4vhlo7Version17getMinimumVersionEv
FN:46,_ZN4mlir4vhlo7VersionC2Elll
FNDA:330,_ZN4mlir4vhlo7VersionC2Elll
FN:53,_ZNK4mlir4vhlo7VersionltERKS1_
FNDA:306,_ZNK4mlir4vhlo7VersionltERKS1_
FN:60,_ZNK4mlir4vhlo7VersionleERKS1_
FNDA:99900,_ZNK4mlir4vhlo7VersionleERKS1_
DA:40,168
DA:43,162
DA:46,330
DA:47,330
DA:53,306
DA:55,306
DA:60,99900
DA:61,99900
end_of_record
SF:/usr/local/google/home/gleasonk/Coding/openxla/stablehlo/stablehlo/dialect/VhloOps.h
FN:35,_ZN4mlir4vhlo11VhloDialect19getDialectNamespaceEv
FNDA:246,_ZN4mlir4vhlo11VhloDialect19getDialectNamespaceEv
DA:35,246
end_of_record
TN:
SF:/usr/local/google/home/gleasonk/Coding/openxla/stablehlo/stablehlo/tools/StablehloOptMain.cpp
FN:23,main
FNDA:348,main
DA:23,348
DA:24,348
DA:25,348
DA:26,348
DA:28,348
DA:29,348
DA:30,348
DA:32,348
DA:33,348
DA:34,348
end_of_record
TN:
SF:/usr/local/google/home/gleasonk/Coding/openxla/stablehlo/stablehlo/tools/StablehloInterpreterMain.cpp
FN:0,__cxx_global_var_init
FNDA:150,__cxx_global_var_init
FN:27,_ZNK4mlir3$_1clENS_8ModuleOpERN4llvm11raw_ostreamE
FNDA:1392,_ZNK4mlir3$_1clENS_8ModuleOpERN4llvm11raw_ostreamE
FN:28,_ZZNK4mlir3$_1clENS_8ModuleOpERN4llvm11raw_ostreamEENKUlNS_4func6FuncOpEE_clES6_
FNDA:1392,_ZZNK4mlir3$_1clENS_8ModuleOpERN4llvm11raw_ostreamEENKUlNS_4func6FuncOpEE_clES6_
FN:42,_ZNK4mlir3$_0clERNS_15DialectRegistryE
FNDA:1392,_ZNK4mlir3$_0clERNS_15DialectRegistryE
FN:49,main
FNDA:150,main
DA:25,150
DA:26,150
DA:27,1392
DA:28,2784
DA:29,1392
DA:30,1392
DA:33,1392
DA:36,2784
DA:37,1392
DA:38,1392
DA:40,1392
DA:41,1392
DA:42,1692
DA:43,1392
DA:44,1392
DA:45,1392
DA:49,150
DA:50,150
DA:51,150
end_of_record
SF:/usr/local/google/home/gleasonk/Coding/openxla/stablehlo/stablehlo/dialect/StablehloOps.h
FN:55,_ZN4mlir9stablehlo16StablehloDialect19getDialectNamespaceEv
FNDA:2784,_ZN4mlir9stablehlo16StablehloDialect19getDialectNamespaceEv
DA:55,2784
end_of_record
SF:/usr/local/google/home/gleasonk/Coding/openxla/stablehlo/stablehlo/reference/Tensor.h
FN:36,_ZN4mlir9stablehlo6detail6BufferD2Ev
FNDA:3498,_ZN4mlir9stablehlo6detail6BufferD2Ev
FN:66,_ZN4mlir9stablehlo6TensorD2Ev
FNDA:1614,_ZN4mlir9stablehlo6TensorD2Ev
end_of_record
TN:
SF:/usr/local/google/home/gleasonk/Coding/openxla/stablehlo/stablehlo/tests/TestUtils.cpp
FN:45,_ZN4mlir3hlo12_GLOBAL__N_123InferReturnTypesPatternD0Ev
FNDA:672,_ZN4mlir3hlo12_GLOBAL__N_123InferReturnTypesPatternD0Ev
FN:46,_ZN4mlir3hlo12_GLOBAL__N_123InferReturnTypesPatternC2EPNS_11MLIRContextE
FNDA:672,_ZN4mlir3hlo12_GLOBAL__N_123InferReturnTypesPatternC2EPNS_11MLIRContextE
FN:48,_ZNK4mlir3hlo12_GLOBAL__N_123InferReturnTypesPattern15matchAndRewriteEPNS_9OperationERNS_15PatternRewriterE
FNDA:702,_ZNK4mlir3hlo12_GLOBAL__N_123InferReturnTypesPattern15matchAndRewriteEPNS_9OperationERNS_15PatternRewriterE
FN:74,_ZN4mlir3hlo12_GLOBAL__N_128ReifyReturnTypeShapesPatternD0Ev
FNDA:672,_ZN4mlir3hlo12_GLOBAL__N_128ReifyReturnTypeShapesPatternD0Ev
FN:75,_ZN4mlir3hlo12_GLOBAL__N_128ReifyReturnTypeShapesPatternC2EPNS_11MLIRContextE
FNDA:672,_ZN4mlir3hlo12_GLOBAL__N_128ReifyReturnTypeShapesPatternC2EPNS_11MLIRContextE
FN:77,_ZNK4mlir3hlo12_GLOBAL__N_128ReifyReturnTypeShapesPattern15matchAndRewriteEPNS_9OperationERNS_15PatternRewriterE
FNDA:108,_ZNK4mlir3hlo12_GLOBAL__N_128ReifyReturnTypeShapesPattern15matchAndRewriteEPNS_9OperationERNS_15PatternRewriterE
FN:95,_ZN4mlir3hlo12_GLOBAL__N_116HloTestInferPassC2Ev
FNDA:1008,_ZN4mlir3hlo12_GLOBAL__N_116HloTestInferPassC2Ev
FN:95,_ZN4mlir3hlo12_GLOBAL__N_116HloTestInferPassD0Ev
FNDA:64368,_ZN4mlir3hlo12_GLOBAL__N_116HloTestInferPassD0Ev
FN:95,_ZN4mlir3hlo12_GLOBAL__N_116HloTestInferPassC2ERKS2_
FNDA:63360,_ZN4mlir3hlo12_GLOBAL__N_116HloTestInferPassC2ERKS2_
FN:96,_ZN4mlir3hlo12_GLOBAL__N_116HloTestInferPass14runOnOperationEv
FNDA:672,_ZN4mlir3hlo12_GLOBAL__N_116HloTestInferPass14runOnOperationEv
FN:111,_ZN4mlir3hlo21registerAllTestPassesEv
FNDA:348,_ZN4mlir3hlo21registerAllTestPassesEv
DA:46,672
DA:47,672
DA:48,702
DA:49,702
DA:50,702
DA:51,702
DA:52,702
DA:53,702
DA:54,702
DA:55,702
DA:56,702
DA:57,702
DA:58,702
DA:59,0
DA:62,1404
DA:63,702
DA:64,702
DA:65,702
DA:66,1488
DA:67,1572
DA:68,1572
DA:69,702
DA:70,702
DA:71,702
DA:75,672
DA:76,672
DA:77,108
DA:78,108
DA:79,108
DA:80,108
DA:81,108
DA:82,108
DA:83,108
DA:84,108
DA:85,108
DA:86,6
DA:87,102
DA:88,102
DA:89,108
DA:96,672
DA:97,672
DA:98,672
DA:99,672
DA:100,672
DA:101,672
DA:102,0
DA:103,672
DA:111,348
end_of_record
