TN:
SF:/usr/local/google/home/gleasonk/Coding/openxla/stablehlo/stablehlo/reference/Tensor.h
FN:49,_ZN4mlir9stablehlo6detail6Buffer7getTypeEv
FNDA:64475,_ZN4mlir9stablehlo6detail6Buffer7getTypeEv
FN:52,_ZNK4mlir9stablehlo6detail6Buffer7getDataEv
FNDA:15335,_ZNK4mlir9stablehlo6detail6Buffer7getDataEv
FN:55,_ZN4mlir9stablehlo6detail6Buffer14getMutableDataEv
FNDA:6890,_ZN4mlir9stablehlo6detail6Buffer14getMutableDataEv
FN:80,_ZNK4mlir9stablehlo6Tensor7getTypeEv
FNDA:64475,_ZNK4mlir9stablehlo6Tensor7getTypeEv
DA:49,64475
DA:52,15335
DA:55,6890
DA:80,64475
end_of_record
SF:/usr/local/google/home/gleasonk/Coding/openxla/stablehlo/stablehlo/reference/Errors.h
FN:29,_ZN4mlir9stablehlo15invalidArgumentIJPKcEEEN4llvm5ErrorES3_DpRKT_
FNDA:0,_ZN4mlir9stablehlo15invalidArgumentIJPKcEEEN4llvm5ErrorES3_DpRKT_
DA:29,0
DA:30,0
end_of_record
SF:/usr/local/google/home/gleasonk/Coding/openxla/stablehlo/stablehlo/reference/Tensor.cpp
FN:32,_ZN4mlir9stablehlo12_GLOBAL__N_114getSizeInBytesENS_4TypeE
FNDA:26105,_ZN4mlir9stablehlo12_GLOBAL__N_114getSizeInBytesENS_4TypeE
FN:49,_ZN4mlir9stablehlo12_GLOBAL__N_112flattenIndexEN4llvm8ArrayRefIlEES4_
FNDA:22225,_ZN4mlir9stablehlo12_GLOBAL__N_112flattenIndexEN4llvm8ArrayRefIlEES4_
FN:78,_ZN4mlir9stablehlo6detail6BufferC2ENS_10ShapedTypeE
FNDA:1235,_ZN4mlir9stablehlo6detail6BufferC2ENS_10ShapedTypeE
FN:83,_ZN4mlir9stablehlo6detail6BufferC2ENS_10ShapedTypeENS_15AsmResourceBlobE
FNDA:1680,_ZN4mlir9stablehlo6detail6BufferC2ENS_10ShapedTypeENS_15AsmResourceBlobE
FN:88,_ZN4mlir9stablehlo6TensorC2Ev
FNDA:3135,_ZN4mlir9stablehlo6TensorC2Ev
FN:90,_ZN4mlir9stablehlo6TensorC2ENS_10ShapedTypeE
FNDA:1235,_ZN4mlir9stablehlo6TensorC2ENS_10ShapedTypeE
FN:93,_ZN4mlir9stablehlo6TensorC2ENS_10ShapedTypeENS_15AsmResourceBlobE
FNDA:1680,_ZN4mlir9stablehlo6TensorC2ENS_10ShapedTypeENS_15AsmResourceBlobE
FN:96,_ZNK4mlir9stablehlo6Tensor14getNumElementsEv
FNDA:0,_ZNK4mlir9stablehlo6Tensor14getNumElementsEv
FN:98,_ZNK4mlir9stablehlo6Tensor3getEN4llvm8ArrayRefIlEE
FNDA:15335,_ZNK4mlir9stablehlo6Tensor3getEN4llvm8ArrayRefIlEE
FN:205,_ZN4mlir9stablehlo6Tensor3setEN4llvm8ArrayRefIlEERKNS0_7ElementE
FNDA:6890,_ZN4mlir9stablehlo6Tensor3setEN4llvm8ArrayRefIlEERKNS0_7ElementE
FN:328,_ZNK4mlir9stablehlo6Tensor11index_beginEv
FNDA:2480,_ZNK4mlir9stablehlo6Tensor11index_beginEv
FN:331,_ZZNK4mlir9stablehlo6Tensor11index_beginEvENK4$_14clEl
FNDA:2700,_ZZNK4mlir9stablehlo6Tensor11index_beginEvENK4$_14clEl
FN:338,_ZNK4mlir9stablehlo6Tensor9index_endEv
FNDA:16385,_ZNK4mlir9stablehlo6Tensor9index_endEv
FN:343,_ZNK4mlir9stablehlo6Tensor5printERN4llvm11raw_ostreamE
FNDA:1160,_ZNK4mlir9stablehlo6Tensor5printERN4llvm11raw_ostreamE
FN:353,_ZNK4mlir9stablehlo6Tensor4dumpEv
FNDA:0,_ZNK4mlir9stablehlo6Tensor4dumpEv
FN:355,_ZN4mlir9stablehlo10makeTensorENS_17DenseElementsAttrE
FNDA:1680,_ZN4mlir9stablehlo10makeTensorENS_17DenseElementsAttrE
FN:362,_ZZN4mlir9stablehlo10makeTensorENS_17DenseElementsAttrEENK3$_0clEN4llvm7APFloatE
FNDA:1830,_ZZN4mlir9stablehlo10makeTensorENS_17DenseElementsAttrEENK3$_0clEN4llvm7APFloatE
FN:376,_ZZN4mlir9stablehlo10makeTensorENS_17DenseElementsAttrEENK3$_1clEN4llvm7APFloatE
FNDA:915,_ZZN4mlir9stablehlo10makeTensorENS_17DenseElementsAttrEENK3$_1clEN4llvm7APFloatE
FN:384,_ZZN4mlir9stablehlo10makeTensorENS_17DenseElementsAttrEENK3$_2clEN4llvm7APFloatE
FNDA:915,_ZZN4mlir9stablehlo10makeTensorENS_17DenseElementsAttrEENK3$_2clEN4llvm7APFloatE
FN:393,_ZZN4mlir9stablehlo10makeTensorENS_17DenseElementsAttrEENK3$_3clEN4llvm5APIntE
FNDA:770,_ZZN4mlir9stablehlo10makeTensorENS_17DenseElementsAttrEENK3$_3clEN4llvm5APIntE
FN:401,_ZZN4mlir9stablehlo10makeTensorENS_17DenseElementsAttrEENK3$_4clEN4llvm5APIntE
FNDA:405,_ZZN4mlir9stablehlo10makeTensorENS_17DenseElementsAttrEENK3$_4clEN4llvm5APIntE
FN:409,_ZZN4mlir9stablehlo10makeTensorENS_17DenseElementsAttrEENK3$_5clEN4llvm5APIntE
FNDA:705,_ZZN4mlir9stablehlo10makeTensorENS_17DenseElementsAttrEENK3$_5clEN4llvm5APIntE
FN:417,_ZZN4mlir9stablehlo10makeTensorENS_17DenseElementsAttrEENK3$_6clEN4llvm5APIntE
FNDA:780,_ZZN4mlir9stablehlo10makeTensorENS_17DenseElementsAttrEENK3$_6clEN4llvm5APIntE
FN:426,_ZZN4mlir9stablehlo10makeTensorENS_17DenseElementsAttrEENK3$_7clEN4llvm5APIntE
FNDA:460,_ZZN4mlir9stablehlo10makeTensorENS_17DenseElementsAttrEENK3$_7clEN4llvm5APIntE
FN:434,_ZZN4mlir9stablehlo10makeTensorENS_17DenseElementsAttrEENK3$_8clEN4llvm5APIntE
FNDA:235,_ZZN4mlir9stablehlo10makeTensorENS_17DenseElementsAttrEENK3$_8clEN4llvm5APIntE
FN:443,_ZZN4mlir9stablehlo10makeTensorENS_17DenseElementsAttrEENK3$_9clEN4llvm5APIntE
FNDA:235,_ZZN4mlir9stablehlo10makeTensorENS_17DenseElementsAttrEENK3$_9clEN4llvm5APIntE
FN:452,_ZZN4mlir9stablehlo10makeTensorENS_17DenseElementsAttrEENK4$_10clEN4llvm5APIntE
FNDA:235,_ZZN4mlir9stablehlo10makeTensorENS_17DenseElementsAttrEENK4$_10clEN4llvm5APIntE
FN:462,_ZZN4mlir9stablehlo10makeTensorENS_17DenseElementsAttrEENK4$_11clEb
FNDA:420,_ZZN4mlir9stablehlo10makeTensorENS_17DenseElementsAttrEENK4$_11clEb
FN:473,_ZZN4mlir9stablehlo10makeTensorENS_17DenseElementsAttrEENK4$_12clESt7complexIN4llvm7APFloatEE
FNDA:190,_ZZN4mlir9stablehlo10makeTensorENS_17DenseElementsAttrEENK4$_12clESt7complexIN4llvm7APFloatEE
FN:485,_ZZN4mlir9stablehlo10makeTensorENS_17DenseElementsAttrEENK4$_13clESt7complexIN4llvm7APFloatEE
FNDA:190,_ZZN4mlir9stablehlo10makeTensorENS_17DenseElementsAttrEENK4$_13clESt7complexIN4llvm7APFloatEE
DA:32,26105
DA:33,26105
DA:34,2470
DA:35,1235
DA:37,24870
DA:38,23460
DA:40,1410
DA:41,1410
DA:43,0
DA:44,0
DA:45,26105
DA:49,22225
DA:50,22225
DA:51,0
DA:54,22225
DA:55,22225
DA:61,21520
DA:62,21520
DA:63,27610
DA:64,6090
DA:70,49130
DA:71,21520
DA:72,22225
DA:78,2470
DA:79,1235
DA:80,1235
DA:81,2470
DA:83,3360
DA:84,3360
DA:88,3135
DA:90,1235
DA:91,1235
DA:93,1680
DA:94,1680
DA:96,0
DA:98,15335
DA:99,15335
DA:100,30670
DA:101,30670
DA:102,15335
DA:105,15335
DA:106,1620
DA:107,3240
DA:108,1620
DA:109,1620
DA:111,13715
DA:112,1620
DA:113,3240
DA:114,1620
DA:115,1620
DA:117,12095
DA:118,1620
DA:119,1620
DA:120,1620
DA:122,10475
DA:123,1620
DA:124,1620
DA:125,1620
DA:132,8855
DA:133,7320
DA:135,7320
DA:136,1410
DA:137,2820
DA:138,1410
DA:139,7320
DA:140,735
DA:141,1470
DA:142,735
DA:143,5910
DA:144,1395
DA:145,2790
DA:146,1395
DA:147,5175
DA:148,1815
DA:149,3630
DA:150,1815
DA:151,3780
DA:152,1635
DA:153,705
DA:154,1410
DA:155,705
DA:156,1965
DA:157,360
DA:158,720
DA:159,360
DA:160,1260
DA:161,360
DA:162,720
DA:163,360
DA:164,900
DA:165,540
DA:166,1080
DA:167,540
DA:168,540
DA:169,7320
DA:172,1535
DA:173,695
DA:174,695
DA:175,370
DA:177,0
DA:178,695
DA:181,840
DA:182,840
DA:184,840
DA:185,840
DA:186,420
DA:187,840
DA:188,840
DA:189,420
DA:190,420
DA:192,420
DA:193,840
DA:194,420
DA:195,840
DA:196,840
DA:197,420
DA:198,420
DA:199,840
DA:201,0
DA:202,0
DA:203,15335
DA:205,6890
DA:206,6890
DA:207,13780
DA:208,13780
DA:209,6890
DA:212,6890
DA:213,1410
DA:214,1410
DA:215,1410
DA:217,1410
DA:219,5480
DA:220,705
DA:221,705
DA:222,705
DA:224,705
DA:226,4775
DA:227,705
DA:228,705
DA:229,705
DA:231,705
DA:238,4070
DA:239,640
DA:240,640
DA:241,640
DA:243,640
DA:245,3430
DA:246,330
DA:247,330
DA:248,330
DA:250,330
DA:252,3100
DA:253,690
DA:254,690
DA:255,690
DA:257,690
DA:259,2410
DA:260,875
DA:261,875
DA:262,875
DA:264,875
DA:267,1535
DA:268,245
DA:269,245
DA:270,245
DA:272,245
DA:274,1290
DA:275,125
DA:276,125
DA:277,125
DA:279,125
DA:281,1165
DA:282,125
DA:283,125
DA:284,125
DA:286,125
DA:288,1040
DA:289,305
DA:290,305
DA:291,305
DA:293,305
DA:296,735
DA:297,275
DA:298,275
DA:299,275
DA:301,275
DA:304,460
DA:305,460
DA:306,460
DA:308,460
DA:309,230
DA:310,460
DA:311,230
DA:313,230
DA:315,230
DA:316,230
DA:317,230
DA:318,460
DA:319,230
DA:321,230
DA:322,460
DA:324,0
DA:325,0
DA:326,6890
DA:328,2480
DA:329,2480
DA:331,5180
DA:332,10
DA:334,2470
DA:335,2470
DA:336,2480
DA:338,16385
DA:339,16385
DA:340,16385
DA:341,16385
DA:343,1160
DA:344,1160
DA:345,1160
DA:347,8200
DA:348,7040
DA:350,1160
DA:351,1160
DA:353,0
DA:355,1680
DA:356,1680
DA:357,1680
DA:360,1680
DA:361,340
DA:362,2000
DA:363,1830
DA:368,170
DA:369,170
DA:370,170
DA:371,170
DA:373,1510
DA:374,170
DA:375,85
DA:376,915
DA:377,170
DA:378,85
DA:379,85
DA:381,1425
DA:382,170
DA:383,85
DA:384,915
DA:385,170
DA:386,85
DA:387,85
DA:390,1340
DA:391,400
DA:392,200
DA:393,770
DA:394,400
DA:395,200
DA:396,200
DA:398,1140
DA:399,190
DA:400,95
DA:401,405
DA:402,190
DA:403,95
DA:404,95
DA:406,1045
DA:407,260
DA:408,130
DA:409,705
DA:410,260
DA:411,130
DA:412,130
DA:414,915
DA:415,310
DA:416,155
DA:417,780
DA:418,310
DA:419,155
DA:420,155
DA:423,760
DA:424,360
DA:425,180
DA:426,460
DA:427,360
DA:428,180
DA:429,180
DA:431,580
DA:432,190
DA:433,95
DA:434,235
DA:435,95
DA:436,95
DA:437,95
DA:438,95
DA:440,485
DA:441,190
DA:442,95
DA:443,235
DA:444,95
DA:445,95
DA:446,95
DA:447,95
DA:449,390
DA:450,190
DA:451,95
DA:452,235
DA:453,95
DA:454,95
DA:455,95
DA:456,95
DA:459,295
DA:460,290
DA:461,145
DA:462,420
DA:463,290
DA:464,145
DA:465,145
DA:468,150
DA:469,150
DA:470,150
DA:471,150
DA:472,75
DA:473,190
DA:474,380
DA:475,190
DA:477,75
DA:478,75
DA:479,75
DA:480,75
DA:481,75
DA:482,75
DA:483,150
DA:484,75
DA:485,190
DA:486,380
DA:487,190
DA:489,75
DA:490,75
DA:491,75
DA:492,75
DA:493,75
DA:494,150
DA:496,0
DA:497,0
DA:498,1680
end_of_record
SF:/usr/local/google/home/gleasonk/Coding/openxla/stablehlo/stablehlo/reference/Index.h
FN:41,_ZN4mlir9stablehlo18IndexSpaceIteratorD2Ev
FNDA:9360,_ZN4mlir9stablehlo18IndexSpaceIteratorD2Ev
FN:44,_ZN4mlir9stablehlo18IndexSpaceIteratorC2EN4llvm8ArrayRefIlEESt8optionalINS2_11SmallVectorIlLj6EEEE
FNDA:18865,_ZN4mlir9stablehlo18IndexSpaceIteratorC2EN4llvm8ArrayRefIlEESt8optionalINS2_11SmallVectorIlLj6EEEE
FN:62,_ZN4mlir9stablehlo18IndexSpaceIteratoreqERKS1_
FNDA:8200,_ZN4mlir9stablehlo18IndexSpaceIteratoreqERKS1_
FN:65,_ZN4mlir9stablehlo18IndexSpaceIteratorneERKS1_
FNDA:8200,_ZN4mlir9stablehlo18IndexSpaceIteratorneERKS1_
DA:44,18865
DA:46,18865
DA:47,18865
DA:48,0
DA:51,18865
DA:62,8200
DA:63,8200
DA:65,8200
end_of_record
SF:/usr/local/google/home/gleasonk/Coding/openxla/stablehlo/stablehlo/reference/Element.h
FN:33,_ZN4mlir9stablehlo7ElementD2Ev
FNDA:7040,_ZN4mlir9stablehlo7ElementD2Ev
FN:37,_ZN4mlir9stablehlo7ElementC2ENS_4TypeEN4llvm5APIntE
FNDA:7320,_ZN4mlir9stablehlo7ElementC2ENS_4TypeEN4llvm5APIntE
FN:38,_ZN4mlir9stablehlo7ElementC2ENS_4TypeEb
FNDA:695,_ZN4mlir9stablehlo7ElementC2ENS_4TypeEb
FN:39,_ZN4mlir9stablehlo7ElementC2ENS_4TypeEN4llvm7APFloatE
FNDA:6480,_ZN4mlir9stablehlo7ElementC2ENS_4TypeEN4llvm7APFloatE
FN:40,_ZN4mlir9stablehlo7ElementC2ENS_4TypeESt7complexIN4llvm7APFloatEE
FNDA:0,_ZN4mlir9stablehlo7ElementC2ENS_4TypeESt7complexIN4llvm7APFloatEE
FN:125,_ZN4mlir9stablehlolsERN4llvm11raw_ostreamENS0_7ElementE
FNDA:7040,_ZN4mlir9stablehlolsERN4llvm11raw_ostreamENS0_7ElementE
DA:37,7320
DA:38,695
DA:39,6480
DA:40,0
DA:41,0
DA:125,7040
DA:126,7040
DA:127,7040
end_of_record
TN:
SF:/usr/local/google/home/gleasonk/Coding/openxla/stablehlo/stablehlo/reference/Index.h
FN:41,_ZN4mlir9stablehlo18IndexSpaceIteratorD2Ev
FNDA:9505,_ZN4mlir9stablehlo18IndexSpaceIteratorD2Ev
FN:62,_ZN4mlir9stablehlo18IndexSpaceIteratoreqERKS1_
FNDA:8185,_ZN4mlir9stablehlo18IndexSpaceIteratoreqERKS1_
FN:65,_ZN4mlir9stablehlo18IndexSpaceIteratorneERKS1_
FNDA:8185,_ZN4mlir9stablehlo18IndexSpaceIteratorneERKS1_
DA:62,8185
DA:63,8185
DA:65,8185
end_of_record
SF:/usr/local/google/home/gleasonk/Coding/openxla/stablehlo/stablehlo/reference/Element.h
FN:33,_ZN4mlir9stablehlo7ElementD2Ev
FNDA:14380,_ZN4mlir9stablehlo7ElementD2Ev
FN:37,_ZN4mlir9stablehlo7ElementC2ENS_4TypeEN4llvm5APIntE
FNDA:780,_ZN4mlir9stablehlo7ElementC2ENS_4TypeEN4llvm5APIntE
FN:38,_ZN4mlir9stablehlo7ElementC2ENS_4TypeEb
FNDA:55,_ZN4mlir9stablehlo7ElementC2ENS_4TypeEb
FN:39,_ZN4mlir9stablehlo7ElementC2ENS_4TypeEN4llvm7APFloatE
FNDA:480,_ZN4mlir9stablehlo7ElementC2ENS_4TypeEN4llvm7APFloatE
FN:40,_ZN4mlir9stablehlo7ElementC2ENS_4TypeESt7complexIN4llvm7APFloatEE
FNDA:1300,_ZN4mlir9stablehlo7ElementC2ENS_4TypeESt7complexIN4llvm7APFloatEE
DA:37,780
DA:38,55
DA:39,480
DA:40,1300
DA:41,1300
end_of_record
SF:/usr/local/google/home/gleasonk/Coding/openxla/stablehlo/stablehlo/reference/Scope.h
FN:28,_ZN4mlir9stablehlo5ScopeD2Ev
FNDA:1265,_ZN4mlir9stablehlo5ScopeD2Ev
FN:30,_ZN4mlir9stablehlo5ScopeC2EPS1_
FNDA:1265,_ZN4mlir9stablehlo5ScopeC2EPS1_
DA:30,1265
end_of_record
SF:/usr/local/google/home/gleasonk/Coding/openxla/stablehlo/stablehlo/reference/Ops.cpp
FN:36,_ZN4mlir9stablehlo12_GLOBAL__N_17permuteEN4llvm8ArrayRefIlEES4_
FNDA:240,_ZN4mlir9stablehlo12_GLOBAL__N_17permuteEN4llvm8ArrayRefIlEES4_
FN:42,_ZN4mlir9stablehlo12_GLOBAL__N_110addIndicesEN4llvm8ArrayRefIlEES4_
FNDA:30,_ZN4mlir9stablehlo12_GLOBAL__N_110addIndicesEN4llvm8ArrayRefIlEES4_
FN:51,_ZN4mlir9stablehlo9evalAddOpERKNS0_6TensorES3_NS_4TypeE
FNDA:145,_ZN4mlir9stablehlo9evalAddOpERKNS0_6TensorES3_NS_4TypeE
FN:58,_ZN4mlir9stablehlo9evalAndOpERKNS0_6TensorES3_NS_4TypeE
FNDA:65,_ZN4mlir9stablehlo9evalAndOpERKNS0_6TensorES3_NS_4TypeE
FN:65,_ZN4mlir9stablehlo20evalBroadcastInDimOpERKNS0_6TensorEN4llvm8ArrayRefIlEENS_4TypeE
FNDA:5,_ZN4mlir9stablehlo20evalBroadcastInDimOpERKNS0_6TensorEN4llvm8ArrayRefIlEENS_4TypeE
FN:81,_ZN4mlir9stablehlo10evalCeilOpERKNS0_6TensorENS_4TypeE
FNDA:20,_ZN4mlir9stablehlo10evalCeilOpERKNS0_6TensorENS_4TypeE
FN:88,_ZN4mlir9stablehlo14evalConstantOpENS_12ElementsAttrE
FNDA:1680,_ZN4mlir9stablehlo14evalConstantOpENS_12ElementsAttrE
FN:94,_ZN4mlir9stablehlo13evalConvertOpERKNS0_6TensorENS_4TypeE
FNDA:55,_ZN4mlir9stablehlo13evalConvertOpERKNS0_6TensorENS_4TypeE
FN:103,_ZN4mlir9stablehlo12evalCosineOpERKNS0_6TensorENS_4TypeE
FNDA:30,_ZN4mlir9stablehlo12evalCosineOpERKNS0_6TensorENS_4TypeE
FN:110,_ZN4mlir9stablehlo24evalDynamicUpdateSliceOpERKNS0_6TensorES3_N4llvm8ArrayRefIS1_EENS_4TypeE
FNDA:5,_ZN4mlir9stablehlo24evalDynamicUpdateSliceOpERKNS0_6TensorES3_N4llvm8ArrayRefIS1_EENS_4TypeE
FN:131,_ZN4mlir9stablehlo11evalFloorOpERKNS0_6TensorENS_4TypeE
FNDA:20,_ZN4mlir9stablehlo11evalFloorOpERKNS0_6TensorENS_4TypeE
FN:138,_ZN4mlir9stablehlo10evalIotaOpElNS_4TypeE
FNDA:125,_ZN4mlir9stablehlo10evalIotaOpElNS_4TypeE
FN:174,_ZN4mlir9stablehlo9evalMaxOpERKNS0_6TensorES3_NS_4TypeE
FNDA:85,_ZN4mlir9stablehlo9evalMaxOpERKNS0_6TensorES3_NS_4TypeE
FN:181,_ZN4mlir9stablehlo9evalMinOpERKNS0_6TensorES3_NS_4TypeE
FNDA:85,_ZN4mlir9stablehlo9evalMinOpERKNS0_6TensorES3_NS_4TypeE
FN:188,_ZN4mlir9stablehlo14evalMultiplyOpERKNS0_6TensorES3_NS_4TypeE
FNDA:75,_ZN4mlir9stablehlo14evalMultiplyOpERKNS0_6TensorES3_NS_4TypeE
FN:195,_ZN4mlir9stablehlo9evalNegOpERKNS0_6TensorENS_4TypeE
FNDA:80,_ZN4mlir9stablehlo9evalNegOpERKNS0_6TensorENS_4TypeE
FN:202,_ZN4mlir9stablehlo9evalNotOpERKNS0_6TensorENS_4TypeE
FNDA:65,_ZN4mlir9stablehlo9evalNotOpERKNS0_6TensorENS_4TypeE
FN:209,_ZN4mlir9stablehlo8evalOrOpERKNS0_6TensorES3_NS_4TypeE
FNDA:65,_ZN4mlir9stablehlo8evalOrOpERKNS0_6TensorES3_NS_4TypeE
FN:216,_ZN4mlir9stablehlo9evalPadOpERKNS0_6TensorES3_N4llvm8ArrayRefIlEES6_NS_4TypeE
FNDA:5,_ZN4mlir9stablehlo9evalPadOpERKNS0_6TensorES3_N4llvm8ArrayRefIlEES6_NS_4TypeE
FN:235,_ZN4mlir9stablehlo13evalReshapeOpERKNS0_6TensorENS_4TypeE
FNDA:20,_ZN4mlir9stablehlo13evalReshapeOpERKNS0_6TensorENS_4TypeE
FN:243,_ZN4mlir9stablehlo13evalReverseOpERKNS0_6TensorEN4llvm8ArrayRefIlEENS_4TypeE
FNDA:5,_ZN4mlir9stablehlo13evalReverseOpERKNS0_6TensorEN4llvm8ArrayRefIlEENS_4TypeE
FN:257,_ZN4mlir9stablehlo10evalSineOpERKNS0_6TensorENS_4TypeE
FNDA:30,_ZN4mlir9stablehlo10evalSineOpERKNS0_6TensorENS_4TypeE
FN:264,_ZN4mlir9stablehlo11evalSliceOpERKNS0_6TensorEN4llvm8ArrayRefIlEES6_NS_4TypeE
FNDA:5,_ZN4mlir9stablehlo11evalSliceOpERKNS0_6TensorEN4llvm8ArrayRefIlEES6_NS_4TypeE
FN:277,_ZN4mlir9stablehlo14evalSubtractOpERKNS0_6TensorES3_NS_4TypeE
FNDA:130,_ZN4mlir9stablehlo14evalSubtractOpERKNS0_6TensorES3_NS_4TypeE
FN:284,_ZN4mlir9stablehlo10evalTanhOpERKNS0_6TensorENS_4TypeE
FNDA:30,_ZN4mlir9stablehlo10evalTanhOpERKNS0_6TensorENS_4TypeE
FN:291,_ZN4mlir9stablehlo15evalTransposeOpERKNS0_6TensorEN4llvm8ArrayRefIlEENS_4TypeE
FNDA:20,_ZN4mlir9stablehlo15evalTransposeOpERKNS0_6TensorEN4llvm8ArrayRefIlEENS_4TypeE
FN:302,_ZN4mlir9stablehlo11evalWhileOpEN4llvm8ArrayRefINS0_6TensorEEERNS_6RegionES6_RNS0_5ScopeE
FNDA:5,_ZN4mlir9stablehlo11evalWhileOpEN4llvm8ArrayRefINS0_6TensorEEERNS_6RegionES6_RNS0_5ScopeE
FN:320,_ZN4mlir9stablehlo9evalXorOpERKNS0_6TensorES3_NS_4TypeE
FNDA:65,_ZN4mlir9stablehlo9evalXorOpERKNS0_6TensorES3_NS_4TypeE
FN:327,_ZN4mlir9stablehlo4evalERNS_6RegionEN4llvm8ArrayRefINS0_6TensorEEEPNS0_5ScopeE
FNDA:1265,_ZN4mlir9stablehlo4evalERNS_6RegionEN4llvm8ArrayRefINS0_6TensorEEEPNS0_5ScopeE
DA:36,240
DA:37,240
DA:38,960
DA:39,240
DA:40,240
DA:42,30
DA:43,30
DA:44,90
DA:45,180
DA:46,30
DA:47,30
DA:51,145
DA:52,145
DA:53,635
DA:54,490
DA:55,145
DA:56,145
DA:58,65
DA:59,65
DA:60,255
DA:61,190
DA:62,65
DA:63,65
DA:65,5
DA:67,5
DA:68,5
DA:69,5
DA:70,65
DA:71,60
DA:72,60
DA:73,180
DA:74,240
DA:75,120
DA:76,60
DA:77,60
DA:78,5
DA:79,5
DA:81,20
DA:82,20
DA:83,200
DA:84,180
DA:85,20
DA:86,20
DA:88,1680
DA:89,1680
DA:94,55
DA:95,55
DA:96,55
DA:97,110
DA:98,110
DA:99,55
DA:100,55
DA:101,55
DA:103,30
DA:104,30
DA:105,270
DA:106,240
DA:107,30
DA:108,30
DA:110,5
DA:112,5
DA:113,5
DA:114,5
DA:115,5
DA:116,5
DA:117,15
DA:118,20
DA:119,10
DA:120,10
DA:121,85
DA:122,80
DA:123,80
DA:124,35
DA:125,30
DA:126,60
DA:127,30
DA:128,5
DA:129,5
DA:131,20
DA:132,20
DA:133,200
DA:134,180
DA:135,20
DA:136,20
DA:138,125
DA:139,125
DA:140,125
DA:141,1625
DA:142,1500
DA:143,1500
DA:144,1200
DA:145,600
DA:146,1500
DA:147,360
DA:148,180
DA:149,900
DA:150,480
DA:151,480
DA:152,480
DA:154,480
DA:155,720
DA:156,240
DA:157,240
DA:158,240
DA:159,240
DA:160,240
DA:161,240
DA:163,240
DA:165,240
DA:166,240
DA:167,0
DA:168,0
DA:170,1500
DA:171,125
DA:172,125
DA:174,85
DA:175,85
DA:176,540
DA:177,455
DA:178,85
DA:179,85
DA:181,85
DA:182,85
DA:183,540
DA:184,455
DA:185,85
DA:186,85
DA:188,75
DA:189,75
DA:190,480
DA:191,405
DA:192,75
DA:193,75
DA:195,80
DA:196,80
DA:197,520
DA:198,440
DA:199,80
DA:200,80
DA:202,65
DA:203,65
DA:204,235
DA:205,170
DA:206,65
DA:207,65
DA:209,65
DA:210,65
DA:211,255
DA:212,190
DA:213,65
DA:214,65
DA:216,5
DA:218,5
DA:219,5
DA:220,180
DA:221,175
DA:222,175
DA:223,105
DA:224,100
DA:225,100
DA:226,300
DA:227,200
DA:228,200
DA:229,100
DA:230,50
DA:231,100
DA:232,5
DA:233,5
DA:235,20
DA:236,20
DA:237,140
DA:238,140
DA:239,120
DA:240,20
DA:241,20
DA:243,5
DA:244,5
DA:245,5
DA:246,5
DA:247,35
DA:248,30
DA:249,30
DA:250,90
DA:251,60
DA:252,30
DA:253,30
DA:254,5
DA:255,5
DA:257,30
DA:258,30
DA:259,270
DA:260,240
DA:261,30
DA:262,30
DA:264,5
DA:265,5
DA:266,5
DA:267,25
DA:268,20
DA:269,20
DA:270,60
DA:271,40
DA:272,20
DA:273,20
DA:274,5
DA:275,5
DA:277,130
DA:278,130
DA:279,595
DA:280,465
DA:281,130
DA:282,130
DA:284,30
DA:285,30
DA:286,270
DA:287,240
DA:288,30
DA:289,30
DA:291,20
DA:292,20
DA:293,20
DA:294,260
DA:295,240
DA:296,240
DA:297,240
DA:298,240
DA:299,20
DA:300,20
DA:302,5
DA:303,5
DA:304,5
DA:306,5
DA:307,5
DA:308,0
DA:310,55
DA:311,50
DA:312,50
DA:313,50
DA:314,0
DA:317,5
DA:318,5
DA:320,65
DA:321,65
DA:322,255
DA:323,190
DA:324,65
DA:325,65
DA:327,1265
DA:328,1265
DA:329,1265
DA:330,0
DA:332,0
DA:334,1265
DA:335,1265
DA:337,5450
DA:338,8370
DA:339,145
DA:340,145
DA:341,145
DA:342,145
DA:343,8225
DA:344,65
DA:345,65
DA:346,65
DA:347,65
DA:348,8015
DA:349,5
DA:350,10
DA:351,5
DA:352,10
DA:353,5
DA:354,5
DA:355,7945
DA:356,20
DA:357,20
DA:358,20
DA:359,7920
DA:360,1680
DA:361,1680
DA:362,6220
DA:363,55
DA:364,55
DA:365,55
DA:366,4485
DA:367,30
DA:368,30
DA:369,30
DA:370,4400
DA:371,5
DA:372,5
DA:373,5
DA:374,5
DA:375,10
DA:376,5
DA:377,5
DA:378,5
DA:379,4365
DA:380,20
DA:381,20
DA:382,20
DA:383,4340
DA:384,125
DA:385,125
DA:386,125
DA:387,4195
DA:388,85
DA:389,85
DA:390,85
DA:391,85
DA:392,3985
DA:393,85
DA:394,85
DA:395,85
DA:396,85
DA:397,3815
DA:398,75
DA:399,75
DA:400,75
DA:401,75
DA:402,75
DA:403,3655
DA:404,80
DA:405,80
DA:406,80
DA:407,3500
DA:408,65
DA:409,65
DA:410,65
DA:411,3355
DA:412,65
DA:413,65
DA:414,65
DA:415,65
DA:416,3225
DA:417,5
DA:418,5
DA:419,5
DA:420,5
DA:421,5
DA:422,5
DA:423,5
DA:424,10
DA:425,5
DA:426,5
DA:427,3150
DA:428,10
DA:429,5
DA:430,5
DA:431,10
DA:432,5
DA:433,5
DA:434,3145
DA:435,20
DA:436,20
DA:437,20
DA:438,3120
DA:439,5
DA:440,5
DA:441,5
DA:442,5
DA:443,5
DA:444,5
DA:445,1935
DA:446,1160
DA:447,665
DA:448,105
DA:449,560
DA:450,30
DA:451,30
DA:452,30
DA:453,530
DA:454,5
DA:455,5
DA:456,5
DA:457,5
DA:458,5
DA:459,5
DA:460,5
DA:461,495
DA:462,130
DA:463,130
DA:464,130
DA:465,130
DA:466,130
DA:467,360
DA:468,30
DA:469,30
DA:470,30
DA:471,200
DA:472,20
DA:473,20
DA:474,20
DA:475,20
DA:476,20
DA:477,20
DA:478,150
DA:479,65
DA:480,65
DA:481,65
DA:482,65
DA:483,65
DA:484,0
DA:485,0
DA:487,4185
DA:489,0
DA:490,1265
end_of_record
SF:/usr/local/google/home/gleasonk/Coding/openxla/stablehlo/stablehlo/reference/Errors.h
FN:29,_ZN4mlir9stablehlo15invalidArgumentIJPKcEEEN4llvm5ErrorES3_DpRKT_
FNDA:0,_ZN4mlir9stablehlo15invalidArgumentIJPKcEEEN4llvm5ErrorES3_DpRKT_
FN:29,_ZN4mlir9stablehlo15invalidArgumentIJmEEEN4llvm5ErrorEPKcDpRKT_
FNDA:0,_ZN4mlir9stablehlo15invalidArgumentIJmEEEN4llvm5ErrorEPKcDpRKT_
DA:29,0
DA:30,0
end_of_record
SF:/usr/local/google/home/gleasonk/Coding/openxla/stablehlo/stablehlo/reference/Tensor.h
FN:36,_ZN4mlir9stablehlo6detail6BufferD2Ev
FNDA:0,_ZN4mlir9stablehlo6detail6BufferD2Ev
FN:49,_ZN4mlir9stablehlo6detail6Buffer7getTypeEv
FNDA:760,_ZN4mlir9stablehlo6detail6Buffer7getTypeEv
FN:66,_ZN4mlir9stablehlo6TensorD2Ev
FNDA:10800,_ZN4mlir9stablehlo6TensorD2Ev
FN:73,_ZN4mlir9stablehlo6TensorC2ERKS1_
FNDA:2925,_ZN4mlir9stablehlo6TensorC2ERKS1_
FN:77,_ZN4mlir9stablehlo6TensoraSERKS1_
FNDA:3285,_ZN4mlir9stablehlo6TensoraSERKS1_
FN:80,_ZNK4mlir9stablehlo6Tensor7getTypeEv
FNDA:760,_ZNK4mlir9stablehlo6Tensor7getTypeEv
DA:49,760
DA:73,2925
DA:77,3285
DA:80,760
end_of_record
TN:
SF:/usr/local/google/home/gleasonk/Coding/openxla/stablehlo/stablehlo/reference/Element.h
FN:37,_ZN4mlir9stablehlo7ElementC2ENS_4TypeEN4llvm5APIntE
FNDA:1750,_ZN4mlir9stablehlo7ElementC2ENS_4TypeEN4llvm5APIntE
FN:38,_ZN4mlir9stablehlo7ElementC2ENS_4TypeEb
FNDA:220,_ZN4mlir9stablehlo7ElementC2ENS_4TypeEb
FN:39,_ZN4mlir9stablehlo7ElementC2ENS_4TypeEN4llvm7APFloatE
FNDA:2340,_ZN4mlir9stablehlo7ElementC2ENS_4TypeEN4llvm7APFloatE
FN:40,_ZN4mlir9stablehlo7ElementC2ENS_4TypeESt7complexIN4llvm7APFloatEE
FNDA:0,_ZN4mlir9stablehlo7ElementC2ENS_4TypeESt7complexIN4llvm7APFloatEE
FN:50,_ZNK4mlir9stablehlo7Element7getTypeEv
FNDA:10560,_ZNK4mlir9stablehlo7Element7getTypeEv
DA:37,1750
DA:38,220
DA:39,2340
DA:40,0
DA:41,0
DA:50,10560
end_of_record
SF:/usr/local/google/home/gleasonk/Coding/openxla/stablehlo/stablehlo/reference/Errors.h
FN:29,_ZN4mlir9stablehlo15invalidArgumentIJPKcS3_EEEN4llvm5ErrorES3_DpRKT_
FNDA:0,_ZN4mlir9stablehlo15invalidArgumentIJPKcS3_EEEN4llvm5ErrorES3_DpRKT_
FN:29,_ZN4mlir9stablehlo15invalidArgumentIJPKcEEEN4llvm5ErrorES3_DpRKT_
FNDA:0,_ZN4mlir9stablehlo15invalidArgumentIJPKcEEEN4llvm5ErrorES3_DpRKT_
DA:29,0
DA:30,0
end_of_record
SF:/usr/local/google/home/gleasonk/Coding/openxla/stablehlo/stablehlo/reference/Element.cpp
FN:35,_ZN4mlir9stablehlo12_GLOBAL__N_13mapIZNKS0_7ElementngEvE4$_12ZNKS3_ngEvE4$_13ZNKS3_ngEvE4$_14ZNKS3_ngEvE4$_15EES3_RKS3_T_T0_T1_T2_
FNDA:440,_ZN4mlir9stablehlo12_GLOBAL__N_13mapIZNKS0_7ElementngEvE4$_12ZNKS3_ngEvE4$_13ZNKS3_ngEvE4$_14ZNKS3_ngEvE4$_15EES3_RKS3_T_T0_T1_T2_
FN:35,_ZN4mlir9stablehlo12_GLOBAL__N_13mapIZNKS0_7ElementcoEvE4$_28ZNKS3_coEvE4$_29ZNKS3_coEvE4$_30ZNKS3_coEvE4$_31EES3_RKS3_T_T0_T1_T2_
FNDA:170,_ZN4mlir9stablehlo12_GLOBAL__N_13mapIZNKS0_7ElementcoEvE4$_28ZNKS3_coEvE4$_29ZNKS3_coEvE4$_30ZNKS3_coEvE4$_31EES3_RKS3_T_T0_T1_T2_
FN:66,_ZN4mlir9stablehlo12_GLOBAL__N_13mapIZNKS0_7ElementanERKS3_E3$_0ZNKS3_anES5_E3$_1ZNKS3_anES5_E3$_2ZNKS3_anES5_E3$_3EES3_S5_S5_T_T0_T1_T2_
FNDA:190,_ZN4mlir9stablehlo12_GLOBAL__N_13mapIZNKS0_7ElementanERKS3_E3$_0ZNKS3_anES5_E3$_1ZNKS3_anES5_E3$_2ZNKS3_anES5_E3$_3EES3_S5_S5_T_T0_T1_T2_
FN:66,_ZN4mlir9stablehlo12_GLOBAL__N_13mapIZNKS0_7ElementplERKS3_E3$_4ZNKS3_plES5_E3$_5ZNKS3_plES5_E3$_6ZNKS3_plES5_E3$_7EES3_S5_S5_T_T0_T1_T2_
FNDA:490,_ZN4mlir9stablehlo12_GLOBAL__N_13mapIZNKS0_7ElementplERKS3_E3$_4ZNKS3_plES5_E3$_5ZNKS3_plES5_E3$_6ZNKS3_plES5_E3$_7EES3_S5_S5_T_T0_T1_T2_
FN:66,_ZN4mlir9stablehlo12_GLOBAL__N_13mapIZNKS0_7ElementmlERKS3_E3$_8ZNKS3_mlES5_E3$_9ZNKS3_mlES5_E4$_10ZNKS3_mlES5_E4$_11EES3_S5_S5_T_T0_T1_T2_
FNDA:405,_ZN4mlir9stablehlo12_GLOBAL__N_13mapIZNKS0_7ElementmlERKS3_E3$_8ZNKS3_mlES5_E3$_9ZNKS3_mlES5_E4$_10ZNKS3_mlES5_E4$_11EES3_S5_S5_T_T0_T1_T2_
FN:66,_ZN4mlir9stablehlo12_GLOBAL__N_13mapIZNKS0_7ElementmiERKS3_E4$_16ZNKS3_miES5_E4$_17ZNKS3_miES5_E4$_18ZNKS3_miES5_E4$_19EES3_S5_S5_T_T0_T1_T2_
FNDA:465,_ZN4mlir9stablehlo12_GLOBAL__N_13mapIZNKS0_7ElementmiERKS3_E4$_16ZNKS3_miES5_E4$_17ZNKS3_miES5_E4$_18ZNKS3_miES5_E4$_19EES3_S5_S5_T_T0_T1_T2_
FN:66,_ZN4mlir9stablehlo12_GLOBAL__N_13mapIZNKS0_7ElementeoERKS3_E4$_20ZNKS3_eoES5_E4$_21ZNKS3_eoES5_E4$_22ZNKS3_eoES5_E4$_23EES3_S5_S5_T_T0_T1_T2_
FNDA:190,_ZN4mlir9stablehlo12_GLOBAL__N_13mapIZNKS0_7ElementeoERKS3_E4$_20ZNKS3_eoES5_E4$_21ZNKS3_eoES5_E4$_22ZNKS3_eoES5_E4$_23EES3_S5_S5_T_T0_T1_T2_
FN:66,_ZN4mlir9stablehlo12_GLOBAL__N_13mapIZNKS0_7ElementorERKS3_E4$_24ZNKS3_orES5_E4$_25ZNKS3_orES5_E4$_26ZNKS3_orES5_E4$_27EES3_S5_S5_T_T0_T1_T2_
FNDA:190,_ZN4mlir9stablehlo12_GLOBAL__N_13mapIZNKS0_7ElementorERKS3_E4$_24ZNKS3_orES5_E4$_25ZNKS3_orES5_E4$_26ZNKS3_orES5_E4$_27EES3_S5_S5_T_T0_T1_T2_
FN:66,_ZN4mlir9stablehlo12_GLOBAL__N_13mapIZNS0_3maxERKNS0_7ElementES5_E4$_34ZNS0_3maxES5_S5_E4$_35ZNS0_3maxES5_S5_E4$_36ZNS0_3maxES5_S5_E4$_37EES3_S5_S5_T_T0_T1_T2_
FNDA:455,_ZN4mlir9stablehlo12_GLOBAL__N_13mapIZNS0_3maxERKNS0_7ElementES5_E4$_34ZNS0_3maxES5_S5_E4$_35ZNS0_3maxES5_S5_E4$_36ZNS0_3maxES5_S5_E4$_37EES3_S5_S5_T_T0_T1_T2_
FN:66,_ZN4mlir9stablehlo12_GLOBAL__N_13mapIZNS0_3minERKNS0_7ElementES5_E4$_38ZNS0_3minES5_S5_E4$_39ZNS0_3minES5_S5_E4$_40ZNS0_3minES5_S5_E4$_41EES3_S5_S5_T_T0_T1_T2_
FNDA:455,_ZN4mlir9stablehlo12_GLOBAL__N_13mapIZNS0_3minERKNS0_7ElementES5_E4$_38ZNS0_3minES5_S5_E4$_39ZNS0_3minES5_S5_E4$_40ZNS0_3minES5_S5_E4$_41EES3_S5_S5_T_T0_T1_T2_
FN:104,_ZN4mlir9stablehlo12_GLOBAL__N_121mapWithUpcastToDoubleIZNS0_6cosineERKNS0_7ElementEE4$_32ZNS0_6cosineES5_E4$_33EES3_S5_T_T0_
FNDA:240,_ZN4mlir9stablehlo12_GLOBAL__N_121mapWithUpcastToDoubleIZNS0_6cosineERKNS0_7ElementEE4$_32ZNS0_6cosineES5_E4$_33EES3_S5_T_T0_
FN:104,_ZN4mlir9stablehlo12_GLOBAL__N_121mapWithUpcastToDoubleIZNS0_4sineERKNS0_7ElementEE4$_42ZNS0_4sineES5_E4$_43EES3_S5_T_T0_
FNDA:240,_ZN4mlir9stablehlo12_GLOBAL__N_121mapWithUpcastToDoubleIZNS0_4sineERKNS0_7ElementEE4$_42ZNS0_4sineES5_E4$_43EES3_S5_T_T0_
FN:104,_ZN4mlir9stablehlo12_GLOBAL__N_121mapWithUpcastToDoubleIZNS0_4tanhERKNS0_7ElementEE4$_44ZNS0_4tanhES5_E4$_45EES3_S5_T_T0_
FNDA:240,_ZN4mlir9stablehlo12_GLOBAL__N_121mapWithUpcastToDoubleIZNS0_4tanhERKNS0_7ElementEE4$_44ZNS0_4tanhES5_E4$_45EES3_S5_T_T0_
FN:136,_ZNK4mlir9stablehlo7Element15getIntegerValueEv
FNDA:9850,_ZNK4mlir9stablehlo7Element15getIntegerValueEv
FN:143,_ZNK4mlir9stablehlo7Element15getBooleanValueEv
FNDA:970,_ZNK4mlir9stablehlo7Element15getBooleanValueEv
FN:150,_ZNK4mlir9stablehlo7Element13getFloatValueEv
FNDA:9300,_ZNK4mlir9stablehlo7Element13getFloatValueEv
FN:157,_ZNK4mlir9stablehlo7Element15getComplexValueEv
FNDA:1300,_ZNK4mlir9stablehlo7Element15getComplexValueEv
FN:165,_ZNK4mlir9stablehlo7ElementanERKS1_
FNDA:190,_ZNK4mlir9stablehlo7ElementanERKS1_
FN:167,_ZZNK4mlir9stablehlo7ElementanERKS1_ENK3$_0clEN4llvm5APIntES6_
FNDA:150,_ZZNK4mlir9stablehlo7ElementanERKS1_ENK3$_0clEN4llvm5APIntES6_
FN:168,_ZZNK4mlir9stablehlo7ElementanERKS1_ENK3$_1clEbb
FNDA:40,_ZZNK4mlir9stablehlo7ElementanERKS1_ENK3$_1clEbb
FN:169,_ZZNK4mlir9stablehlo7ElementanERKS1_ENK3$_2clEN4llvm7APFloatES6_
FNDA:0,_ZZNK4mlir9stablehlo7ElementanERKS1_ENK3$_2clEN4llvm7APFloatES6_
FN:172,_ZZNK4mlir9stablehlo7ElementanERKS1_ENK3$_3clESt7complexIN4llvm7APFloatEES8_
FNDA:0,_ZZNK4mlir9stablehlo7ElementanERKS1_ENK3$_3clESt7complexIN4llvm7APFloatEES8_
FN:178,_ZNK4mlir9stablehlo7ElementplERKS1_
FNDA:490,_ZNK4mlir9stablehlo7ElementplERKS1_
FN:180,_ZZNK4mlir9stablehlo7ElementplERKS1_ENK3$_4clEN4llvm5APIntES6_
FNDA:230,_ZZNK4mlir9stablehlo7ElementplERKS1_ENK3$_4clEN4llvm5APIntES6_
FN:181,_ZZNK4mlir9stablehlo7ElementplERKS1_ENK3$_5clEbb
FNDA:20,_ZZNK4mlir9stablehlo7ElementplERKS1_ENK3$_5clEbb
FN:182,_ZZNK4mlir9stablehlo7ElementplERKS1_ENK3$_6clEN4llvm7APFloatES6_
FNDA:220,_ZZNK4mlir9stablehlo7ElementplERKS1_ENK3$_6clEN4llvm7APFloatES6_
FN:183,_ZZNK4mlir9stablehlo7ElementplERKS1_ENK3$_7clESt7complexIN4llvm7APFloatEES8_
FNDA:20,_ZZNK4mlir9stablehlo7ElementplERKS1_ENK3$_7clESt7complexIN4llvm7APFloatEES8_
FN:193,_ZNK4mlir9stablehlo7ElementmlERKS1_
FNDA:405,_ZNK4mlir9stablehlo7ElementmlERKS1_
FN:195,_ZZNK4mlir9stablehlo7ElementmlERKS1_ENK3$_8clEN4llvm5APIntES6_
FNDA:145,_ZZNK4mlir9stablehlo7ElementmlERKS1_ENK3$_8clEN4llvm5APIntES6_
FN:196,_ZZNK4mlir9stablehlo7ElementmlERKS1_ENK3$_9clEbb
FNDA:20,_ZZNK4mlir9stablehlo7ElementmlERKS1_ENK3$_9clEbb
FN:197,_ZZNK4mlir9stablehlo7ElementmlERKS1_ENK4$_10clEN4llvm7APFloatES6_
FNDA:220,_ZZNK4mlir9stablehlo7ElementmlERKS1_ENK4$_10clEN4llvm7APFloatES6_
FN:198,_ZZNK4mlir9stablehlo7ElementmlERKS1_ENK4$_11clESt7complexIN4llvm7APFloatEES8_
FNDA:20,_ZZNK4mlir9stablehlo7ElementmlERKS1_ENK4$_11clESt7complexIN4llvm7APFloatEES8_
FN:206,_ZNK4mlir9stablehlo7ElementngEv
FNDA:440,_ZNK4mlir9stablehlo7ElementngEv
FN:208,_ZZNK4mlir9stablehlo7ElementngEvENK4$_12clEN4llvm5APIntE
FNDA:200,_ZZNK4mlir9stablehlo7ElementngEvENK4$_12clEN4llvm5APIntE
FN:209,_ZZNK4mlir9stablehlo7ElementngEvENK4$_13clEb
FNDA:0,_ZZNK4mlir9stablehlo7ElementngEvENK4$_13clEb
FN:212,_ZZNK4mlir9stablehlo7ElementngEvENK4$_14clEN4llvm7APFloatE
FNDA:220,_ZZNK4mlir9stablehlo7ElementngEvENK4$_14clEN4llvm7APFloatE
FN:213,_ZZNK4mlir9stablehlo7ElementngEvENK4$_15clESt7complexIN4llvm7APFloatEE
FNDA:20,_ZZNK4mlir9stablehlo7ElementngEvENK4$_15clESt7complexIN4llvm7APFloatEE
FN:216,_ZNK4mlir9stablehlo7ElementmiERKS1_
FNDA:465,_ZNK4mlir9stablehlo7ElementmiERKS1_
FN:218,_ZZNK4mlir9stablehlo7ElementmiERKS1_ENK4$_16clEN4llvm5APIntES6_
FNDA:225,_ZZNK4mlir9stablehlo7ElementmiERKS1_ENK4$_16clEN4llvm5APIntES6_
FN:219,_ZZNK4mlir9stablehlo7ElementmiERKS1_ENK4$_17clEbb
FNDA:0,_ZZNK4mlir9stablehlo7ElementmiERKS1_ENK4$_17clEbb
FN:222,_ZZNK4mlir9stablehlo7ElementmiERKS1_ENK4$_18clEN4llvm7APFloatES6_
FNDA:220,_ZZNK4mlir9stablehlo7ElementmiERKS1_ENK4$_18clEN4llvm7APFloatES6_
FN:223,_ZZNK4mlir9stablehlo7ElementmiERKS1_ENK4$_19clESt7complexIN4llvm7APFloatEES8_
FNDA:20,_ZZNK4mlir9stablehlo7ElementmiERKS1_ENK4$_19clESt7complexIN4llvm7APFloatEES8_
FN:233,_ZNK4mlir9stablehlo7ElementeoERKS1_
FNDA:190,_ZNK4mlir9stablehlo7ElementeoERKS1_
FN:235,_ZZNK4mlir9stablehlo7ElementeoERKS1_ENK4$_20clEN4llvm5APIntES6_
FNDA:150,_ZZNK4mlir9stablehlo7ElementeoERKS1_ENK4$_20clEN4llvm5APIntES6_
FN:236,_ZZNK4mlir9stablehlo7ElementeoERKS1_ENK4$_21clEbb
FNDA:40,_ZZNK4mlir9stablehlo7ElementeoERKS1_ENK4$_21clEbb
FN:237,_ZZNK4mlir9stablehlo7ElementeoERKS1_ENK4$_22clEN4llvm7APFloatES6_
FNDA:0,_ZZNK4mlir9stablehlo7ElementeoERKS1_ENK4$_22clEN4llvm7APFloatES6_
FN:240,_ZZNK4mlir9stablehlo7ElementeoERKS1_ENK4$_23clESt7complexIN4llvm7APFloatEES8_
FNDA:0,_ZZNK4mlir9stablehlo7ElementeoERKS1_ENK4$_23clESt7complexIN4llvm7APFloatEES8_
FN:246,_ZNK4mlir9stablehlo7ElementorERKS1_
FNDA:190,_ZNK4mlir9stablehlo7ElementorERKS1_
FN:248,_ZZNK4mlir9stablehlo7ElementorERKS1_ENK4$_24clEN4llvm5APIntES6_
FNDA:150,_ZZNK4mlir9stablehlo7ElementorERKS1_ENK4$_24clEN4llvm5APIntES6_
FN:249,_ZZNK4mlir9stablehlo7ElementorERKS1_ENK4$_25clEbb
FNDA:40,_ZZNK4mlir9stablehlo7ElementorERKS1_ENK4$_25clEbb
FN:250,_ZZNK4mlir9stablehlo7ElementorERKS1_ENK4$_26clEN4llvm7APFloatES6_
FNDA:0,_ZZNK4mlir9stablehlo7ElementorERKS1_ENK4$_26clEN4llvm7APFloatES6_
FN:253,_ZZNK4mlir9stablehlo7ElementorERKS1_ENK4$_27clESt7complexIN4llvm7APFloatEES8_
FNDA:0,_ZZNK4mlir9stablehlo7ElementorERKS1_ENK4$_27clESt7complexIN4llvm7APFloatEES8_
FN:259,_ZNK4mlir9stablehlo7ElementcoEv
FNDA:170,_ZNK4mlir9stablehlo7ElementcoEv
FN:261,_ZZNK4mlir9stablehlo7ElementcoEvENK4$_28clEN4llvm5APIntE
FNDA:150,_ZZNK4mlir9stablehlo7ElementcoEvENK4$_28clEN4llvm5APIntE
FN:262,_ZZNK4mlir9stablehlo7ElementcoEvENK4$_29clEb
FNDA:20,_ZZNK4mlir9stablehlo7ElementcoEvENK4$_29clEb
FN:263,_ZZNK4mlir9stablehlo7ElementcoEvENK4$_30clEN4llvm7APFloatE
FNDA:0,_ZZNK4mlir9stablehlo7ElementcoEvENK4$_30clEN4llvm7APFloatE
FN:266,_ZZNK4mlir9stablehlo7ElementcoEvENK4$_31clESt7complexIN4llvm7APFloatEE
FNDA:0,_ZZNK4mlir9stablehlo7ElementcoEvENK4$_31clESt7complexIN4llvm7APFloatEE
FN:271,_ZN4mlir9stablehlo4ceilERKNS0_7ElementE
FNDA:180,_ZN4mlir9stablehlo4ceilERKNS0_7ElementE
FN:277,_ZN4mlir9stablehlo5floorERKNS0_7ElementE
FNDA:180,_ZN4mlir9stablehlo5floorERKNS0_7ElementE
FN:283,_ZN4mlir9stablehlo6cosineERKNS0_7ElementE
FNDA:240,_ZN4mlir9stablehlo6cosineERKNS0_7ElementE
FN:285,_ZZN4mlir9stablehlo6cosineERKNS0_7ElementEENK4$_32clEd
FNDA:220,_ZZN4mlir9stablehlo6cosineERKNS0_7ElementEENK4$_32clEd
FN:286,_ZZN4mlir9stablehlo6cosineERKNS0_7ElementEENK4$_33clESt7complexIdE
FNDA:20,_ZZN4mlir9stablehlo6cosineERKNS0_7ElementEENK4$_33clESt7complexIdE
FN:289,_ZN4mlir9stablehlo3maxERKNS0_7ElementES3_
FNDA:455,_ZN4mlir9stablehlo3maxERKNS0_7ElementES3_
FN:292,_ZZN4mlir9stablehlo3maxERKNS0_7ElementES3_ENK4$_34clEN4llvm5APIntES6_
FNDA:175,_ZZN4mlir9stablehlo3maxERKNS0_7ElementES3_ENK4$_34clEN4llvm5APIntES6_
FN:297,_ZZN4mlir9stablehlo3maxERKNS0_7ElementES3_ENK4$_35clEbb
FNDA:20,_ZZN4mlir9stablehlo3maxERKNS0_7ElementES3_ENK4$_35clEbb
FN:298,_ZZN4mlir9stablehlo3maxERKNS0_7ElementES3_ENK4$_36clEN4llvm7APFloatES6_
FNDA:220,_ZZN4mlir9stablehlo3maxERKNS0_7ElementES3_ENK4$_36clEN4llvm7APFloatES6_
FN:299,_ZZN4mlir9stablehlo3maxERKNS0_7ElementES3_ENK4$_37clESt7complexIN4llvm7APFloatEES8_
FNDA:40,_ZZN4mlir9stablehlo3maxERKNS0_7ElementES3_ENK4$_37clESt7complexIN4llvm7APFloatEES8_
FN:307,_ZN4mlir9stablehlo3minERKNS0_7ElementES3_
FNDA:455,_ZN4mlir9stablehlo3minERKNS0_7ElementES3_
FN:310,_ZZN4mlir9stablehlo3minERKNS0_7ElementES3_ENK4$_38clEN4llvm5APIntES6_
FNDA:175,_ZZN4mlir9stablehlo3minERKNS0_7ElementES3_ENK4$_38clEN4llvm5APIntES6_
FN:315,_ZZN4mlir9stablehlo3minERKNS0_7ElementES3_ENK4$_39clEbb
FNDA:20,_ZZN4mlir9stablehlo3minERKNS0_7ElementES3_ENK4$_39clEbb
FN:316,_ZZN4mlir9stablehlo3minERKNS0_7ElementES3_ENK4$_40clEN4llvm7APFloatES6_
FNDA:220,_ZZN4mlir9stablehlo3minERKNS0_7ElementES3_ENK4$_40clEN4llvm7APFloatES6_
FN:317,_ZZN4mlir9stablehlo3minERKNS0_7ElementES3_ENK4$_41clESt7complexIN4llvm7APFloatEES8_
FNDA:40,_ZZN4mlir9stablehlo3minERKNS0_7ElementES3_ENK4$_41clESt7complexIN4llvm7APFloatEES8_
FN:325,_ZN4mlir9stablehlo4sineERKNS0_7ElementE
FNDA:240,_ZN4mlir9stablehlo4sineERKNS0_7ElementE
FN:327,_ZZN4mlir9stablehlo4sineERKNS0_7ElementEENK4$_42clEd
FNDA:220,_ZZN4mlir9stablehlo4sineERKNS0_7ElementEENK4$_42clEd
FN:328,_ZZN4mlir9stablehlo4sineERKNS0_7ElementEENK4$_43clESt7complexIdE
FNDA:20,_ZZN4mlir9stablehlo4sineERKNS0_7ElementEENK4$_43clESt7complexIdE
FN:331,_ZN4mlir9stablehlo4tanhERKNS0_7ElementE
FNDA:240,_ZN4mlir9stablehlo4tanhERKNS0_7ElementE
FN:333,_ZZN4mlir9stablehlo4tanhERKNS0_7ElementEENK4$_44clEd
FNDA:220,_ZZN4mlir9stablehlo4tanhERKNS0_7ElementEENK4$_44clEd
FN:334,_ZZN4mlir9stablehlo4tanhERKNS0_7ElementEENK4$_45clESt7complexIdE
FNDA:20,_ZZN4mlir9stablehlo4tanhERKNS0_7ElementEENK4$_45clESt7complexIdE
FN:337,_ZNK4mlir9stablehlo7Element5printERN4llvm11raw_ostreamE
FNDA:7040,_ZNK4mlir9stablehlo7Element5printERN4llvm11raw_ostreamE
FN:367,_ZNK4mlir9stablehlo7Element4dumpEv
FNDA:0,_ZNK4mlir9stablehlo7Element4dumpEv
DA:35,610
DA:36,610
DA:37,610
DA:39,610
DA:40,350
DA:41,350
DA:42,350
DA:44,260
DA:45,20
DA:46,20
DA:47,20
DA:49,240
DA:50,220
DA:51,220
DA:52,220
DA:54,20
DA:55,20
DA:56,20
DA:57,20
DA:58,20
DA:60,0
DA:61,0
DA:62,610
DA:66,2840
DA:67,2840
DA:68,2840
DA:69,2840
DA:70,0
DA:71,0
DA:72,0
DA:74,2840
DA:75,1400
DA:76,1400
DA:77,1400
DA:78,1400
DA:80,1440
DA:81,200
DA:82,200
DA:83,200
DA:84,200
DA:86,1240
DA:87,1100
DA:88,1100
DA:89,1100
DA:90,1100
DA:92,140
DA:93,140
DA:94,140
DA:95,140
DA:96,140
DA:97,140
DA:99,0
DA:100,0
DA:101,2840
DA:104,720
DA:105,720
DA:106,720
DA:108,720
DA:109,660
DA:110,660
DA:111,660
DA:112,660
DA:113,660
DA:114,660
DA:115,660
DA:117,60
DA:118,60
DA:119,60
DA:120,120
DA:121,60
DA:122,60
DA:123,60
DA:124,60
DA:125,60
DA:126,60
DA:127,60
DA:128,60
DA:130,0
DA:131,0
DA:132,720
DA:136,9850
DA:137,9850
DA:138,0
DA:140,9850
DA:143,970
DA:144,970
DA:145,0
DA:147,970
DA:150,9300
DA:151,9300
DA:152,0
DA:154,9300
DA:157,1300
DA:158,1300
DA:159,0
DA:161,1300
DA:162,1300
DA:163,1300
DA:165,190
DA:166,190
DA:167,340
DA:168,40
DA:169,0
DA:170,0
DA:172,0
DA:173,0
DA:174,0
DA:178,490
DA:179,490
DA:180,720
DA:181,20
DA:182,220
DA:183,20
DA:187,20
DA:188,20
DA:189,20
DA:190,20
DA:193,405
DA:194,405
DA:195,550
DA:196,20
DA:197,220
DA:198,20
DA:200,20
DA:201,20
DA:202,20
DA:203,20
DA:206,440
DA:207,440
DA:208,200
DA:209,0
DA:210,0
DA:212,220
DA:213,20
DA:216,465
DA:217,465
DA:218,690
DA:219,0
DA:220,0
DA:222,220
DA:223,20
DA:227,20
DA:228,20
DA:229,20
DA:230,20
DA:233,190
DA:234,190
DA:235,340
DA:236,40
DA:237,0
DA:238,0
DA:240,0
DA:241,0
DA:242,0
DA:246,190
DA:247,190
DA:248,340
DA:249,40
DA:250,0
DA:251,0
DA:253,0
DA:254,0
DA:255,0
DA:259,170
DA:260,170
DA:261,150
DA:262,20
DA:263,0
DA:264,0
DA:266,0
DA:267,0
DA:271,180
DA:272,180
DA:273,180
DA:274,180
DA:275,180
DA:277,180
DA:278,180
DA:279,180
DA:280,180
DA:281,180
DA:283,240
DA:284,240
DA:285,460
DA:286,20
DA:289,455
DA:290,455
DA:291,455
DA:292,630
DA:293,175
DA:294,125
DA:295,50
DA:297,20
DA:298,220
DA:299,40
DA:300,40
DA:301,30
DA:302,10
DA:303,40
DA:304,40
DA:307,455
DA:308,455
DA:309,455
DA:310,630
DA:311,175
DA:312,125
DA:313,50
DA:315,20
DA:316,220
DA:317,40
DA:318,40
DA:319,30
DA:320,10
DA:321,40
DA:322,40
DA:325,240
DA:326,240
DA:327,460
DA:328,20
DA:331,240
DA:332,240
DA:333,460
DA:334,20
DA:337,7040
DA:338,7040
DA:339,3300
DA:340,3300
DA:343,3740
DA:344,220
DA:345,220
DA:348,3520
DA:349,3040
DA:350,3040
DA:353,480
DA:354,480
DA:355,480
DA:357,480
DA:358,480
DA:359,480
DA:360,480
DA:361,480
DA:364,480
DA:365,7040
DA:367,0
end_of_record
TN:
SF:/usr/local/google/home/gleasonk/Coding/openxla/stablehlo/stablehlo/reference/Types.cpp
FN:23,_ZN4mlir9stablehlo30isSupportedUnsignedIntegerTypeENS_4TypeE
FNDA:30095,_ZN4mlir9stablehlo30isSupportedUnsignedIntegerTypeENS_4TypeE
FN:29,_ZN4mlir9stablehlo28isSupportedSignedIntegerTypeENS_4TypeE
FNDA:24820,_ZN4mlir9stablehlo28isSupportedSignedIntegerTypeENS_4TypeE
FN:39,_ZN4mlir9stablehlo22isSupportedBooleanTypeENS_4TypeE
FNDA:8975,_ZN4mlir9stablehlo22isSupportedBooleanTypeENS_4TypeE
FN:41,_ZN4mlir9stablehlo22isSupportedIntegerTypeENS_4TypeE
FNDA:29195,_ZN4mlir9stablehlo22isSupportedIntegerTypeENS_4TypeE
FN:46,_ZN4mlir9stablehlo20isSupportedFloatTypeENS_4TypeE
FNDA:15740,_ZN4mlir9stablehlo20isSupportedFloatTypeENS_4TypeE
FN:50,_ZN4mlir9stablehlo22isSupportedComplexTypeENS_4TypeE
FNDA:2240,_ZN4mlir9stablehlo22isSupportedComplexTypeENS_4TypeE
DA:23,30095
DA:24,58015
DA:25,27920
DA:26,25700
DA:29,24820
DA:34,44750
DA:35,19930
DA:36,13240
DA:39,8975
DA:41,29195
DA:42,29195
DA:43,22970
DA:46,15740
DA:47,15740
DA:50,2240
DA:51,2240
DA:52,2240
DA:54,2240
DA:55,2240
DA:56,2240
end_of_record
TN:
SF:/usr/local/google/home/gleasonk/Coding/openxla/stablehlo/stablehlo/reference/Index.cpp
FN:23,_ZN4mlir9stablehlo11verifyIndexEN4llvm8ArrayRefIlEES3_
FNDA:24795,_ZN4mlir9stablehlo11verifyIndexEN4llvm8ArrayRefIlEES3_
FN:33,_ZNK4mlir9stablehlo18IndexSpaceIteratordeEv
FNDA:23710,_ZNK4mlir9stablehlo18IndexSpaceIteratordeEv
FN:39,_ZN4mlir9stablehlo18IndexSpaceIteratorppEv
FNDA:14100,_ZN4mlir9stablehlo18IndexSpaceIteratorppEv
FN:61,_ZN4mlir9stablehlo18IndexSpaceIteratorppEi
FNDA:0,_ZN4mlir9stablehlo18IndexSpaceIteratorppEi
DA:23,24795
DA:24,24795
DA:25,24795
DA:27,55285
DA:28,30490
DA:30,24745
DA:31,24795
DA:33,23710
DA:34,23710
DA:35,0
DA:36,23710
DA:39,14100
DA:40,14100
DA:41,0
DA:43,14100
DA:45,29560
DA:46,15460
DA:47,15460
DA:48,3775
DA:49,3775
DA:50,2225
DA:51,2225
DA:53,1550
DA:54,11685
DA:56,1550
DA:58,14100
DA:61,0
DA:62,0
DA:63,0
DA:64,0
DA:65,0
end_of_record
SF:/usr/local/google/home/gleasonk/Coding/openxla/stablehlo/stablehlo/reference/Index.h
FN:41,_ZN4mlir9stablehlo18IndexSpaceIteratorC2ERKS1_
FNDA:0,_ZN4mlir9stablehlo18IndexSpaceIteratorC2ERKS1_
FN:41,_ZN4mlir9stablehlo18IndexSpaceIteratorD2Ev
FNDA:0,_ZN4mlir9stablehlo18IndexSpaceIteratorD2Ev
end_of_record
TN:
SF:/usr/local/google/home/gleasonk/Coding/openxla/stablehlo/stablehlo/reference/Scope.cpp
FN:24,_ZN4mlir9stablehlo5Scope3addENS_5ValueENS0_6TensorE
FNDA:3135,_ZN4mlir9stablehlo5Scope3addENS_5ValueENS0_6TensorE
FN:38,_ZN4mlir9stablehlo5Scope3addENS_10ValueRangeEN4llvm8ArrayRefINS0_6TensorEEE
FNDA:4185,_ZN4mlir9stablehlo5Scope3addENS_10ValueRangeEN4llvm8ArrayRefINS0_6TensorEEE
FN:44,_ZNK4mlir9stablehlo5Scope4findENS_5ValueE
FNDA:3270,_ZNK4mlir9stablehlo5Scope4findENS_5ValueE
FN:56,_ZNK4mlir9stablehlo5Scope4findENS_10ValueRangeE
FNDA:1275,_ZNK4mlir9stablehlo5Scope4findENS_10ValueRangeE
FN:58,_ZZNK4mlir9stablehlo5Scope4findENS_10ValueRangeEENK3$_0clENS_5ValueE
FNDA:1335,_ZZNK4mlir9stablehlo5Scope4findENS_10ValueRangeEENK3$_0clENS_5ValueE
DA:24,3135
DA:28,3135
DA:29,0
DA:31,3135
DA:32,0
DA:35,3135
DA:36,3135
DA:38,4185
DA:39,4185
DA:40,7320
DA:41,6270
DA:42,4185
DA:44,3270
DA:45,3270
DA:47,3270
DA:49,100
DA:50,0
DA:51,0
DA:53,100
DA:54,3270
DA:56,1275
DA:57,1275
DA:58,2610
end_of_record
SF:/usr/local/google/home/gleasonk/Coding/openxla/stablehlo/stablehlo/reference/Tensor.h
FN:36,_ZN4mlir9stablehlo6detail6BufferD2Ev
FNDA:0,_ZN4mlir9stablehlo6detail6BufferD2Ev
FN:49,_ZN4mlir9stablehlo6detail6Buffer7getTypeEv
FNDA:3135,_ZN4mlir9stablehlo6detail6Buffer7getTypeEv
FN:66,_ZN4mlir9stablehlo6TensorD2Ev
FNDA:4470,_ZN4mlir9stablehlo6TensorD2Ev
FN:73,_ZN4mlir9stablehlo6TensorC2ERKS1_
FNDA:7640,_ZN4mlir9stablehlo6TensorC2ERKS1_
FN:77,_ZN4mlir9stablehlo6TensoraSERKS1_
FNDA:0,_ZN4mlir9stablehlo6TensoraSERKS1_
FN:80,_ZNK4mlir9stablehlo6Tensor7getTypeEv
FNDA:3135,_ZNK4mlir9stablehlo6Tensor7getTypeEv
DA:49,3135
DA:73,7640
DA:77,0
DA:80,3135
end_of_record
TN:
SF:/usr/local/google/home/gleasonk/Coding/openxla/stablehlo/stablehlo/dialect/Version.cpp
FN:28,_ZN4mlir4vhlo12_GLOBAL__N_111parseNumberEN4llvm9StringRefE
FNDA:126225,_ZN4mlir4vhlo12_GLOBAL__N_111parseNumberEN4llvm9StringRefE
FN:39,_ZN4mlir4vhlo12_GLOBAL__N_121extractVersionNumbersEN4llvm9StringRefE
FNDA:42085,_ZN4mlir4vhlo12_GLOBAL__N_121extractVersionNumbersEN4llvm9StringRefE
FN:50,_ZN4mlir4vhlo12_GLOBAL__N_14dumpINS_10DiagnosticEEERT_S5_RKNS0_7VersionE
FNDA:20,_ZN4mlir4vhlo12_GLOBAL__N_14dumpINS_10DiagnosticEEERT_S5_RKNS0_7VersionE
FN:50,_ZN4mlir4vhlo12_GLOBAL__N_14dumpIN4llvm11raw_ostreamEEERT_S6_RKNS0_7VersionE
FNDA:0,_ZN4mlir4vhlo12_GLOBAL__N_14dumpIN4llvm11raw_ostreamEEERT_S6_RKNS0_7VersionE
FN:56,_ZN4mlir4vhlo7Version10fromStringEN4llvm9StringRefE
FNDA:42085,_ZN4mlir4vhlo7Version10fromStringEN4llvm9StringRefE
FN:63,_ZN4mlir4vhlolsERNS_10DiagnosticERKNS0_7VersionE
FNDA:20,_ZN4mlir4vhlolsERNS_10DiagnosticERKNS0_7VersionE
FN:66,_ZN4mlir4vhlolsERN4llvm11raw_ostreamERKNS0_7VersionE
FNDA:0,_ZN4mlir4vhlolsERN4llvm11raw_ostreamERKNS0_7VersionE
DA:28,126225
DA:29,126225
DA:30,126225
DA:31,0
DA:33,252450
DA:34,126225
DA:39,42085
DA:40,42085
DA:41,42085
DA:42,42085
DA:43,42085
DA:44,126225
DA:45,42075
DA:46,42075
DA:47,42085
DA:50,20
DA:51,40
DA:52,20
DA:56,42085
DA:57,42085
DA:58,42085
DA:59,42075
DA:60,42075
DA:61,42085
DA:63,20
DA:64,20
DA:66,0
DA:67,0
end_of_record
SF:/usr/local/google/home/gleasonk/Coding/openxla/stablehlo/stablehlo/dialect/Version.h
FN:46,_ZN4mlir4vhlo7VersionC2Elll
FNDA:42075,_ZN4mlir4vhlo7VersionC2Elll
FN:49,_ZNK4mlir4vhlo7Version8getMajorEv
FNDA:20,_ZNK4mlir4vhlo7Version8getMajorEv
FN:50,_ZNK4mlir4vhlo7Version8getMinorEv
FNDA:20,_ZNK4mlir4vhlo7Version8getMinorEv
FN:51,_ZNK4mlir4vhlo7Version8getPatchEv
FNDA:20,_ZNK4mlir4vhlo7Version8getPatchEv
DA:46,42075
DA:47,42075
DA:49,20
DA:50,20
DA:51,20
end_of_record
TN:
SF:/usr/local/google/home/gleasonk/Coding/openxla/stablehlo/stablehlo/dialect/VhloTypes.h
FN:32,_ZN4mlir4vhlo21VhloTypeConverterBaseC2Ev
FNDA:2580,_ZN4mlir4vhlo21VhloTypeConverterBaseC2Ev
FN:34,_ZN4mlir4vhlo21VhloTypeConverterBaseD2Ev
FNDA:2580,_ZN4mlir4vhlo21VhloTypeConverterBaseD2Ev
FN:34,_ZN4mlir4vhlo21VhloTypeConverterBaseD0Ev
FNDA:0,_ZN4mlir4vhlo21VhloTypeConverterBaseD0Ev
FN:41,_ZN4mlir4vhlo17VhloTypeConverterD0Ev
FNDA:0,_ZN4mlir4vhlo17VhloTypeConverterD0Ev
FN:43,_ZN4mlir4vhlo17VhloTypeConverterC2Ev
FNDA:2580,_ZN4mlir4vhlo17VhloTypeConverterC2Ev
DA:32,2580
DA:34,2580
DA:43,2580
end_of_record
SF:/usr/local/google/home/gleasonk/Coding/openxla/stablehlo/stablehlo/dialect/VhloOps.cpp
FN:45,_ZN4mlir4vhlo12_GLOBAL__N_110isFromVhloINS_4TypeEEEbT_
FNDA:7690,_ZN4mlir4vhlo12_GLOBAL__N_110isFromVhloINS_4TypeEEEbT_
FN:45,_ZN4mlir4vhlo12_GLOBAL__N_110isFromVhloINS_9AttributeEEEbT_
FNDA:715,_ZN4mlir4vhlo12_GLOBAL__N_110isFromVhloINS_9AttributeEEEbT_
FN:50,_ZN4mlir4vhlo12_GLOBAL__N_111allFromVhloINS_9AttributeEEEbN4llvm8ArrayRefIT_EE
FNDA:470,_ZN4mlir4vhlo12_GLOBAL__N_111allFromVhloINS_9AttributeEEEbN4llvm8ArrayRefIT_EE
FN:54,_ZN4mlir4vhlo12_GLOBAL__N_128convertTypeToBuiltinForPrintENS_4TypeE
FNDA:2035,_ZN4mlir4vhlo12_GLOBAL__N_128convertTypeToBuiltinForPrintENS_4TypeE
FN:55,_ZZN4mlir4vhlo12_GLOBAL__N_128convertTypeToBuiltinForPrintENS_4TypeEEN27VhloToBuiltinPrintConverterD0Ev
FNDA:0,_ZZN4mlir4vhlo12_GLOBAL__N_128convertTypeToBuiltinForPrintENS_4TypeEEN27VhloToBuiltinPrintConverterD0Ev
FN:56,_ZZN4mlir4vhlo12_GLOBAL__N_128convertTypeToBuiltinForPrintENS_4TypeEEN27VhloToBuiltinPrintConverterC2Ev
FNDA:2035,_ZZN4mlir4vhlo12_GLOBAL__N_128convertTypeToBuiltinForPrintENS_4TypeEEN27VhloToBuiltinPrintConverterC2Ev
FN:59,_ZZN4mlir4vhlo12_GLOBAL__N_128convertTypeToBuiltinForPrintENS_4TypeEEN27VhloToBuiltinPrintConverter15convertEncodingENS_9AttributeE
FNDA:0,_ZZN4mlir4vhlo12_GLOBAL__N_128convertTypeToBuiltinForPrintENS_4TypeEEN27VhloToBuiltinPrintConverter15convertEncodingENS_9AttributeE
FN:65,_ZN4mlir4vhlo12_GLOBAL__N_125convertTypeToVhloForParseENS_4TypeE
FNDA:545,_ZN4mlir4vhlo12_GLOBAL__N_125convertTypeToVhloForParseENS_4TypeE
FN:66,_ZZN4mlir4vhlo12_GLOBAL__N_125convertTypeToVhloForParseENS_4TypeEEN27BuiltinToVhloParseConverterD0Ev
FNDA:0,_ZZN4mlir4vhlo12_GLOBAL__N_125convertTypeToVhloForParseENS_4TypeEEN27BuiltinToVhloParseConverterD0Ev
FN:67,_ZZN4mlir4vhlo12_GLOBAL__N_125convertTypeToVhloForParseENS_4TypeEEN27BuiltinToVhloParseConverterC2Ev
FNDA:545,_ZZN4mlir4vhlo12_GLOBAL__N_125convertTypeToVhloForParseENS_4TypeEEN27BuiltinToVhloParseConverterC2Ev
FN:70,_ZZN4mlir4vhlo12_GLOBAL__N_125convertTypeToVhloForParseENS_4TypeEEN27BuiltinToVhloParseConverter15convertEncodingENS_9AttributeE
FNDA:0,_ZZN4mlir4vhlo12_GLOBAL__N_125convertTypeToVhloForParseENS_4TypeEEN27BuiltinToVhloParseConverter15convertEncodingENS_9AttributeE
FN:78,_ZN4mlir4vhloL19printAttributeArrayERNS_10AsmPrinterEN4llvm8ArrayRefINS_9AttributeEEE
FNDA:375,_ZN4mlir4vhloL19printAttributeArrayERNS_10AsmPrinterEN4llvm8ArrayRefINS_9AttributeEEE
FN:83,_ZN4mlir4vhlo19parseAttributeArrayERNS_9AsmParserERN4llvm11SmallVectorINS_9AttributeELj6EEE
FNDA:90,_ZN4mlir4vhlo19parseAttributeArrayERNS_9AsmParserERN4llvm11SmallVectorINS_9AttributeELj6EEE
FN:93,_ZNK4mlir4vhlo13IntegerV1Attr5printERNS_10AsmPrinterE
FNDA:895,_ZNK4mlir4vhlo13IntegerV1Attr5printERNS_10AsmPrinterE
FN:99,_ZN4mlir4vhlo13IntegerV1Attr5parseERNS_9AsmParserENS_4TypeE
FNDA:270,_ZN4mlir4vhlo13IntegerV1Attr5parseERNS_9AsmParserENS_4TypeE
FN:110,_ZN4mlir4vhloL24printAttributeDictionaryERNS_10AsmPrinterEN4llvm8ArrayRefISt4pairINS_9AttributeES6_EEE
FNDA:45,_ZN4mlir4vhloL24printAttributeDictionaryERNS_10AsmPrinterEN4llvm8ArrayRefISt4pairINS_9AttributeES6_EEE
FN:120,_ZN4mlir4vhlo24parseAttributeDictionaryERNS_9AsmParserERN4llvm11SmallVectorISt4pairINS_9AttributeES6_ELj3EEE
FNDA:15,_ZN4mlir4vhlo24parseAttributeDictionaryERNS_9AsmParserERN4llvm11SmallVectorISt4pairINS_9AttributeES6_ELj3EEE
FN:122,_ZZN4mlir4vhlo24parseAttributeDictionaryERNS_9AsmParserERN4llvm11SmallVectorISt4pairINS_9AttributeES6_ELj3EEEENK3$_0clEv
FNDA:15,_ZZN4mlir4vhlo24parseAttributeDictionaryERNS_9AsmParserERN4llvm11SmallVectorISt4pairINS_9AttributeES6_ELj3EEEENK3$_0clEv
FN:140,_ZN4mlir4vhlo17printFunctionBodyERNS_12OpAsmPrinterEPNS_9OperationENS_9AttributeERNS_6RegionES5_
FNDA:3590,_ZN4mlir4vhlo17printFunctionBodyERNS_12OpAsmPrinterEPNS_9OperationENS_9AttributeERNS_6RegionES5_
FN:145,_ZZN4mlir4vhlo17printFunctionBodyERNS_12OpAsmPrinterEPNS_9OperationENS_9AttributeERNS_6RegionES5_ENK3$_1clINS_13BlockArgumentEEEDaT_
FNDA:5770,_ZZN4mlir4vhlo17printFunctionBodyERNS_12OpAsmPrinterEPNS_9OperationENS_9AttributeERNS_6RegionES5_ENK3$_1clINS_13BlockArgumentEEEDaT_
FN:149,_ZZN4mlir4vhlo17printFunctionBodyERNS_12OpAsmPrinterEPNS_9OperationENS_9AttributeERNS_6RegionES5_ENK3$_2clINS_4TypeEEEDaT_
FNDA:3750,_ZZN4mlir4vhlo17printFunctionBodyERNS_12OpAsmPrinterEPNS_9OperationENS_9AttributeERNS_6RegionES5_ENK3$_2clINS_4TypeEEEDaT_
FN:155,_ZN4mlir4vhlo17parseFunctionBodyERNS_11OpAsmParserERNS_9AttributeERNS_6RegionES4_
FNDA:965,_ZN4mlir4vhlo17parseFunctionBodyERNS_11OpAsmParserERNS_9AttributeERNS_6RegionES4_
FN:179,_ZNK4mlir4vhlo26DenseIntOrFPElementsV1Attr5printERNS_10AsmPrinterE
FNDA:1140,_ZNK4mlir4vhlo26DenseIntOrFPElementsV1Attr5printERNS_10AsmPrinterE
FN:187,_ZN4mlir4vhlo26DenseIntOrFPElementsV1Attr5parseERNS_9AsmParserENS_4TypeE
FNDA:275,_ZN4mlir4vhlo26DenseIntOrFPElementsV1Attr5parseERNS_9AsmParserENS_4TypeE
FN:217,_ZN4mlir4vhlo11VhloDialectC2EPNS_11MLIRContextE
FNDA:160,_ZN4mlir4vhlo11VhloDialectC2EPNS_11MLIRContextE
FN:231,_ZN4mlir4vhlo11VhloDialect12addVhloTypesEv
FNDA:160,_ZN4mlir4vhlo11VhloDialect12addVhloTypesEv
FN:253,_ZNK4mlir4vhlo11VhloDialect9parseTypeERNS_16DialectAsmParserE
FNDA:12670,_ZNK4mlir4vhlo11VhloDialect9parseTypeERNS_16DialectAsmParserE
FN:262,_ZNK4mlir4vhlo11VhloDialect9printTypeENS_4TypeERNS_17DialectAsmPrinterE
FNDA:41450,_ZNK4mlir4vhlo11VhloDialect9printTypeENS_4TypeERNS_17DialectAsmPrinterE
FN:269,_ZNK4mlir4vhlo11VhloDialect14parseAttributeERNS_16DialectAsmParserENS_4TypeE
FNDA:1240,_ZNK4mlir4vhlo11VhloDialect14parseAttributeERNS_16DialectAsmParserENS_4TypeE
FN:281,_ZNK4mlir4vhlo11VhloDialect14printAttributeENS_9AttributeERNS_17DialectAsmPrinterE
FNDA:7820,_ZNK4mlir4vhlo11VhloDialect14printAttributeENS_9AttributeERNS_17DialectAsmPrinterE
DA:45,8405
DA:46,8405
DA:50,470
DA:51,470
DA:54,2035
DA:56,2035
DA:57,2035
DA:58,2035
DA:59,0
DA:61,2035
DA:62,2035
DA:63,2035
DA:65,545
DA:67,545
DA:68,545
DA:69,545
DA:70,0
DA:72,545
DA:73,545
DA:74,545
DA:78,375
DA:79,375
DA:80,375
DA:83,90
DA:84,90
DA:85,90
DA:86,90
DA:87,0
DA:89,90
DA:90,90
DA:91,90
DA:93,895
DA:94,1790
DA:95,895
DA:96,895
DA:97,895
DA:99,270
DA:100,270
DA:101,270
DA:102,270
DA:103,0
DA:105,540
DA:106,270
DA:107,270
DA:108,270
DA:110,45
DA:111,45
DA:112,45
DA:113,90
DA:114,45
DA:115,45
DA:116,45
DA:117,45
DA:120,15
DA:121,15
DA:122,30
DA:123,15
DA:124,15
DA:125,15
DA:126,15
DA:127,0
DA:129,15
DA:130,15
DA:131,15
DA:132,30
DA:133,15
DA:134,0
DA:136,15
DA:137,15
DA:140,3590
DA:141,3590
DA:142,3590
DA:143,3590
DA:144,7180
DA:145,9360
DA:146,3590
DA:147,3590
DA:148,7180
DA:149,7340
DA:150,3590
DA:151,3590
DA:152,3590
DA:155,965
DA:156,965
DA:157,965
DA:158,965
DA:159,965
DA:160,965
DA:161,1930
DA:162,965
DA:163,1930
DA:164,965
DA:165,965
DA:166,0
DA:168,965
DA:169,2490
DA:170,1525
DA:171,1525
DA:172,1930
DA:173,965
DA:174,965
DA:176,965
DA:177,965
DA:179,1140
DA:180,2280
DA:181,2280
DA:182,1140
DA:183,1140
DA:184,1140
DA:187,275
DA:188,275
DA:189,275
DA:190,275
DA:191,0
DA:193,550
DA:194,275
DA:195,275
DA:196,275
DA:217,160
DA:218,160
DA:219,160
DA:223,160
DA:224,160
DA:225,160
DA:229,160
DA:231,160
DA:246,160
DA:250,160
DA:251,160
DA:253,12670
DA:254,12670
DA:255,12670
DA:256,12670
DA:257,12670
DA:258,0
DA:259,0
DA:260,12670
DA:262,41450
DA:263,41450
DA:264,0
DA:265,41450
DA:269,1240
DA:270,1240
DA:271,1240
DA:272,1240
DA:273,1240
DA:274,1240
DA:275,0
DA:276,0
DA:277,1240
DA:281,7820
DA:282,7820
DA:284,7820
DA:285,7820
end_of_record
SF:/usr/local/google/home/gleasonk/Coding/openxla/stablehlo/stablehlo/dialect/Version.h
FN:40,_ZN4mlir4vhlo7Version17getCurrentVersionEv
FNDA:41295,_ZN4mlir4vhlo7Version17getCurrentVersionEv
FN:46,_ZN4mlir4vhlo7VersionC2Elll
FNDA:41295,_ZN4mlir4vhlo7VersionC2Elll
DA:40,41295
DA:46,41295
DA:47,41295
end_of_record
SF:/usr/local/google/home/gleasonk/Coding/openxla/stablehlo/stablehlo/dialect/VhloOps.h
FN:32,_ZN4mlir4vhlo11VhloDialectD0Ev
FNDA:160,_ZN4mlir4vhlo11VhloDialectD0Ev
FN:35,_ZN4mlir4vhlo11VhloDialect19getDialectNamespaceEv
FNDA:8565,_ZN4mlir4vhlo11VhloDialect19getDialectNamespaceEv
FN:57,_ZN4mlir4vhlo11VhloDialect26addTypesWithoutRegisteringIJNS0_14BFloat16V1TypeENS0_13ComplexV1TypeENS0_13Float16V1TypeENS0_13Float32V1TypeENS0_13Float64V1TypeENS0_18Float8E4M3FNV1TypeENS0_16Float8E5M2V1TypeENS0_14FunctionV1TypeENS0_11IndexV1TypeENS0_16IntegerI16V1TypeENS0_15IntegerI1V1TypeENS0_16IntegerI32V1TypeENS0_15IntegerI4V1TypeENS0_16IntegerI64V1TypeENS0_15IntegerI8V1TypeENS0_17IntegerUI16V1TypeENS0_17IntegerUI32V1TypeENS0_16IntegerUI4V1TypeENS0_17IntegerUI64V1TypeENS0_16IntegerUI8V1TypeENS0_18RankedTensorV1TypeENS0_11TokenV1TypeENS0_11TupleV1TypeENS0_22UniformQuantizedV1TypeENS0_20UnrankedTensorV1TypeENS0_13WitnessV1TypeEEEEvv
FNDA:160,_ZN4mlir4vhlo11VhloDialect26addTypesWithoutRegisteringIJNS0_14BFloat16V1TypeENS0_13ComplexV1TypeENS0_13Float16V1TypeENS0_13Float32V1TypeENS0_13Float64V1TypeENS0_18Float8E4M3FNV1TypeENS0_16Float8E5M2V1TypeENS0_14FunctionV1TypeENS0_11IndexV1TypeENS0_16IntegerI16V1TypeENS0_15IntegerI1V1TypeENS0_16IntegerI32V1TypeENS0_15IntegerI4V1TypeENS0_16IntegerI64V1TypeENS0_15IntegerI8V1TypeENS0_17IntegerUI16V1TypeENS0_17IntegerUI32V1TypeENS0_16IntegerUI4V1TypeENS0_17IntegerUI64V1TypeENS0_16IntegerUI8V1TypeENS0_18RankedTensorV1TypeENS0_11TokenV1TypeENS0_11TupleV1TypeENS0_22UniformQuantizedV1TypeENS0_20UnrankedTensorV1TypeENS0_13WitnessV1TypeEEEEvv
DA:35,8565
DA:57,160
DA:58,160
DA:59,160
end_of_record
TN:
SF:/usr/local/google/home/gleasonk/Coding/openxla/stablehlo/stablehlo/dialect/VhloBytecode.cpp
FN:382,_ZN4mlir4vhlo12_GLOBAL__N_121VhloBytecodeInterfaceD0Ev
FNDA:160,_ZN4mlir4vhlo12_GLOBAL__N_121VhloBytecodeInterfaceD0Ev
FN:384,_ZN4mlir4vhlo12_GLOBAL__N_121VhloBytecodeInterfaceC2EPNS_7DialectE
FNDA:160,_ZN4mlir4vhlo12_GLOBAL__N_121VhloBytecodeInterfaceC2EPNS_7DialectE
FN:520,_ZNK4mlir4vhlo12_GLOBAL__N_121VhloBytecodeInterface13readAttributeERNS_21DialectBytecodeReaderE
FNDA:1740,_ZNK4mlir4vhlo12_GLOBAL__N_121VhloBytecodeInterface13readAttributeERNS_21DialectBytecodeReaderE
FN:585,_ZNK4mlir4vhlo12_GLOBAL__N_121VhloBytecodeInterface14writeAttributeENS_9AttributeERNS_21DialectBytecodeWriterE
FNDA:6960,_ZNK4mlir4vhlo12_GLOBAL__N_121VhloBytecodeInterface14writeAttributeENS_9AttributeERNS_21DialectBytecodeWriterE
FN:595,_ZZNK4mlir4vhlo12_GLOBAL__N_121VhloBytecodeInterface14writeAttributeENS_9AttributeERNS_21DialectBytecodeWriterEENK3$_0clINS0_20ArgResultAliasV1AttrEEEDaT_
FNDA:0,_ZZNK4mlir4vhlo12_GLOBAL__N_121VhloBytecodeInterface14writeAttributeENS_9AttributeERNS_21DialectBytecodeWriterEENK3$_0clINS0_20ArgResultAliasV1AttrEEEDaT_
FN:595,_ZZNK4mlir4vhlo12_GLOBAL__N_121VhloBytecodeInterface14writeAttributeENS_9AttributeERNS_21DialectBytecodeWriterEENK3$_0clINS0_19ChannelHandleV1AttrEEEDaT_
FNDA:40,_ZZNK4mlir4vhlo12_GLOBAL__N_121VhloBytecodeInterface14writeAttributeENS_9AttributeERNS_21DialectBytecodeWriterEENK3$_0clINS0_19ChannelHandleV1AttrEEEDaT_
FN:595,_ZZNK4mlir4vhlo12_GLOBAL__N_121VhloBytecodeInterface14writeAttributeENS_9AttributeERNS_21DialectBytecodeWriterEENK3$_0clINS0_25ComparisonDirectionV1AttrEEEDaT_
FNDA:120,_ZZNK4mlir4vhlo12_GLOBAL__N_121VhloBytecodeInterface14writeAttributeENS_9AttributeERNS_21DialectBytecodeWriterEENK3$_0clINS0_25ComparisonDirectionV1AttrEEEDaT_
FN:595,_ZZNK4mlir4vhlo12_GLOBAL__N_121VhloBytecodeInterface14writeAttributeENS_9AttributeERNS_21DialectBytecodeWriterEENK3$_0clINS0_20ComparisonTypeV1AttrEEEDaT_
FNDA:100,_ZZNK4mlir4vhlo12_GLOBAL__N_121VhloBytecodeInterface14writeAttributeENS_9AttributeERNS_21DialectBytecodeWriterEENK3$_0clINS0_20ComparisonTypeV1AttrEEEDaT_
FN:595,_ZZNK4mlir4vhlo12_GLOBAL__N_121VhloBytecodeInterface14writeAttributeENS_9AttributeERNS_21DialectBytecodeWriterEENK3$_0clINS0_26ConvDimensionNumbersV1AttrEEEDaT_
FNDA:20,_ZZNK4mlir4vhlo12_GLOBAL__N_121VhloBytecodeInterface14writeAttributeENS_9AttributeERNS_21DialectBytecodeWriterEENK3$_0clINS0_26ConvDimensionNumbersV1AttrEEEDaT_
FN:595,_ZZNK4mlir4vhlo12_GLOBAL__N_121VhloBytecodeInterface14writeAttributeENS_9AttributeERNS_21DialectBytecodeWriterEENK3$_0clINS0_26CustomCallApiVersionV1AttrEEEDaT_
FNDA:80,_ZZNK4mlir4vhlo12_GLOBAL__N_121VhloBytecodeInterface14writeAttributeENS_9AttributeERNS_21DialectBytecodeWriterEENK3$_0clINS0_26CustomCallApiVersionV1AttrEEEDaT_
FN:595,_ZZNK4mlir4vhlo12_GLOBAL__N_121VhloBytecodeInterface14writeAttributeENS_9AttributeERNS_21DialectBytecodeWriterEENK3$_0clINS0_25DotDimensionNumbersV1AttrEEEDaT_
FNDA:20,_ZZNK4mlir4vhlo12_GLOBAL__N_121VhloBytecodeInterface14writeAttributeENS_9AttributeERNS_21DialectBytecodeWriterEENK3$_0clINS0_25DotDimensionNumbersV1AttrEEEDaT_
FN:595,_ZZNK4mlir4vhlo12_GLOBAL__N_121VhloBytecodeInterface14writeAttributeENS_9AttributeERNS_21DialectBytecodeWriterEENK3$_0clINS0_13FftTypeV1AttrEEEDaT_
FNDA:80,_ZZNK4mlir4vhlo12_GLOBAL__N_121VhloBytecodeInterface14writeAttributeENS_9AttributeERNS_21DialectBytecodeWriterEENK3$_0clINS0_13FftTypeV1AttrEEEDaT_
FN:595,_ZZNK4mlir4vhlo12_GLOBAL__N_121VhloBytecodeInterface14writeAttributeENS_9AttributeERNS_21DialectBytecodeWriterEENK3$_0clINS0_28GatherDimensionNumbersV1AttrEEEDaT_
FNDA:20,_ZZNK4mlir4vhlo12_GLOBAL__N_121VhloBytecodeInterface14writeAttributeENS_9AttributeERNS_21DialectBytecodeWriterEENK3$_0clINS0_28GatherDimensionNumbersV1AttrEEEDaT_
FN:595,_ZZNK4mlir4vhlo12_GLOBAL__N_121VhloBytecodeInterface14writeAttributeENS_9AttributeERNS_21DialectBytecodeWriterEENK3$_0clINS0_24OutputOperandAliasV1AttrEEEDaT_
FNDA:20,_ZZNK4mlir4vhlo12_GLOBAL__N_121VhloBytecodeInterface14writeAttributeENS_9AttributeERNS_21DialectBytecodeWriterEENK3$_0clINS0_24OutputOperandAliasV1AttrEEEDaT_
FN:595,_ZZNK4mlir4vhlo12_GLOBAL__N_121VhloBytecodeInterface14writeAttributeENS_9AttributeERNS_21DialectBytecodeWriterEENK3$_0clINS0_15PrecisionV1AttrEEEDaT_
FNDA:60,_ZZNK4mlir4vhlo12_GLOBAL__N_121VhloBytecodeInterface14writeAttributeENS_9AttributeERNS_21DialectBytecodeWriterEENK3$_0clINS0_15PrecisionV1AttrEEEDaT_
FN:595,_ZZNK4mlir4vhlo12_GLOBAL__N_121VhloBytecodeInterface14writeAttributeENS_9AttributeERNS_21DialectBytecodeWriterEENK3$_0clINS0_18RngAlgorithmV1AttrEEEDaT_
FNDA:60,_ZZNK4mlir4vhlo12_GLOBAL__N_121VhloBytecodeInterface14writeAttributeENS_9AttributeERNS_21DialectBytecodeWriterEENK3$_0clINS0_18RngAlgorithmV1AttrEEEDaT_
FN:595,_ZZNK4mlir4vhlo12_GLOBAL__N_121VhloBytecodeInterface14writeAttributeENS_9AttributeERNS_21DialectBytecodeWriterEENK3$_0clINS0_21RngDistributionV1AttrEEEDaT_
FNDA:40,_ZZNK4mlir4vhlo12_GLOBAL__N_121VhloBytecodeInterface14writeAttributeENS_9AttributeERNS_21DialectBytecodeWriterEENK3$_0clINS0_21RngDistributionV1AttrEEEDaT_
FN:595,_ZZNK4mlir4vhlo12_GLOBAL__N_121VhloBytecodeInterface14writeAttributeENS_9AttributeERNS_21DialectBytecodeWriterEENK3$_0clINS0_29ScatterDimensionNumbersV1AttrEEEDaT_
FNDA:20,_ZZNK4mlir4vhlo12_GLOBAL__N_121VhloBytecodeInterface14writeAttributeENS_9AttributeERNS_21DialectBytecodeWriterEENK3$_0clINS0_29ScatterDimensionNumbersV1AttrEEEDaT_
FN:595,_ZZNK4mlir4vhlo12_GLOBAL__N_121VhloBytecodeInterface14writeAttributeENS_9AttributeERNS_21DialectBytecodeWriterEENK3$_0clINS0_15TransposeV1AttrEEEDaT_
FNDA:60,_ZZNK4mlir4vhlo12_GLOBAL__N_121VhloBytecodeInterface14writeAttributeENS_9AttributeERNS_21DialectBytecodeWriterEENK3$_0clINS0_15TransposeV1AttrEEEDaT_
FN:595,_ZZNK4mlir4vhlo12_GLOBAL__N_121VhloBytecodeInterface14writeAttributeENS_9AttributeERNS_21DialectBytecodeWriterEENK3$_0clINS0_20TypeExtensionsV1AttrEEEDaT_
FNDA:20,_ZZNK4mlir4vhlo12_GLOBAL__N_121VhloBytecodeInterface14writeAttributeENS_9AttributeERNS_21DialectBytecodeWriterEENK3$_0clINS0_20TypeExtensionsV1AttrEEEDaT_
FN:602,_ZZNK4mlir4vhlo12_GLOBAL__N_121VhloBytecodeInterface14writeAttributeENS_9AttributeERNS_21DialectBytecodeWriterEENK3$_1clINS0_11ArrayV1AttrEEEDaT_
FNDA:180,_ZZNK4mlir4vhlo12_GLOBAL__N_121VhloBytecodeInterface14writeAttributeENS_9AttributeERNS_21DialectBytecodeWriterEENK3$_1clINS0_11ArrayV1AttrEEEDaT_
FN:602,_ZZNK4mlir4vhlo12_GLOBAL__N_121VhloBytecodeInterface14writeAttributeENS_9AttributeERNS_21DialectBytecodeWriterEENK3$_1clINS0_26DenseIntOrFPElementsV1AttrEEEDaT_
FNDA:400,_ZZNK4mlir4vhlo12_GLOBAL__N_121VhloBytecodeInterface14writeAttributeENS_9AttributeERNS_21DialectBytecodeWriterEENK3$_1clINS0_26DenseIntOrFPElementsV1AttrEEEDaT_
FN:602,_ZZNK4mlir4vhlo12_GLOBAL__N_121VhloBytecodeInterface14writeAttributeENS_9AttributeERNS_21DialectBytecodeWriterEENK3$_1clINS0_16DictionaryV1AttrEEEDaT_
FNDA:20,_ZZNK4mlir4vhlo12_GLOBAL__N_121VhloBytecodeInterface14writeAttributeENS_9AttributeERNS_21DialectBytecodeWriterEENK3$_1clINS0_16DictionaryV1AttrEEEDaT_
FN:602,_ZZNK4mlir4vhlo12_GLOBAL__N_121VhloBytecodeInterface14writeAttributeENS_9AttributeERNS_21DialectBytecodeWriterEENK3$_1clINS0_19FlatSymbolRefV1AttrEEEDaT_
FNDA:40,_ZZNK4mlir4vhlo12_GLOBAL__N_121VhloBytecodeInterface14writeAttributeENS_9AttributeERNS_21DialectBytecodeWriterEENK3$_1clINS0_19FlatSymbolRefV1AttrEEEDaT_
FN:602,_ZZNK4mlir4vhlo12_GLOBAL__N_121VhloBytecodeInterface14writeAttributeENS_9AttributeERNS_21DialectBytecodeWriterEENK3$_1clINS0_11FloatV1AttrEEEDaT_
FNDA:20,_ZZNK4mlir4vhlo12_GLOBAL__N_121VhloBytecodeInterface14writeAttributeENS_9AttributeERNS_21DialectBytecodeWriterEENK3$_1clINS0_11FloatV1AttrEEEDaT_
FN:602,_ZZNK4mlir4vhlo12_GLOBAL__N_121VhloBytecodeInterface14writeAttributeENS_9AttributeERNS_21DialectBytecodeWriterEENK3$_1clINS0_13IntegerV1AttrEEEDaT_
FNDA:160,_ZZNK4mlir4vhlo12_GLOBAL__N_121VhloBytecodeInterface14writeAttributeENS_9AttributeERNS_21DialectBytecodeWriterEENK3$_1clINS0_13IntegerV1AttrEEEDaT_
FN:602,_ZZNK4mlir4vhlo12_GLOBAL__N_121VhloBytecodeInterface14writeAttributeENS_9AttributeERNS_21DialectBytecodeWriterEENK3$_1clINS0_12StringV1AttrEEEDaT_
FNDA:3560,_ZZNK4mlir4vhlo12_GLOBAL__N_121VhloBytecodeInterface14writeAttributeENS_9AttributeERNS_21DialectBytecodeWriterEENK3$_1clINS0_12StringV1AttrEEEDaT_
FN:602,_ZZNK4mlir4vhlo12_GLOBAL__N_121VhloBytecodeInterface14writeAttributeENS_9AttributeERNS_21DialectBytecodeWriterEENK3$_1clINS0_10TypeV1AttrEEEDaT_
FNDA:1800,_ZZNK4mlir4vhlo12_GLOBAL__N_121VhloBytecodeInterface14writeAttributeENS_9AttributeERNS_21DialectBytecodeWriterEENK3$_1clINS0_10TypeV1AttrEEEDaT_
FN:607,_ZZNK4mlir4vhlo12_GLOBAL__N_121VhloBytecodeInterface14writeAttributeENS_9AttributeERNS_21DialectBytecodeWriterEENK3$_2clENS0_10UnitV1AttrE
FNDA:20,_ZZNK4mlir4vhlo12_GLOBAL__N_121VhloBytecodeInterface14writeAttributeENS_9AttributeERNS_21DialectBytecodeWriterEENK3$_2clENS0_10UnitV1AttrE
FN:611,_ZZNK4mlir4vhlo12_GLOBAL__N_121VhloBytecodeInterface14writeAttributeENS_9AttributeERNS_21DialectBytecodeWriterEENK3$_3clES3_
FNDA:0,_ZZNK4mlir4vhlo12_GLOBAL__N_121VhloBytecodeInterface14writeAttributeENS_9AttributeERNS_21DialectBytecodeWriterEENK3$_3clES3_
FN:620,_ZNK4mlir4vhlo12_GLOBAL__N_121VhloBytecodeInterface24readArgResultAliasV1AttrERNS_21DialectBytecodeReaderE
FNDA:0,_ZNK4mlir4vhlo12_GLOBAL__N_121VhloBytecodeInterface24readArgResultAliasV1AttrERNS_21DialectBytecodeReaderE
FN:639,_ZNK4mlir4vhlo12_GLOBAL__N_121VhloBytecodeInterface5writeENS0_20ArgResultAliasV1AttrERNS_21DialectBytecodeWriterE
FNDA:0,_ZNK4mlir4vhlo12_GLOBAL__N_121VhloBytecodeInterface5writeENS0_20ArgResultAliasV1AttrERNS_21DialectBytecodeWriterE
FN:651,_ZNK4mlir4vhlo12_GLOBAL__N_121VhloBytecodeInterface23readChannelHandleV1AttrERNS_21DialectBytecodeReaderE
FNDA:10,_ZNK4mlir4vhlo12_GLOBAL__N_121VhloBytecodeInterface23readChannelHandleV1AttrERNS_21DialectBytecodeReaderE
FN:661,_ZNK4mlir4vhlo12_GLOBAL__N_121VhloBytecodeInterface5writeENS0_19ChannelHandleV1AttrERNS_21DialectBytecodeWriterE
FNDA:40,_ZNK4mlir4vhlo12_GLOBAL__N_121VhloBytecodeInterface5writeENS0_19ChannelHandleV1AttrERNS_21DialectBytecodeWriterE
FN:671,_ZNK4mlir4vhlo12_GLOBAL__N_121VhloBytecodeInterface29readComparisonDirectionV1AttrERNS_21DialectBytecodeReaderE
FNDA:30,_ZNK4mlir4vhlo12_GLOBAL__N_121VhloBytecodeInterface29readComparisonDirectionV1AttrERNS_21DialectBytecodeReaderE
FN:676,_ZZNK4mlir4vhlo12_GLOBAL__N_121VhloBytecodeInterface29readComparisonDirectionV1AttrERNS_21DialectBytecodeReaderEENK3$_4clEj
FNDA:30,_ZZNK4mlir4vhlo12_GLOBAL__N_121VhloBytecodeInterface29readComparisonDirectionV1AttrERNS_21DialectBytecodeReaderEENK3$_4clEj
FN:679,_ZNK4mlir4vhlo12_GLOBAL__N_121VhloBytecodeInterface5writeENS0_25ComparisonDirectionV1AttrERNS_21DialectBytecodeWriterE
FNDA:120,_ZNK4mlir4vhlo12_GLOBAL__N_121VhloBytecodeInterface5writeENS0_25ComparisonDirectionV1AttrERNS_21DialectBytecodeWriterE
FN:688,_ZNK4mlir4vhlo12_GLOBAL__N_121VhloBytecodeInterface24readComparisonTypeV1AttrERNS_21DialectBytecodeReaderE
FNDA:25,_ZNK4mlir4vhlo12_GLOBAL__N_121VhloBytecodeInterface24readComparisonTypeV1AttrERNS_21DialectBytecodeReaderE
FN:693,_ZZNK4mlir4vhlo12_GLOBAL__N_121VhloBytecodeInterface24readComparisonTypeV1AttrERNS_21DialectBytecodeReaderEENK3$_5clEj
FNDA:25,_ZZNK4mlir4vhlo12_GLOBAL__N_121VhloBytecodeInterface24readComparisonTypeV1AttrERNS_21DialectBytecodeReaderEENK3$_5clEj
FN:696,_ZNK4mlir4vhlo12_GLOBAL__N_121VhloBytecodeInterface5writeENS0_20ComparisonTypeV1AttrERNS_21DialectBytecodeWriterE
FNDA:100,_ZNK4mlir4vhlo12_GLOBAL__N_121VhloBytecodeInterface5writeENS0_20ComparisonTypeV1AttrERNS_21DialectBytecodeWriterE
FN:706,_ZNK4mlir4vhlo12_GLOBAL__N_121VhloBytecodeInterface30readConvDimensionNumbersV1AttrERNS_21DialectBytecodeReaderE
FNDA:5,_ZNK4mlir4vhlo12_GLOBAL__N_121VhloBytecodeInterface30readConvDimensionNumbersV1AttrERNS_21DialectBytecodeReaderE
FN:736,_ZNK4mlir4vhlo12_GLOBAL__N_121VhloBytecodeInterface5writeENS0_26ConvDimensionNumbersV1AttrERNS_21DialectBytecodeWriterE
FNDA:20,_ZNK4mlir4vhlo12_GLOBAL__N_121VhloBytecodeInterface5writeENS0_26ConvDimensionNumbersV1AttrERNS_21DialectBytecodeWriterE
FN:754,_ZNK4mlir4vhlo12_GLOBAL__N_121VhloBytecodeInterface30readCustomCallApiVersionV1AttrERNS_21DialectBytecodeReaderE
FNDA:20,_ZNK4mlir4vhlo12_GLOBAL__N_121VhloBytecodeInterface30readCustomCallApiVersionV1AttrERNS_21DialectBytecodeReaderE
FN:759,_ZZNK4mlir4vhlo12_GLOBAL__N_121VhloBytecodeInterface30readCustomCallApiVersionV1AttrERNS_21DialectBytecodeReaderEENK3$_6clEj
FNDA:20,_ZZNK4mlir4vhlo12_GLOBAL__N_121VhloBytecodeInterface30readCustomCallApiVersionV1AttrERNS_21DialectBytecodeReaderEENK3$_6clEj
FN:762,_ZNK4mlir4vhlo12_GLOBAL__N_121VhloBytecodeInterface5writeENS0_26CustomCallApiVersionV1AttrERNS_21DialectBytecodeWriterE
FNDA:80,_ZNK4mlir4vhlo12_GLOBAL__N_121VhloBytecodeInterface5writeENS0_26CustomCallApiVersionV1AttrERNS_21DialectBytecodeWriterE
FN:771,_ZNK4mlir4vhlo12_GLOBAL__N_121VhloBytecodeInterface29readDotDimensionNumbersV1AttrERNS_21DialectBytecodeReaderE
FNDA:5,_ZNK4mlir4vhlo12_GLOBAL__N_121VhloBytecodeInterface29readDotDimensionNumbersV1AttrERNS_21DialectBytecodeReaderE
FN:788,_ZNK4mlir4vhlo12_GLOBAL__N_121VhloBytecodeInterface5writeENS0_25DotDimensionNumbersV1AttrERNS_21DialectBytecodeWriterE
FNDA:20,_ZNK4mlir4vhlo12_GLOBAL__N_121VhloBytecodeInterface5writeENS0_25DotDimensionNumbersV1AttrERNS_21DialectBytecodeWriterE
FN:800,_ZNK4mlir4vhlo12_GLOBAL__N_121VhloBytecodeInterface17readFftTypeV1AttrERNS_21DialectBytecodeReaderE
FNDA:20,_ZNK4mlir4vhlo12_GLOBAL__N_121VhloBytecodeInterface17readFftTypeV1AttrERNS_21DialectBytecodeReaderE
FN:805,_ZZNK4mlir4vhlo12_GLOBAL__N_121VhloBytecodeInterface17readFftTypeV1AttrERNS_21DialectBytecodeReaderEENK3$_7clEj
FNDA:20,_ZZNK4mlir4vhlo12_GLOBAL__N_121VhloBytecodeInterface17readFftTypeV1AttrERNS_21DialectBytecodeReaderEENK3$_7clEj
FN:807,_ZNK4mlir4vhlo12_GLOBAL__N_121VhloBytecodeInterface5writeENS0_13FftTypeV1AttrERNS_21DialectBytecodeWriterE
FNDA:80,_ZNK4mlir4vhlo12_GLOBAL__N_121VhloBytecodeInterface5writeENS0_13FftTypeV1AttrERNS_21DialectBytecodeWriterE
FN:817,_ZNK4mlir4vhlo12_GLOBAL__N_121VhloBytecodeInterface32readGatherDimensionNumbersV1AttrERNS_21DialectBytecodeReaderE
FNDA:5,_ZNK4mlir4vhlo12_GLOBAL__N_121VhloBytecodeInterface32readGatherDimensionNumbersV1AttrERNS_21DialectBytecodeReaderE
FN:834,_ZNK4mlir4vhlo12_GLOBAL__N_121VhloBytecodeInterface5writeENS0_28GatherDimensionNumbersV1AttrERNS_21DialectBytecodeWriterE
FNDA:20,_ZNK4mlir4vhlo12_GLOBAL__N_121VhloBytecodeInterface5writeENS0_28GatherDimensionNumbersV1AttrERNS_21DialectBytecodeWriterE
FN:846,_ZNK4mlir4vhlo12_GLOBAL__N_121VhloBytecodeInterface28readOutputOperandAliasV1AttrERNS_21DialectBytecodeReaderE
FNDA:5,_ZNK4mlir4vhlo12_GLOBAL__N_121VhloBytecodeInterface28readOutputOperandAliasV1AttrERNS_21DialectBytecodeReaderE
FN:861,_ZNK4mlir4vhlo12_GLOBAL__N_121VhloBytecodeInterface5writeENS0_24OutputOperandAliasV1AttrERNS_21DialectBytecodeWriterE
FNDA:20,_ZNK4mlir4vhlo12_GLOBAL__N_121VhloBytecodeInterface5writeENS0_24OutputOperandAliasV1AttrERNS_21DialectBytecodeWriterE
FN:872,_ZNK4mlir4vhlo12_GLOBAL__N_121VhloBytecodeInterface19readPrecisionV1AttrERNS_21DialectBytecodeReaderE
FNDA:15,_ZNK4mlir4vhlo12_GLOBAL__N_121VhloBytecodeInterface19readPrecisionV1AttrERNS_21DialectBytecodeReaderE
FN:877,_ZZNK4mlir4vhlo12_GLOBAL__N_121VhloBytecodeInterface19readPrecisionV1AttrERNS_21DialectBytecodeReaderEENK3$_8clEj
FNDA:15,_ZZNK4mlir4vhlo12_GLOBAL__N_121VhloBytecodeInterface19readPrecisionV1AttrERNS_21DialectBytecodeReaderEENK3$_8clEj
FN:880,_ZNK4mlir4vhlo12_GLOBAL__N_121VhloBytecodeInterface5writeENS0_15PrecisionV1AttrERNS_21DialectBytecodeWriterE
FNDA:60,_ZNK4mlir4vhlo12_GLOBAL__N_121VhloBytecodeInterface5writeENS0_15PrecisionV1AttrERNS_21DialectBytecodeWriterE
FN:889,_ZNK4mlir4vhlo12_GLOBAL__N_121VhloBytecodeInterface22readRngAlgorithmV1AttrERNS_21DialectBytecodeReaderE
FNDA:15,_ZNK4mlir4vhlo12_GLOBAL__N_121VhloBytecodeInterface22readRngAlgorithmV1AttrERNS_21DialectBytecodeReaderE
FN:894,_ZZNK4mlir4vhlo12_GLOBAL__N_121VhloBytecodeInterface22readRngAlgorithmV1AttrERNS_21DialectBytecodeReaderEENK3$_9clEj
FNDA:15,_ZZNK4mlir4vhlo12_GLOBAL__N_121VhloBytecodeInterface22readRngAlgorithmV1AttrERNS_21DialectBytecodeReaderEENK3$_9clEj
FN:897,_ZNK4mlir4vhlo12_GLOBAL__N_121VhloBytecodeInterface5writeENS0_18RngAlgorithmV1AttrERNS_21DialectBytecodeWriterE
FNDA:60,_ZNK4mlir4vhlo12_GLOBAL__N_121VhloBytecodeInterface5writeENS0_18RngAlgorithmV1AttrERNS_21DialectBytecodeWriterE
FN:906,_ZNK4mlir4vhlo12_GLOBAL__N_121VhloBytecodeInterface25readRngDistributionV1AttrERNS_21DialectBytecodeReaderE
FNDA:10,_ZNK4mlir4vhlo12_GLOBAL__N_121VhloBytecodeInterface25readRngDistributionV1AttrERNS_21DialectBytecodeReaderE
FN:911,_ZZNK4mlir4vhlo12_GLOBAL__N_121VhloBytecodeInterface25readRngDistributionV1AttrERNS_21DialectBytecodeReaderEENK4$_10clEj
FNDA:10,_ZZNK4mlir4vhlo12_GLOBAL__N_121VhloBytecodeInterface25readRngDistributionV1AttrERNS_21DialectBytecodeReaderEENK4$_10clEj
FN:914,_ZNK4mlir4vhlo12_GLOBAL__N_121VhloBytecodeInterface5writeENS0_21RngDistributionV1AttrERNS_21DialectBytecodeWriterE
FNDA:40,_ZNK4mlir4vhlo12_GLOBAL__N_121VhloBytecodeInterface5writeENS0_21RngDistributionV1AttrERNS_21DialectBytecodeWriterE
FN:924,_ZNK4mlir4vhlo12_GLOBAL__N_121VhloBytecodeInterface33readScatterDimensionNumbersV1AttrERNS_21DialectBytecodeReaderE
FNDA:5,_ZNK4mlir4vhlo12_GLOBAL__N_121VhloBytecodeInterface33readScatterDimensionNumbersV1AttrERNS_21DialectBytecodeReaderE
FN:942,_ZNK4mlir4vhlo12_GLOBAL__N_121VhloBytecodeInterface5writeENS0_29ScatterDimensionNumbersV1AttrERNS_21DialectBytecodeWriterE
FNDA:20,_ZNK4mlir4vhlo12_GLOBAL__N_121VhloBytecodeInterface5writeENS0_29ScatterDimensionNumbersV1AttrERNS_21DialectBytecodeWriterE
FN:954,_ZNK4mlir4vhlo12_GLOBAL__N_121VhloBytecodeInterface19readTransposeV1AttrERNS_21DialectBytecodeReaderE
FNDA:15,_ZNK4mlir4vhlo12_GLOBAL__N_121VhloBytecodeInterface19readTransposeV1AttrERNS_21DialectBytecodeReaderE
FN:959,_ZZNK4mlir4vhlo12_GLOBAL__N_121VhloBytecodeInterface19readTransposeV1AttrERNS_21DialectBytecodeReaderEENK4$_11clEj
FNDA:15,_ZZNK4mlir4vhlo12_GLOBAL__N_121VhloBytecodeInterface19readTransposeV1AttrERNS_21DialectBytecodeReaderEENK4$_11clEj
FN:962,_ZNK4mlir4vhlo12_GLOBAL__N_121VhloBytecodeInterface5writeENS0_15TransposeV1AttrERNS_21DialectBytecodeWriterE
FNDA:60,_ZNK4mlir4vhlo12_GLOBAL__N_121VhloBytecodeInterface5writeENS0_15TransposeV1AttrERNS_21DialectBytecodeWriterE
FN:971,_ZNK4mlir4vhlo12_GLOBAL__N_121VhloBytecodeInterface24readTypeExtensionsV1AttrERNS_21DialectBytecodeReaderE
FNDA:5,_ZNK4mlir4vhlo12_GLOBAL__N_121VhloBytecodeInterface24readTypeExtensionsV1AttrERNS_21DialectBytecodeReaderE
FN:979,_ZNK4mlir4vhlo12_GLOBAL__N_121VhloBytecodeInterface5writeENS0_20TypeExtensionsV1AttrERNS_21DialectBytecodeWriterE
FNDA:20,_ZNK4mlir4vhlo12_GLOBAL__N_121VhloBytecodeInterface5writeENS0_20TypeExtensionsV1AttrERNS_21DialectBytecodeWriterE
FN:992,_ZNK4mlir4vhlo12_GLOBAL__N_121VhloBytecodeInterface15readArrayV1AttrERNS_21DialectBytecodeReaderE
FNDA:45,_ZNK4mlir4vhlo12_GLOBAL__N_121VhloBytecodeInterface15readArrayV1AttrERNS_21DialectBytecodeReaderE
FN:1000,_ZNK4mlir4vhlo12_GLOBAL__N_121VhloBytecodeInterface5writeENS0_11ArrayV1AttrERNS_21DialectBytecodeWriterE
FNDA:180,_ZNK4mlir4vhlo12_GLOBAL__N_121VhloBytecodeInterface5writeENS0_11ArrayV1AttrERNS_21DialectBytecodeWriterE
FN:1010,_ZNK4mlir4vhlo12_GLOBAL__N_121VhloBytecodeInterface30readDenseIntOrFPElementsV1AttrERNS_21DialectBytecodeReaderE
FNDA:100,_ZNK4mlir4vhlo12_GLOBAL__N_121VhloBytecodeInterface30readDenseIntOrFPElementsV1AttrERNS_21DialectBytecodeReaderE
FN:1020,_ZNK4mlir4vhlo12_GLOBAL__N_121VhloBytecodeInterface5writeENS0_26DenseIntOrFPElementsV1AttrERNS_21DialectBytecodeWriterE
FNDA:400,_ZNK4mlir4vhlo12_GLOBAL__N_121VhloBytecodeInterface5writeENS0_26DenseIntOrFPElementsV1AttrERNS_21DialectBytecodeWriterE
FN:1030,_ZNK4mlir4vhlo12_GLOBAL__N_121VhloBytecodeInterface20readDictionaryV1AttrERNS_21DialectBytecodeReaderE
FNDA:5,_ZNK4mlir4vhlo12_GLOBAL__N_121VhloBytecodeInterface20readDictionaryV1AttrERNS_21DialectBytecodeReaderE
FN:1033,_ZZNK4mlir4vhlo12_GLOBAL__N_121VhloBytecodeInterface20readDictionaryV1AttrERNS_21DialectBytecodeReaderEENK4$_12clEv
FNDA:5,_ZZNK4mlir4vhlo12_GLOBAL__N_121VhloBytecodeInterface20readDictionaryV1AttrERNS_21DialectBytecodeReaderEENK4$_12clEv
FN:1047,_ZNK4mlir4vhlo12_GLOBAL__N_121VhloBytecodeInterface5writeENS0_16DictionaryV1AttrERNS_21DialectBytecodeWriterE
FNDA:20,_ZNK4mlir4vhlo12_GLOBAL__N_121VhloBytecodeInterface5writeENS0_16DictionaryV1AttrERNS_21DialectBytecodeWriterE
FN:1050,_ZZNK4mlir4vhlo12_GLOBAL__N_121VhloBytecodeInterface5writeENS0_16DictionaryV1AttrERNS_21DialectBytecodeWriterEENK4$_13clISt4pairINS_9AttributeES9_EEEDaT_
FNDA:20,_ZZNK4mlir4vhlo12_GLOBAL__N_121VhloBytecodeInterface5writeENS0_16DictionaryV1AttrERNS_21DialectBytecodeWriterEENK4$_13clISt4pairINS_9AttributeES9_EEEDaT_
FN:1061,_ZN4mlir4vhlo12_GLOBAL__N_112_GLOBAL__N_117getFloatSemanticsENS_4TypeE
FNDA:5,_ZN4mlir4vhlo12_GLOBAL__N_112_GLOBAL__N_117getFloatSemanticsENS_4TypeE
FN:1072,_ZNK4mlir4vhlo12_GLOBAL__N_121VhloBytecodeInterface15readFloatV1AttrERNS_21DialectBytecodeReaderE
FNDA:5,_ZNK4mlir4vhlo12_GLOBAL__N_121VhloBytecodeInterface15readFloatV1AttrERNS_21DialectBytecodeReaderE
FN:1085,_ZNK4mlir4vhlo12_GLOBAL__N_121VhloBytecodeInterface5writeENS0_11FloatV1AttrERNS_21DialectBytecodeWriterE
FNDA:20,_ZNK4mlir4vhlo12_GLOBAL__N_121VhloBytecodeInterface5writeENS0_11FloatV1AttrERNS_21DialectBytecodeWriterE
FN:1095,_ZNK4mlir4vhlo12_GLOBAL__N_121VhloBytecodeInterface23readFlatSymbolRefV1AttrERNS_21DialectBytecodeReaderE
FNDA:10,_ZNK4mlir4vhlo12_GLOBAL__N_121VhloBytecodeInterface23readFlatSymbolRefV1AttrERNS_21DialectBytecodeReaderE
FN:1103,_ZNK4mlir4vhlo12_GLOBAL__N_121VhloBytecodeInterface5writeENS0_19FlatSymbolRefV1AttrERNS_21DialectBytecodeWriterE
FNDA:40,_ZNK4mlir4vhlo12_GLOBAL__N_121VhloBytecodeInterface5writeENS0_19FlatSymbolRefV1AttrERNS_21DialectBytecodeWriterE
FN:1113,_ZN4mlir4vhlo12_GLOBAL__N_112_GLOBAL__N_125getBitWidthForIntegerTypeENS_4TypeE
FNDA:40,_ZN4mlir4vhlo12_GLOBAL__N_112_GLOBAL__N_125getBitWidthForIntegerTypeENS_4TypeE
FN:1124,_ZNK4mlir4vhlo12_GLOBAL__N_121VhloBytecodeInterface17readIntegerV1AttrERNS_21DialectBytecodeReaderE
FNDA:40,_ZNK4mlir4vhlo12_GLOBAL__N_121VhloBytecodeInterface17readIntegerV1AttrERNS_21DialectBytecodeReaderE
FN:1143,_ZNK4mlir4vhlo12_GLOBAL__N_121VhloBytecodeInterface5writeENS0_13IntegerV1AttrERNS_21DialectBytecodeWriterE
FNDA:160,_ZNK4mlir4vhlo12_GLOBAL__N_121VhloBytecodeInterface5writeENS0_13IntegerV1AttrERNS_21DialectBytecodeWriterE
FN:1153,_ZNK4mlir4vhlo12_GLOBAL__N_121VhloBytecodeInterface16readStringV1AttrERNS_21DialectBytecodeReaderE
FNDA:890,_ZNK4mlir4vhlo12_GLOBAL__N_121VhloBytecodeInterface16readStringV1AttrERNS_21DialectBytecodeReaderE
FN:1161,_ZNK4mlir4vhlo12_GLOBAL__N_121VhloBytecodeInterface5writeENS0_12StringV1AttrERNS_21DialectBytecodeWriterE
FNDA:3560,_ZNK4mlir4vhlo12_GLOBAL__N_121VhloBytecodeInterface5writeENS0_12StringV1AttrERNS_21DialectBytecodeWriterE
FN:1170,_ZNK4mlir4vhlo12_GLOBAL__N_121VhloBytecodeInterface14readTypeV1AttrERNS_21DialectBytecodeReaderE
FNDA:450,_ZNK4mlir4vhlo12_GLOBAL__N_121VhloBytecodeInterface14readTypeV1AttrERNS_21DialectBytecodeReaderE
FN:1179,_ZNK4mlir4vhlo12_GLOBAL__N_121VhloBytecodeInterface5writeENS0_10TypeV1AttrERNS_21DialectBytecodeWriterE
FNDA:1800,_ZNK4mlir4vhlo12_GLOBAL__N_121VhloBytecodeInterface5writeENS0_10TypeV1AttrERNS_21DialectBytecodeWriterE
FN:1190,_ZNK4mlir4vhlo12_GLOBAL__N_121VhloBytecodeInterface8readTypeERNS_21DialectBytecodeReaderE
FNDA:960,_ZNK4mlir4vhlo12_GLOBAL__N_121VhloBytecodeInterface8readTypeERNS_21DialectBytecodeReaderE
FN:1257,_ZNK4mlir4vhlo12_GLOBAL__N_121VhloBytecodeInterface9writeTypeENS_4TypeERNS_21DialectBytecodeWriterE
FNDA:3840,_ZNK4mlir4vhlo12_GLOBAL__N_121VhloBytecodeInterface9writeTypeENS_4TypeERNS_21DialectBytecodeWriterE
FN:1260,_ZZNK4mlir4vhlo12_GLOBAL__N_121VhloBytecodeInterface9writeTypeENS_4TypeERNS_21DialectBytecodeWriterEENK4$_14clINS0_11TokenV1TypeEEEDaT_
FNDA:20,_ZZNK4mlir4vhlo12_GLOBAL__N_121VhloBytecodeInterface9writeTypeENS_4TypeERNS_21DialectBytecodeWriterEENK4$_14clINS0_11TokenV1TypeEEEDaT_
FN:1266,_ZZNK4mlir4vhlo12_GLOBAL__N_121VhloBytecodeInterface9writeTypeENS_4TypeERNS_21DialectBytecodeWriterEENK4$_15clINS0_13ComplexV1TypeEEEDaT_
FNDA:40,_ZZNK4mlir4vhlo12_GLOBAL__N_121VhloBytecodeInterface9writeTypeENS_4TypeERNS_21DialectBytecodeWriterEENK4$_15clINS0_13ComplexV1TypeEEEDaT_
FN:1266,_ZZNK4mlir4vhlo12_GLOBAL__N_121VhloBytecodeInterface9writeTypeENS_4TypeERNS_21DialectBytecodeWriterEENK4$_15clINS0_14FunctionV1TypeEEEDaT_
FNDA:1800,_ZZNK4mlir4vhlo12_GLOBAL__N_121VhloBytecodeInterface9writeTypeENS_4TypeERNS_21DialectBytecodeWriterEENK4$_15clINS0_14FunctionV1TypeEEEDaT_
FN:1266,_ZZNK4mlir4vhlo12_GLOBAL__N_121VhloBytecodeInterface9writeTypeENS_4TypeERNS_21DialectBytecodeWriterEENK4$_15clINS0_18RankedTensorV1TypeEEEDaT_
FNDA:1500,_ZZNK4mlir4vhlo12_GLOBAL__N_121VhloBytecodeInterface9writeTypeENS_4TypeERNS_21DialectBytecodeWriterEENK4$_15clINS0_18RankedTensorV1TypeEEEDaT_
FN:1266,_ZZNK4mlir4vhlo12_GLOBAL__N_121VhloBytecodeInterface9writeTypeENS_4TypeERNS_21DialectBytecodeWriterEENK4$_15clINS0_11TupleV1TypeEEEDaT_
FNDA:60,_ZZNK4mlir4vhlo12_GLOBAL__N_121VhloBytecodeInterface9writeTypeENS_4TypeERNS_21DialectBytecodeWriterEENK4$_15clINS0_11TupleV1TypeEEEDaT_
FN:1266,_ZZNK4mlir4vhlo12_GLOBAL__N_121VhloBytecodeInterface9writeTypeENS_4TypeERNS_21DialectBytecodeWriterEENK4$_15clINS0_20UnrankedTensorV1TypeEEEDaT_
FNDA:20,_ZZNK4mlir4vhlo12_GLOBAL__N_121VhloBytecodeInterface9writeTypeENS_4TypeERNS_21DialectBytecodeWriterEENK4$_15clINS0_20UnrankedTensorV1TypeEEEDaT_
FN:1266,_ZZNK4mlir4vhlo12_GLOBAL__N_121VhloBytecodeInterface9writeTypeENS_4TypeERNS_21DialectBytecodeWriterEENK4$_15clINS0_22UniformQuantizedV1TypeEEEDaT_
FNDA:20,_ZZNK4mlir4vhlo12_GLOBAL__N_121VhloBytecodeInterface9writeTypeENS_4TypeERNS_21DialectBytecodeWriterEENK4$_15clINS0_22UniformQuantizedV1TypeEEEDaT_
FN:1270,_ZZNK4mlir4vhlo12_GLOBAL__N_121VhloBytecodeInterface9writeTypeENS_4TypeERNS_21DialectBytecodeWriterEENK4$_16clENS0_14BFloat16V1TypeE
FNDA:20,_ZZNK4mlir4vhlo12_GLOBAL__N_121VhloBytecodeInterface9writeTypeENS_4TypeERNS_21DialectBytecodeWriterEENK4$_16clENS0_14BFloat16V1TypeE
FN:1274,_ZZNK4mlir4vhlo12_GLOBAL__N_121VhloBytecodeInterface9writeTypeENS_4TypeERNS_21DialectBytecodeWriterEENK4$_17clENS0_13Float16V1TypeE
FNDA:20,_ZZNK4mlir4vhlo12_GLOBAL__N_121VhloBytecodeInterface9writeTypeENS_4TypeERNS_21DialectBytecodeWriterEENK4$_17clENS0_13Float16V1TypeE
[...]
FN:217,_ZN4mlir4vhlo12_GLOBAL__N_117VhloToVersionPass14runOnOperationEv
FNDA:140,_ZN4mlir4vhlo12_GLOBAL__N_117VhloToVersionPass14runOnOperationEv
FN:245,_ZZN4mlir4vhlo12_GLOBAL__N_117VhloToVersionPass14runOnOperationEvENKUlPNS_9OperationEE_clES4_
FNDA:6425,_ZZN4mlir4vhlo12_GLOBAL__N_117VhloToVersionPass14runOnOperationEvENKUlPNS_9OperationEE_clES4_
FN:266,_ZN4mlir4vhlo12_GLOBAL__N_118emitDowngradeErrorEPNS_9OperationEN4llvm9StringRefE
FNDA:20,_ZN4mlir4vhlo12_GLOBAL__N_118emitDowngradeErrorEPNS_9OperationEN4llvm9StringRefE
FN:272,_ZN4mlir4vhlo12_GLOBAL__N_124VersionConversionPatternINS0_14CustomCallOpV1ENS0_14CustomCallOpV2EED0Ev
FNDA:0,_ZN4mlir4vhlo12_GLOBAL__N_124VersionConversionPatternINS0_14CustomCallOpV1ENS0_14CustomCallOpV2EED0Ev
FN:272,_ZN4mlir4vhlo12_GLOBAL__N_124VersionConversionPatternINS0_14CustomCallOpV2ENS0_14CustomCallOpV1EED0Ev
FNDA:0,_ZN4mlir4vhlo12_GLOBAL__N_124VersionConversionPatternINS0_14CustomCallOpV2ENS0_14CustomCallOpV1EED0Ev
FN:272,_ZN4mlir4vhlo12_GLOBAL__N_124VersionConversionPatternINS0_21CollectivePermuteOpV1ENS0_21CollectivePermuteOpV2EED0Ev
FNDA:0,_ZN4mlir4vhlo12_GLOBAL__N_124VersionConversionPatternINS0_21CollectivePermuteOpV1ENS0_21CollectivePermuteOpV2EED0Ev
FN:272,_ZN4mlir4vhlo12_GLOBAL__N_124VersionConversionPatternINS0_21CollectivePermuteOpV2ENS0_21CollectivePermuteOpV1EED0Ev
FNDA:0,_ZN4mlir4vhlo12_GLOBAL__N_124VersionConversionPatternINS0_21CollectivePermuteOpV2ENS0_21CollectivePermuteOpV1EED0Ev
FN:272,_ZN4mlir4vhlo12_GLOBAL__N_124VersionConversionPatternINS0_13AllGatherOpV1ENS0_13AllGatherOpV2EED0Ev
FNDA:0,_ZN4mlir4vhlo12_GLOBAL__N_124VersionConversionPatternINS0_13AllGatherOpV1ENS0_13AllGatherOpV2EED0Ev
FN:272,_ZN4mlir4vhlo12_GLOBAL__N_124VersionConversionPatternINS0_13AllGatherOpV2ENS0_13AllGatherOpV1EED0Ev
FNDA:0,_ZN4mlir4vhlo12_GLOBAL__N_124VersionConversionPatternINS0_13AllGatherOpV2ENS0_13AllGatherOpV1EED0Ev
FN:272,_ZN4mlir4vhlo12_GLOBAL__N_124VersionConversionPatternINS0_12AllToAllOpV1ENS0_12AllToAllOpV2EED0Ev
FNDA:0,_ZN4mlir4vhlo12_GLOBAL__N_124VersionConversionPatternINS0_12AllToAllOpV1ENS0_12AllToAllOpV2EED0Ev
FN:272,_ZN4mlir4vhlo12_GLOBAL__N_124VersionConversionPatternINS0_12AllToAllOpV2ENS0_12AllToAllOpV1EED0Ev
FNDA:0,_ZN4mlir4vhlo12_GLOBAL__N_124VersionConversionPatternINS0_12AllToAllOpV2ENS0_12AllToAllOpV1EED0Ev
FN:273,_ZN4mlir4vhlo12_GLOBAL__N_124VersionConversionPatternINS0_14CustomCallOpV1ENS0_14CustomCallOpV2EECI2NS_19OpConversionPatternIS3_EEERNS_13TypeConverterEPNS_11MLIRContextENS_14PatternBenefitE
FNDA:120,_ZN4mlir4vhlo12_GLOBAL__N_124VersionConversionPatternINS0_14CustomCallOpV1ENS0_14CustomCallOpV2EECI2NS_19OpConversionPatternIS3_EEERNS_13TypeConverterEPNS_11MLIRContextENS_14PatternBenefitE
FN:273,_ZN4mlir4vhlo12_GLOBAL__N_124VersionConversionPatternINS0_14CustomCallOpV2ENS0_14CustomCallOpV1EECI2NS_19OpConversionPatternIS3_EEERNS_13TypeConverterEPNS_11MLIRContextENS_14PatternBenefitE
FNDA:120,_ZN4mlir4vhlo12_GLOBAL__N_124VersionConversionPatternINS0_14CustomCallOpV2ENS0_14CustomCallOpV1EECI2NS_19OpConversionPatternIS3_EEERNS_13TypeConverterEPNS_11MLIRContextENS_14PatternBenefitE
FN:273,_ZN4mlir4vhlo12_GLOBAL__N_124VersionConversionPatternINS0_21CollectivePermuteOpV1ENS0_21CollectivePermuteOpV2EECI2NS_19OpConversionPatternIS3_EEERNS_13TypeConverterEPNS_11MLIRContextENS_14PatternBenefitE
FNDA:120,_ZN4mlir4vhlo12_GLOBAL__N_124VersionConversionPatternINS0_21CollectivePermuteOpV1ENS0_21CollectivePermuteOpV2EECI2NS_19OpConversionPatternIS3_EEERNS_13TypeConverterEPNS_11MLIRContextENS_14PatternBenefitE
FN:273,_ZN4mlir4vhlo12_GLOBAL__N_124VersionConversionPatternINS0_21CollectivePermuteOpV2ENS0_21CollectivePermuteOpV1EECI2NS_19OpConversionPatternIS3_EEERNS_13TypeConverterEPNS_11MLIRContextENS_14PatternBenefitE
FNDA:120,_ZN4mlir4vhlo12_GLOBAL__N_124VersionConversionPatternINS0_21CollectivePermuteOpV2ENS0_21CollectivePermuteOpV1EECI2NS_19OpConversionPatternIS3_EEERNS_13TypeConverterEPNS_11MLIRContextENS_14PatternBenefitE
FN:273,_ZN4mlir4vhlo12_GLOBAL__N_124VersionConversionPatternINS0_13AllGatherOpV1ENS0_13AllGatherOpV2EECI2NS_19OpConversionPatternIS3_EEERNS_13TypeConverterEPNS_11MLIRContextENS_14PatternBenefitE
FNDA:120,_ZN4mlir4vhlo12_GLOBAL__N_124VersionConversionPatternINS0_13AllGatherOpV1ENS0_13AllGatherOpV2EECI2NS_19OpConversionPatternIS3_EEERNS_13TypeConverterEPNS_11MLIRContextENS_14PatternBenefitE
FN:273,_ZN4mlir4vhlo12_GLOBAL__N_124VersionConversionPatternINS0_13AllGatherOpV2ENS0_13AllGatherOpV1EECI2NS_19OpConversionPatternIS3_EEERNS_13TypeConverterEPNS_11MLIRContextENS_14PatternBenefitE
FNDA:120,_ZN4mlir4vhlo12_GLOBAL__N_124VersionConversionPatternINS0_13AllGatherOpV2ENS0_13AllGatherOpV1EECI2NS_19OpConversionPatternIS3_EEERNS_13TypeConverterEPNS_11MLIRContextENS_14PatternBenefitE
FN:273,_ZN4mlir4vhlo12_GLOBAL__N_124VersionConversionPatternINS0_12AllToAllOpV1ENS0_12AllToAllOpV2EECI2NS_19OpConversionPatternIS3_EEERNS_13TypeConverterEPNS_11MLIRContextENS_14PatternBenefitE
FNDA:120,_ZN4mlir4vhlo12_GLOBAL__N_124VersionConversionPatternINS0_12AllToAllOpV1ENS0_12AllToAllOpV2EECI2NS_19OpConversionPatternIS3_EEERNS_13TypeConverterEPNS_11MLIRContextENS_14PatternBenefitE
FN:273,_ZN4mlir4vhlo12_GLOBAL__N_124VersionConversionPatternINS0_12AllToAllOpV2ENS0_12AllToAllOpV1EECI2NS_19OpConversionPatternIS3_EEERNS_13TypeConverterEPNS_11MLIRContextENS_14PatternBenefitE
FNDA:120,_ZN4mlir4vhlo12_GLOBAL__N_124VersionConversionPatternINS0_12AllToAllOpV2ENS0_12AllToAllOpV1EECI2NS_19OpConversionPatternIS3_EEERNS_13TypeConverterEPNS_11MLIRContextENS_14PatternBenefitE
FN:280,_ZNK4mlir4vhlo12_GLOBAL__N_124VersionConversionPatternINS0_14CustomCallOpV1ENS0_14CustomCallOpV2EE15matchAndRewriteES3_NS0_21CustomCallOpV1AdaptorERNS_25ConversionPatternRewriterE
FNDA:25,_ZNK4mlir4vhlo12_GLOBAL__N_124VersionConversionPatternINS0_14CustomCallOpV1ENS0_14CustomCallOpV2EE15matchAndRewriteES3_NS0_21CustomCallOpV1AdaptorERNS_25ConversionPatternRewriterE
FN:280,_ZNK4mlir4vhlo12_GLOBAL__N_124VersionConversionPatternINS0_14CustomCallOpV2ENS0_14CustomCallOpV1EE15matchAndRewriteES3_NS0_21CustomCallOpV2AdaptorERNS_25ConversionPatternRewriterE
FNDA:30,_ZNK4mlir4vhlo12_GLOBAL__N_124VersionConversionPatternINS0_14CustomCallOpV2ENS0_14CustomCallOpV1EE15matchAndRewriteES3_NS0_21CustomCallOpV2AdaptorERNS_25ConversionPatternRewriterE
FN:280,_ZNK4mlir4vhlo12_GLOBAL__N_124VersionConversionPatternINS0_21CollectivePermuteOpV1ENS0_21CollectivePermuteOpV2EE15matchAndRewriteES3_NS0_28CollectivePermuteOpV1AdaptorERNS_25ConversionPatternRewriterE
FNDA:10,_ZNK4mlir4vhlo12_GLOBAL__N_124VersionConversionPatternINS0_21CollectivePermuteOpV1ENS0_21CollectivePermuteOpV2EE15matchAndRewriteES3_NS0_28CollectivePermuteOpV1AdaptorERNS_25ConversionPatternRewriterE
FN:280,_ZNK4mlir4vhlo12_GLOBAL__N_124VersionConversionPatternINS0_21CollectivePermuteOpV2ENS0_21CollectivePermuteOpV1EE15matchAndRewriteES3_NS0_28CollectivePermuteOpV2AdaptorERNS_25ConversionPatternRewriterE
FNDA:10,_ZNK4mlir4vhlo12_GLOBAL__N_124VersionConversionPatternINS0_21CollectivePermuteOpV2ENS0_21CollectivePermuteOpV1EE15matchAndRewriteES3_NS0_28CollectivePermuteOpV2AdaptorERNS_25ConversionPatternRewriterE
FN:280,_ZNK4mlir4vhlo12_GLOBAL__N_124VersionConversionPatternINS0_13AllGatherOpV1ENS0_13AllGatherOpV2EE15matchAndRewriteES3_NS0_20AllGatherOpV1AdaptorERNS_25ConversionPatternRewriterE
FNDA:10,_ZNK4mlir4vhlo12_GLOBAL__N_124VersionConversionPatternINS0_13AllGatherOpV1ENS0_13AllGatherOpV2EE15matchAndRewriteES3_NS0_20AllGatherOpV1AdaptorERNS_25ConversionPatternRewriterE
FN:280,_ZNK4mlir4vhlo12_GLOBAL__N_124VersionConversionPatternINS0_13AllGatherOpV2ENS0_13AllGatherOpV1EE15matchAndRewriteES3_NS0_20AllGatherOpV2AdaptorERNS_25ConversionPatternRewriterE
FNDA:10,_ZNK4mlir4vhlo12_GLOBAL__N_124VersionConversionPatternINS0_13AllGatherOpV2ENS0_13AllGatherOpV1EE15matchAndRewriteES3_NS0_20AllGatherOpV2AdaptorERNS_25ConversionPatternRewriterE
FN:280,_ZNK4mlir4vhlo12_GLOBAL__N_124VersionConversionPatternINS0_12AllToAllOpV1ENS0_12AllToAllOpV2EE15matchAndRewriteES3_NS0_19AllToAllOpV1AdaptorERNS_25ConversionPatternRewriterE
FNDA:10,_ZNK4mlir4vhlo12_GLOBAL__N_124VersionConversionPatternINS0_12AllToAllOpV1ENS0_12AllToAllOpV2EE15matchAndRewriteES3_NS0_19AllToAllOpV1AdaptorERNS_25ConversionPatternRewriterE
FN:280,_ZNK4mlir4vhlo12_GLOBAL__N_124VersionConversionPatternINS0_12AllToAllOpV2ENS0_12AllToAllOpV1EE15matchAndRewriteES3_NS0_19AllToAllOpV2AdaptorERNS_25ConversionPatternRewriterE
FNDA:10,_ZNK4mlir4vhlo12_GLOBAL__N_124VersionConversionPatternINS0_12AllToAllOpV2ENS0_12AllToAllOpV1EE15matchAndRewriteES3_NS0_19AllToAllOpV2AdaptorERNS_25ConversionPatternRewriterE
FN:298,_ZN4mlir4vhlo12_GLOBAL__N_118CustomCallOpV1ToV2D0Ev
FNDA:120,_ZN4mlir4vhlo12_GLOBAL__N_118CustomCallOpV1ToV2D0Ev
FN:300,_ZN4mlir4vhlo12_GLOBAL__N_118CustomCallOpV1ToV2CI2NS_19OpConversionPatternINS0_14CustomCallOpV1EEEERNS_13TypeConverterEPNS_11MLIRContextENS_14PatternBenefitE
FNDA:120,_ZN4mlir4vhlo12_GLOBAL__N_118CustomCallOpV1ToV2CI2NS_19OpConversionPatternINS0_14CustomCallOpV1EEEERNS_13TypeConverterEPNS_11MLIRContextENS_14PatternBenefitE
FN:301,_ZNK4mlir4vhlo12_GLOBAL__N_118CustomCallOpV1ToV222prepareOpForConversionENS0_14CustomCallOpV1E
FNDA:25,_ZNK4mlir4vhlo12_GLOBAL__N_118CustomCallOpV1ToV222prepareOpForConversionENS0_14CustomCallOpV1E
FN:307,_ZN4mlir4vhlo12_GLOBAL__N_118CustomCallOpV2ToV1D0Ev
FNDA:120,_ZN4mlir4vhlo12_GLOBAL__N_118CustomCallOpV2ToV1D0Ev
FN:309,_ZN4mlir4vhlo12_GLOBAL__N_118CustomCallOpV2ToV1CI2NS_19OpConversionPatternINS0_14CustomCallOpV2EEEERNS_13TypeConverterEPNS_11MLIRContextENS_14PatternBenefitE
FNDA:120,_ZN4mlir4vhlo12_GLOBAL__N_118CustomCallOpV2ToV1CI2NS_19OpConversionPatternINS0_14CustomCallOpV2EEEERNS_13TypeConverterEPNS_11MLIRContextENS_14PatternBenefitE
FN:310,_ZNK4mlir4vhlo12_GLOBAL__N_118CustomCallOpV2ToV122prepareOpForConversionENS0_14CustomCallOpV2E
FNDA:30,_ZNK4mlir4vhlo12_GLOBAL__N_118CustomCallOpV2ToV122prepareOpForConversionENS0_14CustomCallOpV2E
FN:325,_ZN4mlir4vhlo12_GLOBAL__N_125CollectivePermuteOpV1ToV2D0Ev
FNDA:120,_ZN4mlir4vhlo12_GLOBAL__N_125CollectivePermuteOpV1ToV2D0Ev
FN:328,_ZN4mlir4vhlo12_GLOBAL__N_125CollectivePermuteOpV1ToV2CI2NS_19OpConversionPatternINS0_21CollectivePermuteOpV1EEEERNS_13TypeConverterEPNS_11MLIRContextENS_14PatternBenefitE
FNDA:120,_ZN4mlir4vhlo12_GLOBAL__N_125CollectivePermuteOpV1ToV2CI2NS_19OpConversionPatternINS0_21CollectivePermuteOpV1EEEERNS_13TypeConverterEPNS_11MLIRContextENS_14PatternBenefitE
FN:329,_ZNK4mlir4vhlo12_GLOBAL__N_125CollectivePermuteOpV1ToV222prepareOpForConversionENS0_21CollectivePermuteOpV1E
FNDA:10,_ZNK4mlir4vhlo12_GLOBAL__N_125CollectivePermuteOpV1ToV222prepareOpForConversionENS0_21CollectivePermuteOpV1E
FN:335,_ZN4mlir4vhlo12_GLOBAL__N_125CollectivePermuteOpV2ToV1D0Ev
FNDA:120,_ZN4mlir4vhlo12_GLOBAL__N_125CollectivePermuteOpV2ToV1D0Ev
FN:338,_ZN4mlir4vhlo12_GLOBAL__N_125CollectivePermuteOpV2ToV1CI2NS_19OpConversionPatternINS0_21CollectivePermuteOpV2EEEERNS_13TypeConverterEPNS_11MLIRContextENS_14PatternBenefitE
FNDA:120,_ZN4mlir4vhlo12_GLOBAL__N_125CollectivePermuteOpV2ToV1CI2NS_19OpConversionPatternINS0_21CollectivePermuteOpV2EEEERNS_13TypeConverterEPNS_11MLIRContextENS_14PatternBenefitE
FN:339,_ZNK4mlir4vhlo12_GLOBAL__N_125CollectivePermuteOpV2ToV122prepareOpForConversionENS0_21CollectivePermuteOpV2E
FNDA:10,_ZNK4mlir4vhlo12_GLOBAL__N_125CollectivePermuteOpV2ToV122prepareOpForConversionENS0_21CollectivePermuteOpV2E
FN:348,_ZN4mlir4vhlo12_GLOBAL__N_117AllGatherOpV1ToV2D0Ev
FNDA:120,_ZN4mlir4vhlo12_GLOBAL__N_117AllGatherOpV1ToV2D0Ev
FN:350,_ZN4mlir4vhlo12_GLOBAL__N_117AllGatherOpV1ToV2CI2NS_19OpConversionPatternINS0_13AllGatherOpV1EEEERNS_13TypeConverterEPNS_11MLIRContextENS_14PatternBenefitE
FNDA:120,_ZN4mlir4vhlo12_GLOBAL__N_117AllGatherOpV1ToV2CI2NS_19OpConversionPatternINS0_13AllGatherOpV1EEEERNS_13TypeConverterEPNS_11MLIRContextENS_14PatternBenefitE
FN:351,_ZNK4mlir4vhlo12_GLOBAL__N_117AllGatherOpV1ToV222prepareOpForConversionENS0_13AllGatherOpV1E
FNDA:10,_ZNK4mlir4vhlo12_GLOBAL__N_117AllGatherOpV1ToV222prepareOpForConversionENS0_13AllGatherOpV1E
FN:357,_ZN4mlir4vhlo12_GLOBAL__N_117AllGatherOpV2ToV1D0Ev
FNDA:120,_ZN4mlir4vhlo12_GLOBAL__N_117AllGatherOpV2ToV1D0Ev
FN:359,_ZN4mlir4vhlo12_GLOBAL__N_117AllGatherOpV2ToV1CI2NS_19OpConversionPatternINS0_13AllGatherOpV2EEEERNS_13TypeConverterEPNS_11MLIRContextENS_14PatternBenefitE
FNDA:120,_ZN4mlir4vhlo12_GLOBAL__N_117AllGatherOpV2ToV1CI2NS_19OpConversionPatternINS0_13AllGatherOpV2EEEERNS_13TypeConverterEPNS_11MLIRContextENS_14PatternBenefitE
FN:360,_ZNK4mlir4vhlo12_GLOBAL__N_117AllGatherOpV2ToV122prepareOpForConversionENS0_13AllGatherOpV2E
FNDA:10,_ZNK4mlir4vhlo12_GLOBAL__N_117AllGatherOpV2ToV122prepareOpForConversionENS0_13AllGatherOpV2E
FN:369,_ZN4mlir4vhlo12_GLOBAL__N_116AllToAllOpV1ToV2D0Ev
FNDA:120,_ZN4mlir4vhlo12_GLOBAL__N_116AllToAllOpV1ToV2D0Ev
FN:371,_ZN4mlir4vhlo12_GLOBAL__N_116AllToAllOpV1ToV2CI2NS_19OpConversionPatternINS0_12AllToAllOpV1EEEERNS_13TypeConverterEPNS_11MLIRContextENS_14PatternBenefitE
FNDA:120,_ZN4mlir4vhlo12_GLOBAL__N_116AllToAllOpV1ToV2CI2NS_19OpConversionPatternINS0_12AllToAllOpV1EEEERNS_13TypeConverterEPNS_11MLIRContextENS_14PatternBenefitE
FN:372,_ZNK4mlir4vhlo12_GLOBAL__N_116AllToAllOpV1ToV222prepareOpForConversionENS0_12AllToAllOpV1E
FNDA:10,_ZNK4mlir4vhlo12_GLOBAL__N_116AllToAllOpV1ToV222prepareOpForConversionENS0_12AllToAllOpV1E
FN:378,_ZN4mlir4vhlo12_GLOBAL__N_116AllToAllOpV2ToV1D0Ev
FNDA:120,_ZN4mlir4vhlo12_GLOBAL__N_116AllToAllOpV2ToV1D0Ev
FN:380,_ZN4mlir4vhlo12_GLOBAL__N_116AllToAllOpV2ToV1CI2NS_19OpConversionPatternINS0_12AllToAllOpV2EEEERNS_13TypeConverterEPNS_11MLIRContextENS_14PatternBenefitE
FNDA:120,_ZN4mlir4vhlo12_GLOBAL__N_116AllToAllOpV2ToV1CI2NS_19OpConversionPatternINS0_12AllToAllOpV2EEEERNS_13TypeConverterEPNS_11MLIRContextENS_14PatternBenefitE
FN:381,_ZNK4mlir4vhlo12_GLOBAL__N_116AllToAllOpV2ToV122prepareOpForConversionENS0_12AllToAllOpV2E
FNDA:10,_ZNK4mlir4vhlo12_GLOBAL__N_116AllToAllOpV2ToV122prepareOpForConversionENS0_12AllToAllOpV2E
FN:393,_ZN4mlir9stablehlo29populateVhloToVersionPatternsEPNS_17RewritePatternSetEPNS_13TypeConverterEPNS_11MLIRContextE
FNDA:120,_ZN4mlir9stablehlo29populateVhloToVersionPatternsEPNS_17RewritePatternSetEPNS_13TypeConverterEPNS_11MLIRContextE
DA:59,120
DA:60,205
DA:61,170
DA:62,85
DA:63,85
DA:64,0
DA:65,0
DA:66,85
DA:67,120
DA:70,140
DA:71,140
DA:72,130
DA:73,140
DA:76,140
DA:77,140
DA:78,140
DA:79,140
DA:80,10
DA:81,10
DA:82,5
DA:84,5
DA:85,10
DA:86,5
DA:87,5
DA:90,130
DA:91,130
DA:92,10
DA:93,5
DA:94,5
DA:95,125
DA:96,10
DA:97,5
DA:98,5
DA:100,120
DA:101,140
DA:104,41835
DA:105,41835
DA:106,41415
DA:112,6495
DA:113,6495
DA:114,6495
DA:115,5
DA:117,5
DA:121,6490
DA:122,390
DA:123,205
DA:125,6305
DA:126,545
DA:127,5760
DA:128,35
DA:129,70
DA:130,35
DA:131,35
DA:134,5725
DA:135,25
DA:136,5700
DA:137,55
DA:138,5645
DA:139,510
DA:140,5135
DA:141,2105
DA:144,3030
DA:145,6495
DA:147,28915
DA:149,28915
DA:150,28915
DA:151,230
DA:153,230
DA:157,28685
DA:158,430
DA:159,30345
DA:160,7330
DA:161,5240
DA:163,2090
DA:164,1985
DA:165,2090
DA:166,38605
DA:167,12440
DA:168,12440
DA:169,0
DA:170,12440
DA:171,12440
DA:172,13725
DA:173,280
DA:174,160
DA:176,13705
DA:177,100
DA:178,100
DA:179,85
DA:180,13505
DA:181,70
DA:184,13435
DA:185,28915
DA:187,6425
DA:189,6425
DA:190,6425
DA:191,6425
DA:192,6160
DA:195,12325
DA:196,6165
DA:198,6160
DA:201,13170
DA:202,7175
DA:204,5995
DA:205,5955
DA:206,70
DA:207,5925
DA:208,6425
DA:213,430
DA:214,0
DA:215,0
DA:217,140
DA:218,140
DA:221,140
DA:222,140
DA:223,140
DA:224,120
DA:244,120
DA:245,6545
DA:246,6425
DA:248,120
DA:250,120
DA:251,120
DA:252,240
DA:253,120
DA:256,240
DA:257,120
DA:258,100
DA:259,140
DA:266,20
DA:267,40
DA:268,20
DA:280,115
DA:282,115
DA:283,115
DA:284,190
DA:285,95
DA:286,95
DA:287,95
DA:288,0
DA:289,95
DA:290,115
DA:301,25
DA:302,25
DA:310,30
DA:311,30
DA:312,10
DA:313,10
DA:314,10
DA:315,5
DA:316,5
DA:318,5
DA:319,10
DA:320,25
DA:321,30
DA:329,10
DA:330,10
DA:339,10
DA:340,10
DA:341,10
DA:342,5
DA:343,5
DA:344,10
DA:351,10
DA:352,10
DA:360,10
DA:361,10
DA:362,5
DA:363,5
DA:364,5
DA:365,10
DA:372,10
DA:373,10
DA:381,10
DA:382,10
DA:383,10
DA:384,5
DA:385,5
DA:386,10
DA:393,120
DA:395,120
DA:396,120
DA:397,120
DA:398,120
DA:399,120
DA:400,120
DA:401,120
DA:402,120
DA:403,120
DA:404,120
end_of_record
TN:
SF:/usr/local/google/home/gleasonk/Coding/openxla/stablehlo/stablehlo/tools/StablehloOptMain.cpp
FN:23,main
FNDA:290,main
DA:23,290
DA:24,290
DA:25,290
DA:26,290
DA:28,290
DA:29,290
DA:30,290
DA:32,290
DA:33,290
DA:34,290
end_of_record
TN:
SF:/usr/local/google/home/gleasonk/Coding/openxla/stablehlo/stablehlo/dialect/StablehloOps.h
FN:55,_ZN4mlir9stablehlo16StablehloDialect19getDialectNamespaceEv
FNDA:2320,_ZN4mlir9stablehlo16StablehloDialect19getDialectNamespaceEv
DA:55,2320
end_of_record
SF:/usr/local/google/home/gleasonk/Coding/openxla/stablehlo/stablehlo/reference/Tensor.h
FN:36,_ZN4mlir9stablehlo6detail6BufferD2Ev
FNDA:2915,_ZN4mlir9stablehlo6detail6BufferD2Ev
FN:66,_ZN4mlir9stablehlo6TensorD2Ev
FNDA:1345,_ZN4mlir9stablehlo6TensorD2Ev
end_of_record
SF:/usr/local/google/home/gleasonk/Coding/openxla/stablehlo/stablehlo/tools/StablehloInterpreterMain.cpp
FN:0,__cxx_global_var_init
FNDA:125,__cxx_global_var_init
FN:27,_ZNK4mlir3$_1clENS_8ModuleOpERN4llvm11raw_ostreamE
FNDA:1160,_ZNK4mlir3$_1clENS_8ModuleOpERN4llvm11raw_ostreamE
FN:28,_ZZNK4mlir3$_1clENS_8ModuleOpERN4llvm11raw_ostreamEENKUlNS_4func6FuncOpEE_clES6_
FNDA:1160,_ZZNK4mlir3$_1clENS_8ModuleOpERN4llvm11raw_ostreamEENKUlNS_4func6FuncOpEE_clES6_
FN:42,_ZNK4mlir3$_0clERNS_15DialectRegistryE
FNDA:1160,_ZNK4mlir3$_0clERNS_15DialectRegistryE
FN:49,main
FNDA:125,main
DA:25,125
DA:26,125
DA:27,1160
DA:28,2320
DA:29,1160
DA:30,1160
DA:33,1160
DA:36,2320
DA:37,1160
DA:38,1160
DA:40,1160
DA:41,1160
DA:42,1410
DA:43,1160
DA:44,1160
DA:45,1160
DA:49,125
DA:50,125
DA:51,125
end_of_record
TN:
SF:/usr/local/google/home/gleasonk/Coding/openxla/stablehlo/stablehlo/tests/TestUtils.cpp
FN:45,_ZN4mlir3hlo12_GLOBAL__N_123InferReturnTypesPatternD0Ev
FNDA:560,_ZN4mlir3hlo12_GLOBAL__N_123InferReturnTypesPatternD0Ev
FN:46,_ZN4mlir3hlo12_GLOBAL__N_123InferReturnTypesPatternC2EPNS_11MLIRContextE
FNDA:560,_ZN4mlir3hlo12_GLOBAL__N_123InferReturnTypesPatternC2EPNS_11MLIRContextE
FN:48,_ZNK4mlir3hlo12_GLOBAL__N_123InferReturnTypesPattern15matchAndRewriteEPNS_9OperationERNS_15PatternRewriterE
FNDA:585,_ZNK4mlir3hlo12_GLOBAL__N_123InferReturnTypesPattern15matchAndRewriteEPNS_9OperationERNS_15PatternRewriterE
FN:74,_ZN4mlir3hlo12_GLOBAL__N_128ReifyReturnTypeShapesPatternD0Ev
FNDA:560,_ZN4mlir3hlo12_GLOBAL__N_128ReifyReturnTypeShapesPatternD0Ev
FN:75,_ZN4mlir3hlo12_GLOBAL__N_128ReifyReturnTypeShapesPatternC2EPNS_11MLIRContextE
FNDA:560,_ZN4mlir3hlo12_GLOBAL__N_128ReifyReturnTypeShapesPatternC2EPNS_11MLIRContextE
FN:77,_ZNK4mlir3hlo12_GLOBAL__N_128ReifyReturnTypeShapesPattern15matchAndRewriteEPNS_9OperationERNS_15PatternRewriterE
FNDA:90,_ZNK4mlir3hlo12_GLOBAL__N_128ReifyReturnTypeShapesPattern15matchAndRewriteEPNS_9OperationERNS_15PatternRewriterE
FN:95,_ZN4mlir3hlo12_GLOBAL__N_116HloTestInferPassC2Ev
FNDA:840,_ZN4mlir3hlo12_GLOBAL__N_116HloTestInferPassC2Ev
FN:95,_ZN4mlir3hlo12_GLOBAL__N_116HloTestInferPassD0Ev
FNDA:53640,_ZN4mlir3hlo12_GLOBAL__N_116HloTestInferPassD0Ev
FN:95,_ZN4mlir3hlo12_GLOBAL__N_116HloTestInferPassC2ERKS2_
FNDA:52800,_ZN4mlir3hlo12_GLOBAL__N_116HloTestInferPassC2ERKS2_
FN:96,_ZN4mlir3hlo12_GLOBAL__N_116HloTestInferPass14runOnOperationEv
FNDA:560,_ZN4mlir3hlo12_GLOBAL__N_116HloTestInferPass14runOnOperationEv
FN:111,_ZN4mlir3hlo21registerAllTestPassesEv
FNDA:290,_ZN4mlir3hlo21registerAllTestPassesEv
DA:46,560
DA:47,560
DA:48,585
DA:49,585
DA:50,585
DA:51,585
DA:52,585
DA:53,585
DA:54,585
DA:55,585
DA:56,585
DA:57,585
DA:58,585
DA:59,0
DA:62,1170
DA:63,585
DA:64,585
DA:65,585
DA:66,1240
DA:67,1310
DA:68,1310
DA:69,585
DA:70,585
DA:71,585
DA:75,560
DA:76,560
DA:77,90
DA:78,90
DA:79,90
DA:80,90
DA:81,90
DA:82,90
DA:83,90
DA:84,90
DA:85,90
DA:86,5
DA:87,85
DA:88,85
DA:89,90
DA:96,560
DA:97,560
DA:98,560
DA:99,560
DA:100,560
DA:101,560
DA:102,0
DA:103,560
DA:111,290
end_of_record
